[0.042s] Invoking command in '/home/user/industrial_robotics_simulation_platform/build/ur5_robot_moveit_config': AMENT_PREFIX_PATH=/home/user/industrial_robotics_simulation_platform/install/ur5_robot_description:${AMENT_PREFIX_PATH} CMAKE_PREFIX_PATH=/home/user/industrial_robotics_simulation_platform/install/ur5_robot_description:/opt/ros/humble /usr/bin/cmake --build /home/user/industrial_robotics_simulation_platform/build/ur5_robot_moveit_config -- -j8 -l8
[1.218s] Invoked command in '/home/user/industrial_robotics_simulation_platform/build/ur5_robot_moveit_config' returned '0': AMENT_PREFIX_PATH=/home/user/industrial_robotics_simulation_platform/install/ur5_robot_description:${AMENT_PREFIX_PATH} CMAKE_PREFIX_PATH=/home/user/industrial_robotics_simulation_platform/install/ur5_robot_description:/opt/ros/humble /usr/bin/cmake --build /home/user/industrial_robotics_simulation_platform/build/ur5_robot_moveit_config -- -j8 -l8
[1.219s] Invoking command in '/home/user/industrial_robotics_simulation_platform/build/ur5_robot_moveit_config': AMENT_PREFIX_PATH=/home/user/industrial_robotics_simulation_platform/install/ur5_robot_description:${AMENT_PREFIX_PATH} CMAKE_PREFIX_PATH=/home/user/industrial_robotics_simulation_platform/install/ur5_robot_description:/opt/ros/humble /usr/bin/cmake --install /home/user/industrial_robotics_simulation_platform/build/ur5_robot_moveit_config
[1.230s] -- Install configuration: ""
[1.231s] -- Execute custom install script
[1.232s] -- Up-to-date symlink: /home/user/industrial_robotics_simulation_platform/install/ur5_robot_moveit_config/share/ur5_robot_moveit_config/config/controllers.yaml
[1.234s] -- Up-to-date symlink: /home/user/industrial_robotics_simulation_platform/install/ur5_robot_moveit_config/share/ur5_robot_moveit_config/config/kinematics.yaml
[1.235s] -- Up-to-date symlink: /home/user/industrial_robotics_simulation_platform/install/ur5_robot_moveit_config/share/ur5_robot_moveit_config/config/ur5_robot.srdf
[1.235s] -- Up-to-date symlink: /home/user/industrial_robotics_simulation_platform/install/ur5_robot_moveit_config/share/ur5_robot_moveit_config/launch/move_group.launch.py
[1.235s] -- Up-to-date symlink: /home/user/industrial_robotics_simulation_platform/install/ur5_robot_moveit_config/share/ament_index/resource_index/package_run_dependencies/ur5_robot_moveit_config
[1.236s] -- Up-to-date symlink: /home/user/industrial_robotics_simulation_platform/install/ur5_robot_moveit_config/share/ament_index/resource_index/parent_prefix_path/ur5_robot_moveit_config
[1.240s] -- Up-to-date symlink: /home/user/industrial_robotics_simulation_platform/install/ur5_robot_moveit_config/share/ur5_robot_moveit_config/environment/ament_prefix_path.sh
[1.241s] -- Up-to-date symlink: /home/user/industrial_robotics_simulation_platform/install/ur5_robot_moveit_config/share/ur5_robot_moveit_config/environment/ament_prefix_path.dsv
[1.242s] -- Up-to-date symlink: /home/user/industrial_robotics_simulation_platform/install/ur5_robot_moveit_config/share/ur5_robot_moveit_config/environment/path.sh
[1.242s] -- Up-to-date symlink: /home/user/industrial_robotics_simulation_platform/install/ur5_robot_moveit_config/share/ur5_robot_moveit_config/environment/path.dsv
[1.242s] -- Up-to-date symlink: /home/user/industrial_robotics_simulation_platform/install/ur5_robot_moveit_config/share/ur5_robot_moveit_config/local_setup.bash
[1.243s] -- Up-to-date symlink: /home/user/industrial_robotics_simulation_platform/install/ur5_robot_moveit_config/share/ur5_robot_moveit_config/local_setup.sh
[1.243s] -- Up-to-date symlink: /home/user/industrial_robotics_simulation_platform/install/ur5_robot_moveit_config/share/ur5_robot_moveit_config/local_setup.zsh
[1.244s] -- Up-to-date symlink: /home/user/industrial_robotics_simulation_platform/install/ur5_robot_moveit_config/share/ur5_robot_moveit_config/local_setup.dsv
[1.244s] -- Symlinking: /home/user/industrial_robotics_simulation_platform/install/ur5_robot_moveit_config/share/ur5_robot_moveit_config/package.dsv
[1.255s] -- Up-to-date symlink: /home/user/industrial_robotics_simulation_platform/install/ur5_robot_moveit_config/share/ament_index/resource_index/packages/ur5_robot_moveit_config
[1.257s] -- Up-to-date symlink: /home/user/industrial_robotics_simulation_platform/install/ur5_robot_moveit_config/share/ur5_robot_moveit_config/cmake/ur5_robot_moveit_configConfig.cmake
[1.257s] -- Up-to-date symlink: /home/user/industrial_robotics_simulation_platform/install/ur5_robot_moveit_config/share/ur5_robot_moveit_config/cmake/ur5_robot_moveit_configConfig-version.cmake
[1.258s] -- Up-to-date symlink: /home/user/industrial_robotics_simulation_platform/install/ur5_robot_moveit_config/share/ur5_robot_moveit_config/package.xml
[1.275s] Invoked command in '/home/user/industrial_robotics_simulation_platform/build/ur5_robot_moveit_config' returned '0': AMENT_PREFIX_PATH=/home/user/industrial_robotics_simulation_platform/install/ur5_robot_description:${AMENT_PREFIX_PATH} CMAKE_PREFIX_PATH=/home/user/industrial_robotics_simulation_platform/install/ur5_robot_description:/opt/ros/humble /usr/bin/cmake --install /home/user/industrial_robotics_simulation_platform/build/ur5_robot_moveit_config
