[0.166s] Invoking command in '/home/user/industrial_robotics_simulation_platform/build/delta_robot_description': CMAKE_PREFIX_PATH=/opt/ros/humble /usr/bin/cmake /home/user/industrial_robotics_simulation_platform/src/delta_robot_description -DCMAKE_INSTALL_PREFIX=/home/user/industrial_robotics_simulation_platform/install/delta_robot_description
[0.678s] -- Found ament_cmake: 1.3.11 (/opt/ros/humble/share/ament_cmake/cmake)
[1.035s] -- Override CMake install command with custom implementation using symlinks instead of copying resources
[1.274s] -- Configuring done
[1.308s] -- Generating done
[1.315s] -- Build files have been written to: /home/user/industrial_robotics_simulation_platform/build/delta_robot_description
[1.356s] Invoked command in '/home/user/industrial_robotics_simulation_platform/build/delta_robot_description' returned '0': CMAKE_PREFIX_PATH=/opt/ros/humble /usr/bin/cmake /home/user/industrial_robotics_simulation_platform/src/delta_robot_description -DCMAKE_INSTALL_PREFIX=/home/user/industrial_robotics_simulation_platform/install/delta_robot_description
[1.360s] Invoking command in '/home/user/industrial_robotics_simulation_platform/build/delta_robot_description': CMAKE_PREFIX_PATH=/opt/ros/humble /usr/bin/cmake --build /home/user/industrial_robotics_simulation_platform/build/delta_robot_description -- -j8 -l8
[1.531s] Invoked command in '/home/user/industrial_robotics_simulation_platform/build/delta_robot_description' returned '0': CMAKE_PREFIX_PATH=/opt/ros/humble /usr/bin/cmake --build /home/user/industrial_robotics_simulation_platform/build/delta_robot_description -- -j8 -l8
[1.539s] Invoking command in '/home/user/industrial_robotics_simulation_platform/build/delta_robot_description': CMAKE_PREFIX_PATH=/opt/ros/humble /usr/bin/cmake --install /home/user/industrial_robotics_simulation_platform/build/delta_robot_description
[1.558s] -- Install configuration: ""
[1.559s] -- Execute custom install script
[1.574s] -- Up-to-date symlink: /home/user/industrial_robotics_simulation_platform/install/delta_robot_description/share/delta_robot_description/urdf/delta_robot.urdf.xacro
[1.576s] -- Up-to-date symlink: /home/user/industrial_robotics_simulation_platform/install/delta_robot_description/share/delta_robot_description/meshes/cylinder.stl
[1.580s] -- Up-to-date symlink: /home/user/industrial_robotics_simulation_platform/install/delta_robot_description/share/delta_robot_description/launch/display.launch.py
[1.581s] -- Up-to-date symlink: /home/user/industrial_robotics_simulation_platform/install/delta_robot_description/share/delta_robot_description/launch/display_headless.launch.py
[1.582s] -- Up-to-date symlink: /home/user/industrial_robotics_simulation_platform/install/delta_robot_description/share/ament_index/resource_index/package_run_dependencies/delta_robot_description
[1.589s] -- Up-to-date symlink: /home/user/industrial_robotics_simulation_platform/install/delta_robot_description/share/ament_index/resource_index/parent_prefix_path/delta_robot_description
[1.596s] -- Up-to-date symlink: /home/user/industrial_robotics_simulation_platform/install/delta_robot_description/share/delta_robot_description/environment/ament_prefix_path.sh
[1.597s] -- Up-to-date symlink: /home/user/industrial_robotics_simulation_platform/install/delta_robot_description/share/delta_robot_description/environment/ament_prefix_path.dsv
[1.601s] -- Up-to-date symlink: /home/user/industrial_robotics_simulation_platform/install/delta_robot_description/share/delta_robot_description/environment/path.sh
[1.601s] -- Up-to-date symlink: /home/user/industrial_robotics_simulation_platform/install/delta_robot_description/share/delta_robot_description/environment/path.dsv
[1.602s] -- Up-to-date symlink: /home/user/industrial_robotics_simulation_platform/install/delta_robot_description/share/delta_robot_description/local_setup.bash
[1.604s] -- Up-to-date symlink: /home/user/industrial_robotics_simulation_platform/install/delta_robot_description/share/delta_robot_description/local_setup.sh
[1.615s] -- Up-to-date symlink: /home/user/industrial_robotics_simulation_platform/install/delta_robot_description/share/delta_robot_description/local_setup.zsh
[1.616s] -- Up-to-date symlink: /home/user/industrial_robotics_simulation_platform/install/delta_robot_description/share/delta_robot_description/local_setup.dsv
[1.616s] -- Symlinking: /home/user/industrial_robotics_simulation_platform/install/delta_robot_description/share/delta_robot_description/package.dsv
[1.644s] -- Up-to-date symlink: /home/user/industrial_robotics_simulation_platform/install/delta_robot_description/share/ament_index/resource_index/packages/delta_robot_description
[1.648s] -- Up-to-date symlink: /home/user/industrial_robotics_simulation_platform/install/delta_robot_description/share/delta_robot_description/cmake/delta_robot_descriptionConfig.cmake
[1.651s] -- Up-to-date symlink: /home/user/industrial_robotics_simulation_platform/install/delta_robot_description/share/delta_robot_description/cmake/delta_robot_descriptionConfig-version.cmake
[1.651s] -- Up-to-date symlink: /home/user/industrial_robotics_simulation_platform/install/delta_robot_description/share/delta_robot_description/package.xml
[1.706s] Invoked command in '/home/user/industrial_robotics_simulation_platform/build/delta_robot_description' returned '0': CMAKE_PREFIX_PATH=/opt/ros/humble /usr/bin/cmake --install /home/user/industrial_robotics_simulation_platform/build/delta_robot_description
