[0.028s] Invoking command in '/home/user/industrial_robotics_simulation_platform/build/delta_robot_moveit_config': AMENT_PREFIX_PATH=/home/user/industrial_robotics_simulation_platform/install/delta_robot_description:${AMENT_PREFIX_PATH} CMAKE_PREFIX_PATH=/home/user/industrial_robotics_simulation_platform/install/delta_robot_description:/opt/ros/humble /usr/bin/cmake /home/user/industrial_robotics_simulation_platform/src/delta_robot_moveit_config -DAMENT_CMAKE_SYMLINK_INSTALL=1 -DCMAKE_INSTALL_PREFIX=/home/user/industrial_robotics_simulation_platform/install/delta_robot_moveit_config
[0.150s] -- The C compiler identification is GNU 11.4.0
[0.267s] -- The CXX compiler identification is GNU 11.4.0
[0.280s] -- Detecting C compiler ABI info
[0.443s] -- Detecting C compiler ABI info - done
[0.460s] -- Check for working C compiler: /usr/bin/cc - skipped
[0.460s] -- Detecting C compile features
[0.461s] -- Detecting C compile features - done
[0.466s] -- Detecting CXX compiler ABI info
[0.660s] -- Detecting CXX compiler ABI info - done
[0.673s] -- Check for working CXX compiler: /usr/bin/c++ - skipped
[0.674s] -- Detecting CXX compile features
[0.675s] -- Detecting CXX compile features - done
[0.680s] -- Found ament_cmake: 1.3.11 (/opt/ros/humble/share/ament_cmake/cmake)
[0.986s] -- Found Python3: /usr/bin/python3 (found version "3.10.12") found components: Interpreter 
[1.108s] -- Override CMake install command with custom implementation using symlinks instead of copying resources
[1.371s] -- Configuring done
[1.372s] -- Generating done
[1.374s] -- Build files have been written to: /home/user/industrial_robotics_simulation_platform/build/delta_robot_moveit_config
[1.391s] Invoked command in '/home/user/industrial_robotics_simulation_platform/build/delta_robot_moveit_config' returned '0': AMENT_PREFIX_PATH=/home/user/industrial_robotics_simulation_platform/install/delta_robot_description:${AMENT_PREFIX_PATH} CMAKE_PREFIX_PATH=/home/user/industrial_robotics_simulation_platform/install/delta_robot_description:/opt/ros/humble /usr/bin/cmake /home/user/industrial_robotics_simulation_platform/src/delta_robot_moveit_config -DAMENT_CMAKE_SYMLINK_INSTALL=1 -DCMAKE_INSTALL_PREFIX=/home/user/industrial_robotics_simulation_platform/install/delta_robot_moveit_config
[1.393s] Invoking command in '/home/user/industrial_robotics_simulation_platform/build/delta_robot_moveit_config': AMENT_PREFIX_PATH=/home/user/industrial_robotics_simulation_platform/install/delta_robot_description:${AMENT_PREFIX_PATH} CMAKE_PREFIX_PATH=/home/user/industrial_robotics_simulation_platform/install/delta_robot_description:/opt/ros/humble /usr/bin/cmake --build /home/user/industrial_robotics_simulation_platform/build/delta_robot_moveit_config -- -j8 -l8
[1.497s] Invoked command in '/home/user/industrial_robotics_simulation_platform/build/delta_robot_moveit_config' returned '0': AMENT_PREFIX_PATH=/home/user/industrial_robotics_simulation_platform/install/delta_robot_description:${AMENT_PREFIX_PATH} CMAKE_PREFIX_PATH=/home/user/industrial_robotics_simulation_platform/install/delta_robot_description:/opt/ros/humble /usr/bin/cmake --build /home/user/industrial_robotics_simulation_platform/build/delta_robot_moveit_config -- -j8 -l8
[1.501s] Invoking command in '/home/user/industrial_robotics_simulation_platform/build/delta_robot_moveit_config': AMENT_PREFIX_PATH=/home/user/industrial_robotics_simulation_platform/install/delta_robot_description:${AMENT_PREFIX_PATH} CMAKE_PREFIX_PATH=/home/user/industrial_robotics_simulation_platform/install/delta_robot_description:/opt/ros/humble /usr/bin/cmake --install /home/user/industrial_robotics_simulation_platform/build/delta_robot_moveit_config
[1.515s] -- Install configuration: ""
[1.515s] -- Execute custom install script
[1.516s] -- Symlinking: /home/user/industrial_robotics_simulation_platform/install/delta_robot_moveit_config/share/delta_robot_moveit_config/launch/move_group.launch.py
[1.532s] -- Symlinking: /home/user/industrial_robotics_simulation_platform/install/delta_robot_moveit_config/share/delta_robot_moveit_config/launch/move_group_headless.launch.py
[1.546s] -- Symlinking: /home/user/industrial_robotics_simulation_platform/install/delta_robot_moveit_config/share/delta_robot_moveit_config/config/controllers.yaml
[1.559s] -- Symlinking: /home/user/industrial_robotics_simulation_platform/install/delta_robot_moveit_config/share/delta_robot_moveit_config/config/delta_robot.srdf
[1.574s] -- Symlinking: /home/user/industrial_robotics_simulation_platform/install/delta_robot_moveit_config/share/delta_robot_moveit_config/config/kinematics.yaml
[1.587s] -- Symlinking: /home/user/industrial_robotics_simulation_platform/install/delta_robot_moveit_config/share/delta_robot_moveit_config/config/moveit.rviz
[1.601s] -- Symlinking: /home/user/industrial_robotics_simulation_platform/install/delta_robot_moveit_config/share/ament_index/resource_index/package_run_dependencies/delta_robot_moveit_config
[1.616s] -- Symlinking: /home/user/industrial_robotics_simulation_platform/install/delta_robot_moveit_config/share/ament_index/resource_index/parent_prefix_path/delta_robot_moveit_config
[1.636s] -- Symlinking: /home/user/industrial_robotics_simulation_platform/install/delta_robot_moveit_config/share/delta_robot_moveit_config/environment/ament_prefix_path.sh
[1.654s] -- Symlinking: /home/user/industrial_robotics_simulation_platform/install/delta_robot_moveit_config/share/delta_robot_moveit_config/environment/ament_prefix_path.dsv
[1.668s] -- Symlinking: /home/user/industrial_robotics_simulation_platform/install/delta_robot_moveit_config/share/delta_robot_moveit_config/environment/path.sh
[1.682s] -- Symlinking: /home/user/industrial_robotics_simulation_platform/install/delta_robot_moveit_config/share/delta_robot_moveit_config/environment/path.dsv
[1.701s] -- Symlinking: /home/user/industrial_robotics_simulation_platform/install/delta_robot_moveit_config/share/delta_robot_moveit_config/local_setup.bash
[1.717s] -- Symlinking: /home/user/industrial_robotics_simulation_platform/install/delta_robot_moveit_config/share/delta_robot_moveit_config/local_setup.sh
[1.731s] -- Symlinking: /home/user/industrial_robotics_simulation_platform/install/delta_robot_moveit_config/share/delta_robot_moveit_config/local_setup.zsh
[1.745s] -- Symlinking: /home/user/industrial_robotics_simulation_platform/install/delta_robot_moveit_config/share/delta_robot_moveit_config/local_setup.dsv
[1.760s] -- Symlinking: /home/user/industrial_robotics_simulation_platform/install/delta_robot_moveit_config/share/delta_robot_moveit_config/package.dsv
[1.773s] -- Symlinking: /home/user/industrial_robotics_simulation_platform/install/delta_robot_moveit_config/share/ament_index/resource_index/packages/delta_robot_moveit_config
[1.785s] -- Symlinking: /home/user/industrial_robotics_simulation_platform/install/delta_robot_moveit_config/share/delta_robot_moveit_config/cmake/delta_robot_moveit_configConfig.cmake
[1.800s] -- Symlinking: /home/user/industrial_robotics_simulation_platform/install/delta_robot_moveit_config/share/delta_robot_moveit_config/cmake/delta_robot_moveit_configConfig-version.cmake
[1.814s] -- Symlinking: /home/user/industrial_robotics_simulation_platform/install/delta_robot_moveit_config/share/delta_robot_moveit_config/package.xml
[1.829s] Invoked command in '/home/user/industrial_robotics_simulation_platform/build/delta_robot_moveit_config' returned '0': AMENT_PREFIX_PATH=/home/user/industrial_robotics_simulation_platform/install/delta_robot_description:${AMENT_PREFIX_PATH} CMAKE_PREFIX_PATH=/home/user/industrial_robotics_simulation_platform/install/delta_robot_description:/opt/ros/humble /usr/bin/cmake --install /home/user/industrial_robotics_simulation_platform/build/delta_robot_moveit_config
