[0.042s] Invoking command in '/home/user/industrial_robotics_simulation_platform/build/ur5_robot_description': CMAKE_PREFIX_PATH=/opt/ros/humble /usr/bin/cmake --build /home/user/industrial_robotics_simulation_platform/build/ur5_robot_description -- -j8 -l8
[0.904s] Invoked command in '/home/user/industrial_robotics_simulation_platform/build/ur5_robot_description' returned '0': CMAKE_PREFIX_PATH=/opt/ros/humble /usr/bin/cmake --build /home/user/industrial_robotics_simulation_platform/build/ur5_robot_description -- -j8 -l8
[0.911s] Invoking command in '/home/user/industrial_robotics_simulation_platform/build/ur5_robot_description': CMAKE_PREFIX_PATH=/opt/ros/humble /usr/bin/cmake --install /home/user/industrial_robotics_simulation_platform/build/ur5_robot_description
[0.930s] -- Install configuration: ""
[0.930s] -- Execute custom install script
[0.930s] -- Up-to-date symlink: /home/user/industrial_robotics_simulation_platform/install/ur5_robot_description/share/ur5_robot_description/urdf/ur5_robot.urdf.xacro
[0.930s] -- Up-to-date symlink: /home/user/industrial_robotics_simulation_platform/install/ur5_robot_description/share/ur5_robot_description/launch/display.launch.py
[0.930s] -- Up-to-date symlink: /home/user/industrial_robotics_simulation_platform/install/ur5_robot_description/share/ament_index/resource_index/package_run_dependencies/ur5_robot_description
[0.930s] -- Up-to-date symlink: /home/user/industrial_robotics_simulation_platform/install/ur5_robot_description/share/ament_index/resource_index/parent_prefix_path/ur5_robot_description
[0.930s] -- Up-to-date symlink: /home/user/industrial_robotics_simulation_platform/install/ur5_robot_description/share/ur5_robot_description/environment/ament_prefix_path.sh
[0.931s] -- Up-to-date symlink: /home/user/industrial_robotics_simulation_platform/install/ur5_robot_description/share/ur5_robot_description/environment/ament_prefix_path.dsv
[0.931s] -- Up-to-date symlink: /home/user/industrial_robotics_simulation_platform/install/ur5_robot_description/share/ur5_robot_description/environment/path.sh
[0.931s] -- Up-to-date symlink: /home/user/industrial_robotics_simulation_platform/install/ur5_robot_description/share/ur5_robot_description/environment/path.dsv
[0.931s] -- Up-to-date symlink: /home/user/industrial_robotics_simulation_platform/install/ur5_robot_description/share/ur5_robot_description/local_setup.bash
[0.931s] -- Up-to-date symlink: /home/user/industrial_robotics_simulation_platform/install/ur5_robot_description/share/ur5_robot_description/local_setup.sh
[0.931s] -- Up-to-date symlink: /home/user/industrial_robotics_simulation_platform/install/ur5_robot_description/share/ur5_robot_description/local_setup.zsh
[0.931s] -- Up-to-date symlink: /home/user/industrial_robotics_simulation_platform/install/ur5_robot_description/share/ur5_robot_description/local_setup.dsv
[0.931s] -- Symlinking: /home/user/industrial_robotics_simulation_platform/install/ur5_robot_description/share/ur5_robot_description/package.dsv
[0.957s] -- Up-to-date symlink: /home/user/industrial_robotics_simulation_platform/install/ur5_robot_description/share/ament_index/resource_index/packages/ur5_robot_description
[0.958s] -- Up-to-date symlink: /home/user/industrial_robotics_simulation_platform/install/ur5_robot_description/share/ur5_robot_description/cmake/ur5_robot_descriptionConfig.cmake
[0.959s] -- Up-to-date symlink: /home/user/industrial_robotics_simulation_platform/install/ur5_robot_description/share/ur5_robot_description/cmake/ur5_robot_descriptionConfig-version.cmake
[0.960s] -- Up-to-date symlink: /home/user/industrial_robotics_simulation_platform/install/ur5_robot_description/share/ur5_robot_description/package.xml
[1.028s] Invoked command in '/home/user/industrial_robotics_simulation_platform/build/ur5_robot_description' returned '0': CMAKE_PREFIX_PATH=/opt/ros/humble /usr/bin/cmake --install /home/user/industrial_robotics_simulation_platform/build/ur5_robot_description
