running develop
running egg_info
creating web_interface.egg-info
writing web_interface.egg-info/PKG-INFO
writing dependency_links to web_interface.egg-info/dependency_links.txt
writing entry points to web_interface.egg-info/entry_points.txt
writing requirements to web_interface.egg-info/requires.txt
writing top-level names to web_interface.egg-info/top_level.txt
writing manifest file 'web_interface.egg-info/SOURCES.txt'
reading manifest file 'web_interface.egg-info/SOURCES.txt'
writing manifest file 'web_interface.egg-info/SOURCES.txt'
running build_ext
Creating /home/user/industrial_robotics_simulation_platform/install/web_interface/lib/python3.10/site-packages/web-interface.egg-link (link to .)
Installing web_interface_node script to /home/user/industrial_robotics_simulation_platform/install/web_interface/bin

Installed /home/user/industrial_robotics_simulation_platform/build/web_interface
running symlink_data
creating /home/user/industrial_robotics_simulation_platform/install/web_interface/share/ament_index
creating /home/user/industrial_robotics_simulation_platform/install/web_interface/share/ament_index/resource_index
creating /home/user/industrial_robotics_simulation_platform/install/web_interface/share/ament_index/resource_index/packages
symbolically linking /home/user/industrial_robotics_simulation_platform/build/web_interface/resource/web_interface -> /home/user/industrial_robotics_simulation_platform/install/web_interface/share/ament_index/resource_index/packages
symbolically linking /home/user/industrial_robotics_simulation_platform/build/web_interface/package.xml -> /home/user/industrial_robotics_simulation_platform/install/web_interface/share/web_interface
creating /home/user/industrial_robotics_simulation_platform/install/web_interface/share/web_interface/launch
symbolically linking /home/user/industrial_robotics_simulation_platform/build/web_interface/launch/web_interface.launch.py -> /home/user/industrial_robotics_simulation_platform/install/web_interface/share/web_interface/launch
symbolically linking /home/user/industrial_robotics_simulation_platform/build/web_interface/launch/integrated_system_launch.py -> /home/user/industrial_robotics_simulation_platform/install/web_interface/share/web_interface/launch
creating /home/user/industrial_robotics_simulation_platform/install/web_interface/share/web_interface/web_app
creating /home/user/industrial_robotics_simulation_platform/install/web_interface/share/web_interface/web_app/src
symbolically linking /home/user/industrial_robotics_simulation_platform/build/web_interface/web_app/src/ros2_bridge.py -> /home/user/industrial_robotics_simulation_platform/install/web_interface/share/web_interface/web_app/src
symbolically linking /home/user/industrial_robotics_simulation_platform/build/web_interface/web_app/src/main.py -> /home/user/industrial_robotics_simulation_platform/install/web_interface/share/web_interface/web_app/src
creating /home/user/industrial_robotics_simulation_platform/install/web_interface/share/web_interface/web_app/src/templates
symbolically linking /home/user/industrial_robotics_simulation_platform/build/web_interface/web_app/src/templates/index.html -> /home/user/industrial_robotics_simulation_platform/install/web_interface/share/web_interface/web_app/src/templates
symbolically linking /home/user/industrial_robotics_simulation_platform/build/web_interface/web_app/src/templates/control.html -> /home/user/industrial_robotics_simulation_platform/install/web_interface/share/web_interface/web_app/src/templates
symbolically linking /home/user/industrial_robotics_simulation_platform/build/web_interface/web_app/src/templates/dashboard.html -> /home/user/industrial_robotics_simulation_platform/install/web_interface/share/web_interface/web_app/src/templates
creating /home/user/industrial_robotics_simulation_platform/install/web_interface/share/web_interface/web_app/src/static
