[1.522s] Invoking command in '/home/user/industrial_robotics_simulation_platform/build/web_interface': AMENT_PREFIX_PATH=/home/user/industrial_robotics_simulation_platform/install/apm_msgs:${AMENT_PREFIX_PATH} CMAKE_PREFIX_PATH=/home/user/industrial_robotics_simulation_platform/install/apm_msgs LD_LIBRARY_PATH=/home/user/industrial_robotics_simulation_platform/install/apm_msgs/lib:${LD_LIBRARY_PATH} PYTHONPATH=/home/user/industrial_robotics_simulation_platform/build/web_interface/prefix_override:/usr/lib/python3/dist-packages/colcon_core/task/python/colcon_distutils_commands:/home/user/industrial_robotics_simulation_platform/install/web_interface/lib/python3.10/site-packages:/home/user/industrial_robotics_simulation_platform/install/apm_msgs/local/lib/python3.10/dist-packages:${PYTHONPATH} /usr/bin/python3 -W ignore:setup.py install is deprecated -W ignore:easy_install command is deprecated setup.py develop --editable --build-directory /home/user/industrial_robotics_simulation_platform/build/web_interface/build --no-deps symlink_data
[1.867s] running develop
[2.127s] running egg_info
[2.127s] creating web_interface.egg-info
[2.128s] writing web_interface.egg-info/PKG-INFO
[2.128s] writing dependency_links to web_interface.egg-info/dependency_links.txt
[2.128s] writing entry points to web_interface.egg-info/entry_points.txt
[2.128s] writing requirements to web_interface.egg-info/requires.txt
[2.128s] writing top-level names to web_interface.egg-info/top_level.txt
[2.129s] writing manifest file 'web_interface.egg-info/SOURCES.txt'
[2.131s] reading manifest file 'web_interface.egg-info/SOURCES.txt'
[2.132s] writing manifest file 'web_interface.egg-info/SOURCES.txt'
[2.134s] running build_ext
[2.134s] Creating /home/user/industrial_robotics_simulation_platform/install/web_interface/lib/python3.10/site-packages/web-interface.egg-link (link to .)
[2.135s] Installing web_interface_node script to /home/user/industrial_robotics_simulation_platform/install/web_interface/bin
[2.135s] 
[2.136s] Installed /home/user/industrial_robotics_simulation_platform/build/web_interface
[2.136s] running symlink_data
[2.136s] creating /home/user/industrial_robotics_simulation_platform/install/web_interface/share/ament_index
[2.136s] creating /home/user/industrial_robotics_simulation_platform/install/web_interface/share/ament_index/resource_index
[2.138s] creating /home/user/industrial_robotics_simulation_platform/install/web_interface/share/ament_index/resource_index/packages
[2.138s] symbolically linking /home/user/industrial_robotics_simulation_platform/build/web_interface/resource/web_interface -> /home/user/industrial_robotics_simulation_platform/install/web_interface/share/ament_index/resource_index/packages
[2.138s] symbolically linking /home/user/industrial_robotics_simulation_platform/build/web_interface/package.xml -> /home/user/industrial_robotics_simulation_platform/install/web_interface/share/web_interface
[2.138s] creating /home/user/industrial_robotics_simulation_platform/install/web_interface/share/web_interface/launch
[2.138s] symbolically linking /home/user/industrial_robotics_simulation_platform/build/web_interface/launch/web_interface.launch.py -> /home/user/industrial_robotics_simulation_platform/install/web_interface/share/web_interface/launch
[2.138s] symbolically linking /home/user/industrial_robotics_simulation_platform/build/web_interface/launch/integrated_system_launch.py -> /home/user/industrial_robotics_simulation_platform/install/web_interface/share/web_interface/launch
[2.138s] creating /home/user/industrial_robotics_simulation_platform/install/web_interface/share/web_interface/web_app
[2.138s] creating /home/user/industrial_robotics_simulation_platform/install/web_interface/share/web_interface/web_app/src
[2.138s] symbolically linking /home/user/industrial_robotics_simulation_platform/build/web_interface/web_app/src/ros2_bridge.py -> /home/user/industrial_robotics_simulation_platform/install/web_interface/share/web_interface/web_app/src
[2.138s] symbolically linking /home/user/industrial_robotics_simulation_platform/build/web_interface/web_app/src/main.py -> /home/user/industrial_robotics_simulation_platform/install/web_interface/share/web_interface/web_app/src
[2.139s] creating /home/user/industrial_robotics_simulation_platform/install/web_interface/share/web_interface/web_app/src/templates
[2.139s] symbolically linking /home/user/industrial_robotics_simulation_platform/build/web_interface/web_app/src/templates/index.html -> /home/user/industrial_robotics_simulation_platform/install/web_interface/share/web_interface/web_app/src/templates
[2.139s] symbolically linking /home/user/industrial_robotics_simulation_platform/build/web_interface/web_app/src/templates/control.html -> /home/user/industrial_robotics_simulation_platform/install/web_interface/share/web_interface/web_app/src/templates
[2.139s] symbolically linking /home/user/industrial_robotics_simulation_platform/build/web_interface/web_app/src/templates/dashboard.html -> /home/user/industrial_robotics_simulation_platform/install/web_interface/share/web_interface/web_app/src/templates
[2.139s] creating /home/user/industrial_robotics_simulation_platform/install/web_interface/share/web_interface/web_app/src/static
[2.178s] Invoked command in '/home/user/industrial_robotics_simulation_platform/build/web_interface' returned '0': AMENT_PREFIX_PATH=/home/user/industrial_robotics_simulation_platform/install/apm_msgs:${AMENT_PREFIX_PATH} CMAKE_PREFIX_PATH=/home/user/industrial_robotics_simulation_platform/install/apm_msgs LD_LIBRARY_PATH=/home/user/industrial_robotics_simulation_platform/install/apm_msgs/lib:${LD_LIBRARY_PATH} PYTHONPATH=/home/user/industrial_robotics_simulation_platform/build/web_interface/prefix_override:/usr/lib/python3/dist-packages/colcon_core/task/python/colcon_distutils_commands:/home/user/industrial_robotics_simulation_platform/install/web_interface/lib/python3.10/site-packages:/home/user/industrial_robotics_simulation_platform/install/apm_msgs/local/lib/python3.10/dist-packages:${PYTHONPATH} /usr/bin/python3 -W ignore:setup.py install is deprecated -W ignore:easy_install command is deprecated setup.py develop --editable --build-directory /home/user/industrial_robotics_simulation_platform/build/web_interface/build --no-deps symlink_data
