[0.183s] Invoking command in '/home/user/industrial_robotics_simulation_platform/build/ur5_robot_description': CMAKE_PREFIX_PATH=/opt/ros/humble /usr/bin/cmake /home/user/industrial_robotics_simulation_platform/src/ur5_robot_description -DCMAKE_INSTALL_PREFIX=/home/user/industrial_robotics_simulation_platform/install/ur5_robot_description
[0.672s] -- Found ament_cmake: 1.3.11 (/opt/ros/humble/share/ament_cmake/cmake)
[1.026s] -- Override CMake install command with custom implementation using symlinks instead of copying resources
[1.269s] -- Configuring done
[1.314s] -- Generating done
[1.322s] -- Build files have been written to: /home/user/industrial_robotics_simulation_platform/build/ur5_robot_description
[1.338s] Invoked command in '/home/user/industrial_robotics_simulation_platform/build/ur5_robot_description' returned '0': CMAKE_PREFIX_PATH=/opt/ros/humble /usr/bin/cmake /home/user/industrial_robotics_simulation_platform/src/ur5_robot_description -DCMAKE_INSTALL_PREFIX=/home/user/industrial_robotics_simulation_platform/install/ur5_robot_description
[1.346s] Invoking command in '/home/user/industrial_robotics_simulation_platform/build/ur5_robot_description': CMAKE_PREFIX_PATH=/opt/ros/humble /usr/bin/cmake --build /home/user/industrial_robotics_simulation_platform/build/ur5_robot_description -- -j8 -l8
[1.484s] Invoked command in '/home/user/industrial_robotics_simulation_platform/build/ur5_robot_description' returned '0': CMAKE_PREFIX_PATH=/opt/ros/humble /usr/bin/cmake --build /home/user/industrial_robotics_simulation_platform/build/ur5_robot_description -- -j8 -l8
[1.517s] Invoking command in '/home/user/industrial_robotics_simulation_platform/build/ur5_robot_description': CMAKE_PREFIX_PATH=/opt/ros/humble /usr/bin/cmake --install /home/user/industrial_robotics_simulation_platform/build/ur5_robot_description
[1.535s] -- Install configuration: ""
[1.537s] -- Execute custom install script
[1.539s] -- Up-to-date symlink: /home/user/industrial_robotics_simulation_platform/install/ur5_robot_description/share/ur5_robot_description/urdf/ur5_robot.urdf.xacro
[1.542s] -- Up-to-date symlink: /home/user/industrial_robotics_simulation_platform/install/ur5_robot_description/share/ur5_robot_description/launch/display.launch.py
[1.543s] -- Up-to-date symlink: /home/user/industrial_robotics_simulation_platform/install/ur5_robot_description/share/ament_index/resource_index/package_run_dependencies/ur5_robot_description
[1.555s] -- Up-to-date symlink: /home/user/industrial_robotics_simulation_platform/install/ur5_robot_description/share/ament_index/resource_index/parent_prefix_path/ur5_robot_description
[1.563s] -- Up-to-date symlink: /home/user/industrial_robotics_simulation_platform/install/ur5_robot_description/share/ur5_robot_description/environment/ament_prefix_path.sh
[1.564s] -- Up-to-date symlink: /home/user/industrial_robotics_simulation_platform/install/ur5_robot_description/share/ur5_robot_description/environment/ament_prefix_path.dsv
[1.570s] -- Up-to-date symlink: /home/user/industrial_robotics_simulation_platform/install/ur5_robot_description/share/ur5_robot_description/environment/path.sh
[1.570s] -- Up-to-date symlink: /home/user/industrial_robotics_simulation_platform/install/ur5_robot_description/share/ur5_robot_description/environment/path.dsv
[1.571s] -- Up-to-date symlink: /home/user/industrial_robotics_simulation_platform/install/ur5_robot_description/share/ur5_robot_description/local_setup.bash
[1.574s] -- Up-to-date symlink: /home/user/industrial_robotics_simulation_platform/install/ur5_robot_description/share/ur5_robot_description/local_setup.sh
[1.575s] -- Up-to-date symlink: /home/user/industrial_robotics_simulation_platform/install/ur5_robot_description/share/ur5_robot_description/local_setup.zsh
[1.575s] -- Up-to-date symlink: /home/user/industrial_robotics_simulation_platform/install/ur5_robot_description/share/ur5_robot_description/local_setup.dsv
[1.576s] -- Symlinking: /home/user/industrial_robotics_simulation_platform/install/ur5_robot_description/share/ur5_robot_description/package.dsv
[1.606s] -- Up-to-date symlink: /home/user/industrial_robotics_simulation_platform/install/ur5_robot_description/share/ament_index/resource_index/packages/ur5_robot_description
[1.609s] -- Up-to-date symlink: /home/user/industrial_robotics_simulation_platform/install/ur5_robot_description/share/ur5_robot_description/cmake/ur5_robot_descriptionConfig.cmake
[1.610s] -- Up-to-date symlink: /home/user/industrial_robotics_simulation_platform/install/ur5_robot_description/share/ur5_robot_description/cmake/ur5_robot_descriptionConfig-version.cmake
[1.611s] -- Up-to-date symlink: /home/user/industrial_robotics_simulation_platform/install/ur5_robot_description/share/ur5_robot_description/package.xml
[1.620s] Invoked command in '/home/user/industrial_robotics_simulation_platform/build/ur5_robot_description' returned '0': CMAKE_PREFIX_PATH=/opt/ros/humble /usr/bin/cmake --install /home/user/industrial_robotics_simulation_platform/build/ur5_robot_description
