[0.227s] Invoking command in '/home/user/industrial_robotics_simulation_platform/build/apm_msgs': CMAKE_PREFIX_PATH=${CMAKE_PREFIX_PATH}:/home/user/industrial_robotics_simulation_platform/install/web_interface:/home/user/industrial_robotics_simulation_platform/install/simulation_tools:/home/user/industrial_robotics_simulation_platform/install/fmm_core:/home/user/industrial_robotics_simulation_platform/install/advanced_perception:/home/user/industrial_robotics_simulation_platform/install/apm_core:/opt/ros/humble /usr/bin/cmake --build /home/user/industrial_robotics_simulation_platform/build/apm_msgs -- -j8 -l8
[1.043s] [  1%] Built target apm_msgs__cpp
[1.044s] [ 12%] Built target apm_msgs__rosidl_generator_c
[1.045s] [ 12%] Built target ament_cmake_python_symlink_apm_msgs
[1.046s] [ 23%] Built target apm_msgs__rosidl_typesupport_fastrtps_cpp
[1.047s] [ 34%] Built target apm_msgs__rosidl_typesupport_c
[1.048s] [ 45%] Built target apm_msgs__rosidl_typesupport_introspection_cpp
[1.048s] [ 56%] Built target apm_msgs__rosidl_typesupport_cpp
[1.049s] [ 78%] Built target apm_msgs__rosidl_typesupport_introspection_c
[1.049s] [ 78%] Built target apm_msgs__rosidl_typesupport_fastrtps_c
[1.049s] [ 78%] Built target apm_msgs
[1.066s] [ 80%] Built target apm_msgs__py
[1.142s] [ 89%] Built target apm_msgs__rosidl_generator_py
[1.221s] [ 92%] Built target apm_msgs__rosidl_typesupport_fastrtps_c__pyext
[1.244s] [ 96%] Built target apm_msgs__rosidl_typesupport_introspection_c__pyext
[1.315s] [100%] Built target apm_msgs__rosidl_typesupport_c__pyext
[1.470s] running egg_info
[1.471s] writing apm_msgs.egg-info/PKG-INFO
[1.471s] writing dependency_links to apm_msgs.egg-info/dependency_links.txt
[1.474s] writing top-level names to apm_msgs.egg-info/top_level.txt
[1.474s] reading manifest file 'apm_msgs.egg-info/SOURCES.txt'
[1.475s] writing manifest file 'apm_msgs.egg-info/SOURCES.txt'
[1.511s] [100%] Built target ament_cmake_python_build_apm_msgs_egg
[1.841s] Invoked command in '/home/user/industrial_robotics_simulation_platform/build/apm_msgs' returned '0': CMAKE_PREFIX_PATH=${CMAKE_PREFIX_PATH}:/home/user/industrial_robotics_simulation_platform/install/web_interface:/home/user/industrial_robotics_simulation_platform/install/simulation_tools:/home/user/industrial_robotics_simulation_platform/install/fmm_core:/home/user/industrial_robotics_simulation_platform/install/advanced_perception:/home/user/industrial_robotics_simulation_platform/install/apm_core:/opt/ros/humble /usr/bin/cmake --build /home/user/industrial_robotics_simulation_platform/build/apm_msgs -- -j8 -l8
[1.845s] Invoking command in '/home/user/industrial_robotics_simulation_platform/build/apm_msgs': CMAKE_PREFIX_PATH=${CMAKE_PREFIX_PATH}:/home/user/industrial_robotics_simulation_platform/install/web_interface:/home/user/industrial_robotics_simulation_platform/install/simulation_tools:/home/user/industrial_robotics_simulation_platform/install/fmm_core:/home/user/industrial_robotics_simulation_platform/install/advanced_perception:/home/user/industrial_robotics_simulation_platform/install/apm_core:/opt/ros/humble /usr/bin/cmake --install /home/user/industrial_robotics_simulation_platform/build/apm_msgs
[1.899s] -- Install configuration: ""
[1.899s] -- Execute custom install script
[1.899s] -- Up-to-date symlink: /home/user/industrial_robotics_simulation_platform/install/apm_msgs/share/ament_index/resource_index/rosidl_interfaces/apm_msgs
[1.899s] -- Up-to-date symlink: /home/user/industrial_robotics_simulation_platform/install/apm_msgs/include/apm_msgs/apm_msgs/msg/detail/detected_object__functions.h
[1.911s] -- Up-to-date symlink: /home/user/industrial_robotics_simulation_platform/install/apm_msgs/include/apm_msgs/apm_msgs/msg/detail/detected_object__struct.h
[1.912s] -- Up-to-date symlink: /home/user/industrial_robotics_simulation_platform/install/apm_msgs/include/apm_msgs/apm_msgs/msg/detail/detected_object__type_support.h
[1.912s] -- Up-to-date symlink: /home/user/industrial_robotics_simulation_platform/install/apm_msgs/include/apm_msgs/apm_msgs/msg/detail/detected_object_array__functions.h
[1.912s] -- Up-to-date symlink: /home/user/industrial_robotics_simulation_platform/install/apm_msgs/include/apm_msgs/apm_msgs/msg/detail/detected_object_array__struct.h
[1.912s] -- Up-to-date symlink: /home/user/industrial_robotics_simulation_platform/install/apm_msgs/include/apm_msgs/apm_msgs/msg/detail/detected_object_array__type_support.h
[1.912s] -- Up-to-date symlink: /home/user/industrial_robotics_simulation_platform/install/apm_msgs/include/apm_msgs/apm_msgs/msg/detail/detection2_d__functions.h
[1.912s] -- Up-to-date symlink: /home/user/industrial_robotics_simulation_platform/install/apm_msgs/include/apm_msgs/apm_msgs/msg/detail/detection2_d__struct.h
[1.912s] -- Up-to-date symlink: /home/user/industrial_robotics_simulation_platform/install/apm_msgs/include/apm_msgs/apm_msgs/msg/detail/detection2_d__type_support.h
[1.913s] -- Up-to-date symlink: /home/user/industrial_robotics_simulation_platform/install/apm_msgs/include/apm_msgs/apm_msgs/msg/detail/detection2_d_array__functions.h
[1.913s] -- Up-to-date symlink: /home/user/industrial_robotics_simulation_platform/install/apm_msgs/include/apm_msgs/apm_msgs/msg/detail/detection2_d_array__struct.h
[1.913s] -- Up-to-date symlink: /home/user/industrial_robotics_simulation_platform/install/apm_msgs/include/apm_msgs/apm_msgs/msg/detail/detection2_d_array__type_support.h
[1.913s] -- Up-to-date symlink: /home/user/industrial_robotics_simulation_platform/install/apm_msgs/include/apm_msgs/apm_msgs/msg/detected_object.h
[1.913s] -- Up-to-date symlink: /home/user/industrial_robotics_simulation_platform/install/apm_msgs/include/apm_msgs/apm_msgs/msg/detected_object_array.h
[1.913s] -- Up-to-date symlink: /home/user/industrial_robotics_simulation_platform/install/apm_msgs/include/apm_msgs/apm_msgs/msg/detection2_d.h
[1.913s] -- Up-to-date symlink: /home/user/industrial_robotics_simulation_platform/install/apm_msgs/include/apm_msgs/apm_msgs/msg/detection2_d_array.h
[1.914s] -- Up-to-date symlink: /home/user/industrial_robotics_simulation_platform/install/apm_msgs/include/apm_msgs/apm_msgs/msg/rosidl_generator_c__visibility_control.h
[1.914s] -- Up-to-date symlink: /home/user/industrial_robotics_simulation_platform/install/apm_msgs/share/apm_msgs/environment/library_path.sh
[1.914s] -- Up-to-date symlink: /home/user/industrial_robotics_simulation_platform/install/apm_msgs/share/apm_msgs/environment/library_path.dsv
[1.925s] -- Up-to-date symlink: /home/user/industrial_robotics_simulation_platform/install/apm_msgs/include/apm_msgs/apm_msgs/msg/detail/detected_object__rosidl_typesupport_fastrtps_c.h
[1.926s] -- Up-to-date symlink: /home/user/industrial_robotics_simulation_platform/install/apm_msgs/include/apm_msgs/apm_msgs/msg/detail/detected_object_array__rosidl_typesupport_fastrtps_c.h
[1.926s] -- Up-to-date symlink: /home/user/industrial_robotics_simulation_platform/install/apm_msgs/include/apm_msgs/apm_msgs/msg/detail/detection2_d__rosidl_typesupport_fastrtps_c.h
[1.926s] -- Up-to-date symlink: /home/user/industrial_robotics_simulation_platform/install/apm_msgs/include/apm_msgs/apm_msgs/msg/detail/detection2_d_array__rosidl_typesupport_fastrtps_c.h
[1.927s] -- Up-to-date symlink: /home/user/industrial_robotics_simulation_platform/install/apm_msgs/include/apm_msgs/apm_msgs/msg/rosidl_typesupport_fastrtps_c__visibility_control.h
[1.934s] -- Up-to-date symlink: /home/user/industrial_robotics_simulation_platform/install/apm_msgs/include/apm_msgs/apm_msgs/msg/detail/detected_object__builder.hpp
[1.935s] -- Up-to-date symlink: /home/user/industrial_robotics_simulation_platform/install/apm_msgs/include/apm_msgs/apm_msgs/msg/detail/detected_object__struct.hpp
[1.936s] -- Up-to-date symlink: /home/user/industrial_robotics_simulation_platform/install/apm_msgs/include/apm_msgs/apm_msgs/msg/detail/detected_object__traits.hpp
[1.936s] -- Up-to-date symlink: /home/user/industrial_robotics_simulation_platform/install/apm_msgs/include/apm_msgs/apm_msgs/msg/detail/detected_object__type_support.hpp
[1.937s] -- Up-to-date symlink: /home/user/industrial_robotics_simulation_platform/install/apm_msgs/include/apm_msgs/apm_msgs/msg/detail/detected_object_array__builder.hpp
[1.937s] -- Up-to-date symlink: /home/user/industrial_robotics_simulation_platform/install/apm_msgs/include/apm_msgs/apm_msgs/msg/detail/detected_object_array__struct.hpp
[1.937s] -- Up-to-date symlink: /home/user/industrial_robotics_simulation_platform/install/apm_msgs/include/apm_msgs/apm_msgs/msg/detail/detected_object_array__traits.hpp
[1.937s] -- Up-to-date symlink: /home/user/industrial_robotics_simulation_platform/install/apm_msgs/include/apm_msgs/apm_msgs/msg/detail/detected_object_array__type_support.hpp
[1.938s] -- Up-to-date symlink: /home/user/industrial_robotics_simulation_platform/install/apm_msgs/include/apm_msgs/apm_msgs/msg/detail/detection2_d__builder.hpp
[1.938s] -- Up-to-date symlink: /home/user/industrial_robotics_simulation_platform/install/apm_msgs/include/apm_msgs/apm_msgs/msg/detail/detection2_d__struct.hpp
[1.938s] -- Up-to-date symlink: /home/user/industrial_robotics_simulation_platform/install/apm_msgs/include/apm_msgs/apm_msgs/msg/detail/detection2_d__traits.hpp
[1.938s] -- Up-to-date symlink: /home/user/industrial_robotics_simulation_platform/install/apm_msgs/include/apm_msgs/apm_msgs/msg/detail/detection2_d__type_support.hpp
[1.939s] -- Up-to-date symlink: /home/user/industrial_robotics_simulation_platform/install/apm_msgs/include/apm_msgs/apm_msgs/msg/detail/detection2_d_array__builder.hpp
[1.939s] -- Up-to-date symlink: /home/user/industrial_robotics_simulation_platform/install/apm_msgs/include/apm_msgs/apm_msgs/msg/detail/detection2_d_array__struct.hpp
[1.939s] -- Up-to-date symlink: /home/user/industrial_robotics_simulation_platform/install/apm_msgs/include/apm_msgs/apm_msgs/msg/detail/detection2_d_array__traits.hpp
[1.939s] -- Up-to-date symlink: /home/user/industrial_robotics_simulation_platform/install/apm_msgs/include/apm_msgs/apm_msgs/msg/detail/detection2_d_array__type_support.hpp
[1.939s] -- Up-to-date symlink: /home/user/industrial_robotics_simulation_platform/install/apm_msgs/include/apm_msgs/apm_msgs/msg/detected_object.hpp
[1.940s] -- Up-to-date symlink: /home/user/industrial_robotics_simulation_platform/install/apm_msgs/include/apm_msgs/apm_msgs/msg/detected_object_array.hpp
[1.940s] -- Up-to-date symlink: /home/user/industrial_robotics_simulation_platform/install/apm_msgs/include/apm_msgs/apm_msgs/msg/detection2_d.hpp
[1.941s] -- Up-to-date symlink: /home/user/industrial_robotics_simulation_platform/install/apm_msgs/include/apm_msgs/apm_msgs/msg/detection2_d_array.hpp
[1.943s] -- Up-to-date symlink: /home/user/industrial_robotics_simulation_platform/install/apm_msgs/include/apm_msgs/apm_msgs/msg/rosidl_generator_cpp__visibility_control.hpp
[1.944s] -- Up-to-date symlink: /home/user/industrial_robotics_simulation_platform/install/apm_msgs/include/apm_msgs/apm_msgs/msg/detail/detected_object__rosidl_typesupport_fastrtps_cpp.hpp
[1.944s] -- Up-to-date symlink: /home/user/industrial_robotics_simulation_platform/install/apm_msgs/include/apm_msgs/apm_msgs/msg/detail/detected_object_array__rosidl_typesupport_fastrtps_cpp.hpp
[1.944s] -- Up-to-date symlink: /home/user/industrial_robotics_simulation_platform/install/apm_msgs/include/apm_msgs/apm_msgs/msg/detail/detection2_d__rosidl_typesupport_fastrtps_cpp.hpp
[1.945s] -- Up-to-date symlink: /home/user/industrial_robotics_simulation_platform/install/apm_msgs/include/apm_msgs/apm_msgs/msg/detail/detection2_d_array__rosidl_typesupport_fastrtps_cpp.hpp
[1.945s] -- Up-to-date symlink: /home/user/industrial_robotics_simulation_platform/install/apm_msgs/include/apm_msgs/apm_msgs/msg/rosidl_typesupport_fastrtps_cpp__visibility_control.h
[1.945s] -- Up-to-date symlink: /home/user/industrial_robotics_simulation_platform/install/apm_msgs/include/apm_msgs/apm_msgs/msg/detail/detected_object__rosidl_typesupport_introspection_c.h
[1.946s] -- Up-to-date symlink: /home/user/industrial_robotics_simulation_platform/install/apm_msgs/include/apm_msgs/apm_msgs/msg/detail/detected_object_array__rosidl_typesupport_introspection_c.h
[1.947s] -- Up-to-date symlink: /home/user/industrial_robotics_simulation_platform/install/apm_msgs/include/apm_msgs/apm_msgs/msg/detail/detection2_d__rosidl_typesupport_introspection_c.h
[1.947s] -- Up-to-date symlink: /home/user/industrial_robotics_simulation_platform/install/apm_msgs/include/apm_msgs/apm_msgs/msg/detail/detection2_d_array__rosidl_typesupport_introspection_c.h
[1.948s] -- Up-to-date symlink: /home/user/industrial_robotics_simulation_platform/install/apm_msgs/include/apm_msgs/apm_msgs/msg/rosidl_typesupport_introspection_c__visibility_control.h
[1.966s] -- Up-to-date symlink: /home/user/industrial_robotics_simulation_platform/install/apm_msgs/include/apm_msgs/apm_msgs/msg/detail/detected_object__rosidl_typesupport_introspection_cpp.hpp
[1.966s] -- Up-to-date symlink: /home/user/industrial_robotics_simulation_platform/install/apm_msgs/include/apm_msgs/apm_msgs/msg/detail/detected_object_array__rosidl_typesupport_introspection_cpp.hpp
[1.966s] -- Up-to-date symlink: /home/user/industrial_robotics_simulation_platform/install/apm_msgs/include/apm_msgs/apm_msgs/msg/detail/detection2_d__rosidl_typesupport_introspection_cpp.hpp
[1.967s] -- Up-to-date symlink: /home/user/industrial_robotics_simulation_platform/install/apm_msgs/include/apm_msgs/apm_msgs/msg/detail/detection2_d_array__rosidl_typesupport_introspection_cpp.hpp
[1.967s] -- Up-to-date symlink: /home/user/industrial_robotics_simulation_platform/install/apm_msgs/share/apm_msgs/environment/pythonpath.sh
[1.967s] -- Up-to-date symlink: /home/user/industrial_robotics_simulation_platform/install/apm_msgs/share/apm_msgs/environment/pythonpath.dsv
[1.967s] -- Up-to-date symlink: /home/user/industrial_robotics_simulation_platform/install/apm_msgs/local/lib/python3.10/dist-packages/apm_msgs-0.1.0-py3.10.egg-info/PKG-INFO
[1.967s] -- Up-to-date symlink: /home/user/industrial_robotics_simulation_platform/install/apm_msgs/local/lib/python3.10/dist-packages/apm_msgs-0.1.0-py3.10.egg-info/SOURCES.txt
[1.967s] -- Up-to-date symlink: /home/user/industrial_robotics_simulation_platform/install/apm_msgs/local/lib/python3.10/dist-packages/apm_msgs-0.1.0-py3.10.egg-info/dependency_links.txt
[1.967s] -- Up-to-date symlink: /home/user/industrial_robotics_simulation_platform/install/apm_msgs/local/lib/python3.10/dist-packages/apm_msgs-0.1.0-py3.10.egg-info/top_level.txt
[1.986s] -- Up-to-date symlink: /home/user/industrial_robotics_simulation_platform/install/apm_msgs/local/lib/python3.10/dist-packages/apm_msgs/__init__.py
[1.986s] -- Up-to-date symlink: /home/user/industrial_robotics_simulation_platform/install/apm_msgs/local/lib/python3.10/dist-packages/apm_msgs/_apm_msgs_s.ep.rosidl_typesupport_c.c
[1.986s] -- Up-to-date symlink: /home/user/industrial_robotics_simulation_platform/install/apm_msgs/local/lib/python3.10/dist-packages/apm_msgs/_apm_msgs_s.ep.rosidl_typesupport_fastrtps_c.c
[1.986s] -- Up-to-date symlink: /home/user/industrial_robotics_simulation_platform/install/apm_msgs/local/lib/python3.10/dist-packages/apm_msgs/_apm_msgs_s.ep.rosidl_typesupport_introspection_c.c
[1.986s] -- Up-to-date symlink: /home/user/industrial_robotics_simulation_platform/install/apm_msgs/local/lib/python3.10/dist-packages/apm_msgs/apm_msgs_s__rosidl_typesupport_c.cpython-310-x86_64-linux-gnu.so
[1.986s] -- Up-to-date symlink: /home/user/industrial_robotics_simulation_platform/install/apm_msgs/local/lib/python3.10/dist-packages/apm_msgs/apm_msgs_s__rosidl_typesupport_fastrtps_c.cpython-310-x86_64-linux-gnu.so
[1.986s] -- Up-to-date symlink: /home/user/industrial_robotics_simulation_platform/install/apm_msgs/local/lib/python3.10/dist-packages/apm_msgs/apm_msgs_s__rosidl_typesupport_introspection_c.cpython-310-x86_64-linux-gnu.so
[1.986s] -- Up-to-date symlink: /home/user/industrial_robotics_simulation_platform/install/apm_msgs/local/lib/python3.10/dist-packages/apm_msgs/libapm_msgs__rosidl_generator_py.so
[1.987s] -- Up-to-date symlink: /home/user/industrial_robotics_simulation_platform/install/apm_msgs/local/lib/python3.10/dist-packages/apm_msgs/msg/__init__.py
[1.987s] -- Up-to-date symlink: /home/user/industrial_robotics_simulation_platform/install/apm_msgs/local/lib/python3.10/dist-packages/apm_msgs/msg/_detected_object.py
[1.987s] -- Up-to-date symlink: /home/user/industrial_robotics_simulation_platform/install/apm_msgs/local/lib/python3.10/dist-packages/apm_msgs/msg/_detected_object_array.py
[1.987s] -- Up-to-date symlink: /home/user/industrial_robotics_simulation_platform/install/apm_msgs/local/lib/python3.10/dist-packages/apm_msgs/msg/_detected_object_array_s.c
[1.987s] -- Up-to-date symlink: /home/user/industrial_robotics_simulation_platform/install/apm_msgs/local/lib/python3.10/dist-packages/apm_msgs/msg/_detected_object_s.c
[1.987s] -- Up-to-date symlink: /home/user/industrial_robotics_simulation_platform/install/apm_msgs/local/lib/python3.10/dist-packages/apm_msgs/msg/_detection2_d.py
[1.987s] -- Up-to-date symlink: /home/user/industrial_robotics_simulation_platform/install/apm_msgs/local/lib/python3.10/dist-packages/apm_msgs/msg/_detection2_d_array.py
[1.987s] -- Up-to-date symlink: /home/user/industrial_robotics_simulation_platform/install/apm_msgs/local/lib/python3.10/dist-packages/apm_msgs/msg/_detection2_d_array_s.c
[1.987s] -- Up-to-date symlink: /home/user/industrial_robotics_simulation_platform/install/apm_msgs/local/lib/python3.10/dist-packages/apm_msgs/msg/_detection2_d_s.c
[1.998s] -- Up-to-date symlink: /home/user/industrial_robotics_simulation_platform/install/apm_msgs/local/lib/python3.10/dist-packages/apm_msgs/apm_msgs_s__rosidl_typesupport_fastrtps_c.cpython-310-x86_64-linux-gnu.so
[1.999s] -- Up-to-date symlink: /home/user/industrial_robotics_simulation_platform/install/apm_msgs/local/lib/python3.10/dist-packages/apm_msgs/apm_msgs_s__rosidl_typesupport_introspection_c.cpython-310-x86_64-linux-gnu.so
[2.000s] -- Up-to-date symlink: /home/user/industrial_robotics_simulation_platform/install/apm_msgs/local/lib/python3.10/dist-packages/apm_msgs/apm_msgs_s__rosidl_typesupport_c.cpython-310-x86_64-linux-gnu.so
[2.000s] -- Up-to-date symlink: /home/user/industrial_robotics_simulation_platform/install/apm_msgs/share/apm_msgs/msg/Detection2D.idl
[2.001s] -- Up-to-date symlink: /home/user/industrial_robotics_simulation_platform/install/apm_msgs/share/apm_msgs/msg/Detection2DArray.idl
[2.001s] -- Up-to-date symlink: /home/user/industrial_robotics_simulation_platform/install/apm_msgs/share/apm_msgs/msg/DetectedObject.idl
[2.002s] -- Up-to-date symlink: /home/user/industrial_robotics_simulation_platform/install/apm_msgs/share/apm_msgs/msg/DetectedObjectArray.idl
[2.002s] -- Up-to-date symlink: /home/user/industrial_robotics_simulation_platform/install/apm_msgs/share/apm_msgs/msg/Detection2D.msg
[2.003s] -- Up-to-date symlink: /home/user/industrial_robotics_simulation_platform/install/apm_msgs/share/apm_msgs/msg/Detection2DArray.msg
[2.003s] -- Up-to-date symlink: /home/user/industrial_robotics_simulation_platform/install/apm_msgs/share/apm_msgs/msg/DetectedObject.msg
[2.006s] -- Up-to-date symlink: /home/user/industrial_robotics_simulation_platform/install/apm_msgs/share/apm_msgs/msg/DetectedObjectArray.msg
[2.006s] -- Up-to-date symlink: /home/user/industrial_robotics_simulation_platform/install/apm_msgs/share/ament_index/resource_index/package_run_dependencies/apm_msgs
[2.006s] -- Up-to-date symlink: /home/user/industrial_robotics_simulation_platform/install/apm_msgs/share/ament_index/resource_index/parent_prefix_path/apm_msgs
[2.007s] -- Up-to-date symlink: /home/user/industrial_robotics_simulation_platform/install/apm_msgs/share/apm_msgs/environment/ament_prefix_path.sh
[2.007s] -- Up-to-date symlink: /home/user/industrial_robotics_simulation_platform/install/apm_msgs/share/apm_msgs/environment/ament_prefix_path.dsv
[2.008s] -- Up-to-date symlink: /home/user/industrial_robotics_simulation_platform/install/apm_msgs/share/apm_msgs/environment/path.sh
[2.008s] -- Up-to-date symlink: /home/user/industrial_robotics_simulation_platform/install/apm_msgs/share/apm_msgs/environment/path.dsv
[2.008s] -- Up-to-date symlink: /home/user/industrial_robotics_simulation_platform/install/apm_msgs/share/apm_msgs/local_setup.bash
[2.009s] -- Up-to-date symlink: /home/user/industrial_robotics_simulation_platform/install/apm_msgs/share/apm_msgs/local_setup.sh
[2.009s] -- Up-to-date symlink: /home/user/industrial_robotics_simulation_platform/install/apm_msgs/share/apm_msgs/local_setup.zsh
[2.009s] -- Up-to-date symlink: /home/user/industrial_robotics_simulation_platform/install/apm_msgs/share/apm_msgs/local_setup.dsv
[2.009s] -- Symlinking: /home/user/industrial_robotics_simulation_platform/install/apm_msgs/share/apm_msgs/package.dsv
[2.027s] -- Up-to-date symlink: /home/user/industrial_robotics_simulation_platform/install/apm_msgs/share/ament_index/resource_index/packages/apm_msgs
[2.027s] -- Up-to-date symlink: /home/user/industrial_robotics_simulation_platform/install/apm_msgs/share/apm_msgs/cmake/rosidl_cmake-extras.cmake
[2.028s] -- Up-to-date symlink: /home/user/industrial_robotics_simulation_platform/install/apm_msgs/share/apm_msgs/cmake/ament_cmake_export_dependencies-extras.cmake
[2.028s] -- Up-to-date symlink: /home/user/industrial_robotics_simulation_platform/install/apm_msgs/share/apm_msgs/cmake/ament_cmake_export_include_directories-extras.cmake
[2.028s] -- Up-to-date symlink: /home/user/industrial_robotics_simulation_platform/install/apm_msgs/share/apm_msgs/cmake/ament_cmake_export_libraries-extras.cmake
[2.029s] -- Up-to-date symlink: /home/user/industrial_robotics_simulation_platform/install/apm_msgs/share/apm_msgs/cmake/ament_cmake_export_targets-extras.cmake
[2.029s] -- Up-to-date symlink: /home/user/industrial_robotics_simulation_platform/install/apm_msgs/share/apm_msgs/cmake/rosidl_cmake_export_typesupport_targets-extras.cmake
[2.029s] -- Up-to-date symlink: /home/user/industrial_robotics_simulation_platform/install/apm_msgs/share/apm_msgs/cmake/rosidl_cmake_export_typesupport_libraries-extras.cmake
[2.031s] -- Up-to-date symlink: /home/user/industrial_robotics_simulation_platform/install/apm_msgs/share/apm_msgs/cmake/apm_msgsConfig.cmake
[2.031s] -- Up-to-date symlink: /home/user/industrial_robotics_simulation_platform/install/apm_msgs/share/apm_msgs/cmake/apm_msgsConfig-version.cmake
[2.032s] -- Up-to-date symlink: /home/user/industrial_robotics_simulation_platform/install/apm_msgs/share/apm_msgs/package.xml
[2.042s] -- Up-to-date: /home/user/industrial_robotics_simulation_platform/install/apm_msgs/lib/libapm_msgs__rosidl_generator_c.so
[2.043s] -- Up-to-date: /home/user/industrial_robotics_simulation_platform/install/apm_msgs/lib/libapm_msgs__rosidl_typesupport_fastrtps_c.so
[2.059s] -- Up-to-date: /home/user/industrial_robotics_simulation_platform/install/apm_msgs/lib/libapm_msgs__rosidl_typesupport_fastrtps_cpp.so
[2.060s] -- Up-to-date: /home/user/industrial_robotics_simulation_platform/install/apm_msgs/lib/libapm_msgs__rosidl_typesupport_introspection_c.so
[2.061s] -- Up-to-date: /home/user/industrial_robotics_simulation_platform/install/apm_msgs/lib/libapm_msgs__rosidl_typesupport_c.so
[2.062s] -- Up-to-date: /home/user/industrial_robotics_simulation_platform/install/apm_msgs/lib/libapm_msgs__rosidl_typesupport_introspection_cpp.so
[2.062s] -- Up-to-date: /home/user/industrial_robotics_simulation_platform/install/apm_msgs/lib/libapm_msgs__rosidl_typesupport_cpp.so
[2.149s] Listing '/home/user/industrial_robotics_simulation_platform/install/apm_msgs/local/lib/python3.10/dist-packages/apm_msgs'...
[2.149s] Listing '/home/user/industrial_robotics_simulation_platform/install/apm_msgs/local/lib/python3.10/dist-packages/apm_msgs/msg'...
[2.159s] -- Up-to-date: /home/user/industrial_robotics_simulation_platform/install/apm_msgs/lib/libapm_msgs__rosidl_generator_py.so
[2.160s] -- Up-to-date: /home/user/industrial_robotics_simulation_platform/install/apm_msgs/share/apm_msgs/cmake/export_apm_msgs__rosidl_generator_cExport.cmake
[2.160s] -- Up-to-date: /home/user/industrial_robotics_simulation_platform/install/apm_msgs/share/apm_msgs/cmake/export_apm_msgs__rosidl_generator_cExport-noconfig.cmake
[2.163s] -- Up-to-date: /home/user/industrial_robotics_simulation_platform/install/apm_msgs/share/apm_msgs/cmake/export_apm_msgs__rosidl_typesupport_fastrtps_cExport.cmake
[2.163s] -- Up-to-date: /home/user/industrial_robotics_simulation_platform/install/apm_msgs/share/apm_msgs/cmake/export_apm_msgs__rosidl_typesupport_fastrtps_cExport-noconfig.cmake
[2.163s] -- Up-to-date: /home/user/industrial_robotics_simulation_platform/install/apm_msgs/share/apm_msgs/cmake/export_apm_msgs__rosidl_generator_cppExport.cmake
[2.165s] -- Up-to-date: /home/user/industrial_robotics_simulation_platform/install/apm_msgs/share/apm_msgs/cmake/export_apm_msgs__rosidl_typesupport_fastrtps_cppExport.cmake
[2.165s] -- Up-to-date: /home/user/industrial_robotics_simulation_platform/install/apm_msgs/share/apm_msgs/cmake/export_apm_msgs__rosidl_typesupport_fastrtps_cppExport-noconfig.cmake
[2.165s] -- Up-to-date: /home/user/industrial_robotics_simulation_platform/install/apm_msgs/share/apm_msgs/cmake/apm_msgs__rosidl_typesupport_introspection_cExport.cmake
[2.165s] -- Up-to-date: /home/user/industrial_robotics_simulation_platform/install/apm_msgs/share/apm_msgs/cmake/apm_msgs__rosidl_typesupport_introspection_cExport-noconfig.cmake
[2.165s] -- Up-to-date: /home/user/industrial_robotics_simulation_platform/install/apm_msgs/share/apm_msgs/cmake/apm_msgs__rosidl_typesupport_cExport.cmake
[2.165s] -- Up-to-date: /home/user/industrial_robotics_simulation_platform/install/apm_msgs/share/apm_msgs/cmake/apm_msgs__rosidl_typesupport_cExport-noconfig.cmake
[2.175s] -- Up-to-date: /home/user/industrial_robotics_simulation_platform/install/apm_msgs/share/apm_msgs/cmake/apm_msgs__rosidl_typesupport_introspection_cppExport.cmake
[2.175s] -- Up-to-date: /home/user/industrial_robotics_simulation_platform/install/apm_msgs/share/apm_msgs/cmake/apm_msgs__rosidl_typesupport_introspection_cppExport-noconfig.cmake
[2.176s] -- Up-to-date: /home/user/industrial_robotics_simulation_platform/install/apm_msgs/share/apm_msgs/cmake/apm_msgs__rosidl_typesupport_cppExport.cmake
[2.176s] -- Up-to-date: /home/user/industrial_robotics_simulation_platform/install/apm_msgs/share/apm_msgs/cmake/apm_msgs__rosidl_typesupport_cppExport-noconfig.cmake
[2.176s] -- Up-to-date: /home/user/industrial_robotics_simulation_platform/install/apm_msgs/share/apm_msgs/cmake/export_apm_msgs__rosidl_generator_pyExport.cmake
[2.176s] -- Up-to-date: /home/user/industrial_robotics_simulation_platform/install/apm_msgs/share/apm_msgs/cmake/export_apm_msgs__rosidl_generator_pyExport-noconfig.cmake
[2.240s] Invoked command in '/home/user/industrial_robotics_simulation_platform/build/apm_msgs' returned '0': CMAKE_PREFIX_PATH=${CMAKE_PREFIX_PATH}:/home/user/industrial_robotics_simulation_platform/install/web_interface:/home/user/industrial_robotics_simulation_platform/install/simulation_tools:/home/user/industrial_robotics_simulation_platform/install/fmm_core:/home/user/industrial_robotics_simulation_platform/install/advanced_perception:/home/user/industrial_robotics_simulation_platform/install/apm_core:/opt/ros/humble /usr/bin/cmake --install /home/user/industrial_robotics_simulation_platform/build/apm_msgs
