[0.041s] Invoking command in '/home/user/industrial_robotics_simulation_platform/build/delta_robot_description': CMAKE_PREFIX_PATH=/opt/ros/humble /usr/bin/cmake --build /home/user/industrial_robotics_simulation_platform/build/delta_robot_description -- -j8 -l8
[0.891s] Invoked command in '/home/user/industrial_robotics_simulation_platform/build/delta_robot_description' returned '0': CMAKE_PREFIX_PATH=/opt/ros/humble /usr/bin/cmake --build /home/user/industrial_robotics_simulation_platform/build/delta_robot_description -- -j8 -l8
[0.905s] Invoking command in '/home/user/industrial_robotics_simulation_platform/build/delta_robot_description': CMAKE_PREFIX_PATH=/opt/ros/humble /usr/bin/cmake --install /home/user/industrial_robotics_simulation_platform/build/delta_robot_description
[0.918s] -- Install configuration: ""
[0.918s] -- Execute custom install script
[0.918s] -- Up-to-date symlink: /home/user/industrial_robotics_simulation_platform/install/delta_robot_description/share/delta_robot_description/urdf/delta_robot.urdf.xacro
[0.919s] -- Up-to-date symlink: /home/user/industrial_robotics_simulation_platform/install/delta_robot_description/share/delta_robot_description/meshes/cylinder.stl
[0.921s] -- Up-to-date symlink: /home/user/industrial_robotics_simulation_platform/install/delta_robot_description/share/delta_robot_description/launch/display.launch.py
[0.921s] -- Up-to-date symlink: /home/user/industrial_robotics_simulation_platform/install/delta_robot_description/share/delta_robot_description/launch/display_headless.launch.py
[0.921s] -- Up-to-date symlink: /home/user/industrial_robotics_simulation_platform/install/delta_robot_description/share/ament_index/resource_index/package_run_dependencies/delta_robot_description
[0.922s] -- Up-to-date symlink: /home/user/industrial_robotics_simulation_platform/install/delta_robot_description/share/ament_index/resource_index/parent_prefix_path/delta_robot_description
[0.922s] -- Up-to-date symlink: /home/user/industrial_robotics_simulation_platform/install/delta_robot_description/share/delta_robot_description/environment/ament_prefix_path.sh
[0.923s] -- Up-to-date symlink: /home/user/industrial_robotics_simulation_platform/install/delta_robot_description/share/delta_robot_description/environment/ament_prefix_path.dsv
[0.923s] -- Up-to-date symlink: /home/user/industrial_robotics_simulation_platform/install/delta_robot_description/share/delta_robot_description/environment/path.sh
[0.924s] -- Up-to-date symlink: /home/user/industrial_robotics_simulation_platform/install/delta_robot_description/share/delta_robot_description/environment/path.dsv
[0.924s] -- Up-to-date symlink: /home/user/industrial_robotics_simulation_platform/install/delta_robot_description/share/delta_robot_description/local_setup.bash
[0.925s] -- Up-to-date symlink: /home/user/industrial_robotics_simulation_platform/install/delta_robot_description/share/delta_robot_description/local_setup.sh
[0.931s] -- Up-to-date symlink: /home/user/industrial_robotics_simulation_platform/install/delta_robot_description/share/delta_robot_description/local_setup.zsh
[0.932s] -- Up-to-date symlink: /home/user/industrial_robotics_simulation_platform/install/delta_robot_description/share/delta_robot_description/local_setup.dsv
[0.932s] -- Symlinking: /home/user/industrial_robotics_simulation_platform/install/delta_robot_description/share/delta_robot_description/package.dsv
[0.942s] -- Up-to-date symlink: /home/user/industrial_robotics_simulation_platform/install/delta_robot_description/share/ament_index/resource_index/packages/delta_robot_description
[0.943s] -- Up-to-date symlink: /home/user/industrial_robotics_simulation_platform/install/delta_robot_description/share/delta_robot_description/cmake/delta_robot_descriptionConfig.cmake
[0.943s] -- Up-to-date symlink: /home/user/industrial_robotics_simulation_platform/install/delta_robot_description/share/delta_robot_description/cmake/delta_robot_descriptionConfig-version.cmake
[0.943s] -- Up-to-date symlink: /home/user/industrial_robotics_simulation_platform/install/delta_robot_description/share/delta_robot_description/package.xml
[0.946s] Invoked command in '/home/user/industrial_robotics_simulation_platform/build/delta_robot_description' returned '0': CMAKE_PREFIX_PATH=/opt/ros/humble /usr/bin/cmake --install /home/user/industrial_robotics_simulation_platform/build/delta_robot_description
