running egg_info
writing ../../build/fmm_core/fmm_core.egg-info/PKG-INFO
writing dependency_links to ../../build/fmm_core/fmm_core.egg-info/dependency_links.txt
writing entry points to ../../build/fmm_core/fmm_core.egg-info/entry_points.txt
writing requirements to ../../build/fmm_core/fmm_core.egg-info/requires.txt
writing top-level names to ../../build/fmm_core/fmm_core.egg-info/top_level.txt
reading manifest file '../../build/fmm_core/fmm_core.egg-info/SOURCES.txt'
writing manifest file '../../build/fmm_core/fmm_core.egg-info/SOURCES.txt'
running build
running build_py
running install
running install_lib
running install_data
running install_egg_info
removing '/home/user/industrial_robotics_simulation_platform/install/fmm_core/lib/python3.10/site-packages/fmm_core-0.1.0-py3.10.egg-info' (and everything under it)
Copying ../../build/fmm_core/fmm_core.egg-info to /home/user/industrial_robotics_simulation_platform/install/fmm_core/lib/python3.10/site-packages/fmm_core-0.1.0-py3.10.egg-info
running install_scripts
Installing fmm_moveit_interface_node script to /home/user/industrial_robotics_simulation_platform/install/fmm_core/bin
Installing planning_scene_updater_node script to /home/user/industrial_robotics_simulation_platform/install/fmm_core/bin
writing list of installed files to '/home/user/industrial_robotics_simulation_platform/build/fmm_core/install.log'
