[1.966s] Invoking command in '/home/user/industrial_robotics_simulation_platform/src/fmm_core': AMENT_PREFIX_PATH=/home/user/industrial_robotics_simulation_platform/install/apm_msgs:${AMENT_PREFIX_PATH} CMAKE_PREFIX_PATH=/home/user/industrial_robotics_simulation_platform/install/apm_msgs LD_LIBRARY_PATH=/home/user/industrial_robotics_simulation_platform/install/apm_msgs/lib:${LD_LIBRARY_PATH} PYTHONPATH=/home/user/industrial_robotics_simulation_platform/build/fmm_core/prefix_override:/usr/lib/python3/dist-packages/colcon_core/task/python/colcon_distutils_commands:/home/user/industrial_robotics_simulation_platform/install/fmm_core/lib/python3.10/site-packages:/home/user/industrial_robotics_simulation_platform/install/apm_msgs/local/lib/python3.10/dist-packages:${PYTHONPATH} /usr/bin/python3 -W ignore:setup.py install is deprecated -W ignore:easy_install command is deprecated setup.py egg_info --egg-base ../../build/fmm_core build --build-base /home/user/industrial_robotics_simulation_platform/build/fmm_core/build install --record /home/user/industrial_robotics_simulation_platform/build/fmm_core/install.log --single-version-externally-managed install_data
[2.407s] running egg_info
[2.408s] writing ../../build/fmm_core/fmm_core.egg-info/PKG-INFO
[2.410s] writing dependency_links to ../../build/fmm_core/fmm_core.egg-info/dependency_links.txt
[2.410s] writing entry points to ../../build/fmm_core/fmm_core.egg-info/entry_points.txt
[2.411s] writing requirements to ../../build/fmm_core/fmm_core.egg-info/requires.txt
[2.411s] writing top-level names to ../../build/fmm_core/fmm_core.egg-info/top_level.txt
[2.413s] reading manifest file '../../build/fmm_core/fmm_core.egg-info/SOURCES.txt'
[2.414s] writing manifest file '../../build/fmm_core/fmm_core.egg-info/SOURCES.txt'
[2.415s] running build
[2.415s] running build_py
[2.415s] running install
[2.416s] running install_lib
[2.418s] running install_data
[2.419s] running install_egg_info
[2.421s] removing '/home/user/industrial_robotics_simulation_platform/install/fmm_core/lib/python3.10/site-packages/fmm_core-0.1.0-py3.10.egg-info' (and everything under it)
[2.422s] Copying ../../build/fmm_core/fmm_core.egg-info to /home/user/industrial_robotics_simulation_platform/install/fmm_core/lib/python3.10/site-packages/fmm_core-0.1.0-py3.10.egg-info
[2.423s] running install_scripts
[2.453s] Installing fmm_moveit_interface_node script to /home/user/industrial_robotics_simulation_platform/install/fmm_core/bin
[2.454s] Installing planning_scene_updater_node script to /home/user/industrial_robotics_simulation_platform/install/fmm_core/bin
[2.455s] writing list of installed files to '/home/user/industrial_robotics_simulation_platform/build/fmm_core/install.log'
[2.509s] Invoked command in '/home/user/industrial_robotics_simulation_platform/src/fmm_core' returned '0': AMENT_PREFIX_PATH=/home/user/industrial_robotics_simulation_platform/install/apm_msgs:${AMENT_PREFIX_PATH} CMAKE_PREFIX_PATH=/home/user/industrial_robotics_simulation_platform/install/apm_msgs LD_LIBRARY_PATH=/home/user/industrial_robotics_simulation_platform/install/apm_msgs/lib:${LD_LIBRARY_PATH} PYTHONPATH=/home/user/industrial_robotics_simulation_platform/build/fmm_core/prefix_override:/usr/lib/python3/dist-packages/colcon_core/task/python/colcon_distutils_commands:/home/user/industrial_robotics_simulation_platform/install/fmm_core/lib/python3.10/site-packages:/home/user/industrial_robotics_simulation_platform/install/apm_msgs/local/lib/python3.10/dist-packages:${PYTHONPATH} /usr/bin/python3 -W ignore:setup.py install is deprecated -W ignore:easy_install command is deprecated setup.py egg_info --egg-base ../../build/fmm_core build --build-base /home/user/industrial_robotics_simulation_platform/build/fmm_core/build install --record /home/user/industrial_robotics_simulation_platform/build/fmm_core/install.log --single-version-externally-managed install_data
