[0.041s] Invoking command in '/home/user/industrial_robotics_simulation_platform/build/apm_msgs': CMAKE_PREFIX_PATH=/opt/ros/humble /usr/bin/cmake /home/user/industrial_robotics_simulation_platform/src/apm_msgs -DAMENT_CMAKE_SYMLINK_INSTALL=1 -DCMAKE_INSTALL_PREFIX=/home/user/industrial_robotics_simulation_platform/install/apm_msgs
[0.657s] -- The C compiler identification is GNU 11.4.0
[0.657s] -- The CXX compiler identification is GNU 11.4.0
[0.657s] -- Detecting C compiler ABI info
[0.658s] -- Detecting C compiler ABI info - done
[0.658s] -- Check for working C compiler: /usr/bin/cc - skipped
[0.658s] -- Detecting C compile features
[0.658s] -- Detecting C compile features - done
[0.658s] -- Detecting CXX compiler ABI info
[0.659s] -- Detecting CXX compiler ABI info - done
[0.675s] -- Check for working CXX compiler: /usr/bin/c++ - skipped
[0.677s] -- Detecting CXX compile features
[0.678s] -- Detecting CXX compile features - done
[0.681s] -- Found ament_cmake: 1.3.11 (/opt/ros/humble/share/ament_cmake/cmake)
[0.981s] -- Found Python3: /usr/bin/python3 (found version "3.10.12") found components: Interpreter 
[1.080s] -- Override CMake install command with custom implementation using symlinks instead of copying resources
[1.122s] -- Found std_msgs: 4.8.0 (/opt/ros/humble/share/std_msgs/cmake)
[1.183s] -- Found rosidl_generator_c: 3.1.6 (/opt/ros/humble/share/rosidl_generator_c/cmake)
[1.192s] -- Found rosidl_adapter: 3.1.6 (/opt/ros/humble/share/rosidl_adapter/cmake)
[1.205s] -- Found rosidl_generator_cpp: 3.1.6 (/opt/ros/humble/share/rosidl_generator_cpp/cmake)
[1.232s] -- Using all available rosidl_typesupport_c: rosidl_typesupport_fastrtps_c;rosidl_typesupport_introspection_c
[1.263s] -- Using all available rosidl_typesupport_cpp: rosidl_typesupport_fastrtps_cpp;rosidl_typesupport_introspection_cpp
[1.321s] -- Found sensor_msgs: 4.8.0 (/opt/ros/humble/share/sensor_msgs/cmake)
[1.398s] -- Found rosidl_default_generators: 1.2.0 (/opt/ros/humble/share/rosidl_default_generators/cmake)
[2.097s] -- Found ament_cmake_ros: 0.10.0 (/opt/ros/humble/share/ament_cmake_ros/cmake)
[3.155s] -- Using all available rosidl_typesupport_c: rosidl_typesupport_fastrtps_c;rosidl_typesupport_introspection_c
[3.522s] -- Using all available rosidl_typesupport_cpp: rosidl_typesupport_fastrtps_cpp;rosidl_typesupport_introspection_cpp
[3.557s] -- Found PythonInterp: /usr/bin/python3 (found suitable version "3.10.12", minimum required is "3.6") 
[3.560s] -- Found python_cmake_module: 0.10.0 (/opt/ros/humble/share/python_cmake_module/cmake)
[3.599s] -- Found PythonLibs: /usr/lib/x86_64-linux-gnu/libpython3.10.so (found suitable version "3.10.12", minimum required is "3.5") 
[3.599s] -- Using PYTHON_EXECUTABLE: /usr/bin/python3
[3.599s] -- Using PYTHON_INCLUDE_DIRS: /usr/include/python3.10
[3.599s] -- Using PYTHON_LIBRARIES: /usr/lib/x86_64-linux-gnu/libpython3.10.so
[3.629s] -- Found PythonExtra: .so  
[3.736s] -- Configuring done
[3.791s] -- Generating done
[3.806s] -- Build files have been written to: /home/user/industrial_robotics_simulation_platform/build/apm_msgs
[3.817s] Invoked command in '/home/user/industrial_robotics_simulation_platform/build/apm_msgs' returned '0': CMAKE_PREFIX_PATH=/opt/ros/humble /usr/bin/cmake /home/user/industrial_robotics_simulation_platform/src/apm_msgs -DAMENT_CMAKE_SYMLINK_INSTALL=1 -DCMAKE_INSTALL_PREFIX=/home/user/industrial_robotics_simulation_platform/install/apm_msgs
[3.820s] Invoking command in '/home/user/industrial_robotics_simulation_platform/build/apm_msgs': CMAKE_PREFIX_PATH=/opt/ros/humble /usr/bin/cmake --build /home/user/industrial_robotics_simulation_platform/build/apm_msgs -- -j8 -l8
[3.880s] [  1%] [34m[1mGenerating C code for ROS interfaces[0m
[3.898s] [  3%] [34m[1mGenerating C++ code for ROS interfaces[0m
[3.907s] [  3%] Built target ament_cmake_python_symlink_apm_msgs
[4.277s] running egg_info
[4.278s] creating apm_msgs.egg-info
[4.281s] writing apm_msgs.egg-info/PKG-INFO
[4.281s] writing dependency_links to apm_msgs.egg-info/dependency_links.txt
[4.281s] writing top-level names to apm_msgs.egg-info/top_level.txt
[4.281s] writing manifest file 'apm_msgs.egg-info/SOURCES.txt'
[4.284s] reading manifest file 'apm_msgs.egg-info/SOURCES.txt'
[4.285s] writing manifest file 'apm_msgs.egg-info/SOURCES.txt'
[4.320s] [  3%] Built target ament_cmake_python_build_apm_msgs_egg
[4.477s] [  5%] [32mBuilding C object CMakeFiles/apm_msgs__rosidl_generator_c.dir/rosidl_generator_c/apm_msgs/msg/detail/detection2_d__functions.c.o[0m
[4.484s] [  7%] [32mBuilding C object CMakeFiles/apm_msgs__rosidl_generator_c.dir/rosidl_generator_c/apm_msgs/msg/detail/detected_object__functions.c.o[0m
[4.486s] [  9%] [32mBuilding C object CMakeFiles/apm_msgs__rosidl_generator_c.dir/rosidl_generator_c/apm_msgs/msg/detail/detection2_d_array__functions.c.o[0m
[4.502s] [ 10%] [32mBuilding C object CMakeFiles/apm_msgs__rosidl_generator_c.dir/rosidl_generator_c/apm_msgs/msg/detail/detected_object_array__functions.c.o[0m
[4.538s] [ 10%] Built target apm_msgs__cpp
[4.568s] [ 12%] [34m[1mGenerating C++ type support dispatch for ROS interfaces[0m
[4.572s] [ 14%] [34m[1mGenerating C++ type support for eProsima Fast-RTPS[0m
[4.572s] [ 16%] [34m[1mGenerating C++ introspection for ROS interfaces[0m
[4.610s] [ 18%] [32m[1mLinking C shared library libapm_msgs__rosidl_generator_c.so[0m
[4.677s] [ 18%] Built target apm_msgs__rosidl_generator_c
[4.698s] [ 20%] [34m[1mGenerating C type support for eProsima Fast-RTPS[0m
[4.699s] [ 21%] [34m[1mGenerating C introspection for ROS interfaces[0m
[4.699s] [ 23%] [34m[1mGenerating C type support dispatch for ROS interfaces[0m
[5.227s] [ 25%] [32mBuilding CXX object CMakeFiles/apm_msgs__rosidl_typesupport_cpp.dir/rosidl_typesupport_cpp/apm_msgs/msg/detection2_d__type_support.cpp.o[0m
[5.237s] [ 27%] [32mBuilding CXX object CMakeFiles/apm_msgs__rosidl_typesupport_cpp.dir/rosidl_typesupport_cpp/apm_msgs/msg/detection2_d_array__type_support.cpp.o[0m
[5.251s] [ 29%] [32mBuilding CXX object CMakeFiles/apm_msgs__rosidl_typesupport_cpp.dir/rosidl_typesupport_cpp/apm_msgs/msg/detected_object__type_support.cpp.o[0m
[5.291s] [ 30%] [32mBuilding CXX object CMakeFiles/apm_msgs__rosidl_typesupport_introspection_cpp.dir/rosidl_typesupport_introspection_cpp/apm_msgs/msg/detail/detection2_d__type_support.cpp.o[0m
[5.419s] [ 32%] [32mBuilding CXX object CMakeFiles/apm_msgs__rosidl_typesupport_c.dir/rosidl_typesupport_c/apm_msgs/msg/detection2_d__type_support.cpp.o[0m
[5.422s] [ 34%] [32mBuilding CXX object CMakeFiles/apm_msgs__rosidl_typesupport_fastrtps_cpp.dir/rosidl_typesupport_fastrtps_cpp/apm_msgs/msg/detail/dds_fastrtps/detection2_d__type_support.cpp.o[0m
[5.496s] [ 36%] [32mBuilding CXX object CMakeFiles/apm_msgs__rosidl_typesupport_c.dir/rosidl_typesupport_c/apm_msgs/msg/detection2_d_array__type_support.cpp.o[0m
[5.568s] [ 38%] [32mBuilding CXX object CMakeFiles/apm_msgs__rosidl_typesupport_c.dir/rosidl_typesupport_c/apm_msgs/msg/detected_object__type_support.cpp.o[0m
[5.595s] [ 40%] [32mBuilding C object CMakeFiles/apm_msgs__rosidl_typesupport_introspection_c.dir/rosidl_typesupport_introspection_c/apm_msgs/msg/detail/detection2_d__type_support.c.o[0m
[5.625s] [ 41%] [32mBuilding CXX object CMakeFiles/apm_msgs__rosidl_typesupport_fastrtps_c.dir/rosidl_typesupport_fastrtps_c/apm_msgs/msg/detail/detection2_d__type_support_c.cpp.o[0m
[5.631s] [ 43%] [32mBuilding CXX object CMakeFiles/apm_msgs__rosidl_typesupport_c.dir/rosidl_typesupport_c/apm_msgs/msg/detected_object_array__type_support.cpp.o[0m
[5.665s] [ 45%] [32mBuilding C object CMakeFiles/apm_msgs__rosidl_typesupport_introspection_c.dir/rosidl_typesupport_introspection_c/apm_msgs/msg/detail/detection2_d_array__type_support.c.o[0m
[5.704s] [ 47%] [32m[1mLinking CXX shared library libapm_msgs__rosidl_typesupport_c.so[0m
[5.753s] [ 49%] [32mBuilding C object CMakeFiles/apm_msgs__rosidl_typesupport_introspection_c.dir/rosidl_typesupport_introspection_c/apm_msgs/msg/detail/detected_object__type_support.c.o[0m
[5.782s] [ 50%] [32mBuilding CXX object CMakeFiles/apm_msgs__rosidl_typesupport_cpp.dir/rosidl_typesupport_cpp/apm_msgs/msg/detected_object_array__type_support.cpp.o[0m
[5.803s] [ 52%] [32mBuilding CXX object CMakeFiles/apm_msgs__rosidl_typesupport_fastrtps_c.dir/rosidl_typesupport_fastrtps_c/apm_msgs/msg/detail/detection2_d_array__type_support_c.cpp.o[0m
[5.804s] [ 52%] Built target apm_msgs__rosidl_typesupport_c
[5.828s] [ 54%] [32mBuilding CXX object CMakeFiles/apm_msgs__rosidl_typesupport_fastrtps_c.dir/rosidl_typesupport_fastrtps_c/apm_msgs/msg/detail/detected_object__type_support_c.cpp.o[0m
[5.837s] [ 56%] [32mBuilding C object CMakeFiles/apm_msgs__rosidl_typesupport_introspection_c.dir/rosidl_typesupport_introspection_c/apm_msgs/msg/detail/detected_object_array__type_support.c.o[0m
[5.844s] [ 58%] [32mBuilding CXX object CMakeFiles/apm_msgs__rosidl_typesupport_fastrtps_c.dir/rosidl_typesupport_fastrtps_c/apm_msgs/msg/detail/detected_object_array__type_support_c.cpp.o[0m
[5.922s] [ 60%] [32m[1mLinking C shared library libapm_msgs__rosidl_typesupport_introspection_c.so[0m
[6.003s] [ 60%] Built target apm_msgs__rosidl_typesupport_introspection_c
[6.025s] [ 61%] [32mBuilding CXX object CMakeFiles/apm_msgs__rosidl_typesupport_fastrtps_cpp.dir/rosidl_typesupport_fastrtps_cpp/apm_msgs/msg/detail/dds_fastrtps/detection2_d_array__type_support.cpp.o[0m
[6.239s] [ 63%] [32mBuilding CXX object CMakeFiles/apm_msgs__rosidl_typesupport_introspection_cpp.dir/rosidl_typesupport_introspection_cpp/apm_msgs/msg/detail/detection2_d_array__type_support.cpp.o[0m
[6.294s] [ 65%] [32mBuilding CXX object CMakeFiles/apm_msgs__rosidl_typesupport_fastrtps_cpp.dir/rosidl_typesupport_fastrtps_cpp/apm_msgs/msg/detail/dds_fastrtps/detected_object__type_support.cpp.o[0m
[6.353s] [ 67%] [32m[1mLinking CXX shared library libapm_msgs__rosidl_typesupport_cpp.so[0m
[6.446s] [ 69%] [32mBuilding CXX object CMakeFiles/apm_msgs__rosidl_typesupport_fastrtps_cpp.dir/rosidl_typesupport_fastrtps_cpp/apm_msgs/msg/detail/dds_fastrtps/detected_object_array__type_support.cpp.o[0m
[6.463s] [ 69%] Built target apm_msgs__rosidl_typesupport_cpp
[6.482s] [ 70%] [32mBuilding CXX object CMakeFiles/apm_msgs__rosidl_typesupport_introspection_cpp.dir/rosidl_typesupport_introspection_cpp/apm_msgs/msg/detail/detected_object__type_support.cpp.o[0m
[6.550s] [ 72%] [32mBuilding CXX object CMakeFiles/apm_msgs__rosidl_typesupport_introspection_cpp.dir/rosidl_typesupport_introspection_cpp/apm_msgs/msg/detail/detected_object_array__type_support.cpp.o[0m
[6.596s] [ 74%] [32m[1mLinking CXX shared library libapm_msgs__rosidl_typesupport_fastrtps_c.so[0m
[6.761s] [ 74%] Built target apm_msgs__rosidl_typesupport_fastrtps_c
[7.207s] [ 76%] [32m[1mLinking CXX shared library libapm_msgs__rosidl_typesupport_fastrtps_cpp.so[0m
[7.291s] [ 78%] [32m[1mLinking CXX shared library libapm_msgs__rosidl_typesupport_introspection_cpp.so[0m
[7.325s] [ 78%] Built target apm_msgs__rosidl_typesupport_fastrtps_cpp
[7.406s] [ 78%] Built target apm_msgs__rosidl_typesupport_introspection_cpp
[7.437s] [ 78%] Built target apm_msgs
[7.470s] [ 80%] [34m[1mGenerating Python code for ROS interfaces[0m
[8.275s] [ 80%] Built target apm_msgs__py
[8.305s] [ 83%] [32mBuilding C object CMakeFiles/apm_msgs__rosidl_generator_py.dir/rosidl_generator_py/apm_msgs/msg/_detection2_d_s.c.o[0m
[8.305s] [ 83%] [32mBuilding C object CMakeFiles/apm_msgs__rosidl_generator_py.dir/rosidl_generator_py/apm_msgs/msg/_detection2_d_array_s.c.o[0m
[8.305s] [ 85%] [32mBuilding C object CMakeFiles/apm_msgs__rosidl_generator_py.dir/rosidl_generator_py/apm_msgs/msg/_detected_object_s.c.o[0m
[8.306s] [ 87%] [32mBuilding C object CMakeFiles/apm_msgs__rosidl_generator_py.dir/rosidl_generator_py/apm_msgs/msg/_detected_object_array_s.c.o[0m
[8.453s] [ 89%] [32m[1mLinking C shared library rosidl_generator_py/apm_msgs/libapm_msgs__rosidl_generator_py.so[0m
[8.508s] [ 89%] Built target apm_msgs__rosidl_generator_py
[8.537s] [ 92%] [32mBuilding C object CMakeFiles/apm_msgs__rosidl_typesupport_fastrtps_c__pyext.dir/rosidl_generator_py/apm_msgs/_apm_msgs_s.ep.rosidl_typesupport_fastrtps_c.c.o[0m
[8.537s] [ 92%] [32mBuilding C object CMakeFiles/apm_msgs__rosidl_typesupport_introspection_c__pyext.dir/rosidl_generator_py/apm_msgs/_apm_msgs_s.ep.rosidl_typesupport_introspection_c.c.o[0m
[8.539s] [ 94%] [32mBuilding C object CMakeFiles/apm_msgs__rosidl_typesupport_c__pyext.dir/rosidl_generator_py/apm_msgs/_apm_msgs_s.ep.rosidl_typesupport_c.c.o[0m
[8.693s] [ 96%] [32m[1mLinking C shared library rosidl_generator_py/apm_msgs/apm_msgs_s__rosidl_typesupport_c.cpython-310-x86_64-linux-gnu.so[0m
[8.706s] [ 98%] [32m[1mLinking C shared library rosidl_generator_py/apm_msgs/apm_msgs_s__rosidl_typesupport_introspection_c.cpython-310-x86_64-linux-gnu.so[0m
[8.707s] [100%] [32m[1mLinking C shared library rosidl_generator_py/apm_msgs/apm_msgs_s__rosidl_typesupport_fastrtps_c.cpython-310-x86_64-linux-gnu.so[0m
[8.753s] [100%] Built target apm_msgs__rosidl_typesupport_c__pyext
[8.763s] [100%] Built target apm_msgs__rosidl_typesupport_introspection_c__pyext
[8.763s] [100%] Built target apm_msgs__rosidl_typesupport_fastrtps_c__pyext
[8.778s] Invoked command in '/home/user/industrial_robotics_simulation_platform/build/apm_msgs' returned '0': CMAKE_PREFIX_PATH=/opt/ros/humble /usr/bin/cmake --build /home/user/industrial_robotics_simulation_platform/build/apm_msgs -- -j8 -l8
[8.782s] Invoking command in '/home/user/industrial_robotics_simulation_platform/build/apm_msgs': CMAKE_PREFIX_PATH=/opt/ros/humble /usr/bin/cmake --install /home/user/industrial_robotics_simulation_platform/build/apm_msgs
[8.792s] -- Install configuration: ""
[8.792s] -- Execute custom install script
[8.792s] -- Symlinking: /home/user/industrial_robotics_simulation_platform/install/apm_msgs/share/ament_index/resource_index/rosidl_interfaces/apm_msgs
[8.803s] -- Symlinking: /home/user/industrial_robotics_simulation_platform/install/apm_msgs/include/apm_msgs/apm_msgs/msg/detail/detected_object__functions.h
[8.814s] -- Symlinking: /home/user/industrial_robotics_simulation_platform/install/apm_msgs/include/apm_msgs/apm_msgs/msg/detail/detected_object__struct.h
[8.825s] -- Symlinking: /home/user/industrial_robotics_simulation_platform/install/apm_msgs/include/apm_msgs/apm_msgs/msg/detail/detected_object__type_support.h
[8.835s] -- Symlinking: /home/user/industrial_robotics_simulation_platform/install/apm_msgs/include/apm_msgs/apm_msgs/msg/detail/detected_object_array__functions.h
[8.846s] -- Symlinking: /home/user/industrial_robotics_simulation_platform/install/apm_msgs/include/apm_msgs/apm_msgs/msg/detail/detected_object_array__struct.h
[8.857s] -- Symlinking: /home/user/industrial_robotics_simulation_platform/install/apm_msgs/include/apm_msgs/apm_msgs/msg/detail/detected_object_array__type_support.h
[8.867s] -- Symlinking: /home/user/industrial_robotics_simulation_platform/install/apm_msgs/include/apm_msgs/apm_msgs/msg/detail/detection2_d__functions.h
[8.878s] -- Symlinking: /home/user/industrial_robotics_simulation_platform/install/apm_msgs/include/apm_msgs/apm_msgs/msg/detail/detection2_d__struct.h
[8.890s] -- Symlinking: /home/user/industrial_robotics_simulation_platform/install/apm_msgs/include/apm_msgs/apm_msgs/msg/detail/detection2_d__type_support.h
[8.901s] -- Symlinking: /home/user/industrial_robotics_simulation_platform/install/apm_msgs/include/apm_msgs/apm_msgs/msg/detail/detection2_d_array__functions.h
[8.912s] -- Symlinking: /home/user/industrial_robotics_simulation_platform/install/apm_msgs/include/apm_msgs/apm_msgs/msg/detail/detection2_d_array__struct.h
[8.923s] -- Symlinking: /home/user/industrial_robotics_simulation_platform/install/apm_msgs/include/apm_msgs/apm_msgs/msg/detail/detection2_d_array__type_support.h
[8.933s] -- Symlinking: /home/user/industrial_robotics_simulation_platform/install/apm_msgs/include/apm_msgs/apm_msgs/msg/detected_object.h
[8.944s] -- Symlinking: /home/user/industrial_robotics_simulation_platform/install/apm_msgs/include/apm_msgs/apm_msgs/msg/detected_object_array.h
[8.955s] -- Symlinking: /home/user/industrial_robotics_simulation_platform/install/apm_msgs/include/apm_msgs/apm_msgs/msg/detection2_d.h
[8.965s] -- Symlinking: /home/user/industrial_robotics_simulation_platform/install/apm_msgs/include/apm_msgs/apm_msgs/msg/detection2_d_array.h
[8.976s] -- Symlinking: /home/user/industrial_robotics_simulation_platform/install/apm_msgs/include/apm_msgs/apm_msgs/msg/rosidl_generator_c__visibility_control.h
[8.988s] -- Symlinking: /home/user/industrial_robotics_simulation_platform/install/apm_msgs/share/apm_msgs/environment/library_path.sh
[8.999s] -- Symlinking: /home/user/industrial_robotics_simulation_platform/install/apm_msgs/share/apm_msgs/environment/library_path.dsv
[9.010s] -- Symlinking: /home/user/industrial_robotics_simulation_platform/install/apm_msgs/include/apm_msgs/apm_msgs/msg/detail/detected_object__rosidl_typesupport_fastrtps_c.h
[9.020s] -- Symlinking: /home/user/industrial_robotics_simulation_platform/install/apm_msgs/include/apm_msgs/apm_msgs/msg/detail/detected_object_array__rosidl_typesupport_fastrtps_c.h
[9.031s] -- Symlinking: /home/user/industrial_robotics_simulation_platform/install/apm_msgs/include/apm_msgs/apm_msgs/msg/detail/detection2_d__rosidl_typesupport_fastrtps_c.h
[9.043s] -- Symlinking: /home/user/industrial_robotics_simulation_platform/install/apm_msgs/include/apm_msgs/apm_msgs/msg/detail/detection2_d_array__rosidl_typesupport_fastrtps_c.h
[9.054s] -- Symlinking: /home/user/industrial_robotics_simulation_platform/install/apm_msgs/include/apm_msgs/apm_msgs/msg/rosidl_typesupport_fastrtps_c__visibility_control.h
[9.065s] -- Symlinking: /home/user/industrial_robotics_simulation_platform/install/apm_msgs/include/apm_msgs/apm_msgs/msg/detail/detected_object__builder.hpp
[9.076s] -- Symlinking: /home/user/industrial_robotics_simulation_platform/install/apm_msgs/include/apm_msgs/apm_msgs/msg/detail/detected_object__struct.hpp
[9.088s] -- Symlinking: /home/user/industrial_robotics_simulation_platform/install/apm_msgs/include/apm_msgs/apm_msgs/msg/detail/detected_object__traits.hpp
[9.099s] -- Symlinking: /home/user/industrial_robotics_simulation_platform/install/apm_msgs/include/apm_msgs/apm_msgs/msg/detail/detected_object__type_support.hpp
[9.110s] -- Symlinking: /home/user/industrial_robotics_simulation_platform/install/apm_msgs/include/apm_msgs/apm_msgs/msg/detail/detected_object_array__builder.hpp
[9.121s] -- Symlinking: /home/user/industrial_robotics_simulation_platform/install/apm_msgs/include/apm_msgs/apm_msgs/msg/detail/detected_object_array__struct.hpp
[9.132s] -- Symlinking: /home/user/industrial_robotics_simulation_platform/install/apm_msgs/include/apm_msgs/apm_msgs/msg/detail/detected_object_array__traits.hpp
[9.143s] -- Symlinking: /home/user/industrial_robotics_simulation_platform/install/apm_msgs/include/apm_msgs/apm_msgs/msg/detail/detected_object_array__type_support.hpp
[9.153s] -- Symlinking: /home/user/industrial_robotics_simulation_platform/install/apm_msgs/include/apm_msgs/apm_msgs/msg/detail/detection2_d__builder.hpp
[9.166s] -- Symlinking: /home/user/industrial_robotics_simulation_platform/install/apm_msgs/include/apm_msgs/apm_msgs/msg/detail/detection2_d__struct.hpp
[9.177s] -- Symlinking: /home/user/industrial_robotics_simulation_platform/install/apm_msgs/include/apm_msgs/apm_msgs/msg/detail/detection2_d__traits.hpp
[9.189s] -- Symlinking: /home/user/industrial_robotics_simulation_platform/install/apm_msgs/include/apm_msgs/apm_msgs/msg/detail/detection2_d__type_support.hpp
[9.200s] -- Symlinking: /home/user/industrial_robotics_simulation_platform/install/apm_msgs/include/apm_msgs/apm_msgs/msg/detail/detection2_d_array__builder.hpp
[9.211s] -- Symlinking: /home/user/industrial_robotics_simulation_platform/install/apm_msgs/include/apm_msgs/apm_msgs/msg/detail/detection2_d_array__struct.hpp
[9.222s] -- Symlinking: /home/user/industrial_robotics_simulation_platform/install/apm_msgs/include/apm_msgs/apm_msgs/msg/detail/detection2_d_array__traits.hpp
[9.232s] -- Symlinking: /home/user/industrial_robotics_simulation_platform/install/apm_msgs/include/apm_msgs/apm_msgs/msg/detail/detection2_d_array__type_support.hpp
[9.243s] -- Symlinking: /home/user/industrial_robotics_simulation_platform/install/apm_msgs/include/apm_msgs/apm_msgs/msg/detected_object.hpp
[9.253s] -- Symlinking: /home/user/industrial_robotics_simulation_platform/install/apm_msgs/include/apm_msgs/apm_msgs/msg/detected_object_array.hpp
[9.264s] -- Symlinking: /home/user/industrial_robotics_simulation_platform/install/apm_msgs/include/apm_msgs/apm_msgs/msg/detection2_d.hpp
[9.275s] -- Symlinking: /home/user/industrial_robotics_simulation_platform/install/apm_msgs/include/apm_msgs/apm_msgs/msg/detection2_d_array.hpp
[9.286s] -- Symlinking: /home/user/industrial_robotics_simulation_platform/install/apm_msgs/include/apm_msgs/apm_msgs/msg/rosidl_generator_cpp__visibility_control.hpp
[9.299s] -- Symlinking: /home/user/industrial_robotics_simulation_platform/install/apm_msgs/include/apm_msgs/apm_msgs/msg/detail/detected_object__rosidl_typesupport_fastrtps_cpp.hpp
[9.310s] -- Symlinking: /home/user/industrial_robotics_simulation_platform/install/apm_msgs/include/apm_msgs/apm_msgs/msg/detail/detected_object_array__rosidl_typesupport_fastrtps_cpp.hpp
[9.320s] -- Symlinking: /home/user/industrial_robotics_simulation_platform/install/apm_msgs/include/apm_msgs/apm_msgs/msg/detail/detection2_d__rosidl_typesupport_fastrtps_cpp.hpp
[9.331s] -- Symlinking: /home/user/industrial_robotics_simulation_platform/install/apm_msgs/include/apm_msgs/apm_msgs/msg/detail/detection2_d_array__rosidl_typesupport_fastrtps_cpp.hpp
[9.341s] -- Symlinking: /home/user/industrial_robotics_simulation_platform/install/apm_msgs/include/apm_msgs/apm_msgs/msg/rosidl_typesupport_fastrtps_cpp__visibility_control.h
[9.352s] -- Symlinking: /home/user/industrial_robotics_simulation_platform/install/apm_msgs/include/apm_msgs/apm_msgs/msg/detail/detected_object__rosidl_typesupport_introspection_c.h
[9.363s] -- Symlinking: /home/user/industrial_robotics_simulation_platform/install/apm_msgs/include/apm_msgs/apm_msgs/msg/detail/detected_object_array__rosidl_typesupport_introspection_c.h
[9.374s] -- Symlinking: /home/user/industrial_robotics_simulation_platform/install/apm_msgs/include/apm_msgs/apm_msgs/msg/detail/detection2_d__rosidl_typesupport_introspection_c.h
[9.385s] -- Symlinking: /home/user/industrial_robotics_simulation_platform/install/apm_msgs/include/apm_msgs/apm_msgs/msg/detail/detection2_d_array__rosidl_typesupport_introspection_c.h
[9.396s] -- Symlinking: /home/user/industrial_robotics_simulation_platform/install/apm_msgs/include/apm_msgs/apm_msgs/msg/rosidl_typesupport_introspection_c__visibility_control.h
[9.407s] -- Symlinking: /home/user/industrial_robotics_simulation_platform/install/apm_msgs/include/apm_msgs/apm_msgs/msg/detail/detected_object__rosidl_typesupport_introspection_cpp.hpp
[9.419s] -- Symlinking: /home/user/industrial_robotics_simulation_platform/install/apm_msgs/include/apm_msgs/apm_msgs/msg/detail/detected_object_array__rosidl_typesupport_introspection_cpp.hpp
[9.430s] -- Symlinking: /home/user/industrial_robotics_simulation_platform/install/apm_msgs/include/apm_msgs/apm_msgs/msg/detail/detection2_d__rosidl_typesupport_introspection_cpp.hpp
[9.441s] -- Symlinking: /home/user/industrial_robotics_simulation_platform/install/apm_msgs/include/apm_msgs/apm_msgs/msg/detail/detection2_d_array__rosidl_typesupport_introspection_cpp.hpp
[9.452s] -- Symlinking: /home/user/industrial_robotics_simulation_platform/install/apm_msgs/share/apm_msgs/environment/pythonpath.sh
[9.463s] -- Symlinking: /home/user/industrial_robotics_simulation_platform/install/apm_msgs/share/apm_msgs/environment/pythonpath.dsv
[9.475s] -- Symlinking: /home/user/industrial_robotics_simulation_platform/install/apm_msgs/local/lib/python3.10/dist-packages/apm_msgs-0.1.0-py3.10.egg-info/PKG-INFO
[9.486s] -- Symlinking: /home/user/industrial_robotics_simulation_platform/install/apm_msgs/local/lib/python3.10/dist-packages/apm_msgs-0.1.0-py3.10.egg-info/SOURCES.txt
[9.497s] -- Symlinking: /home/user/industrial_robotics_simulation_platform/install/apm_msgs/local/lib/python3.10/dist-packages/apm_msgs-0.1.0-py3.10.egg-info/dependency_links.txt
[9.508s] -- Symlinking: /home/user/industrial_robotics_simulation_platform/install/apm_msgs/local/lib/python3.10/dist-packages/apm_msgs-0.1.0-py3.10.egg-info/top_level.txt
[9.520s] -- Symlinking: /home/user/industrial_robotics_simulation_platform/install/apm_msgs/local/lib/python3.10/dist-packages/apm_msgs/__init__.py
[9.530s] -- Symlinking: /home/user/industrial_robotics_simulation_platform/install/apm_msgs/local/lib/python3.10/dist-packages/apm_msgs/_apm_msgs_s.ep.rosidl_typesupport_c.c
[9.542s] -- Symlinking: /home/user/industrial_robotics_simulation_platform/install/apm_msgs/local/lib/python3.10/dist-packages/apm_msgs/_apm_msgs_s.ep.rosidl_typesupport_fastrtps_c.c
[9.553s] -- Symlinking: /home/user/industrial_robotics_simulation_platform/install/apm_msgs/local/lib/python3.10/dist-packages/apm_msgs/_apm_msgs_s.ep.rosidl_typesupport_introspection_c.c
[9.564s] -- Symlinking: /home/user/industrial_robotics_simulation_platform/install/apm_msgs/local/lib/python3.10/dist-packages/apm_msgs/apm_msgs_s__rosidl_typesupport_c.cpython-310-x86_64-linux-gnu.so
[9.574s] -- Symlinking: /home/user/industrial_robotics_simulation_platform/install/apm_msgs/local/lib/python3.10/dist-packages/apm_msgs/apm_msgs_s__rosidl_typesupport_fastrtps_c.cpython-310-x86_64-linux-gnu.so
[9.586s] -- Symlinking: /home/user/industrial_robotics_simulation_platform/install/apm_msgs/local/lib/python3.10/dist-packages/apm_msgs/apm_msgs_s__rosidl_typesupport_introspection_c.cpython-310-x86_64-linux-gnu.so
[9.598s] -- Symlinking: /home/user/industrial_robotics_simulation_platform/install/apm_msgs/local/lib/python3.10/dist-packages/apm_msgs/libapm_msgs__rosidl_generator_py.so
[9.610s] -- Symlinking: /home/user/industrial_robotics_simulation_platform/install/apm_msgs/local/lib/python3.10/dist-packages/apm_msgs/msg/__init__.py
[9.621s] -- Symlinking: /home/user/industrial_robotics_simulation_platform/install/apm_msgs/local/lib/python3.10/dist-packages/apm_msgs/msg/_detected_object.py
[9.634s] -- Symlinking: /home/user/industrial_robotics_simulation_platform/install/apm_msgs/local/lib/python3.10/dist-packages/apm_msgs/msg/_detected_object_array.py
[9.647s] -- Symlinking: /home/user/industrial_robotics_simulation_platform/install/apm_msgs/local/lib/python3.10/dist-packages/apm_msgs/msg/_detected_object_array_s.c
[9.658s] -- Symlinking: /home/user/industrial_robotics_simulation_platform/install/apm_msgs/local/lib/python3.10/dist-packages/apm_msgs/msg/_detected_object_s.c
[9.670s] -- Symlinking: /home/user/industrial_robotics_simulation_platform/install/apm_msgs/local/lib/python3.10/dist-packages/apm_msgs/msg/_detection2_d.py
[9.682s] -- Symlinking: /home/user/industrial_robotics_simulation_platform/install/apm_msgs/local/lib/python3.10/dist-packages/apm_msgs/msg/_detection2_d_array.py
[9.694s] -- Symlinking: /home/user/industrial_robotics_simulation_platform/install/apm_msgs/local/lib/python3.10/dist-packages/apm_msgs/msg/_detection2_d_array_s.c
[9.705s] -- Symlinking: /home/user/industrial_robotics_simulation_platform/install/apm_msgs/local/lib/python3.10/dist-packages/apm_msgs/msg/_detection2_d_s.c
[9.717s] -- Up-to-date symlink: /home/user/industrial_robotics_simulation_platform/install/apm_msgs/local/lib/python3.10/dist-packages/apm_msgs/apm_msgs_s__rosidl_typesupport_fastrtps_c.cpython-310-x86_64-linux-gnu.so
[9.717s] -- Up-to-date symlink: /home/user/industrial_robotics_simulation_platform/install/apm_msgs/local/lib/python3.10/dist-packages/apm_msgs/apm_msgs_s__rosidl_typesupport_introspection_c.cpython-310-x86_64-linux-gnu.so
[9.718s] -- Up-to-date symlink: /home/user/industrial_robotics_simulation_platform/install/apm_msgs/local/lib/python3.10/dist-packages/apm_msgs/apm_msgs_s__rosidl_typesupport_c.cpython-310-x86_64-linux-gnu.so
[9.718s] -- Symlinking: /home/user/industrial_robotics_simulation_platform/install/apm_msgs/share/apm_msgs/msg/Detection2D.idl
[9.729s] -- Symlinking: /home/user/industrial_robotics_simulation_platform/install/apm_msgs/share/apm_msgs/msg/Detection2DArray.idl
[9.739s] -- Symlinking: /home/user/industrial_robotics_simulation_platform/install/apm_msgs/share/apm_msgs/msg/DetectedObject.idl
[9.752s] -- Symlinking: /home/user/industrial_robotics_simulation_platform/install/apm_msgs/share/apm_msgs/msg/DetectedObjectArray.idl
[9.763s] -- Symlinking: /home/user/industrial_robotics_simulation_platform/install/apm_msgs/share/apm_msgs/msg/Detection2D.msg
[9.775s] -- Symlinking: /home/user/industrial_robotics_simulation_platform/install/apm_msgs/share/apm_msgs/msg/Detection2DArray.msg
[9.786s] -- Symlinking: /home/user/industrial_robotics_simulation_platform/install/apm_msgs/share/apm_msgs/msg/DetectedObject.msg
[9.798s] -- Symlinking: /home/user/industrial_robotics_simulation_platform/install/apm_msgs/share/apm_msgs/msg/DetectedObjectArray.msg
[9.810s] -- Symlinking: /home/user/industrial_robotics_simulation_platform/install/apm_msgs/share/ament_index/resource_index/package_run_dependencies/apm_msgs
[9.822s] -- Symlinking: /home/user/industrial_robotics_simulation_platform/install/apm_msgs/share/ament_index/resource_index/parent_prefix_path/apm_msgs
[9.832s] -- Symlinking: /home/user/industrial_robotics_simulation_platform/install/apm_msgs/share/apm_msgs/environment/ament_prefix_path.sh
[9.844s] -- Symlinking: /home/user/industrial_robotics_simulation_platform/install/apm_msgs/share/apm_msgs/environment/ament_prefix_path.dsv
[9.856s] -- Symlinking: /home/user/industrial_robotics_simulation_platform/install/apm_msgs/share/apm_msgs/environment/path.sh
[9.866s] -- Symlinking: /home/user/industrial_robotics_simulation_platform/install/apm_msgs/share/apm_msgs/environment/path.dsv
[9.877s] -- Symlinking: /home/user/industrial_robotics_simulation_platform/install/apm_msgs/share/apm_msgs/local_setup.bash
[9.888s] -- Symlinking: /home/user/industrial_robotics_simulation_platform/install/apm_msgs/share/apm_msgs/local_setup.sh
[9.900s] -- Symlinking: /home/user/industrial_robotics_simulation_platform/install/apm_msgs/share/apm_msgs/local_setup.zsh
[9.912s] -- Symlinking: /home/user/industrial_robotics_simulation_platform/install/apm_msgs/share/apm_msgs/local_setup.dsv
[9.923s] -- Symlinking: /home/user/industrial_robotics_simulation_platform/install/apm_msgs/share/apm_msgs/package.dsv
[9.934s] -- Symlinking: /home/user/industrial_robotics_simulation_platform/install/apm_msgs/share/ament_index/resource_index/packages/apm_msgs
[9.945s] -- Symlinking: /home/user/industrial_robotics_simulation_platform/install/apm_msgs/share/apm_msgs/cmake/rosidl_cmake-extras.cmake
[9.956s] -- Symlinking: /home/user/industrial_robotics_simulation_platform/install/apm_msgs/share/apm_msgs/cmake/ament_cmake_export_dependencies-extras.cmake
[9.967s] -- Symlinking: /home/user/industrial_robotics_simulation_platform/install/apm_msgs/share/apm_msgs/cmake/ament_cmake_export_include_directories-extras.cmake
[9.977s] -- Symlinking: /home/user/industrial_robotics_simulation_platform/install/apm_msgs/share/apm_msgs/cmake/ament_cmake_export_libraries-extras.cmake
[9.989s] -- Symlinking: /home/user/industrial_robotics_simulation_platform/install/apm_msgs/share/apm_msgs/cmake/ament_cmake_export_targets-extras.cmake
[10.000s] -- Symlinking: /home/user/industrial_robotics_simulation_platform/install/apm_msgs/share/apm_msgs/cmake/rosidl_cmake_export_typesupport_targets-extras.cmake
[10.012s] -- Symlinking: /home/user/industrial_robotics_simulation_platform/install/apm_msgs/share/apm_msgs/cmake/rosidl_cmake_export_typesupport_libraries-extras.cmake
[10.023s] -- Symlinking: /home/user/industrial_robotics_simulation_platform/install/apm_msgs/share/apm_msgs/cmake/apm_msgsConfig.cmake
[10.034s] -- Symlinking: /home/user/industrial_robotics_simulation_platform/install/apm_msgs/share/apm_msgs/cmake/apm_msgsConfig-version.cmake
[10.045s] -- Symlinking: /home/user/industrial_robotics_simulation_platform/install/apm_msgs/share/apm_msgs/package.xml
[10.056s] -- Installing: /home/user/industrial_robotics_simulation_platform/install/apm_msgs/lib/libapm_msgs__rosidl_generator_c.so
[10.056s] -- Set runtime path of "/home/user/industrial_robotics_simulation_platform/install/apm_msgs/lib/libapm_msgs__rosidl_generator_c.so" to ""
[10.057s] -- Installing: /home/user/industrial_robotics_simulation_platform/install/apm_msgs/lib/libapm_msgs__rosidl_typesupport_fastrtps_c.so
[10.057s] -- Set runtime path of "/home/user/industrial_robotics_simulation_platform/install/apm_msgs/lib/libapm_msgs__rosidl_typesupport_fastrtps_c.so" to ""
[10.057s] -- Installing: /home/user/industrial_robotics_simulation_platform/install/apm_msgs/lib/libapm_msgs__rosidl_typesupport_fastrtps_cpp.so
[10.059s] -- Set runtime path of "/home/user/industrial_robotics_simulation_platform/install/apm_msgs/lib/libapm_msgs__rosidl_typesupport_fastrtps_cpp.so" to ""
[10.059s] -- Installing: /home/user/industrial_robotics_simulation_platform/install/apm_msgs/lib/libapm_msgs__rosidl_typesupport_introspection_c.so
[10.060s] -- Set runtime path of "/home/user/industrial_robotics_simulation_platform/install/apm_msgs/lib/libapm_msgs__rosidl_typesupport_introspection_c.so" to ""
[10.060s] -- Installing: /home/user/industrial_robotics_simulation_platform/install/apm_msgs/lib/libapm_msgs__rosidl_typesupport_c.so
[10.060s] -- Set runtime path of "/home/user/industrial_robotics_simulation_platform/install/apm_msgs/lib/libapm_msgs__rosidl_typesupport_c.so" to ""
[10.060s] -- Installing: /home/user/industrial_robotics_simulation_platform/install/apm_msgs/lib/libapm_msgs__rosidl_typesupport_introspection_cpp.so
[10.060s] -- Set runtime path of "/home/user/industrial_robotics_simulation_platform/install/apm_msgs/lib/libapm_msgs__rosidl_typesupport_introspection_cpp.so" to ""
[10.060s] -- Installing: /home/user/industrial_robotics_simulation_platform/install/apm_msgs/lib/libapm_msgs__rosidl_typesupport_cpp.so
[10.060s] -- Set runtime path of "/home/user/industrial_robotics_simulation_platform/install/apm_msgs/lib/libapm_msgs__rosidl_typesupport_cpp.so" to ""
[10.100s] Listing '/home/user/industrial_robotics_simulation_platform/install/apm_msgs/local/lib/python3.10/dist-packages/apm_msgs'...
[10.100s] Compiling '/home/user/industrial_robotics_simulation_platform/install/apm_msgs/local/lib/python3.10/dist-packages/apm_msgs/__init__.py'...
[10.100s] Listing '/home/user/industrial_robotics_simulation_platform/install/apm_msgs/local/lib/python3.10/dist-packages/apm_msgs/msg'...
[10.100s] Compiling '/home/user/industrial_robotics_simulation_platform/install/apm_msgs/local/lib/python3.10/dist-packages/apm_msgs/msg/__init__.py'...
[10.100s] Compiling '/home/user/industrial_robotics_simulation_platform/install/apm_msgs/local/lib/python3.10/dist-packages/apm_msgs/msg/_detected_object.py'...
[10.100s] Compiling '/home/user/industrial_robotics_simulation_platform/install/apm_msgs/local/lib/python3.10/dist-packages/apm_msgs/msg/_detected_object_array.py'...
[10.100s] Compiling '/home/user/industrial_robotics_simulation_platform/install/apm_msgs/local/lib/python3.10/dist-packages/apm_msgs/msg/_detection2_d.py'...
[10.100s] Compiling '/home/user/industrial_robotics_simulation_platform/install/apm_msgs/local/lib/python3.10/dist-packages/apm_msgs/msg/_detection2_d_array.py'...
[10.105s] -- Installing: /home/user/industrial_robotics_simulation_platform/install/apm_msgs/lib/libapm_msgs__rosidl_generator_py.so
[10.106s] -- Set runtime path of "/home/user/industrial_robotics_simulation_platform/install/apm_msgs/lib/libapm_msgs__rosidl_generator_py.so" to ""
[10.106s] -- Installing: /home/user/industrial_robotics_simulation_platform/install/apm_msgs/share/apm_msgs/cmake/export_apm_msgs__rosidl_generator_cExport.cmake
[10.106s] -- Installing: /home/user/industrial_robotics_simulation_platform/install/apm_msgs/share/apm_msgs/cmake/export_apm_msgs__rosidl_generator_cExport-noconfig.cmake
[10.106s] -- Installing: /home/user/industrial_robotics_simulation_platform/install/apm_msgs/share/apm_msgs/cmake/export_apm_msgs__rosidl_typesupport_fastrtps_cExport.cmake
[10.107s] -- Installing: /home/user/industrial_robotics_simulation_platform/install/apm_msgs/share/apm_msgs/cmake/export_apm_msgs__rosidl_typesupport_fastrtps_cExport-noconfig.cmake
[10.107s] -- Installing: /home/user/industrial_robotics_simulation_platform/install/apm_msgs/share/apm_msgs/cmake/export_apm_msgs__rosidl_generator_cppExport.cmake
[10.107s] -- Installing: /home/user/industrial_robotics_simulation_platform/install/apm_msgs/share/apm_msgs/cmake/export_apm_msgs__rosidl_typesupport_fastrtps_cppExport.cmake
[10.107s] -- Installing: /home/user/industrial_robotics_simulation_platform/install/apm_msgs/share/apm_msgs/cmake/export_apm_msgs__rosidl_typesupport_fastrtps_cppExport-noconfig.cmake
[10.108s] -- Installing: /home/user/industrial_robotics_simulation_platform/install/apm_msgs/share/apm_msgs/cmake/apm_msgs__rosidl_typesupport_introspection_cExport.cmake
[10.108s] -- Installing: /home/user/industrial_robotics_simulation_platform/install/apm_msgs/share/apm_msgs/cmake/apm_msgs__rosidl_typesupport_introspection_cExport-noconfig.cmake
[10.108s] -- Installing: /home/user/industrial_robotics_simulation_platform/install/apm_msgs/share/apm_msgs/cmake/apm_msgs__rosidl_typesupport_cExport.cmake
[10.108s] -- Installing: /home/user/industrial_robotics_simulation_platform/install/apm_msgs/share/apm_msgs/cmake/apm_msgs__rosidl_typesupport_cExport-noconfig.cmake
[10.108s] -- Installing: /home/user/industrial_robotics_simulation_platform/install/apm_msgs/share/apm_msgs/cmake/apm_msgs__rosidl_typesupport_introspection_cppExport.cmake
[10.108s] -- Installing: /home/user/industrial_robotics_simulation_platform/install/apm_msgs/share/apm_msgs/cmake/apm_msgs__rosidl_typesupport_introspection_cppExport-noconfig.cmake
[10.109s] -- Installing: /home/user/industrial_robotics_simulation_platform/install/apm_msgs/share/apm_msgs/cmake/apm_msgs__rosidl_typesupport_cppExport.cmake
[10.109s] -- Installing: /home/user/industrial_robotics_simulation_platform/install/apm_msgs/share/apm_msgs/cmake/apm_msgs__rosidl_typesupport_cppExport-noconfig.cmake
[10.109s] -- Installing: /home/user/industrial_robotics_simulation_platform/install/apm_msgs/share/apm_msgs/cmake/export_apm_msgs__rosidl_generator_pyExport.cmake
[10.109s] -- Installing: /home/user/industrial_robotics_simulation_platform/install/apm_msgs/share/apm_msgs/cmake/export_apm_msgs__rosidl_generator_pyExport-noconfig.cmake
[10.112s] Invoked command in '/home/user/industrial_robotics_simulation_platform/build/apm_msgs' returned '0': CMAKE_PREFIX_PATH=/opt/ros/humble /usr/bin/cmake --install /home/user/industrial_robotics_simulation_platform/build/apm_msgs
