/home/user/industrial_robotics_simulation_platform/install/simulation_tools/lib/python3.10/site-packages/simulation_tools/safety_monitor_node.py
/home/user/industrial_robotics_simulation_platform/install/simulation_tools/lib/python3.10/site-packages/simulation_tools/__init__.py
/home/user/industrial_robotics_simulation_platform/install/simulation_tools/lib/python3.10/site-packages/simulation_tools/system_test_node.py
/home/user/industrial_robotics_simulation_platform/install/simulation_tools/lib/python3.10/site-packages/simulation_tools/environment_configurator_node.py
/home/user/industrial_robotics_simulation_platform/install/simulation_tools/lib/python3.10/site-packages/simulation_tools/web_interface_node.py
/home/user/industrial_robotics_simulation_platform/install/simulation_tools/lib/python3.10/site-packages/simulation_tools/camera_simulator_node.py
/home/user/industrial_robotics_simulation_platform/install/simulation_tools/lib/python3.10/site-packages/simulation_tools/industrial_protocol_bridge_node.py
/home/user/industrial_robotics_simulation_platform/install/simulation_tools/lib/python3.10/site-packages/simulation_tools/visualization_server_node.py
/home/user/industrial_robotics_simulation_platform/install/simulation_tools/lib/python3.10/site-packages/simulation_tools/__pycache__/safety_monitor_node.cpython-310.pyc
/home/user/industrial_robotics_simulation_platform/install/simulation_tools/lib/python3.10/site-packages/simulation_tools/__pycache__/__init__.cpython-310.pyc
/home/user/industrial_robotics_simulation_platform/install/simulation_tools/lib/python3.10/site-packages/simulation_tools/__pycache__/system_test_node.cpython-310.pyc
/home/user/industrial_robotics_simulation_platform/install/simulation_tools/lib/python3.10/site-packages/simulation_tools/__pycache__/environment_configurator_node.cpython-310.pyc
/home/user/industrial_robotics_simulation_platform/install/simulation_tools/lib/python3.10/site-packages/simulation_tools/__pycache__/web_interface_node.cpython-310.pyc
/home/user/industrial_robotics_simulation_platform/install/simulation_tools/lib/python3.10/site-packages/simulation_tools/__pycache__/camera_simulator_node.cpython-310.pyc
/home/user/industrial_robotics_simulation_platform/install/simulation_tools/lib/python3.10/site-packages/simulation_tools/__pycache__/industrial_protocol_bridge_node.cpython-310.pyc
/home/user/industrial_robotics_simulation_platform/install/simulation_tools/lib/python3.10/site-packages/simulation_tools/__pycache__/visualization_server_node.cpython-310.pyc
/home/user/industrial_robotics_simulation_platform/install/simulation_tools/share/ament_index/resource_index/packages/simulation_tools
/home/user/industrial_robotics_simulation_platform/install/simulation_tools/share/simulation_tools/package.xml
/home/user/industrial_robotics_simulation_platform/install/simulation_tools/share/simulation_tools/launch/visualization_launch.py
/home/user/industrial_robotics_simulation_platform/install/simulation_tools/share/simulation_tools/launch/realsense_hybrid_launch.py
/home/user/industrial_robotics_simulation_platform/install/simulation_tools/share/simulation_tools/launch/integrated_system_launch.py
/home/user/industrial_robotics_simulation_platform/install/simulation_tools/share/simulation_tools/config/create_default_config.py
/home/user/industrial_robotics_simulation_platform/install/simulation_tools/share/simulation_tools/config/realsense_config.yaml
/home/user/industrial_robotics_simulation_platform/install/simulation_tools/share/simulation_tools/templates/index.html
/home/user/industrial_robotics_simulation_platform/install/simulation_tools/share/simulation_tools/templates/control.html
/home/user/industrial_robotics_simulation_platform/install/simulation_tools/share/simulation_tools/templates/dashboard.html
/home/user/industrial_robotics_simulation_platform/install/simulation_tools/lib/python3.10/site-packages/simulation_tools-0.1.0-py3.10.egg-info/zip-safe
/home/user/industrial_robotics_simulation_platform/install/simulation_tools/lib/python3.10/site-packages/simulation_tools-0.1.0-py3.10.egg-info/top_level.txt
/home/user/industrial_robotics_simulation_platform/install/simulation_tools/lib/python3.10/site-packages/simulation_tools-0.1.0-py3.10.egg-info/SOURCES.txt
/home/user/industrial_robotics_simulation_platform/install/simulation_tools/lib/python3.10/site-packages/simulation_tools-0.1.0-py3.10.egg-info/PKG-INFO
/home/user/industrial_robotics_simulation_platform/install/simulation_tools/lib/python3.10/site-packages/simulation_tools-0.1.0-py3.10.egg-info/requires.txt
/home/user/industrial_robotics_simulation_platform/install/simulation_tools/lib/python3.10/site-packages/simulation_tools-0.1.0-py3.10.egg-info/entry_points.txt
/home/user/industrial_robotics_simulation_platform/install/simulation_tools/lib/python3.10/site-packages/simulation_tools-0.1.0-py3.10.egg-info/dependency_links.txt
/home/user/industrial_robotics_simulation_platform/install/simulation_tools/lib/simulation_tools/camera_simulator_node
/home/user/industrial_robotics_simulation_platform/install/simulation_tools/lib/simulation_tools/environment_configurator_node
/home/user/industrial_robotics_simulation_platform/install/simulation_tools/lib/simulation_tools/industrial_protocol_bridge_node
/home/user/industrial_robotics_simulation_platform/install/simulation_tools/lib/simulation_tools/safety_monitor_node
/home/user/industrial_robotics_simulation_platform/install/simulation_tools/lib/simulation_tools/system_test_node
/home/user/industrial_robotics_simulation_platform/install/simulation_tools/lib/simulation_tools/visualization_server_node
/home/user/industrial_robotics_simulation_platform/install/simulation_tools/lib/simulation_tools/web_interface_node
