/home/user/industrial_robotics_simulation_platform/install/web_interface/lib/python3.10/site-packages/web_interface/__init__.py
/home/user/industrial_robotics_simulation_platform/install/web_interface/lib/python3.10/site-packages/web_interface/web_interface_node.py
/home/user/industrial_robotics_simulation_platform/install/web_interface/lib/python3.10/site-packages/web_interface/__pycache__/__init__.cpython-310.pyc
/home/user/industrial_robotics_simulation_platform/install/web_interface/lib/python3.10/site-packages/web_interface/__pycache__/web_interface_node.cpython-310.pyc
/home/user/industrial_robotics_simulation_platform/install/web_interface/share/ament_index/resource_index/packages/web_interface
/home/user/industrial_robotics_simulation_platform/install/web_interface/share/web_interface/package.xml
/home/user/industrial_robotics_simulation_platform/install/web_interface/share/web_interface/launch/web_interface.launch.py
/home/user/industrial_robotics_simulation_platform/install/web_interface/share/web_interface/launch/integrated_system_launch.py
/home/user/industrial_robotics_simulation_platform/install/web_interface/share/web_interface/web_app/src/ros2_bridge.py
/home/user/industrial_robotics_simulation_platform/install/web_interface/share/web_interface/web_app/src/main.py
/home/user/industrial_robotics_simulation_platform/install/web_interface/share/web_interface/web_app/src/templates/index.html
/home/user/industrial_robotics_simulation_platform/install/web_interface/share/web_interface/web_app/src/templates/control.html
/home/user/industrial_robotics_simulation_platform/install/web_interface/share/web_interface/web_app/src/templates/dashboard.html
/home/user/industrial_robotics_simulation_platform/install/web_interface/share/web_interface/web_app/src/static
/home/user/industrial_robotics_simulation_platform/install/web_interface/lib/python3.10/site-packages/web_interface-0.1.0-py3.10.egg-info/zip-safe
/home/user/industrial_robotics_simulation_platform/install/web_interface/lib/python3.10/site-packages/web_interface-0.1.0-py3.10.egg-info/top_level.txt
/home/user/industrial_robotics_simulation_platform/install/web_interface/lib/python3.10/site-packages/web_interface-0.1.0-py3.10.egg-info/SOURCES.txt
/home/user/industrial_robotics_simulation_platform/install/web_interface/lib/python3.10/site-packages/web_interface-0.1.0-py3.10.egg-info/PKG-INFO
/home/user/industrial_robotics_simulation_platform/install/web_interface/lib/python3.10/site-packages/web_interface-0.1.0-py3.10.egg-info/requires.txt
/home/user/industrial_robotics_simulation_platform/install/web_interface/lib/python3.10/site-packages/web_interface-0.1.0-py3.10.egg-info/entry_points.txt
/home/user/industrial_robotics_simulation_platform/install/web_interface/lib/python3.10/site-packages/web_interface-0.1.0-py3.10.egg-info/dependency_links.txt
/home/user/industrial_robotics_simulation_platform/install/web_interface/bin/web_interface_node
