[2.523s] Invoking command in '/home/user/industrial_robotics_simulation_platform/src/fmm_core': CMAKE_PREFIX_PATH=/home/user/industrial_robotics_simulation_platform/install/apm_msgs:/home/user/industrial_robotics_simulation_platform/install/ur5_robot_moveit_config:/home/user/industrial_robotics_simulation_platform/install/ur5_robot_description:/home/user/industrial_robotics_simulation_platform/install/delta_robot_moveit_config:/home/user/industrial_robotics_simulation_platform/install/delta_robot_description PYTHONPATH=/home/user/industrial_robotics_simulation_platform/build/fmm_core/prefix_override:/usr/lib/python3/dist-packages/colcon_core/task/python/colcon_distutils_commands:/home/user/industrial_robotics_simulation_platform/install/fmm_core/lib/python3.10/site-packages:${PYTHONPATH} /usr/bin/python3 -W ignore:setup.py install is deprecated -W ignore:easy_install command is deprecated setup.py egg_info --egg-base ../../build/fmm_core build --build-base /home/user/industrial_robotics_simulation_platform/build/fmm_core/build install --record /home/user/industrial_robotics_simulation_platform/build/fmm_core/install.log --single-version-externally-managed install_data
[2.921s] running egg_info
[2.922s] writing ../../build/fmm_core/fmm_core.egg-info/PKG-INFO
[2.923s] writing dependency_links to ../../build/fmm_core/fmm_core.egg-info/dependency_links.txt
[2.924s] writing entry points to ../../build/fmm_core/fmm_core.egg-info/entry_points.txt
[2.924s] writing requirements to ../../build/fmm_core/fmm_core.egg-info/requires.txt
[2.925s] writing top-level names to ../../build/fmm_core/fmm_core.egg-info/top_level.txt
[2.928s] reading manifest file '../../build/fmm_core/fmm_core.egg-info/SOURCES.txt'
[2.930s] writing manifest file '../../build/fmm_core/fmm_core.egg-info/SOURCES.txt'
[2.930s] running build
[2.930s] running build_py
[2.931s] running install
[2.931s] running install_lib
[2.934s] running install_data
[2.934s] running install_egg_info
[2.937s] removing '/home/user/industrial_robotics_simulation_platform/install/fmm_core/lib/python3.10/site-packages/fmm_core-0.1.0-py3.10.egg-info' (and everything under it)
[2.938s] Copying ../../build/fmm_core/fmm_core.egg-info to /home/user/industrial_robotics_simulation_platform/install/fmm_core/lib/python3.10/site-packages/fmm_core-0.1.0-py3.10.egg-info
[2.940s] running install_scripts
[2.967s] Installing fmm_moveit_interface_node script to /home/user/industrial_robotics_simulation_platform/install/fmm_core/bin
[2.968s] Installing planning_scene_updater_node script to /home/user/industrial_robotics_simulation_platform/install/fmm_core/bin
[2.969s] writing list of installed files to '/home/user/industrial_robotics_simulation_platform/build/fmm_core/install.log'
[3.020s] Invoked command in '/home/user/industrial_robotics_simulation_platform/src/fmm_core' returned '0': CMAKE_PREFIX_PATH=/home/user/industrial_robotics_simulation_platform/install/apm_msgs:/home/user/industrial_robotics_simulation_platform/install/ur5_robot_moveit_config:/home/user/industrial_robotics_simulation_platform/install/ur5_robot_description:/home/user/industrial_robotics_simulation_platform/install/delta_robot_moveit_config:/home/user/industrial_robotics_simulation_platform/install/delta_robot_description PYTHONPATH=/home/user/industrial_robotics_simulation_platform/build/fmm_core/prefix_override:/usr/lib/python3/dist-packages/colcon_core/task/python/colcon_distutils_commands:/home/user/industrial_robotics_simulation_platform/install/fmm_core/lib/python3.10/site-packages:${PYTHONPATH} /usr/bin/python3 -W ignore:setup.py install is deprecated -W ignore:easy_install command is deprecated setup.py egg_info --egg-base ../../build/fmm_core build --build-base /home/user/industrial_robotics_simulation_platform/build/fmm_core/build install --record /home/user/industrial_robotics_simulation_platform/build/fmm_core/install.log --single-version-externally-managed install_data
