[0.054s] Invoking command in '/home/user/industrial_robotics_simulation_platform/build/ur5_robot_moveit_config': AMENT_PREFIX_PATH=/home/user/industrial_robotics_simulation_platform/install/ur5_robot_description:${AMENT_PREFIX_PATH} CMAKE_PREFIX_PATH=/home/user/industrial_robotics_simulation_platform/install/ur5_robot_description:/opt/ros/humble /usr/bin/cmake /home/user/industrial_robotics_simulation_platform/src/ur5_robot_moveit_config -DAMENT_CMAKE_SYMLINK_INSTALL=1 -DCMAKE_INSTALL_PREFIX=/home/user/industrial_robotics_simulation_platform/install/ur5_robot_moveit_config
[0.162s] -- The C compiler identification is GNU 11.4.0
[0.269s] -- The CXX compiler identification is GNU 11.4.0
[0.283s] -- Detecting C compiler ABI info
[0.424s] -- Detecting C compiler ABI info - done
[0.441s] -- Check for working C compiler: /usr/bin/cc - skipped
[0.441s] -- Detecting C compile features
[0.441s] -- Detecting C compile features - done
[0.445s] -- Detecting CXX compiler ABI info
[0.640s] -- Detecting CXX compiler ABI info - done
[0.651s] -- Check for working CXX compiler: /usr/bin/c++ - skipped
[0.652s] -- Detecting CXX compile features
[0.652s] -- Detecting CXX compile features - done
[0.659s] -- Found ament_cmake: 1.3.11 (/opt/ros/humble/share/ament_cmake/cmake)
[1.017s] -- Found Python3: /usr/bin/python3 (found version "3.10.12") found components: Interpreter 
[1.141s] -- Override CMake install command with custom implementation using symlinks instead of copying resources
[1.374s] -- Configuring done
[1.381s] -- Generating done
[1.386s] -- Build files have been written to: /home/user/industrial_robotics_simulation_platform/build/ur5_robot_moveit_config
[1.400s] Invoked command in '/home/user/industrial_robotics_simulation_platform/build/ur5_robot_moveit_config' returned '0': AMENT_PREFIX_PATH=/home/user/industrial_robotics_simulation_platform/install/ur5_robot_description:${AMENT_PREFIX_PATH} CMAKE_PREFIX_PATH=/home/user/industrial_robotics_simulation_platform/install/ur5_robot_description:/opt/ros/humble /usr/bin/cmake /home/user/industrial_robotics_simulation_platform/src/ur5_robot_moveit_config -DAMENT_CMAKE_SYMLINK_INSTALL=1 -DCMAKE_INSTALL_PREFIX=/home/user/industrial_robotics_simulation_platform/install/ur5_robot_moveit_config
[1.405s] Invoking command in '/home/user/industrial_robotics_simulation_platform/build/ur5_robot_moveit_config': AMENT_PREFIX_PATH=/home/user/industrial_robotics_simulation_platform/install/ur5_robot_description:${AMENT_PREFIX_PATH} CMAKE_PREFIX_PATH=/home/user/industrial_robotics_simulation_platform/install/ur5_robot_description:/opt/ros/humble /usr/bin/cmake --build /home/user/industrial_robotics_simulation_platform/build/ur5_robot_moveit_config -- -j8 -l8
[1.515s] Invoked command in '/home/user/industrial_robotics_simulation_platform/build/ur5_robot_moveit_config' returned '0': AMENT_PREFIX_PATH=/home/user/industrial_robotics_simulation_platform/install/ur5_robot_description:${AMENT_PREFIX_PATH} CMAKE_PREFIX_PATH=/home/user/industrial_robotics_simulation_platform/install/ur5_robot_description:/opt/ros/humble /usr/bin/cmake --build /home/user/industrial_robotics_simulation_platform/build/ur5_robot_moveit_config -- -j8 -l8
[1.518s] Invoking command in '/home/user/industrial_robotics_simulation_platform/build/ur5_robot_moveit_config': AMENT_PREFIX_PATH=/home/user/industrial_robotics_simulation_platform/install/ur5_robot_description:${AMENT_PREFIX_PATH} CMAKE_PREFIX_PATH=/home/user/industrial_robotics_simulation_platform/install/ur5_robot_description:/opt/ros/humble /usr/bin/cmake --install /home/user/industrial_robotics_simulation_platform/build/ur5_robot_moveit_config
[1.532s] -- Install configuration: ""
[1.533s] -- Execute custom install script
[1.533s] -- Symlinking: /home/user/industrial_robotics_simulation_platform/install/ur5_robot_moveit_config/share/ur5_robot_moveit_config/config/controllers.yaml
[1.550s] -- Symlinking: /home/user/industrial_robotics_simulation_platform/install/ur5_robot_moveit_config/share/ur5_robot_moveit_config/config/kinematics.yaml
[1.567s] -- Symlinking: /home/user/industrial_robotics_simulation_platform/install/ur5_robot_moveit_config/share/ur5_robot_moveit_config/config/ur5_robot.srdf
[1.580s] -- Symlinking: /home/user/industrial_robotics_simulation_platform/install/ur5_robot_moveit_config/share/ur5_robot_moveit_config/launch/move_group.launch.py
[1.593s] -- Symlinking: /home/user/industrial_robotics_simulation_platform/install/ur5_robot_moveit_config/share/ament_index/resource_index/package_run_dependencies/ur5_robot_moveit_config
[1.610s] -- Symlinking: /home/user/industrial_robotics_simulation_platform/install/ur5_robot_moveit_config/share/ament_index/resource_index/parent_prefix_path/ur5_robot_moveit_config
[1.624s] -- Symlinking: /home/user/industrial_robotics_simulation_platform/install/ur5_robot_moveit_config/share/ur5_robot_moveit_config/environment/ament_prefix_path.sh
[1.640s] -- Symlinking: /home/user/industrial_robotics_simulation_platform/install/ur5_robot_moveit_config/share/ur5_robot_moveit_config/environment/ament_prefix_path.dsv
[1.654s] -- Symlinking: /home/user/industrial_robotics_simulation_platform/install/ur5_robot_moveit_config/share/ur5_robot_moveit_config/environment/path.sh
[1.669s] -- Symlinking: /home/user/industrial_robotics_simulation_platform/install/ur5_robot_moveit_config/share/ur5_robot_moveit_config/environment/path.dsv
[1.686s] -- Symlinking: /home/user/industrial_robotics_simulation_platform/install/ur5_robot_moveit_config/share/ur5_robot_moveit_config/local_setup.bash
[1.707s] -- Symlinking: /home/user/industrial_robotics_simulation_platform/install/ur5_robot_moveit_config/share/ur5_robot_moveit_config/local_setup.sh
[1.724s] -- Symlinking: /home/user/industrial_robotics_simulation_platform/install/ur5_robot_moveit_config/share/ur5_robot_moveit_config/local_setup.zsh
[1.741s] -- Symlinking: /home/user/industrial_robotics_simulation_platform/install/ur5_robot_moveit_config/share/ur5_robot_moveit_config/local_setup.dsv
[1.755s] -- Symlinking: /home/user/industrial_robotics_simulation_platform/install/ur5_robot_moveit_config/share/ur5_robot_moveit_config/package.dsv
[1.769s] -- Symlinking: /home/user/industrial_robotics_simulation_platform/install/ur5_robot_moveit_config/share/ament_index/resource_index/packages/ur5_robot_moveit_config
[1.784s] -- Symlinking: /home/user/industrial_robotics_simulation_platform/install/ur5_robot_moveit_config/share/ur5_robot_moveit_config/cmake/ur5_robot_moveit_configConfig.cmake
[1.797s] -- Symlinking: /home/user/industrial_robotics_simulation_platform/install/ur5_robot_moveit_config/share/ur5_robot_moveit_config/cmake/ur5_robot_moveit_configConfig-version.cmake
[1.811s] -- Symlinking: /home/user/industrial_robotics_simulation_platform/install/ur5_robot_moveit_config/share/ur5_robot_moveit_config/package.xml
[1.828s] Invoked command in '/home/user/industrial_robotics_simulation_platform/build/ur5_robot_moveit_config' returned '0': AMENT_PREFIX_PATH=/home/user/industrial_robotics_simulation_platform/install/ur5_robot_description:${AMENT_PREFIX_PATH} CMAKE_PREFIX_PATH=/home/user/industrial_robotics_simulation_platform/install/ur5_robot_description:/opt/ros/humble /usr/bin/cmake --install /home/user/industrial_robotics_simulation_platform/build/ur5_robot_moveit_config
