running develop
Removing /home/user/industrial_robotics_simulation_platform/install/simulation_tools/lib/python3.10/site-packages/simulation-tools.egg-link (link to .)
running egg_info
writing ../../build/simulation_tools/simulation_tools.egg-info/PKG-INFO
writing dependency_links to ../../build/simulation_tools/simulation_tools.egg-info/dependency_links.txt
writing entry points to ../../build/simulation_tools/simulation_tools.egg-info/entry_points.txt
writing requirements to ../../build/simulation_tools/simulation_tools.egg-info/requires.txt
writing top-level names to ../../build/simulation_tools/simulation_tools.egg-info/top_level.txt
reading manifest file '../../build/simulation_tools/simulation_tools.egg-info/SOURCES.txt'
adding license file 'LICENSE'
writing manifest file '../../build/simulation_tools/simulation_tools.egg-info/SOURCES.txt'
running build
running build_py
creating /home/user/industrial_robotics_simulation_platform/build/simulation_tools/build
creating /home/user/industrial_robotics_simulation_platform/build/simulation_tools/build/lib
creating /home/user/industrial_robotics_simulation_platform/build/simulation_tools/build/lib/simulation_tools
copying simulation_tools/safety_monitor_node.py -> /home/user/industrial_robotics_simulation_platform/build/simulation_tools/build/lib/simulation_tools
copying simulation_tools/__init__.py -> /home/user/industrial_robotics_simulation_platform/build/simulation_tools/build/lib/simulation_tools
copying simulation_tools/system_test_node.py -> /home/user/industrial_robotics_simulation_platform/build/simulation_tools/build/lib/simulation_tools
copying simulation_tools/environment_configurator_node.py -> /home/user/industrial_robotics_simulation_platform/build/simulation_tools/build/lib/simulation_tools
copying simulation_tools/web_interface_node.py -> /home/user/industrial_robotics_simulation_platform/build/simulation_tools/build/lib/simulation_tools
copying simulation_tools/camera_simulator_node.py -> /home/user/industrial_robotics_simulation_platform/build/simulation_tools/build/lib/simulation_tools
copying simulation_tools/industrial_protocol_bridge_node.py -> /home/user/industrial_robotics_simulation_platform/build/simulation_tools/build/lib/simulation_tools
copying simulation_tools/visualization_server_node.py -> /home/user/industrial_robotics_simulation_platform/build/simulation_tools/build/lib/simulation_tools
running install
running install_lib
creating /home/user/industrial_robotics_simulation_platform/install/simulation_tools/lib/python3.10/site-packages/simulation_tools
copying /home/user/industrial_robotics_simulation_platform/build/simulation_tools/build/lib/simulation_tools/safety_monitor_node.py -> /home/user/industrial_robotics_simulation_platform/install/simulation_tools/lib/python3.10/site-packages/simulation_tools
copying /home/user/industrial_robotics_simulation_platform/build/simulation_tools/build/lib/simulation_tools/__init__.py -> /home/user/industrial_robotics_simulation_platform/install/simulation_tools/lib/python3.10/site-packages/simulation_tools
copying /home/user/industrial_robotics_simulation_platform/build/simulation_tools/build/lib/simulation_tools/system_test_node.py -> /home/user/industrial_robotics_simulation_platform/install/simulation_tools/lib/python3.10/site-packages/simulation_tools
copying /home/user/industrial_robotics_simulation_platform/build/simulation_tools/build/lib/simulation_tools/environment_configurator_node.py -> /home/user/industrial_robotics_simulation_platform/install/simulation_tools/lib/python3.10/site-packages/simulation_tools
copying /home/user/industrial_robotics_simulation_platform/build/simulation_tools/build/lib/simulation_tools/web_interface_node.py -> /home/user/industrial_robotics_simulation_platform/install/simulation_tools/lib/python3.10/site-packages/simulation_tools
copying /home/user/industrial_robotics_simulation_platform/build/simulation_tools/build/lib/simulation_tools/camera_simulator_node.py -> /home/user/industrial_robotics_simulation_platform/install/simulation_tools/lib/python3.10/site-packages/simulation_tools
copying /home/user/industrial_robotics_simulation_platform/build/simulation_tools/build/lib/simulation_tools/industrial_protocol_bridge_node.py -> /home/user/industrial_robotics_simulation_platform/install/simulation_tools/lib/python3.10/site-packages/simulation_tools
copying /home/user/industrial_robotics_simulation_platform/build/simulation_tools/build/lib/simulation_tools/visualization_server_node.py -> /home/user/industrial_robotics_simulation_platform/install/simulation_tools/lib/python3.10/site-packages/simulation_tools
byte-compiling /home/user/industrial_robotics_simulation_platform/install/simulation_tools/lib/python3.10/site-packages/simulation_tools/safety_monitor_node.py to safety_monitor_node.cpython-310.pyc
byte-compiling /home/user/industrial_robotics_simulation_platform/install/simulation_tools/lib/python3.10/site-packages/simulation_tools/__init__.py to __init__.cpython-310.pyc
byte-compiling /home/user/industrial_robotics_simulation_platform/install/simulation_tools/lib/python3.10/site-packages/simulation_tools/system_test_node.py to system_test_node.cpython-310.pyc
byte-compiling /home/user/industrial_robotics_simulation_platform/install/simulation_tools/lib/python3.10/site-packages/simulation_tools/environment_configurator_node.py to environment_configurator_node.cpython-310.pyc
byte-compiling /home/user/industrial_robotics_simulation_platform/install/simulation_tools/lib/python3.10/site-packages/simulation_tools/web_interface_node.py to web_interface_node.cpython-310.pyc
byte-compiling /home/user/industrial_robotics_simulation_platform/install/simulation_tools/lib/python3.10/site-packages/simulation_tools/camera_simulator_node.py to camera_simulator_node.cpython-310.pyc
byte-compiling /home/user/industrial_robotics_simulation_platform/install/simulation_tools/lib/python3.10/site-packages/simulation_tools/industrial_protocol_bridge_node.py to industrial_protocol_bridge_node.cpython-310.pyc
byte-compiling /home/user/industrial_robotics_simulation_platform/install/simulation_tools/lib/python3.10/site-packages/simulation_tools/visualization_server_node.py to visualization_server_node.cpython-310.pyc
running install_data
copying resource/simulation_tools -> /home/user/industrial_robotics_simulation_platform/install/simulation_tools/share/ament_index/resource_index/packages
copying package.xml -> /home/user/industrial_robotics_simulation_platform/install/simulation_tools/share/simulation_tools
copying launch/realsense_hybrid_launch.py -> /home/user/industrial_robotics_simulation_platform/install/simulation_tools/share/simulation_tools/launch
copying launch/integrated_system_launch.py -> /home/user/industrial_robotics_simulation_platform/install/simulation_tools/share/simulation_tools/launch
copying config/create_default_config.py -> /home/user/industrial_robotics_simulation_platform/install/simulation_tools/share/simulation_tools/config
copying config/realsense_config.yaml -> /home/user/industrial_robotics_simulation_platform/install/simulation_tools/share/simulation_tools/config
creating /home/user/industrial_robotics_simulation_platform/install/simulation_tools/share/simulation_tools/templates
copying templates/index.html -> /home/user/industrial_robotics_simulation_platform/install/simulation_tools/share/simulation_tools/templates
copying templates/control.html -> /home/user/industrial_robotics_simulation_platform/install/simulation_tools/share/simulation_tools/templates
copying templates/dashboard.html -> /home/user/industrial_robotics_simulation_platform/install/simulation_tools/share/simulation_tools/templates
running install_egg_info
Copying ../../build/simulation_tools/simulation_tools.egg-info to /home/user/industrial_robotics_simulation_platform/install/simulation_tools/lib/python3.10/site-packages/simulation_tools-0.1.0-py3.10.egg-info
running install_scripts
Installing camera_simulator_node script to /home/user/industrial_robotics_simulation_platform/install/simulation_tools/lib/simulation_tools
Installing environment_configurator_node script to /home/user/industrial_robotics_simulation_platform/install/simulation_tools/lib/simulation_tools
Installing industrial_protocol_bridge_node script to /home/user/industrial_robotics_simulation_platform/install/simulation_tools/lib/simulation_tools
Installing safety_monitor_node script to /home/user/industrial_robotics_simulation_platform/install/simulation_tools/lib/simulation_tools
Installing system_test_node script to /home/user/industrial_robotics_simulation_platform/install/simulation_tools/lib/simulation_tools
Installing visualization_server_node script to /home/user/industrial_robotics_simulation_platform/install/simulation_tools/lib/simulation_tools
Installing web_interface_node script to /home/user/industrial_robotics_simulation_platform/install/simulation_tools/lib/simulation_tools
writing list of installed files to '/home/user/industrial_robotics_simulation_platform/build/simulation_tools/install.log'
