[2.660s] Invoking command in '/home/user/industrial_robotics_simulation_platform/build/simulation_tools': PYTHONPATH=/home/user/industrial_robotics_simulation_platform/build/simulation_tools/prefix_override:/usr/lib/python3/dist-packages/colcon_core/task/python/colcon_distutils_commands:/home/user/industrial_robotics_simulation_platform/install/simulation_tools/lib/python3.10/site-packages:${PYTHONPATH} /usr/bin/python3 -W ignore:setup.py install is deprecated -W ignore:easy_install command is deprecated setup.py develop --uninstall --editable --build-directory /home/user/industrial_robotics_simulation_platform/build/simulation_tools/build
[3.700s] running develop
[4.128s] Removing /home/user/industrial_robotics_simulation_platform/install/simulation_tools/lib/python3.10/site-packages/simulation-tools.egg-link (link to .)
[4.181s] Invoked command in '/home/user/industrial_robotics_simulation_platform/build/simulation_tools' returned '0': PYTHONPATH=/home/user/industrial_robotics_simulation_platform/build/simulation_tools/prefix_override:/usr/lib/python3/dist-packages/colcon_core/task/python/colcon_distutils_commands:/home/user/industrial_robotics_simulation_platform/install/simulation_tools/lib/python3.10/site-packages:${PYTHONPATH} /usr/bin/python3 -W ignore:setup.py install is deprecated -W ignore:easy_install command is deprecated setup.py develop --uninstall --editable --build-directory /home/user/industrial_robotics_simulation_platform/build/simulation_tools/build
[4.186s] Invoking command in '/home/user/industrial_robotics_simulation_platform/src/simulation_tools': PYTHONPATH=/home/user/industrial_robotics_simulation_platform/build/simulation_tools/prefix_override:/usr/lib/python3/dist-packages/colcon_core/task/python/colcon_distutils_commands:/home/user/industrial_robotics_simulation_platform/install/simulation_tools/lib/python3.10/site-packages:${PYTHONPATH} /usr/bin/python3 -W ignore:setup.py install is deprecated -W ignore:easy_install command is deprecated setup.py egg_info --egg-base ../../build/simulation_tools build --build-base /home/user/industrial_robotics_simulation_platform/build/simulation_tools/build install --record /home/user/industrial_robotics_simulation_platform/build/simulation_tools/install.log --single-version-externally-managed install_data --force
[4.551s] running egg_info
[4.551s] writing ../../build/simulation_tools/simulation_tools.egg-info/PKG-INFO
[4.552s] writing dependency_links to ../../build/simulation_tools/simulation_tools.egg-info/dependency_links.txt
[4.552s] writing entry points to ../../build/simulation_tools/simulation_tools.egg-info/entry_points.txt
[4.553s] writing requirements to ../../build/simulation_tools/simulation_tools.egg-info/requires.txt
[4.553s] writing top-level names to ../../build/simulation_tools/simulation_tools.egg-info/top_level.txt
[4.556s] reading manifest file '../../build/simulation_tools/simulation_tools.egg-info/SOURCES.txt'
[4.587s] adding license file 'LICENSE'
[4.588s] writing manifest file '../../build/simulation_tools/simulation_tools.egg-info/SOURCES.txt'
[4.588s] running build
[4.588s] running build_py
[4.588s] creating /home/user/industrial_robotics_simulation_platform/build/simulation_tools/build
[4.589s] creating /home/user/industrial_robotics_simulation_platform/build/simulation_tools/build/lib
[4.589s] creating /home/user/industrial_robotics_simulation_platform/build/simulation_tools/build/lib/simulation_tools
[4.589s] copying simulation_tools/safety_monitor_node.py -> /home/user/industrial_robotics_simulation_platform/build/simulation_tools/build/lib/simulation_tools
[4.589s] copying simulation_tools/__init__.py -> /home/user/industrial_robotics_simulation_platform/build/simulation_tools/build/lib/simulation_tools
[4.589s] copying simulation_tools/system_test_node.py -> /home/user/industrial_robotics_simulation_platform/build/simulation_tools/build/lib/simulation_tools
[4.589s] copying simulation_tools/environment_configurator_node.py -> /home/user/industrial_robotics_simulation_platform/build/simulation_tools/build/lib/simulation_tools
[4.589s] copying simulation_tools/web_interface_node.py -> /home/user/industrial_robotics_simulation_platform/build/simulation_tools/build/lib/simulation_tools
[4.589s] copying simulation_tools/camera_simulator_node.py -> /home/user/industrial_robotics_simulation_platform/build/simulation_tools/build/lib/simulation_tools
[4.589s] copying simulation_tools/industrial_protocol_bridge_node.py -> /home/user/industrial_robotics_simulation_platform/build/simulation_tools/build/lib/simulation_tools
[4.590s] copying simulation_tools/visualization_server_node.py -> /home/user/industrial_robotics_simulation_platform/build/simulation_tools/build/lib/simulation_tools
[4.590s] running install
[4.592s] running install_lib
[4.592s] creating /home/user/industrial_robotics_simulation_platform/install/simulation_tools/lib/python3.10/site-packages/simulation_tools
[4.592s] copying /home/user/industrial_robotics_simulation_platform/build/simulation_tools/build/lib/simulation_tools/safety_monitor_node.py -> /home/user/industrial_robotics_simulation_platform/install/simulation_tools/lib/python3.10/site-packages/simulation_tools
[4.592s] copying /home/user/industrial_robotics_simulation_platform/build/simulation_tools/build/lib/simulation_tools/__init__.py -> /home/user/industrial_robotics_simulation_platform/install/simulation_tools/lib/python3.10/site-packages/simulation_tools
[4.592s] copying /home/user/industrial_robotics_simulation_platform/build/simulation_tools/build/lib/simulation_tools/system_test_node.py -> /home/user/industrial_robotics_simulation_platform/install/simulation_tools/lib/python3.10/site-packages/simulation_tools
[4.592s] copying /home/user/industrial_robotics_simulation_platform/build/simulation_tools/build/lib/simulation_tools/environment_configurator_node.py -> /home/user/industrial_robotics_simulation_platform/install/simulation_tools/lib/python3.10/site-packages/simulation_tools
[4.592s] copying /home/user/industrial_robotics_simulation_platform/build/simulation_tools/build/lib/simulation_tools/web_interface_node.py -> /home/user/industrial_robotics_simulation_platform/install/simulation_tools/lib/python3.10/site-packages/simulation_tools
[4.593s] copying /home/user/industrial_robotics_simulation_platform/build/simulation_tools/build/lib/simulation_tools/camera_simulator_node.py -> /home/user/industrial_robotics_simulation_platform/install/simulation_tools/lib/python3.10/site-packages/simulation_tools
[4.593s] copying /home/user/industrial_robotics_simulation_platform/build/simulation_tools/build/lib/simulation_tools/industrial_protocol_bridge_node.py -> /home/user/industrial_robotics_simulation_platform/install/simulation_tools/lib/python3.10/site-packages/simulation_tools
[4.593s] copying /home/user/industrial_robotics_simulation_platform/build/simulation_tools/build/lib/simulation_tools/visualization_server_node.py -> /home/user/industrial_robotics_simulation_platform/install/simulation_tools/lib/python3.10/site-packages/simulation_tools
[4.593s] byte-compiling /home/user/industrial_robotics_simulation_platform/install/simulation_tools/lib/python3.10/site-packages/simulation_tools/safety_monitor_node.py to safety_monitor_node.cpython-310.pyc
[4.595s] byte-compiling /home/user/industrial_robotics_simulation_platform/install/simulation_tools/lib/python3.10/site-packages/simulation_tools/__init__.py to __init__.cpython-310.pyc
[4.595s] byte-compiling /home/user/industrial_robotics_simulation_platform/install/simulation_tools/lib/python3.10/site-packages/simulation_tools/system_test_node.py to system_test_node.cpython-310.pyc
[4.596s] byte-compiling /home/user/industrial_robotics_simulation_platform/install/simulation_tools/lib/python3.10/site-packages/simulation_tools/environment_configurator_node.py to environment_configurator_node.cpython-310.pyc
[4.598s] byte-compiling /home/user/industrial_robotics_simulation_platform/install/simulation_tools/lib/python3.10/site-packages/simulation_tools/web_interface_node.py to web_interface_node.cpython-310.pyc
[4.600s] byte-compiling /home/user/industrial_robotics_simulation_platform/install/simulation_tools/lib/python3.10/site-packages/simulation_tools/camera_simulator_node.py to camera_simulator_node.cpython-310.pyc
[4.703s] byte-compiling /home/user/industrial_robotics_simulation_platform/install/simulation_tools/lib/python3.10/site-packages/simulation_tools/industrial_protocol_bridge_node.py to industrial_protocol_bridge_node.cpython-310.pyc
[4.705s] byte-compiling /home/user/industrial_robotics_simulation_platform/install/simulation_tools/lib/python3.10/site-packages/simulation_tools/visualization_server_node.py to visualization_server_node.cpython-310.pyc
[4.707s] running install_data
[4.707s] copying resource/simulation_tools -> /home/user/industrial_robotics_simulation_platform/install/simulation_tools/share/ament_index/resource_index/packages
[4.707s] copying package.xml -> /home/user/industrial_robotics_simulation_platform/install/simulation_tools/share/simulation_tools
[4.707s] copying launch/realsense_hybrid_launch.py -> /home/user/industrial_robotics_simulation_platform/install/simulation_tools/share/simulation_tools/launch
[4.711s] copying launch/integrated_system_launch.py -> /home/user/industrial_robotics_simulation_platform/install/simulation_tools/share/simulation_tools/launch
[4.713s] copying config/create_default_config.py -> /home/user/industrial_robotics_simulation_platform/install/simulation_tools/share/simulation_tools/config
[4.818s] copying config/realsense_config.yaml -> /home/user/industrial_robotics_simulation_platform/install/simulation_tools/share/simulation_tools/config
[4.819s] creating /home/user/industrial_robotics_simulation_platform/install/simulation_tools/share/simulation_tools/templates
[4.819s] copying templates/index.html -> /home/user/industrial_robotics_simulation_platform/install/simulation_tools/share/simulation_tools/templates
[4.819s] copying templates/control.html -> /home/user/industrial_robotics_simulation_platform/install/simulation_tools/share/simulation_tools/templates
[4.820s] copying templates/dashboard.html -> /home/user/industrial_robotics_simulation_platform/install/simulation_tools/share/simulation_tools/templates
[4.820s] running install_egg_info
[4.822s] Copying ../../build/simulation_tools/simulation_tools.egg-info to /home/user/industrial_robotics_simulation_platform/install/simulation_tools/lib/python3.10/site-packages/simulation_tools-0.1.0-py3.10.egg-info
[4.825s] running install_scripts
[4.853s] Installing camera_simulator_node script to /home/user/industrial_robotics_simulation_platform/install/simulation_tools/lib/simulation_tools
[4.853s] Installing environment_configurator_node script to /home/user/industrial_robotics_simulation_platform/install/simulation_tools/lib/simulation_tools
[4.853s] Installing industrial_protocol_bridge_node script to /home/user/industrial_robotics_simulation_platform/install/simulation_tools/lib/simulation_tools
[4.854s] Installing safety_monitor_node script to /home/user/industrial_robotics_simulation_platform/install/simulation_tools/lib/simulation_tools
[4.854s] Installing system_test_node script to /home/user/industrial_robotics_simulation_platform/install/simulation_tools/lib/simulation_tools
[4.855s] Installing visualization_server_node script to /home/user/industrial_robotics_simulation_platform/install/simulation_tools/lib/simulation_tools
[4.855s] Installing web_interface_node script to /home/user/industrial_robotics_simulation_platform/install/simulation_tools/lib/simulation_tools
[4.856s] writing list of installed files to '/home/user/industrial_robotics_simulation_platform/build/simulation_tools/install.log'
[4.888s] Invoked command in '/home/user/industrial_robotics_simulation_platform/src/simulation_tools' returned '0': PYTHONPATH=/home/user/industrial_robotics_simulation_platform/build/simulation_tools/prefix_override:/usr/lib/python3/dist-packages/colcon_core/task/python/colcon_distutils_commands:/home/user/industrial_robotics_simulation_platform/install/simulation_tools/lib/python3.10/site-packages:${PYTHONPATH} /usr/bin/python3 -W ignore:setup.py install is deprecated -W ignore:easy_install command is deprecated setup.py egg_info --egg-base ../../build/simulation_tools build --build-base /home/user/industrial_robotics_simulation_platform/build/simulation_tools/build install --record /home/user/industrial_robotics_simulation_platform/build/simulation_tools/install.log --single-version-externally-managed install_data --force
