[0.039s] Invoking command in '/home/user/industrial_robotics_simulation_platform/build/delta_robot_description': CMAKE_PREFIX_PATH=/opt/ros/humble /usr/bin/cmake /home/user/industrial_robotics_simulation_platform/src/delta_robot_description -DAMENT_CMAKE_SYMLINK_INSTALL=1 -DCMAKE_INSTALL_PREFIX=/home/user/industrial_robotics_simulation_platform/install/delta_robot_description
[0.654s] -- The C compiler identification is GNU 11.4.0
[0.654s] -- The CXX compiler identification is GNU 11.4.0
[0.655s] -- Detecting C compiler ABI info
[0.655s] -- Detecting C compiler ABI info - done
[0.655s] -- Check for working C compiler: /usr/bin/cc - skipped
[0.655s] -- Detecting C compile features
[0.655s] -- Detecting C compile features - done
[0.655s] -- Detecting CXX compiler ABI info
[0.664s] -- Detecting CXX compiler ABI info - done
[0.679s] -- Check for working CXX compiler: /usr/bin/c++ - skipped
[0.680s] -- Detecting CXX compile features
[0.681s] -- Detecting CXX compile features - done
[0.689s] -- Found ament_cmake: 1.3.11 (/opt/ros/humble/share/ament_cmake/cmake)
[0.978s] -- Found Python3: /usr/bin/python3 (found version "3.10.12") found components: Interpreter 
[1.090s] -- Override CMake install command with custom implementation using symlinks instead of copying resources
[1.238s] -- Configuring done
[1.242s] -- Generating done
[1.245s] -- Build files have been written to: /home/user/industrial_robotics_simulation_platform/build/delta_robot_description
[1.260s] Invoked command in '/home/user/industrial_robotics_simulation_platform/build/delta_robot_description' returned '0': CMAKE_PREFIX_PATH=/opt/ros/humble /usr/bin/cmake /home/user/industrial_robotics_simulation_platform/src/delta_robot_description -DAMENT_CMAKE_SYMLINK_INSTALL=1 -DCMAKE_INSTALL_PREFIX=/home/user/industrial_robotics_simulation_platform/install/delta_robot_description
[1.261s] Invoking command in '/home/user/industrial_robotics_simulation_platform/build/delta_robot_description': CMAKE_PREFIX_PATH=/opt/ros/humble /usr/bin/cmake --build /home/user/industrial_robotics_simulation_platform/build/delta_robot_description -- -j8 -l8
[1.348s] Invoked command in '/home/user/industrial_robotics_simulation_platform/build/delta_robot_description' returned '0': CMAKE_PREFIX_PATH=/opt/ros/humble /usr/bin/cmake --build /home/user/industrial_robotics_simulation_platform/build/delta_robot_description -- -j8 -l8
[1.369s] Invoking command in '/home/user/industrial_robotics_simulation_platform/build/delta_robot_description': CMAKE_PREFIX_PATH=/opt/ros/humble /usr/bin/cmake --install /home/user/industrial_robotics_simulation_platform/build/delta_robot_description
[1.390s] -- Install configuration: ""
[1.390s] -- Execute custom install script
[1.391s] -- Symlinking: /home/user/industrial_robotics_simulation_platform/install/delta_robot_description/share/delta_robot_description/urdf/delta_robot.urdf.xacro
[1.414s] -- Symlinking: /home/user/industrial_robotics_simulation_platform/install/delta_robot_description/share/delta_robot_description/meshes/cylinder.stl
[1.434s] -- Symlinking: /home/user/industrial_robotics_simulation_platform/install/delta_robot_description/share/delta_robot_description/launch/display.launch.py
[1.456s] -- Symlinking: /home/user/industrial_robotics_simulation_platform/install/delta_robot_description/share/delta_robot_description/launch/display_headless.launch.py
[1.476s] -- Symlinking: /home/user/industrial_robotics_simulation_platform/install/delta_robot_description/share/ament_index/resource_index/package_run_dependencies/delta_robot_description
[1.504s] -- Symlinking: /home/user/industrial_robotics_simulation_platform/install/delta_robot_description/share/ament_index/resource_index/parent_prefix_path/delta_robot_description
[1.524s] -- Symlinking: /home/user/industrial_robotics_simulation_platform/install/delta_robot_description/share/delta_robot_description/environment/ament_prefix_path.sh
[1.547s] -- Symlinking: /home/user/industrial_robotics_simulation_platform/install/delta_robot_description/share/delta_robot_description/environment/ament_prefix_path.dsv
[1.565s] -- Symlinking: /home/user/industrial_robotics_simulation_platform/install/delta_robot_description/share/delta_robot_description/environment/path.sh
[1.586s] -- Symlinking: /home/user/industrial_robotics_simulation_platform/install/delta_robot_description/share/delta_robot_description/environment/path.dsv
[1.602s] -- Symlinking: /home/user/industrial_robotics_simulation_platform/install/delta_robot_description/share/delta_robot_description/local_setup.bash
[1.620s] -- Symlinking: /home/user/industrial_robotics_simulation_platform/install/delta_robot_description/share/delta_robot_description/local_setup.sh
[1.643s] -- Symlinking: /home/user/industrial_robotics_simulation_platform/install/delta_robot_description/share/delta_robot_description/local_setup.zsh
[1.662s] -- Symlinking: /home/user/industrial_robotics_simulation_platform/install/delta_robot_description/share/delta_robot_description/local_setup.dsv
[1.688s] -- Symlinking: /home/user/industrial_robotics_simulation_platform/install/delta_robot_description/share/delta_robot_description/package.dsv
[1.706s] -- Symlinking: /home/user/industrial_robotics_simulation_platform/install/delta_robot_description/share/ament_index/resource_index/packages/delta_robot_description
[1.726s] -- Symlinking: /home/user/industrial_robotics_simulation_platform/install/delta_robot_description/share/delta_robot_description/cmake/delta_robot_descriptionConfig.cmake
[1.748s] -- Symlinking: /home/user/industrial_robotics_simulation_platform/install/delta_robot_description/share/delta_robot_description/cmake/delta_robot_descriptionConfig-version.cmake
[1.767s] -- Symlinking: /home/user/industrial_robotics_simulation_platform/install/delta_robot_description/share/delta_robot_description/package.xml
[1.787s] Invoked command in '/home/user/industrial_robotics_simulation_platform/build/delta_robot_description' returned '0': CMAKE_PREFIX_PATH=/opt/ros/humble /usr/bin/cmake --install /home/user/industrial_robotics_simulation_platform/build/delta_robot_description
