[0.247s] Invoking command in '/home/user/industrial_robotics_simulation_platform/build/ur5_robot_moveit_config': AMENT_PREFIX_PATH=/home/user/industrial_robotics_simulation_platform/install/ur5_robot_description:${AMENT_PREFIX_PATH} CMAKE_PREFIX_PATH=/home/user/industrial_robotics_simulation_platform/install/ur5_robot_description:/opt/ros/humble /usr/bin/cmake --build /home/user/industrial_robotics_simulation_platform/build/ur5_robot_moveit_config -- -j8 -l8
[0.337s] Invoked command in '/home/user/industrial_robotics_simulation_platform/build/ur5_robot_moveit_config' returned '0': AMENT_PREFIX_PATH=/home/user/industrial_robotics_simulation_platform/install/ur5_robot_description:${AMENT_PREFIX_PATH} CMAKE_PREFIX_PATH=/home/user/industrial_robotics_simulation_platform/install/ur5_robot_description:/opt/ros/humble /usr/bin/cmake --build /home/user/industrial_robotics_simulation_platform/build/ur5_robot_moveit_config -- -j8 -l8
[0.338s] Invoking command in '/home/user/industrial_robotics_simulation_platform/build/ur5_robot_moveit_config': AMENT_PREFIX_PATH=/home/user/industrial_robotics_simulation_platform/install/ur5_robot_description:${AMENT_PREFIX_PATH} CMAKE_PREFIX_PATH=/home/user/industrial_robotics_simulation_platform/install/ur5_robot_description:/opt/ros/humble /usr/bin/cmake --install /home/user/industrial_robotics_simulation_platform/build/ur5_robot_moveit_config
[0.348s] -- Install configuration: ""
[0.348s] -- Execute custom install script
[0.349s] -- Up-to-date symlink: /home/user/industrial_robotics_simulation_platform/install/ur5_robot_moveit_config/share/ur5_robot_moveit_config/config/controllers.yaml
[0.349s] -- Up-to-date symlink: /home/user/industrial_robotics_simulation_platform/install/ur5_robot_moveit_config/share/ur5_robot_moveit_config/config/kinematics.yaml
[0.349s] -- Up-to-date symlink: /home/user/industrial_robotics_simulation_platform/install/ur5_robot_moveit_config/share/ur5_robot_moveit_config/config/ur5_robot.srdf
[0.351s] -- Up-to-date symlink: /home/user/industrial_robotics_simulation_platform/install/ur5_robot_moveit_config/share/ur5_robot_moveit_config/launch/move_group.launch.py
[0.351s] -- Up-to-date symlink: /home/user/industrial_robotics_simulation_platform/install/ur5_robot_moveit_config/share/ament_index/resource_index/package_run_dependencies/ur5_robot_moveit_config
[0.351s] -- Up-to-date symlink: /home/user/industrial_robotics_simulation_platform/install/ur5_robot_moveit_config/share/ament_index/resource_index/parent_prefix_path/ur5_robot_moveit_config
[0.351s] -- Up-to-date symlink: /home/user/industrial_robotics_simulation_platform/install/ur5_robot_moveit_config/share/ur5_robot_moveit_config/environment/ament_prefix_path.sh
[0.351s] -- Up-to-date symlink: /home/user/industrial_robotics_simulation_platform/install/ur5_robot_moveit_config/share/ur5_robot_moveit_config/environment/ament_prefix_path.dsv
[0.351s] -- Up-to-date symlink: /home/user/industrial_robotics_simulation_platform/install/ur5_robot_moveit_config/share/ur5_robot_moveit_config/environment/path.sh
[0.352s] -- Up-to-date symlink: /home/user/industrial_robotics_simulation_platform/install/ur5_robot_moveit_config/share/ur5_robot_moveit_config/environment/path.dsv
[0.352s] -- Up-to-date symlink: /home/user/industrial_robotics_simulation_platform/install/ur5_robot_moveit_config/share/ur5_robot_moveit_config/local_setup.bash
[0.353s] -- Up-to-date symlink: /home/user/industrial_robotics_simulation_platform/install/ur5_robot_moveit_config/share/ur5_robot_moveit_config/local_setup.sh
[0.353s] -- Up-to-date symlink: /home/user/industrial_robotics_simulation_platform/install/ur5_robot_moveit_config/share/ur5_robot_moveit_config/local_setup.zsh
[0.353s] -- Up-to-date symlink: /home/user/industrial_robotics_simulation_platform/install/ur5_robot_moveit_config/share/ur5_robot_moveit_config/local_setup.dsv
[0.353s] -- Symlinking: /home/user/industrial_robotics_simulation_platform/install/ur5_robot_moveit_config/share/ur5_robot_moveit_config/package.dsv
[0.372s] -- Up-to-date symlink: /home/user/industrial_robotics_simulation_platform/install/ur5_robot_moveit_config/share/ament_index/resource_index/packages/ur5_robot_moveit_config
[0.373s] -- Up-to-date symlink: /home/user/industrial_robotics_simulation_platform/install/ur5_robot_moveit_config/share/ur5_robot_moveit_config/cmake/ur5_robot_moveit_configConfig.cmake
[0.373s] -- Up-to-date symlink: /home/user/industrial_robotics_simulation_platform/install/ur5_robot_moveit_config/share/ur5_robot_moveit_config/cmake/ur5_robot_moveit_configConfig-version.cmake
[0.373s] -- Up-to-date symlink: /home/user/industrial_robotics_simulation_platform/install/ur5_robot_moveit_config/share/ur5_robot_moveit_config/package.xml
[0.409s] Invoked command in '/home/user/industrial_robotics_simulation_platform/build/ur5_robot_moveit_config' returned '0': AMENT_PREFIX_PATH=/home/user/industrial_robotics_simulation_platform/install/ur5_robot_description:${AMENT_PREFIX_PATH} CMAKE_PREFIX_PATH=/home/user/industrial_robotics_simulation_platform/install/ur5_robot_description:/opt/ros/humble /usr/bin/cmake --install /home/user/industrial_robotics_simulation_platform/build/ur5_robot_moveit_config
