[0.087s] Invoking command in '/home/user/industrial_robotics_simulation_platform/build/delta_robot_moveit_config': CMAKE_PREFIX_PATH=/home/user/industrial_robotics_simulation_platform/install/delta_robot_description:/home/user/industrial_robotics_simulation_platform/install/ur5_robot_moveit_config:/home/user/industrial_robotics_simulation_platform/install/ur5_robot_description:/home/user/industrial_robotics_simulation_platform/install/delta_robot_moveit_config:/home/user/industrial_robotics_simulation_platform/install/apm_msgs:/home/user/industrial_robotics_simulation_platform/install/web_interface:/home/user/industrial_robotics_simulation_platform/install/simulation_tools:/home/user/industrial_robotics_simulation_platform/install/fmm_core:/home/user/industrial_robotics_simulation_platform/install/advanced_perception:/home/user/industrial_robotics_simulation_platform/install/apm_core:/opt/ros/humble /usr/bin/cmake --build /home/user/industrial_robotics_simulation_platform/build/delta_robot_moveit_config -- -j8 -l8
[0.212s] Invoked command in '/home/user/industrial_robotics_simulation_platform/build/delta_robot_moveit_config' returned '0': CMAKE_PREFIX_PATH=/home/user/industrial_robotics_simulation_platform/install/delta_robot_description:/home/user/industrial_robotics_simulation_platform/install/ur5_robot_moveit_config:/home/user/industrial_robotics_simulation_platform/install/ur5_robot_description:/home/user/industrial_robotics_simulation_platform/install/delta_robot_moveit_config:/home/user/industrial_robotics_simulation_platform/install/apm_msgs:/home/user/industrial_robotics_simulation_platform/install/web_interface:/home/user/industrial_robotics_simulation_platform/install/simulation_tools:/home/user/industrial_robotics_simulation_platform/install/fmm_core:/home/user/industrial_robotics_simulation_platform/install/advanced_perception:/home/user/industrial_robotics_simulation_platform/install/apm_core:/opt/ros/humble /usr/bin/cmake --build /home/user/industrial_robotics_simulation_platform/build/delta_robot_moveit_config -- -j8 -l8
[0.225s] Invoking command in '/home/user/industrial_robotics_simulation_platform/build/delta_robot_moveit_config': CMAKE_PREFIX_PATH=/home/user/industrial_robotics_simulation_platform/install/delta_robot_description:/home/user/industrial_robotics_simulation_platform/install/ur5_robot_moveit_config:/home/user/industrial_robotics_simulation_platform/install/ur5_robot_description:/home/user/industrial_robotics_simulation_platform/install/delta_robot_moveit_config:/home/user/industrial_robotics_simulation_platform/install/apm_msgs:/home/user/industrial_robotics_simulation_platform/install/web_interface:/home/user/industrial_robotics_simulation_platform/install/simulation_tools:/home/user/industrial_robotics_simulation_platform/install/fmm_core:/home/user/industrial_robotics_simulation_platform/install/advanced_perception:/home/user/industrial_robotics_simulation_platform/install/apm_core:/opt/ros/humble /usr/bin/cmake --install /home/user/industrial_robotics_simulation_platform/build/delta_robot_moveit_config
[0.274s] -- Install configuration: ""
[0.275s] -- Execute custom install script
[0.276s] -- Up-to-date symlink: /home/user/industrial_robotics_simulation_platform/install/delta_robot_moveit_config/share/delta_robot_moveit_config/launch/move_group.launch.py
[0.277s] -- Up-to-date symlink: /home/user/industrial_robotics_simulation_platform/install/delta_robot_moveit_config/share/delta_robot_moveit_config/launch/move_group_headless.launch.py
[0.278s] -- Up-to-date symlink: /home/user/industrial_robotics_simulation_platform/install/delta_robot_moveit_config/share/delta_robot_moveit_config/config/controllers.yaml
[0.279s] -- Up-to-date symlink: /home/user/industrial_robotics_simulation_platform/install/delta_robot_moveit_config/share/delta_robot_moveit_config/config/delta_robot.srdf
[0.279s] -- Up-to-date symlink: /home/user/industrial_robotics_simulation_platform/install/delta_robot_moveit_config/share/delta_robot_moveit_config/config/kinematics.yaml
[0.280s] -- Up-to-date symlink: /home/user/industrial_robotics_simulation_platform/install/delta_robot_moveit_config/share/delta_robot_moveit_config/config/moveit.rviz
[0.281s] -- Up-to-date symlink: /home/user/industrial_robotics_simulation_platform/install/delta_robot_moveit_config/share/ament_index/resource_index/package_run_dependencies/delta_robot_moveit_config
[0.282s] -- Up-to-date symlink: /home/user/industrial_robotics_simulation_platform/install/delta_robot_moveit_config/share/ament_index/resource_index/parent_prefix_path/delta_robot_moveit_config
[0.283s] -- Up-to-date symlink: /home/user/industrial_robotics_simulation_platform/install/delta_robot_moveit_config/share/delta_robot_moveit_config/environment/ament_prefix_path.sh
[0.283s] -- Up-to-date symlink: /home/user/industrial_robotics_simulation_platform/install/delta_robot_moveit_config/share/delta_robot_moveit_config/environment/ament_prefix_path.dsv
[0.284s] -- Up-to-date symlink: /home/user/industrial_robotics_simulation_platform/install/delta_robot_moveit_config/share/delta_robot_moveit_config/environment/path.sh
[0.284s] -- Up-to-date symlink: /home/user/industrial_robotics_simulation_platform/install/delta_robot_moveit_config/share/delta_robot_moveit_config/environment/path.dsv
[0.285s] -- Up-to-date symlink: /home/user/industrial_robotics_simulation_platform/install/delta_robot_moveit_config/share/delta_robot_moveit_config/local_setup.bash
[0.285s] -- Up-to-date symlink: /home/user/industrial_robotics_simulation_platform/install/delta_robot_moveit_config/share/delta_robot_moveit_config/local_setup.sh
[0.287s] -- Up-to-date symlink: /home/user/industrial_robotics_simulation_platform/install/delta_robot_moveit_config/share/delta_robot_moveit_config/local_setup.zsh
[0.287s] -- Up-to-date symlink: /home/user/industrial_robotics_simulation_platform/install/delta_robot_moveit_config/share/delta_robot_moveit_config/local_setup.dsv
[0.287s] -- Symlinking: /home/user/industrial_robotics_simulation_platform/install/delta_robot_moveit_config/share/delta_robot_moveit_config/package.dsv
[0.302s] -- Up-to-date symlink: /home/user/industrial_robotics_simulation_platform/install/delta_robot_moveit_config/share/ament_index/resource_index/packages/delta_robot_moveit_config
[0.303s] -- Up-to-date symlink: /home/user/industrial_robotics_simulation_platform/install/delta_robot_moveit_config/share/delta_robot_moveit_config/cmake/delta_robot_moveit_configConfig.cmake
[0.303s] -- Up-to-date symlink: /home/user/industrial_robotics_simulation_platform/install/delta_robot_moveit_config/share/delta_robot_moveit_config/cmake/delta_robot_moveit_configConfig-version.cmake
[0.304s] -- Up-to-date symlink: /home/user/industrial_robotics_simulation_platform/install/delta_robot_moveit_config/share/delta_robot_moveit_config/package.xml
[0.324s] Invoked command in '/home/user/industrial_robotics_simulation_platform/build/delta_robot_moveit_config' returned '0': CMAKE_PREFIX_PATH=/home/user/industrial_robotics_simulation_platform/install/delta_robot_description:/home/user/industrial_robotics_simulation_platform/install/ur5_robot_moveit_config:/home/user/industrial_robotics_simulation_platform/install/ur5_robot_description:/home/user/industrial_robotics_simulation_platform/install/delta_robot_moveit_config:/home/user/industrial_robotics_simulation_platform/install/apm_msgs:/home/user/industrial_robotics_simulation_platform/install/web_interface:/home/user/industrial_robotics_simulation_platform/install/simulation_tools:/home/user/industrial_robotics_simulation_platform/install/fmm_core:/home/user/industrial_robotics_simulation_platform/install/advanced_perception:/home/user/industrial_robotics_simulation_platform/install/apm_core:/opt/ros/humble /usr/bin/cmake --install /home/user/industrial_robotics_simulation_platform/build/delta_robot_moveit_config
