-- Found ament_cmake: 1.3.11 (/opt/ros/humble/share/ament_cmake/cmake)
-- Override CMake install command with custom implementation using symlinks instead of copying resources
-- Found std_msgs: 4.8.0 (/opt/ros/humble/share/std_msgs/cmake)
-- Found rosidl_generator_c: 3.1.6 (/opt/ros/humble/share/rosidl_generator_c/cmake)
-- Found rosidl_adapter: 3.1.6 (/opt/ros/humble/share/rosidl_adapter/cmake)
-- Found rosidl_generator_cpp: 3.1.6 (/opt/ros/humble/share/rosidl_generator_cpp/cmake)
-- Using all available rosidl_typesupport_c: rosidl_typesupport_fastrtps_c;rosidl_typesupport_introspection_c
-- Using all available rosidl_typesupport_cpp: rosidl_typesupport_fastrtps_cpp;rosidl_typesupport_introspection_cpp
-- Found sensor_msgs: 4.8.0 (/opt/ros/humble/share/sensor_msgs/cmake)
-- Found rosidl_default_generators: 1.2.0 (/opt/ros/humble/share/rosidl_default_generators/cmake)
-- Found ament_cmake_ros: 0.10.0 (/opt/ros/humble/share/ament_cmake_ros/cmake)
-- Using all available rosidl_typesupport_c: rosidl_typesupport_fastrtps_c;rosidl_typesupport_introspection_c
-- Using all available rosidl_typesupport_cpp: rosidl_typesupport_fastrtps_cpp;rosidl_typesupport_introspection_cpp
-- Found python_cmake_module: 0.10.0 (/opt/ros/humble/share/python_cmake_module/cmake)
-- Using PYTHON_EXECUTABLE: /usr/bin/python3
-- Using PYTHON_INCLUDE_DIRS: /usr/include/python3.10
-- Using PYTHON_LIBRARIES: /usr/lib/x86_64-linux-gnu/libpython3.10.so
-- Configuring done
-- Generating done
-- Build files have been written to: /home/user/industrial_robotics_simulation_platform/build/apm_msgs
[  1%] Built target apm_msgs__cpp
[35m[1mConsolidate compiler generated dependencies of target apm_msgs__rosidl_generator_c[0m
[  1%] Built target ament_cmake_python_symlink_apm_msgs
[35m[1mConsolidate compiler generated dependencies of target apm_msgs__rosidl_typesupport_cpp[0m
[35m[1mConsolidate compiler generated dependencies of target apm_msgs__rosidl_typesupport_introspection_cpp[0m
[35m[1mConsolidate compiler generated dependencies of target apm_msgs__rosidl_typesupport_fastrtps_cpp[0m
[ 23%] Built target apm_msgs__rosidl_typesupport_cpp
[ 21%] Built target apm_msgs__rosidl_generator_c
[ 38%] Built target apm_msgs__rosidl_typesupport_introspection_cpp
[ 45%] Built target apm_msgs__rosidl_typesupport_fastrtps_cpp
[35m[1mConsolidate compiler generated dependencies of target apm_msgs__rosidl_typesupport_introspection_c[0m
[35m[1mConsolidate compiler generated dependencies of target apm_msgs__rosidl_typesupport_fastrtps_c[0m
[35m[1mConsolidate compiler generated dependencies of target apm_msgs__rosidl_typesupport_c[0m
[ 56%] Built target apm_msgs__rosidl_typesupport_c
[ 67%] Built target apm_msgs__rosidl_typesupport_fastrtps_c
[ 78%] Built target apm_msgs__rosidl_typesupport_introspection_c
running egg_info
writing apm_msgs.egg-info/PKG-INFO
writing dependency_links to apm_msgs.egg-info/dependency_links.txt
writing top-level names to apm_msgs.egg-info/top_level.txt
reading manifest file 'apm_msgs.egg-info/SOURCES.txt'
writing manifest file 'apm_msgs.egg-info/SOURCES.txt'
[ 78%] Built target apm_msgs
[ 78%] Built target ament_cmake_python_build_apm_msgs_egg
[ 80%] Built target apm_msgs__py
[35m[1mConsolidate compiler generated dependencies of target apm_msgs__rosidl_generator_py[0m
[ 89%] Built target apm_msgs__rosidl_generator_py
[35m[1mConsolidate compiler generated dependencies of target apm_msgs__rosidl_typesupport_fastrtps_c__pyext[0m
[35m[1mConsolidate compiler generated dependencies of target apm_msgs__rosidl_typesupport_introspection_c__pyext[0m
[35m[1mConsolidate compiler generated dependencies of target apm_msgs__rosidl_typesupport_c__pyext[0m
[ 96%] Built target apm_msgs__rosidl_typesupport_c__pyext
[ 96%] Built target apm_msgs__rosidl_typesupport_fastrtps_c__pyext
[100%] Built target apm_msgs__rosidl_typesupport_introspection_c__pyext
-- Install configuration: ""
-- Execute custom install script
-- Up-to-date symlink: /home/user/industrial_robotics_simulation_platform/install/apm_msgs/share/ament_index/resource_index/rosidl_interfaces/apm_msgs
-- Up-to-date symlink: /home/user/industrial_robotics_simulation_platform/install/apm_msgs/include/apm_msgs/apm_msgs/msg/detail/detected_object__functions.h
-- Up-to-date symlink: /home/user/industrial_robotics_simulation_platform/install/apm_msgs/include/apm_msgs/apm_msgs/msg/detail/detected_object__struct.h
-- Up-to-date symlink: /home/user/industrial_robotics_simulation_platform/install/apm_msgs/include/apm_msgs/apm_msgs/msg/detail/detected_object__type_support.h
-- Up-to-date symlink: /home/user/industrial_robotics_simulation_platform/install/apm_msgs/include/apm_msgs/apm_msgs/msg/detail/detected_object_array__functions.h
-- Up-to-date symlink: /home/user/industrial_robotics_simulation_platform/install/apm_msgs/include/apm_msgs/apm_msgs/msg/detail/detected_object_array__struct.h
-- Up-to-date symlink: /home/user/industrial_robotics_simulation_platform/install/apm_msgs/include/apm_msgs/apm_msgs/msg/detail/detected_object_array__type_support.h
-- Up-to-date symlink: /home/user/industrial_robotics_simulation_platform/install/apm_msgs/include/apm_msgs/apm_msgs/msg/detail/detection2_d__functions.h
-- Up-to-date symlink: /home/user/industrial_robotics_simulation_platform/install/apm_msgs/include/apm_msgs/apm_msgs/msg/detail/detection2_d__struct.h
-- Up-to-date symlink: /home/user/industrial_robotics_simulation_platform/install/apm_msgs/include/apm_msgs/apm_msgs/msg/detail/detection2_d__type_support.h
-- Up-to-date symlink: /home/user/industrial_robotics_simulation_platform/install/apm_msgs/include/apm_msgs/apm_msgs/msg/detail/detection2_d_array__functions.h
-- Up-to-date symlink: /home/user/industrial_robotics_simulation_platform/install/apm_msgs/include/apm_msgs/apm_msgs/msg/detail/detection2_d_array__struct.h
-- Up-to-date symlink: /home/user/industrial_robotics_simulation_platform/install/apm_msgs/include/apm_msgs/apm_msgs/msg/detail/detection2_d_array__type_support.h
-- Up-to-date symlink: /home/user/industrial_robotics_simulation_platform/install/apm_msgs/include/apm_msgs/apm_msgs/msg/detected_object.h
-- Up-to-date symlink: /home/user/industrial_robotics_simulation_platform/install/apm_msgs/include/apm_msgs/apm_msgs/msg/detected_object_array.h
-- Up-to-date symlink: /home/user/industrial_robotics_simulation_platform/install/apm_msgs/include/apm_msgs/apm_msgs/msg/detection2_d.h
-- Up-to-date symlink: /home/user/industrial_robotics_simulation_platform/install/apm_msgs/include/apm_msgs/apm_msgs/msg/detection2_d_array.h
-- Up-to-date symlink: /home/user/industrial_robotics_simulation_platform/install/apm_msgs/include/apm_msgs/apm_msgs/msg/rosidl_generator_c__visibility_control.h
-- Up-to-date symlink: /home/user/industrial_robotics_simulation_platform/install/apm_msgs/share/apm_msgs/environment/library_path.sh
-- Up-to-date symlink: /home/user/industrial_robotics_simulation_platform/install/apm_msgs/share/apm_msgs/environment/library_path.dsv
-- Up-to-date symlink: /home/user/industrial_robotics_simulation_platform/install/apm_msgs/include/apm_msgs/apm_msgs/msg/detail/detected_object__rosidl_typesupport_fastrtps_c.h
-- Up-to-date symlink: /home/user/industrial_robotics_simulation_platform/install/apm_msgs/include/apm_msgs/apm_msgs/msg/detail/detected_object_array__rosidl_typesupport_fastrtps_c.h
-- Up-to-date symlink: /home/user/industrial_robotics_simulation_platform/install/apm_msgs/include/apm_msgs/apm_msgs/msg/detail/detection2_d__rosidl_typesupport_fastrtps_c.h
-- Up-to-date symlink: /home/user/industrial_robotics_simulation_platform/install/apm_msgs/include/apm_msgs/apm_msgs/msg/detail/detection2_d_array__rosidl_typesupport_fastrtps_c.h
-- Up-to-date symlink: /home/user/industrial_robotics_simulation_platform/install/apm_msgs/include/apm_msgs/apm_msgs/msg/rosidl_typesupport_fastrtps_c__visibility_control.h
-- Up-to-date symlink: /home/user/industrial_robotics_simulation_platform/install/apm_msgs/include/apm_msgs/apm_msgs/msg/detail/detected_object__builder.hpp
-- Up-to-date symlink: /home/user/industrial_robotics_simulation_platform/install/apm_msgs/include/apm_msgs/apm_msgs/msg/detail/detected_object__struct.hpp
-- Up-to-date symlink: /home/user/industrial_robotics_simulation_platform/install/apm_msgs/include/apm_msgs/apm_msgs/msg/detail/detected_object__traits.hpp
-- Up-to-date symlink: /home/user/industrial_robotics_simulation_platform/install/apm_msgs/include/apm_msgs/apm_msgs/msg/detail/detected_object__type_support.hpp
-- Up-to-date symlink: /home/user/industrial_robotics_simulation_platform/install/apm_msgs/include/apm_msgs/apm_msgs/msg/detail/detected_object_array__builder.hpp
-- Up-to-date symlink: /home/user/industrial_robotics_simulation_platform/install/apm_msgs/include/apm_msgs/apm_msgs/msg/detail/detected_object_array__struct.hpp
-- Up-to-date symlink: /home/user/industrial_robotics_simulation_platform/install/apm_msgs/include/apm_msgs/apm_msgs/msg/detail/detected_object_array__traits.hpp
-- Up-to-date symlink: /home/user/industrial_robotics_simulation_platform/install/apm_msgs/include/apm_msgs/apm_msgs/msg/detail/detected_object_array__type_support.hpp
-- Up-to-date symlink: /home/user/industrial_robotics_simulation_platform/install/apm_msgs/include/apm_msgs/apm_msgs/msg/detail/detection2_d__builder.hpp
-- Up-to-date symlink: /home/user/industrial_robotics_simulation_platform/install/apm_msgs/include/apm_msgs/apm_msgs/msg/detail/detection2_d__struct.hpp
-- Up-to-date symlink: /home/user/industrial_robotics_simulation_platform/install/apm_msgs/include/apm_msgs/apm_msgs/msg/detail/detection2_d__traits.hpp
-- Up-to-date symlink: /home/user/industrial_robotics_simulation_platform/install/apm_msgs/include/apm_msgs/apm_msgs/msg/detail/detection2_d__type_support.hpp
-- Up-to-date symlink: /home/user/industrial_robotics_simulation_platform/install/apm_msgs/include/apm_msgs/apm_msgs/msg/detail/detection2_d_array__builder.hpp
-- Up-to-date symlink: /home/user/industrial_robotics_simulation_platform/install/apm_msgs/include/apm_msgs/apm_msgs/msg/detail/detection2_d_array__struct.hpp
-- Up-to-date symlink: /home/user/industrial_robotics_simulation_platform/install/apm_msgs/include/apm_msgs/apm_msgs/msg/detail/detection2_d_array__traits.hpp
-- Up-to-date symlink: /home/user/industrial_robotics_simulation_platform/install/apm_msgs/include/apm_msgs/apm_msgs/msg/detail/detection2_d_array__type_support.hpp
-- Up-to-date symlink: /home/user/industrial_robotics_simulation_platform/install/apm_msgs/include/apm_msgs/apm_msgs/msg/detected_object.hpp
-- Up-to-date symlink: /home/user/industrial_robotics_simulation_platform/install/apm_msgs/include/apm_msgs/apm_msgs/msg/detected_object_array.hpp
-- Up-to-date symlink: /home/user/industrial_robotics_simulation_platform/install/apm_msgs/include/apm_msgs/apm_msgs/msg/detection2_d.hpp
-- Up-to-date symlink: /home/user/industrial_robotics_simulation_platform/install/apm_msgs/include/apm_msgs/apm_msgs/msg/detection2_d_array.hpp
-- Up-to-date symlink: /home/user/industrial_robotics_simulation_platform/install/apm_msgs/include/apm_msgs/apm_msgs/msg/rosidl_generator_cpp__visibility_control.hpp
-- Up-to-date symlink: /home/user/industrial_robotics_simulation_platform/install/apm_msgs/include/apm_msgs/apm_msgs/msg/detail/detected_object__rosidl_typesupport_fastrtps_cpp.hpp
-- Up-to-date symlink: /home/user/industrial_robotics_simulation_platform/install/apm_msgs/include/apm_msgs/apm_msgs/msg/detail/detected_object_array__rosidl_typesupport_fastrtps_cpp.hpp
-- Up-to-date symlink: /home/user/industrial_robotics_simulation_platform/install/apm_msgs/include/apm_msgs/apm_msgs/msg/detail/detection2_d__rosidl_typesupport_fastrtps_cpp.hpp
-- Up-to-date symlink: /home/user/industrial_robotics_simulation_platform/install/apm_msgs/include/apm_msgs/apm_msgs/msg/detail/detection2_d_array__rosidl_typesupport_fastrtps_cpp.hpp
-- Up-to-date symlink: /home/user/industrial_robotics_simulation_platform/install/apm_msgs/include/apm_msgs/apm_msgs/msg/rosidl_typesupport_fastrtps_cpp__visibility_control.h
-- Up-to-date symlink: /home/user/industrial_robotics_simulation_platform/install/apm_msgs/include/apm_msgs/apm_msgs/msg/detail/detected_object__rosidl_typesupport_introspection_c.h
-- Up-to-date symlink: /home/user/industrial_robotics_simulation_platform/install/apm_msgs/include/apm_msgs/apm_msgs/msg/detail/detected_object_array__rosidl_typesupport_introspection_c.h
-- Up-to-date symlink: /home/user/industrial_robotics_simulation_platform/install/apm_msgs/include/apm_msgs/apm_msgs/msg/detail/detection2_d__rosidl_typesupport_introspection_c.h
-- Up-to-date symlink: /home/user/industrial_robotics_simulation_platform/install/apm_msgs/include/apm_msgs/apm_msgs/msg/detail/detection2_d_array__rosidl_typesupport_introspection_c.h
-- Up-to-date symlink: /home/user/industrial_robotics_simulation_platform/install/apm_msgs/include/apm_msgs/apm_msgs/msg/rosidl_typesupport_introspection_c__visibility_control.h
-- Up-to-date symlink: /home/user/industrial_robotics_simulation_platform/install/apm_msgs/include/apm_msgs/apm_msgs/msg/detail/detected_object__rosidl_typesupport_introspection_cpp.hpp
-- Up-to-date symlink: /home/user/industrial_robotics_simulation_platform/install/apm_msgs/include/apm_msgs/apm_msgs/msg/detail/detected_object_array__rosidl_typesupport_introspection_cpp.hpp
-- Up-to-date symlink: /home/user/industrial_robotics_simulation_platform/install/apm_msgs/include/apm_msgs/apm_msgs/msg/detail/detection2_d__rosidl_typesupport_introspection_cpp.hpp
-- Up-to-date symlink: /home/user/industrial_robotics_simulation_platform/install/apm_msgs/include/apm_msgs/apm_msgs/msg/detail/detection2_d_array__rosidl_typesupport_introspection_cpp.hpp
-- Up-to-date symlink: /home/user/industrial_robotics_simulation_platform/install/apm_msgs/share/apm_msgs/environment/pythonpath.sh
-- Up-to-date symlink: /home/user/industrial_robotics_simulation_platform/install/apm_msgs/share/apm_msgs/environment/pythonpath.dsv
-- Up-to-date symlink: /home/user/industrial_robotics_simulation_platform/install/apm_msgs/local/lib/python3.10/dist-packages/apm_msgs-0.1.0-py3.10.egg-info/PKG-INFO
-- Up-to-date symlink: /home/user/industrial_robotics_simulation_platform/install/apm_msgs/local/lib/python3.10/dist-packages/apm_msgs-0.1.0-py3.10.egg-info/SOURCES.txt
-- Up-to-date symlink: /home/user/industrial_robotics_simulation_platform/install/apm_msgs/local/lib/python3.10/dist-packages/apm_msgs-0.1.0-py3.10.egg-info/dependency_links.txt
-- Up-to-date symlink: /home/user/industrial_robotics_simulation_platform/install/apm_msgs/local/lib/python3.10/dist-packages/apm_msgs-0.1.0-py3.10.egg-info/top_level.txt
-- Up-to-date symlink: /home/user/industrial_robotics_simulation_platform/install/apm_msgs/local/lib/python3.10/dist-packages/apm_msgs/__init__.py
-- Up-to-date symlink: /home/user/industrial_robotics_simulation_platform/install/apm_msgs/local/lib/python3.10/dist-packages/apm_msgs/_apm_msgs_s.ep.rosidl_typesupport_c.c
-- Up-to-date symlink: /home/user/industrial_robotics_simulation_platform/install/apm_msgs/local/lib/python3.10/dist-packages/apm_msgs/_apm_msgs_s.ep.rosidl_typesupport_fastrtps_c.c
-- Up-to-date symlink: /home/user/industrial_robotics_simulation_platform/install/apm_msgs/local/lib/python3.10/dist-packages/apm_msgs/_apm_msgs_s.ep.rosidl_typesupport_introspection_c.c
-- Up-to-date symlink: /home/user/industrial_robotics_simulation_platform/install/apm_msgs/local/lib/python3.10/dist-packages/apm_msgs/apm_msgs_s__rosidl_typesupport_c.cpython-310-x86_64-linux-gnu.so
-- Up-to-date symlink: /home/user/industrial_robotics_simulation_platform/install/apm_msgs/local/lib/python3.10/dist-packages/apm_msgs/apm_msgs_s__rosidl_typesupport_fastrtps_c.cpython-310-x86_64-linux-gnu.so
-- Up-to-date symlink: /home/user/industrial_robotics_simulation_platform/install/apm_msgs/local/lib/python3.10/dist-packages/apm_msgs/apm_msgs_s__rosidl_typesupport_introspection_c.cpython-310-x86_64-linux-gnu.so
-- Up-to-date symlink: /home/user/industrial_robotics_simulation_platform/install/apm_msgs/local/lib/python3.10/dist-packages/apm_msgs/libapm_msgs__rosidl_generator_py.so
-- Up-to-date symlink: /home/user/industrial_robotics_simulation_platform/install/apm_msgs/local/lib/python3.10/dist-packages/apm_msgs/msg/__init__.py
-- Up-to-date symlink: /home/user/industrial_robotics_simulation_platform/install/apm_msgs/local/lib/python3.10/dist-packages/apm_msgs/msg/_detected_object.py
-- Up-to-date symlink: /home/user/industrial_robotics_simulation_platform/install/apm_msgs/local/lib/python3.10/dist-packages/apm_msgs/msg/_detected_object_array.py
-- Up-to-date symlink: /home/user/industrial_robotics_simulation_platform/install/apm_msgs/local/lib/python3.10/dist-packages/apm_msgs/msg/_detected_object_array_s.c
-- Up-to-date symlink: /home/user/industrial_robotics_simulation_platform/install/apm_msgs/local/lib/python3.10/dist-packages/apm_msgs/msg/_detected_object_s.c
-- Up-to-date symlink: /home/user/industrial_robotics_simulation_platform/install/apm_msgs/local/lib/python3.10/dist-packages/apm_msgs/msg/_detection2_d.py
-- Up-to-date symlink: /home/user/industrial_robotics_simulation_platform/install/apm_msgs/local/lib/python3.10/dist-packages/apm_msgs/msg/_detection2_d_array.py
-- Up-to-date symlink: /home/user/industrial_robotics_simulation_platform/install/apm_msgs/local/lib/python3.10/dist-packages/apm_msgs/msg/_detection2_d_array_s.c
-- Up-to-date symlink: /home/user/industrial_robotics_simulation_platform/install/apm_msgs/local/lib/python3.10/dist-packages/apm_msgs/msg/_detection2_d_s.c
-- Up-to-date symlink: /home/user/industrial_robotics_simulation_platform/install/apm_msgs/local/lib/python3.10/dist-packages/apm_msgs/apm_msgs_s__rosidl_typesupport_fastrtps_c.cpython-310-x86_64-linux-gnu.so
-- Up-to-date symlink: /home/user/industrial_robotics_simulation_platform/install/apm_msgs/local/lib/python3.10/dist-packages/apm_msgs/apm_msgs_s__rosidl_typesupport_introspection_c.cpython-310-x86_64-linux-gnu.so
-- Up-to-date symlink: /home/user/industrial_robotics_simulation_platform/install/apm_msgs/local/lib/python3.10/dist-packages/apm_msgs/apm_msgs_s__rosidl_typesupport_c.cpython-310-x86_64-linux-gnu.so
-- Up-to-date symlink: /home/user/industrial_robotics_simulation_platform/install/apm_msgs/share/apm_msgs/msg/Detection2D.idl
-- Up-to-date symlink: /home/user/industrial_robotics_simulation_platform/install/apm_msgs/share/apm_msgs/msg/Detection2DArray.idl
-- Up-to-date symlink: /home/user/industrial_robotics_simulation_platform/install/apm_msgs/share/apm_msgs/msg/DetectedObject.idl
-- Up-to-date symlink: /home/user/industrial_robotics_simulation_platform/install/apm_msgs/share/apm_msgs/msg/DetectedObjectArray.idl
-- Up-to-date symlink: /home/user/industrial_robotics_simulation_platform/install/apm_msgs/share/apm_msgs/msg/Detection2D.msg
-- Up-to-date symlink: /home/user/industrial_robotics_simulation_platform/install/apm_msgs/share/apm_msgs/msg/Detection2DArray.msg
-- Up-to-date symlink: /home/user/industrial_robotics_simulation_platform/install/apm_msgs/share/apm_msgs/msg/DetectedObject.msg
-- Up-to-date symlink: /home/user/industrial_robotics_simulation_platform/install/apm_msgs/share/apm_msgs/msg/DetectedObjectArray.msg
-- Up-to-date symlink: /home/user/industrial_robotics_simulation_platform/install/apm_msgs/share/ament_index/resource_index/package_run_dependencies/apm_msgs
-- Up-to-date symlink: /home/user/industrial_robotics_simulation_platform/install/apm_msgs/share/ament_index/resource_index/parent_prefix_path/apm_msgs
-- Up-to-date symlink: /home/user/industrial_robotics_simulation_platform/install/apm_msgs/share/apm_msgs/environment/ament_prefix_path.sh
-- Up-to-date symlink: /home/user/industrial_robotics_simulation_platform/install/apm_msgs/share/apm_msgs/environment/ament_prefix_path.dsv
-- Up-to-date symlink: /home/user/industrial_robotics_simulation_platform/install/apm_msgs/share/apm_msgs/environment/path.sh
-- Up-to-date symlink: /home/user/industrial_robotics_simulation_platform/install/apm_msgs/share/apm_msgs/environment/path.dsv
-- Up-to-date symlink: /home/user/industrial_robotics_simulation_platform/install/apm_msgs/share/apm_msgs/local_setup.bash
-- Up-to-date symlink: /home/user/industrial_robotics_simulation_platform/install/apm_msgs/share/apm_msgs/local_setup.sh
-- Up-to-date symlink: /home/user/industrial_robotics_simulation_platform/install/apm_msgs/share/apm_msgs/local_setup.zsh
-- Up-to-date symlink: /home/user/industrial_robotics_simulation_platform/install/apm_msgs/share/apm_msgs/local_setup.dsv
-- Symlinking: /home/user/industrial_robotics_simulation_platform/install/apm_msgs/share/apm_msgs/package.dsv
-- Up-to-date symlink: /home/user/industrial_robotics_simulation_platform/install/apm_msgs/share/ament_index/resource_index/packages/apm_msgs
-- Up-to-date symlink: /home/user/industrial_robotics_simulation_platform/install/apm_msgs/share/apm_msgs/cmake/rosidl_cmake-extras.cmake
-- Up-to-date symlink: /home/user/industrial_robotics_simulation_platform/install/apm_msgs/share/apm_msgs/cmake/ament_cmake_export_dependencies-extras.cmake
-- Up-to-date symlink: /home/user/industrial_robotics_simulation_platform/install/apm_msgs/share/apm_msgs/cmake/ament_cmake_export_include_directories-extras.cmake
-- Up-to-date symlink: /home/user/industrial_robotics_simulation_platform/install/apm_msgs/share/apm_msgs/cmake/ament_cmake_export_libraries-extras.cmake
-- Up-to-date symlink: /home/user/industrial_robotics_simulation_platform/install/apm_msgs/share/apm_msgs/cmake/ament_cmake_export_targets-extras.cmake
-- Up-to-date symlink: /home/user/industrial_robotics_simulation_platform/install/apm_msgs/share/apm_msgs/cmake/rosidl_cmake_export_typesupport_targets-extras.cmake
-- Up-to-date symlink: /home/user/industrial_robotics_simulation_platform/install/apm_msgs/share/apm_msgs/cmake/rosidl_cmake_export_typesupport_libraries-extras.cmake
-- Up-to-date symlink: /home/user/industrial_robotics_simulation_platform/install/apm_msgs/share/apm_msgs/cmake/apm_msgsConfig.cmake
-- Up-to-date symlink: /home/user/industrial_robotics_simulation_platform/install/apm_msgs/share/apm_msgs/cmake/apm_msgsConfig-version.cmake
-- Up-to-date symlink: /home/user/industrial_robotics_simulation_platform/install/apm_msgs/share/apm_msgs/package.xml
-- Up-to-date: /home/user/industrial_robotics_simulation_platform/install/apm_msgs/lib/libapm_msgs__rosidl_generator_c.so
-- Up-to-date: /home/user/industrial_robotics_simulation_platform/install/apm_msgs/lib/libapm_msgs__rosidl_typesupport_fastrtps_c.so
-- Up-to-date: /home/user/industrial_robotics_simulation_platform/install/apm_msgs/lib/libapm_msgs__rosidl_typesupport_fastrtps_cpp.so
-- Up-to-date: /home/user/industrial_robotics_simulation_platform/install/apm_msgs/lib/libapm_msgs__rosidl_typesupport_introspection_c.so
-- Up-to-date: /home/user/industrial_robotics_simulation_platform/install/apm_msgs/lib/libapm_msgs__rosidl_typesupport_c.so
-- Up-to-date: /home/user/industrial_robotics_simulation_platform/install/apm_msgs/lib/libapm_msgs__rosidl_typesupport_introspection_cpp.so
-- Up-to-date: /home/user/industrial_robotics_simulation_platform/install/apm_msgs/lib/libapm_msgs__rosidl_typesupport_cpp.so
Listing '/home/user/industrial_robotics_simulation_platform/install/apm_msgs/local/lib/python3.10/dist-packages/apm_msgs'...
Compiling '/home/user/industrial_robotics_simulation_platform/install/apm_msgs/local/lib/python3.10/dist-packages/apm_msgs/__init__.py'...
Listing '/home/user/industrial_robotics_simulation_platform/install/apm_msgs/local/lib/python3.10/dist-packages/apm_msgs/msg'...
-- Up-to-date: /home/user/industrial_robotics_simulation_platform/install/apm_msgs/lib/libapm_msgs__rosidl_generator_py.so
-- Up-to-date: /home/user/industrial_robotics_simulation_platform/install/apm_msgs/share/apm_msgs/cmake/export_apm_msgs__rosidl_generator_cExport.cmake
-- Up-to-date: /home/user/industrial_robotics_simulation_platform/install/apm_msgs/share/apm_msgs/cmake/export_apm_msgs__rosidl_generator_cExport-noconfig.cmake
-- Up-to-date: /home/user/industrial_robotics_simulation_platform/install/apm_msgs/share/apm_msgs/cmake/export_apm_msgs__rosidl_typesupport_fastrtps_cExport.cmake
-- Up-to-date: /home/user/industrial_robotics_simulation_platform/install/apm_msgs/share/apm_msgs/cmake/export_apm_msgs__rosidl_typesupport_fastrtps_cExport-noconfig.cmake
-- Up-to-date: /home/user/industrial_robotics_simulation_platform/install/apm_msgs/share/apm_msgs/cmake/export_apm_msgs__rosidl_generator_cppExport.cmake
-- Up-to-date: /home/user/industrial_robotics_simulation_platform/install/apm_msgs/share/apm_msgs/cmake/export_apm_msgs__rosidl_typesupport_fastrtps_cppExport.cmake
-- Up-to-date: /home/user/industrial_robotics_simulation_platform/install/apm_msgs/share/apm_msgs/cmake/export_apm_msgs__rosidl_typesupport_fastrtps_cppExport-noconfig.cmake
-- Up-to-date: /home/user/industrial_robotics_simulation_platform/install/apm_msgs/share/apm_msgs/cmake/apm_msgs__rosidl_typesupport_introspection_cExport.cmake
-- Up-to-date: /home/user/industrial_robotics_simulation_platform/install/apm_msgs/share/apm_msgs/cmake/apm_msgs__rosidl_typesupport_introspection_cExport-noconfig.cmake
-- Up-to-date: /home/user/industrial_robotics_simulation_platform/install/apm_msgs/share/apm_msgs/cmake/apm_msgs__rosidl_typesupport_cExport.cmake
-- Up-to-date: /home/user/industrial_robotics_simulation_platform/install/apm_msgs/share/apm_msgs/cmake/apm_msgs__rosidl_typesupport_cExport-noconfig.cmake
-- Up-to-date: /home/user/industrial_robotics_simulation_platform/install/apm_msgs/share/apm_msgs/cmake/apm_msgs__rosidl_typesupport_introspection_cppExport.cmake
-- Up-to-date: /home/user/industrial_robotics_simulation_platform/install/apm_msgs/share/apm_msgs/cmake/apm_msgs__rosidl_typesupport_introspection_cppExport-noconfig.cmake
-- Up-to-date: /home/user/industrial_robotics_simulation_platform/install/apm_msgs/share/apm_msgs/cmake/apm_msgs__rosidl_typesupport_cppExport.cmake
-- Up-to-date: /home/user/industrial_robotics_simulation_platform/install/apm_msgs/share/apm_msgs/cmake/apm_msgs__rosidl_typesupport_cppExport-noconfig.cmake
-- Up-to-date: /home/user/industrial_robotics_simulation_platform/install/apm_msgs/share/apm_msgs/cmake/export_apm_msgs__rosidl_generator_pyExport.cmake
-- Up-to-date: /home/user/industrial_robotics_simulation_platform/install/apm_msgs/share/apm_msgs/cmake/export_apm_msgs__rosidl_generator_pyExport-noconfig.cmake
