[0.122s] Invoking command in '/home/user/industrial_robotics_simulation_platform/build/apm_msgs': CMAKE_PREFIX_PATH=/opt/ros/humble /usr/bin/cmake /home/user/industrial_robotics_simulation_platform/src/apm_msgs -DCMAKE_INSTALL_PREFIX=/home/user/industrial_robotics_simulation_platform/install/apm_msgs
[0.683s] -- Found ament_cmake: 1.3.11 (/opt/ros/humble/share/ament_cmake/cmake)
[1.043s] -- Override CMake install command with custom implementation using symlinks instead of copying resources
[1.164s] -- Found std_msgs: 4.8.0 (/opt/ros/humble/share/std_msgs/cmake)
[1.467s] -- Found rosidl_generator_c: 3.1.6 (/opt/ros/humble/share/rosidl_generator_c/cmake)
[1.495s] -- Found rosidl_adapter: 3.1.6 (/opt/ros/humble/share/rosidl_adapter/cmake)
[1.548s] -- Found rosidl_generator_cpp: 3.1.6 (/opt/ros/humble/share/rosidl_generator_cpp/cmake)
[1.649s] -- Using all available rosidl_typesupport_c: rosidl_typesupport_fastrtps_c;rosidl_typesupport_introspection_c
[1.701s] -- Using all available rosidl_typesupport_cpp: rosidl_typesupport_fastrtps_cpp;rosidl_typesupport_introspection_cpp
[1.846s] -- Found sensor_msgs: 4.8.0 (/opt/ros/humble/share/sensor_msgs/cmake)
[2.047s] -- Found rosidl_default_generators: 1.2.0 (/opt/ros/humble/share/rosidl_default_generators/cmake)
[2.924s] -- Found ament_cmake_ros: 0.10.0 (/opt/ros/humble/share/ament_cmake_ros/cmake)
[3.774s] -- Using all available rosidl_typesupport_c: rosidl_typesupport_fastrtps_c;rosidl_typesupport_introspection_c
[4.018s] -- Using all available rosidl_typesupport_cpp: rosidl_typesupport_fastrtps_cpp;rosidl_typesupport_introspection_cpp
[4.118s] -- Found python_cmake_module: 0.10.0 (/opt/ros/humble/share/python_cmake_module/cmake)
[4.269s] -- Using PYTHON_EXECUTABLE: /usr/bin/python3
[4.269s] -- Using PYTHON_INCLUDE_DIRS: /usr/include/python3.10
[4.269s] -- Using PYTHON_LIBRARIES: /usr/lib/x86_64-linux-gnu/libpython3.10.so
[4.460s] -- Configuring done
[4.851s] -- Generating done
[4.871s] -- Build files have been written to: /home/user/industrial_robotics_simulation_platform/build/apm_msgs
[4.880s] Invoked command in '/home/user/industrial_robotics_simulation_platform/build/apm_msgs' returned '0': CMAKE_PREFIX_PATH=/opt/ros/humble /usr/bin/cmake /home/user/industrial_robotics_simulation_platform/src/apm_msgs -DCMAKE_INSTALL_PREFIX=/home/user/industrial_robotics_simulation_platform/install/apm_msgs
[4.881s] Invoking command in '/home/user/industrial_robotics_simulation_platform/build/apm_msgs': CMAKE_PREFIX_PATH=/opt/ros/humble /usr/bin/cmake --build /home/user/industrial_robotics_simulation_platform/build/apm_msgs -- -j8 -l8
[4.960s] [  1%] Built target apm_msgs__cpp
[4.968s] [35m[1mConsolidate compiler generated dependencies of target apm_msgs__rosidl_generator_c[0m
[4.977s] [  1%] Built target ament_cmake_python_symlink_apm_msgs
[4.995s] [35m[1mConsolidate compiler generated dependencies of target apm_msgs__rosidl_typesupport_cpp[0m
[5.026s] [35m[1mConsolidate compiler generated dependencies of target apm_msgs__rosidl_typesupport_introspection_cpp[0m
[5.045s] [35m[1mConsolidate compiler generated dependencies of target apm_msgs__rosidl_typesupport_fastrtps_cpp[0m
[5.227s] [ 23%] Built target apm_msgs__rosidl_typesupport_cpp
[5.227s] [ 21%] Built target apm_msgs__rosidl_generator_c
[5.230s] [ 38%] Built target apm_msgs__rosidl_typesupport_introspection_cpp
[5.230s] [ 45%] Built target apm_msgs__rosidl_typesupport_fastrtps_cpp
[5.253s] [35m[1mConsolidate compiler generated dependencies of target apm_msgs__rosidl_typesupport_introspection_c[0m
[5.253s] [35m[1mConsolidate compiler generated dependencies of target apm_msgs__rosidl_typesupport_fastrtps_c[0m
[5.253s] [35m[1mConsolidate compiler generated dependencies of target apm_msgs__rosidl_typesupport_c[0m
[5.278s] [ 56%] Built target apm_msgs__rosidl_typesupport_c
[5.285s] [ 67%] Built target apm_msgs__rosidl_typesupport_fastrtps_c
[5.289s] [ 78%] Built target apm_msgs__rosidl_typesupport_introspection_c
[5.352s] running egg_info
[5.352s] writing apm_msgs.egg-info/PKG-INFO
[5.353s] writing dependency_links to apm_msgs.egg-info/dependency_links.txt
[5.353s] writing top-level names to apm_msgs.egg-info/top_level.txt
[5.356s] reading manifest file 'apm_msgs.egg-info/SOURCES.txt'
[5.386s] writing manifest file 'apm_msgs.egg-info/SOURCES.txt'
[5.423s] [ 78%] Built target apm_msgs
[5.427s] [ 78%] Built target ament_cmake_python_build_apm_msgs_egg
[5.457s] [ 80%] Built target apm_msgs__py
[5.486s] [35m[1mConsolidate compiler generated dependencies of target apm_msgs__rosidl_generator_py[0m
[5.589s] [ 89%] Built target apm_msgs__rosidl_generator_py
[5.612s] [35m[1mConsolidate compiler generated dependencies of target apm_msgs__rosidl_typesupport_fastrtps_c__pyext[0m
[5.612s] [35m[1mConsolidate compiler generated dependencies of target apm_msgs__rosidl_typesupport_introspection_c__pyext[0m
[5.612s] [35m[1mConsolidate compiler generated dependencies of target apm_msgs__rosidl_typesupport_c__pyext[0m
[5.631s] [ 96%] Built target apm_msgs__rosidl_typesupport_c__pyext
[5.631s] [ 96%] Built target apm_msgs__rosidl_typesupport_fastrtps_c__pyext
[5.631s] [100%] Built target apm_msgs__rosidl_typesupport_introspection_c__pyext
[5.646s] Invoked command in '/home/user/industrial_robotics_simulation_platform/build/apm_msgs' returned '0': CMAKE_PREFIX_PATH=/opt/ros/humble /usr/bin/cmake --build /home/user/industrial_robotics_simulation_platform/build/apm_msgs -- -j8 -l8
[5.650s] Invoking command in '/home/user/industrial_robotics_simulation_platform/build/apm_msgs': CMAKE_PREFIX_PATH=/opt/ros/humble /usr/bin/cmake --install /home/user/industrial_robotics_simulation_platform/build/apm_msgs
[5.660s] -- Install configuration: ""
[5.660s] -- Execute custom install script
[5.662s] -- Up-to-date symlink: /home/user/industrial_robotics_simulation_platform/install/apm_msgs/share/ament_index/resource_index/rosidl_interfaces/apm_msgs
[5.668s] -- Up-to-date symlink: /home/user/industrial_robotics_simulation_platform/install/apm_msgs/include/apm_msgs/apm_msgs/msg/detail/detected_object__functions.h
[5.669s] -- Up-to-date symlink: /home/user/industrial_robotics_simulation_platform/install/apm_msgs/include/apm_msgs/apm_msgs/msg/detail/detected_object__struct.h
[5.671s] -- Up-to-date symlink: /home/user/industrial_robotics_simulation_platform/install/apm_msgs/include/apm_msgs/apm_msgs/msg/detail/detected_object__type_support.h
[5.671s] -- Up-to-date symlink: /home/user/industrial_robotics_simulation_platform/install/apm_msgs/include/apm_msgs/apm_msgs/msg/detail/detected_object_array__functions.h
[5.672s] -- Up-to-date symlink: /home/user/industrial_robotics_simulation_platform/install/apm_msgs/include/apm_msgs/apm_msgs/msg/detail/detected_object_array__struct.h
[5.673s] -- Up-to-date symlink: /home/user/industrial_robotics_simulation_platform/install/apm_msgs/include/apm_msgs/apm_msgs/msg/detail/detected_object_array__type_support.h
[5.674s] -- Up-to-date symlink: /home/user/industrial_robotics_simulation_platform/install/apm_msgs/include/apm_msgs/apm_msgs/msg/detail/detection2_d__functions.h
[5.676s] -- Up-to-date symlink: /home/user/industrial_robotics_simulation_platform/install/apm_msgs/include/apm_msgs/apm_msgs/msg/detail/detection2_d__struct.h
[5.676s] -- Up-to-date symlink: /home/user/industrial_robotics_simulation_platform/install/apm_msgs/include/apm_msgs/apm_msgs/msg/detail/detection2_d__type_support.h
[5.678s] -- Up-to-date symlink: /home/user/industrial_robotics_simulation_platform/install/apm_msgs/include/apm_msgs/apm_msgs/msg/detail/detection2_d_array__functions.h
[5.678s] -- Up-to-date symlink: /home/user/industrial_robotics_simulation_platform/install/apm_msgs/include/apm_msgs/apm_msgs/msg/detail/detection2_d_array__struct.h
[5.679s] -- Up-to-date symlink: /home/user/industrial_robotics_simulation_platform/install/apm_msgs/include/apm_msgs/apm_msgs/msg/detail/detection2_d_array__type_support.h
[5.680s] -- Up-to-date symlink: /home/user/industrial_robotics_simulation_platform/install/apm_msgs/include/apm_msgs/apm_msgs/msg/detected_object.h
[5.681s] -- Up-to-date symlink: /home/user/industrial_robotics_simulation_platform/install/apm_msgs/include/apm_msgs/apm_msgs/msg/detected_object_array.h
[5.682s] -- Up-to-date symlink: /home/user/industrial_robotics_simulation_platform/install/apm_msgs/include/apm_msgs/apm_msgs/msg/detection2_d.h
[5.683s] -- Up-to-date symlink: /home/user/industrial_robotics_simulation_platform/install/apm_msgs/include/apm_msgs/apm_msgs/msg/detection2_d_array.h
[5.684s] -- Up-to-date symlink: /home/user/industrial_robotics_simulation_platform/install/apm_msgs/include/apm_msgs/apm_msgs/msg/rosidl_generator_c__visibility_control.h
[5.685s] -- Up-to-date symlink: /home/user/industrial_robotics_simulation_platform/install/apm_msgs/share/apm_msgs/environment/library_path.sh
[5.685s] -- Up-to-date symlink: /home/user/industrial_robotics_simulation_platform/install/apm_msgs/share/apm_msgs/environment/library_path.dsv
[5.687s] -- Up-to-date symlink: /home/user/industrial_robotics_simulation_platform/install/apm_msgs/include/apm_msgs/apm_msgs/msg/detail/detected_object__rosidl_typesupport_fastrtps_c.h
[5.688s] -- Up-to-date symlink: /home/user/industrial_robotics_simulation_platform/install/apm_msgs/include/apm_msgs/apm_msgs/msg/detail/detected_object_array__rosidl_typesupport_fastrtps_c.h
[5.688s] -- Up-to-date symlink: /home/user/industrial_robotics_simulation_platform/install/apm_msgs/include/apm_msgs/apm_msgs/msg/detail/detection2_d__rosidl_typesupport_fastrtps_c.h
[5.689s] -- Up-to-date symlink: /home/user/industrial_robotics_simulation_platform/install/apm_msgs/include/apm_msgs/apm_msgs/msg/detail/detection2_d_array__rosidl_typesupport_fastrtps_c.h
[5.690s] -- Up-to-date symlink: /home/user/industrial_robotics_simulation_platform/install/apm_msgs/include/apm_msgs/apm_msgs/msg/rosidl_typesupport_fastrtps_c__visibility_control.h
[5.691s] -- Up-to-date symlink: /home/user/industrial_robotics_simulation_platform/install/apm_msgs/include/apm_msgs/apm_msgs/msg/detail/detected_object__builder.hpp
[5.692s] -- Up-to-date symlink: /home/user/industrial_robotics_simulation_platform/install/apm_msgs/include/apm_msgs/apm_msgs/msg/detail/detected_object__struct.hpp
[5.693s] -- Up-to-date symlink: /home/user/industrial_robotics_simulation_platform/install/apm_msgs/include/apm_msgs/apm_msgs/msg/detail/detected_object__traits.hpp
[5.694s] -- Up-to-date symlink: /home/user/industrial_robotics_simulation_platform/install/apm_msgs/include/apm_msgs/apm_msgs/msg/detail/detected_object__type_support.hpp
[5.695s] -- Up-to-date symlink: /home/user/industrial_robotics_simulation_platform/install/apm_msgs/include/apm_msgs/apm_msgs/msg/detail/detected_object_array__builder.hpp
[5.696s] -- Up-to-date symlink: /home/user/industrial_robotics_simulation_platform/install/apm_msgs/include/apm_msgs/apm_msgs/msg/detail/detected_object_array__struct.hpp
[5.697s] -- Up-to-date symlink: /home/user/industrial_robotics_simulation_platform/install/apm_msgs/include/apm_msgs/apm_msgs/msg/detail/detected_object_array__traits.hpp
[5.698s] -- Up-to-date symlink: /home/user/industrial_robotics_simulation_platform/install/apm_msgs/include/apm_msgs/apm_msgs/msg/detail/detected_object_array__type_support.hpp
[5.699s] -- Up-to-date symlink: /home/user/industrial_robotics_simulation_platform/install/apm_msgs/include/apm_msgs/apm_msgs/msg/detail/detection2_d__builder.hpp
[5.699s] -- Up-to-date symlink: /home/user/industrial_robotics_simulation_platform/install/apm_msgs/include/apm_msgs/apm_msgs/msg/detail/detection2_d__struct.hpp
[5.700s] -- Up-to-date symlink: /home/user/industrial_robotics_simulation_platform/install/apm_msgs/include/apm_msgs/apm_msgs/msg/detail/detection2_d__traits.hpp
[5.701s] -- Up-to-date symlink: /home/user/industrial_robotics_simulation_platform/install/apm_msgs/include/apm_msgs/apm_msgs/msg/detail/detection2_d__type_support.hpp
[5.702s] -- Up-to-date symlink: /home/user/industrial_robotics_simulation_platform/install/apm_msgs/include/apm_msgs/apm_msgs/msg/detail/detection2_d_array__builder.hpp
[5.703s] -- Up-to-date symlink: /home/user/industrial_robotics_simulation_platform/install/apm_msgs/include/apm_msgs/apm_msgs/msg/detail/detection2_d_array__struct.hpp
[5.704s] -- Up-to-date symlink: /home/user/industrial_robotics_simulation_platform/install/apm_msgs/include/apm_msgs/apm_msgs/msg/detail/detection2_d_array__traits.hpp
[5.705s] -- Up-to-date symlink: /home/user/industrial_robotics_simulation_platform/install/apm_msgs/include/apm_msgs/apm_msgs/msg/detail/detection2_d_array__type_support.hpp
[5.706s] -- Up-to-date symlink: /home/user/industrial_robotics_simulation_platform/install/apm_msgs/include/apm_msgs/apm_msgs/msg/detected_object.hpp
[5.707s] -- Up-to-date symlink: /home/user/industrial_robotics_simulation_platform/install/apm_msgs/include/apm_msgs/apm_msgs/msg/detected_object_array.hpp
[5.707s] -- Up-to-date symlink: /home/user/industrial_robotics_simulation_platform/install/apm_msgs/include/apm_msgs/apm_msgs/msg/detection2_d.hpp
[5.708s] -- Up-to-date symlink: /home/user/industrial_robotics_simulation_platform/install/apm_msgs/include/apm_msgs/apm_msgs/msg/detection2_d_array.hpp
[5.709s] -- Up-to-date symlink: /home/user/industrial_robotics_simulation_platform/install/apm_msgs/include/apm_msgs/apm_msgs/msg/rosidl_generator_cpp__visibility_control.hpp
[5.710s] -- Up-to-date symlink: /home/user/industrial_robotics_simulation_platform/install/apm_msgs/include/apm_msgs/apm_msgs/msg/detail/detected_object__rosidl_typesupport_fastrtps_cpp.hpp
[5.711s] -- Up-to-date symlink: /home/user/industrial_robotics_simulation_platform/install/apm_msgs/include/apm_msgs/apm_msgs/msg/detail/detected_object_array__rosidl_typesupport_fastrtps_cpp.hpp
[5.712s] -- Up-to-date symlink: /home/user/industrial_robotics_simulation_platform/install/apm_msgs/include/apm_msgs/apm_msgs/msg/detail/detection2_d__rosidl_typesupport_fastrtps_cpp.hpp
[5.713s] -- Up-to-date symlink: /home/user/industrial_robotics_simulation_platform/install/apm_msgs/include/apm_msgs/apm_msgs/msg/detail/detection2_d_array__rosidl_typesupport_fastrtps_cpp.hpp
[5.714s] -- Up-to-date symlink: /home/user/industrial_robotics_simulation_platform/install/apm_msgs/include/apm_msgs/apm_msgs/msg/rosidl_typesupport_fastrtps_cpp__visibility_control.h
[5.715s] -- Up-to-date symlink: /home/user/industrial_robotics_simulation_platform/install/apm_msgs/include/apm_msgs/apm_msgs/msg/detail/detected_object__rosidl_typesupport_introspection_c.h
[5.716s] -- Up-to-date symlink: /home/user/industrial_robotics_simulation_platform/install/apm_msgs/include/apm_msgs/apm_msgs/msg/detail/detected_object_array__rosidl_typesupport_introspection_c.h
[5.717s] -- Up-to-date symlink: /home/user/industrial_robotics_simulation_platform/install/apm_msgs/include/apm_msgs/apm_msgs/msg/detail/detection2_d__rosidl_typesupport_introspection_c.h
[5.718s] -- Up-to-date symlink: /home/user/industrial_robotics_simulation_platform/install/apm_msgs/include/apm_msgs/apm_msgs/msg/detail/detection2_d_array__rosidl_typesupport_introspection_c.h
[5.719s] -- Up-to-date symlink: /home/user/industrial_robotics_simulation_platform/install/apm_msgs/include/apm_msgs/apm_msgs/msg/rosidl_typesupport_introspection_c__visibility_control.h
[5.720s] -- Up-to-date symlink: /home/user/industrial_robotics_simulation_platform/install/apm_msgs/include/apm_msgs/apm_msgs/msg/detail/detected_object__rosidl_typesupport_introspection_cpp.hpp
[5.721s] -- Up-to-date symlink: /home/user/industrial_robotics_simulation_platform/install/apm_msgs/include/apm_msgs/apm_msgs/msg/detail/detected_object_array__rosidl_typesupport_introspection_cpp.hpp
[5.722s] -- Up-to-date symlink: /home/user/industrial_robotics_simulation_platform/install/apm_msgs/include/apm_msgs/apm_msgs/msg/detail/detection2_d__rosidl_typesupport_introspection_cpp.hpp
[5.723s] -- Up-to-date symlink: /home/user/industrial_robotics_simulation_platform/install/apm_msgs/include/apm_msgs/apm_msgs/msg/detail/detection2_d_array__rosidl_typesupport_introspection_cpp.hpp
[5.724s] -- Up-to-date symlink: /home/user/industrial_robotics_simulation_platform/install/apm_msgs/share/apm_msgs/environment/pythonpath.sh
[5.724s] -- Up-to-date symlink: /home/user/industrial_robotics_simulation_platform/install/apm_msgs/share/apm_msgs/environment/pythonpath.dsv
[5.725s] -- Up-to-date symlink: /home/user/industrial_robotics_simulation_platform/install/apm_msgs/local/lib/python3.10/dist-packages/apm_msgs-0.1.0-py3.10.egg-info/PKG-INFO
[5.726s] -- Up-to-date symlink: /home/user/industrial_robotics_simulation_platform/install/apm_msgs/local/lib/python3.10/dist-packages/apm_msgs-0.1.0-py3.10.egg-info/SOURCES.txt
[5.727s] -- Up-to-date symlink: /home/user/industrial_robotics_simulation_platform/install/apm_msgs/local/lib/python3.10/dist-packages/apm_msgs-0.1.0-py3.10.egg-info/dependency_links.txt
[5.727s] -- Up-to-date symlink: /home/user/industrial_robotics_simulation_platform/install/apm_msgs/local/lib/python3.10/dist-packages/apm_msgs-0.1.0-py3.10.egg-info/top_level.txt
[5.730s] -- Up-to-date symlink: /home/user/industrial_robotics_simulation_platform/install/apm_msgs/local/lib/python3.10/dist-packages/apm_msgs/__init__.py
[5.730s] -- Up-to-date symlink: /home/user/industrial_robotics_simulation_platform/install/apm_msgs/local/lib/python3.10/dist-packages/apm_msgs/_apm_msgs_s.ep.rosidl_typesupport_c.c
[5.732s] -- Up-to-date symlink: /home/user/industrial_robotics_simulation_platform/install/apm_msgs/local/lib/python3.10/dist-packages/apm_msgs/_apm_msgs_s.ep.rosidl_typesupport_fastrtps_c.c
[5.732s] -- Up-to-date symlink: /home/user/industrial_robotics_simulation_platform/install/apm_msgs/local/lib/python3.10/dist-packages/apm_msgs/_apm_msgs_s.ep.rosidl_typesupport_introspection_c.c
[5.734s] -- Up-to-date symlink: /home/user/industrial_robotics_simulation_platform/install/apm_msgs/local/lib/python3.10/dist-packages/apm_msgs/apm_msgs_s__rosidl_typesupport_c.cpython-310-x86_64-linux-gnu.so
[5.734s] -- Up-to-date symlink: /home/user/industrial_robotics_simulation_platform/install/apm_msgs/local/lib/python3.10/dist-packages/apm_msgs/apm_msgs_s__rosidl_typesupport_fastrtps_c.cpython-310-x86_64-linux-gnu.so
[5.735s] -- Up-to-date symlink: /home/user/industrial_robotics_simulation_platform/install/apm_msgs/local/lib/python3.10/dist-packages/apm_msgs/apm_msgs_s__rosidl_typesupport_introspection_c.cpython-310-x86_64-linux-gnu.so
[5.736s] -- Up-to-date symlink: /home/user/industrial_robotics_simulation_platform/install/apm_msgs/local/lib/python3.10/dist-packages/apm_msgs/libapm_msgs__rosidl_generator_py.so
[5.738s] -- Up-to-date symlink: /home/user/industrial_robotics_simulation_platform/install/apm_msgs/local/lib/python3.10/dist-packages/apm_msgs/msg/__init__.py
[5.739s] -- Up-to-date symlink: /home/user/industrial_robotics_simulation_platform/install/apm_msgs/local/lib/python3.10/dist-packages/apm_msgs/msg/_detected_object.py
[5.740s] -- Up-to-date symlink: /home/user/industrial_robotics_simulation_platform/install/apm_msgs/local/lib/python3.10/dist-packages/apm_msgs/msg/_detected_object_array.py
[5.741s] -- Up-to-date symlink: /home/user/industrial_robotics_simulation_platform/install/apm_msgs/local/lib/python3.10/dist-packages/apm_msgs/msg/_detected_object_array_s.c
[5.742s] -- Up-to-date symlink: /home/user/industrial_robotics_simulation_platform/install/apm_msgs/local/lib/python3.10/dist-packages/apm_msgs/msg/_detected_object_s.c
[5.743s] -- Up-to-date symlink: /home/user/industrial_robotics_simulation_platform/install/apm_msgs/local/lib/python3.10/dist-packages/apm_msgs/msg/_detection2_d.py
[5.744s] -- Up-to-date symlink: /home/user/industrial_robotics_simulation_platform/install/apm_msgs/local/lib/python3.10/dist-packages/apm_msgs/msg/_detection2_d_array.py
[5.745s] -- Up-to-date symlink: /home/user/industrial_robotics_simulation_platform/install/apm_msgs/local/lib/python3.10/dist-packages/apm_msgs/msg/_detection2_d_array_s.c
[5.746s] -- Up-to-date symlink: /home/user/industrial_robotics_simulation_platform/install/apm_msgs/local/lib/python3.10/dist-packages/apm_msgs/msg/_detection2_d_s.c
[5.746s] -- Up-to-date symlink: /home/user/industrial_robotics_simulation_platform/install/apm_msgs/local/lib/python3.10/dist-packages/apm_msgs/apm_msgs_s__rosidl_typesupport_fastrtps_c.cpython-310-x86_64-linux-gnu.so
[5.747s] -- Up-to-date symlink: /home/user/industrial_robotics_simulation_platform/install/apm_msgs/local/lib/python3.10/dist-packages/apm_msgs/apm_msgs_s__rosidl_typesupport_introspection_c.cpython-310-x86_64-linux-gnu.so
[5.747s] -- Up-to-date symlink: /home/user/industrial_robotics_simulation_platform/install/apm_msgs/local/lib/python3.10/dist-packages/apm_msgs/apm_msgs_s__rosidl_typesupport_c.cpython-310-x86_64-linux-gnu.so
[5.748s] -- Up-to-date symlink: /home/user/industrial_robotics_simulation_platform/install/apm_msgs/share/apm_msgs/msg/Detection2D.idl
[5.749s] -- Up-to-date symlink: /home/user/industrial_robotics_simulation_platform/install/apm_msgs/share/apm_msgs/msg/Detection2DArray.idl
[5.750s] -- Up-to-date symlink: /home/user/industrial_robotics_simulation_platform/install/apm_msgs/share/apm_msgs/msg/DetectedObject.idl
[5.751s] -- Up-to-date symlink: /home/user/industrial_robotics_simulation_platform/install/apm_msgs/share/apm_msgs/msg/DetectedObjectArray.idl
[5.752s] -- Up-to-date symlink: /home/user/industrial_robotics_simulation_platform/install/apm_msgs/share/apm_msgs/msg/Detection2D.msg
[5.753s] -- Up-to-date symlink: /home/user/industrial_robotics_simulation_platform/install/apm_msgs/share/apm_msgs/msg/Detection2DArray.msg
[5.754s] -- Up-to-date symlink: /home/user/industrial_robotics_simulation_platform/install/apm_msgs/share/apm_msgs/msg/DetectedObject.msg
[5.755s] -- Up-to-date symlink: /home/user/industrial_robotics_simulation_platform/install/apm_msgs/share/apm_msgs/msg/DetectedObjectArray.msg
[5.755s] -- Up-to-date symlink: /home/user/industrial_robotics_simulation_platform/install/apm_msgs/share/ament_index/resource_index/package_run_dependencies/apm_msgs
[5.757s] -- Up-to-date symlink: /home/user/industrial_robotics_simulation_platform/install/apm_msgs/share/ament_index/resource_index/parent_prefix_path/apm_msgs
[5.758s] -- Up-to-date symlink: /home/user/industrial_robotics_simulation_platform/install/apm_msgs/share/apm_msgs/environment/ament_prefix_path.sh
[5.758s] -- Up-to-date symlink: /home/user/industrial_robotics_simulation_platform/install/apm_msgs/share/apm_msgs/environment/ament_prefix_path.dsv
[5.759s] -- Up-to-date symlink: /home/user/industrial_robotics_simulation_platform/install/apm_msgs/share/apm_msgs/environment/path.sh
[5.759s] -- Up-to-date symlink: /home/user/industrial_robotics_simulation_platform/install/apm_msgs/share/apm_msgs/environment/path.dsv
[5.760s] -- Up-to-date symlink: /home/user/industrial_robotics_simulation_platform/install/apm_msgs/share/apm_msgs/local_setup.bash
[5.761s] -- Up-to-date symlink: /home/user/industrial_robotics_simulation_platform/install/apm_msgs/share/apm_msgs/local_setup.sh
[5.763s] -- Up-to-date symlink: /home/user/industrial_robotics_simulation_platform/install/apm_msgs/share/apm_msgs/local_setup.zsh
[5.763s] -- Up-to-date symlink: /home/user/industrial_robotics_simulation_platform/install/apm_msgs/share/apm_msgs/local_setup.dsv
[5.763s] -- Symlinking: /home/user/industrial_robotics_simulation_platform/install/apm_msgs/share/apm_msgs/package.dsv
[5.777s] -- Up-to-date symlink: /home/user/industrial_robotics_simulation_platform/install/apm_msgs/share/ament_index/resource_index/packages/apm_msgs
[5.779s] -- Up-to-date symlink: /home/user/industrial_robotics_simulation_platform/install/apm_msgs/share/apm_msgs/cmake/rosidl_cmake-extras.cmake
[5.780s] -- Up-to-date symlink: /home/user/industrial_robotics_simulation_platform/install/apm_msgs/share/apm_msgs/cmake/ament_cmake_export_dependencies-extras.cmake
[5.781s] -- Up-to-date symlink: /home/user/industrial_robotics_simulation_platform/install/apm_msgs/share/apm_msgs/cmake/ament_cmake_export_include_directories-extras.cmake
[5.782s] -- Up-to-date symlink: /home/user/industrial_robotics_simulation_platform/install/apm_msgs/share/apm_msgs/cmake/ament_cmake_export_libraries-extras.cmake
[5.783s] -- Up-to-date symlink: /home/user/industrial_robotics_simulation_platform/install/apm_msgs/share/apm_msgs/cmake/ament_cmake_export_targets-extras.cmake
[5.784s] -- Up-to-date symlink: /home/user/industrial_robotics_simulation_platform/install/apm_msgs/share/apm_msgs/cmake/rosidl_cmake_export_typesupport_targets-extras.cmake
[5.786s] -- Up-to-date symlink: /home/user/industrial_robotics_simulation_platform/install/apm_msgs/share/apm_msgs/cmake/rosidl_cmake_export_typesupport_libraries-extras.cmake
[5.787s] -- Up-to-date symlink: /home/user/industrial_robotics_simulation_platform/install/apm_msgs/share/apm_msgs/cmake/apm_msgsConfig.cmake
[5.788s] -- Up-to-date symlink: /home/user/industrial_robotics_simulation_platform/install/apm_msgs/share/apm_msgs/cmake/apm_msgsConfig-version.cmake
[5.789s] -- Up-to-date symlink: /home/user/industrial_robotics_simulation_platform/install/apm_msgs/share/apm_msgs/package.xml
[5.792s] -- Up-to-date: /home/user/industrial_robotics_simulation_platform/install/apm_msgs/lib/libapm_msgs__rosidl_generator_c.so
[5.795s] -- Up-to-date: /home/user/industrial_robotics_simulation_platform/install/apm_msgs/lib/libapm_msgs__rosidl_typesupport_fastrtps_c.so
[5.815s] -- Up-to-date: /home/user/industrial_robotics_simulation_platform/install/apm_msgs/lib/libapm_msgs__rosidl_typesupport_fastrtps_cpp.so
[5.818s] -- Up-to-date: /home/user/industrial_robotics_simulation_platform/install/apm_msgs/lib/libapm_msgs__rosidl_typesupport_introspection_c.so
[5.820s] -- Up-to-date: /home/user/industrial_robotics_simulation_platform/install/apm_msgs/lib/libapm_msgs__rosidl_typesupport_c.so
[5.836s] -- Up-to-date: /home/user/industrial_robotics_simulation_platform/install/apm_msgs/lib/libapm_msgs__rosidl_typesupport_introspection_cpp.so
[5.838s] -- Up-to-date: /home/user/industrial_robotics_simulation_platform/install/apm_msgs/lib/libapm_msgs__rosidl_typesupport_cpp.so
[5.903s] Listing '/home/user/industrial_robotics_simulation_platform/install/apm_msgs/local/lib/python3.10/dist-packages/apm_msgs'...
[5.903s] Compiling '/home/user/industrial_robotics_simulation_platform/install/apm_msgs/local/lib/python3.10/dist-packages/apm_msgs/__init__.py'...
[5.903s] Listing '/home/user/industrial_robotics_simulation_platform/install/apm_msgs/local/lib/python3.10/dist-packages/apm_msgs/msg'...
[5.912s] -- Up-to-date: /home/user/industrial_robotics_simulation_platform/install/apm_msgs/lib/libapm_msgs__rosidl_generator_py.so
[5.913s] -- Up-to-date: /home/user/industrial_robotics_simulation_platform/install/apm_msgs/share/apm_msgs/cmake/export_apm_msgs__rosidl_generator_cExport.cmake
[5.913s] -- Up-to-date: /home/user/industrial_robotics_simulation_platform/install/apm_msgs/share/apm_msgs/cmake/export_apm_msgs__rosidl_generator_cExport-noconfig.cmake
[5.914s] -- Up-to-date: /home/user/industrial_robotics_simulation_platform/install/apm_msgs/share/apm_msgs/cmake/export_apm_msgs__rosidl_typesupport_fastrtps_cExport.cmake
[5.914s] -- Up-to-date: /home/user/industrial_robotics_simulation_platform/install/apm_msgs/share/apm_msgs/cmake/export_apm_msgs__rosidl_typesupport_fastrtps_cExport-noconfig.cmake
[5.915s] -- Up-to-date: /home/user/industrial_robotics_simulation_platform/install/apm_msgs/share/apm_msgs/cmake/export_apm_msgs__rosidl_generator_cppExport.cmake
[5.916s] -- Up-to-date: /home/user/industrial_robotics_simulation_platform/install/apm_msgs/share/apm_msgs/cmake/export_apm_msgs__rosidl_typesupport_fastrtps_cppExport.cmake
[5.916s] -- Up-to-date: /home/user/industrial_robotics_simulation_platform/install/apm_msgs/share/apm_msgs/cmake/export_apm_msgs__rosidl_typesupport_fastrtps_cppExport-noconfig.cmake
[5.917s] -- Up-to-date: /home/user/industrial_robotics_simulation_platform/install/apm_msgs/share/apm_msgs/cmake/apm_msgs__rosidl_typesupport_introspection_cExport.cmake
[5.917s] -- Up-to-date: /home/user/industrial_robotics_simulation_platform/install/apm_msgs/share/apm_msgs/cmake/apm_msgs__rosidl_typesupport_introspection_cExport-noconfig.cmake
[5.918s] -- Up-to-date: /home/user/industrial_robotics_simulation_platform/install/apm_msgs/share/apm_msgs/cmake/apm_msgs__rosidl_typesupport_cExport.cmake
[5.918s] -- Up-to-date: /home/user/industrial_robotics_simulation_platform/install/apm_msgs/share/apm_msgs/cmake/apm_msgs__rosidl_typesupport_cExport-noconfig.cmake
[5.919s] -- Up-to-date: /home/user/industrial_robotics_simulation_platform/install/apm_msgs/share/apm_msgs/cmake/apm_msgs__rosidl_typesupport_introspection_cppExport.cmake
[5.919s] -- Up-to-date: /home/user/industrial_robotics_simulation_platform/install/apm_msgs/share/apm_msgs/cmake/apm_msgs__rosidl_typesupport_introspection_cppExport-noconfig.cmake
[5.920s] -- Up-to-date: /home/user/industrial_robotics_simulation_platform/install/apm_msgs/share/apm_msgs/cmake/apm_msgs__rosidl_typesupport_cppExport.cmake
[5.920s] -- Up-to-date: /home/user/industrial_robotics_simulation_platform/install/apm_msgs/share/apm_msgs/cmake/apm_msgs__rosidl_typesupport_cppExport-noconfig.cmake
[5.921s] -- Up-to-date: /home/user/industrial_robotics_simulation_platform/install/apm_msgs/share/apm_msgs/cmake/export_apm_msgs__rosidl_generator_pyExport.cmake
[5.921s] -- Up-to-date: /home/user/industrial_robotics_simulation_platform/install/apm_msgs/share/apm_msgs/cmake/export_apm_msgs__rosidl_generator_pyExport-noconfig.cmake
[5.925s] Invoked command in '/home/user/industrial_robotics_simulation_platform/build/apm_msgs' returned '0': CMAKE_PREFIX_PATH=/opt/ros/humble /usr/bin/cmake --install /home/user/industrial_robotics_simulation_platform/build/apm_msgs
