[0.058s] Invoking command in '/home/user/industrial_robotics_simulation_platform/build/delta_robot_moveit_config': AMENT_PREFIX_PATH=/home/user/industrial_robotics_simulation_platform/install/delta_robot_description:${AMENT_PREFIX_PATH} CMAKE_PREFIX_PATH=/home/user/industrial_robotics_simulation_platform/install/delta_robot_description:/opt/ros/humble /usr/bin/cmake /home/user/industrial_robotics_simulation_platform/src/delta_robot_moveit_config -DCMAKE_INSTALL_PREFIX=/home/user/industrial_robotics_simulation_platform/install/delta_robot_moveit_config
[0.095s] -- Found ament_cmake: 1.3.11 (/opt/ros/humble/share/ament_cmake/cmake)
[0.423s] -- Override CMake install command with custom implementation using symlinks instead of copying resources
[0.742s] -- Configuring done
[0.756s] -- Generating done
[0.761s] -- Build files have been written to: /home/user/industrial_robotics_simulation_platform/build/delta_robot_moveit_config
[0.767s] Invoked command in '/home/user/industrial_robotics_simulation_platform/build/delta_robot_moveit_config' returned '0': AMENT_PREFIX_PATH=/home/user/industrial_robotics_simulation_platform/install/delta_robot_description:${AMENT_PREFIX_PATH} CMAKE_PREFIX_PATH=/home/user/industrial_robotics_simulation_platform/install/delta_robot_description:/opt/ros/humble /usr/bin/cmake /home/user/industrial_robotics_simulation_platform/src/delta_robot_moveit_config -DCMAKE_INSTALL_PREFIX=/home/user/industrial_robotics_simulation_platform/install/delta_robot_moveit_config
[0.773s] Invoking command in '/home/user/industrial_robotics_simulation_platform/build/delta_robot_moveit_config': AMENT_PREFIX_PATH=/home/user/industrial_robotics_simulation_platform/install/delta_robot_description:${AMENT_PREFIX_PATH} CMAKE_PREFIX_PATH=/home/user/industrial_robotics_simulation_platform/install/delta_robot_description:/opt/ros/humble /usr/bin/cmake --build /home/user/industrial_robotics_simulation_platform/build/delta_robot_moveit_config -- -j8 -l8
[0.877s] Invoked command in '/home/user/industrial_robotics_simulation_platform/build/delta_robot_moveit_config' returned '0': AMENT_PREFIX_PATH=/home/user/industrial_robotics_simulation_platform/install/delta_robot_description:${AMENT_PREFIX_PATH} CMAKE_PREFIX_PATH=/home/user/industrial_robotics_simulation_platform/install/delta_robot_description:/opt/ros/humble /usr/bin/cmake --build /home/user/industrial_robotics_simulation_platform/build/delta_robot_moveit_config -- -j8 -l8
[0.888s] Invoking command in '/home/user/industrial_robotics_simulation_platform/build/delta_robot_moveit_config': AMENT_PREFIX_PATH=/home/user/industrial_robotics_simulation_platform/install/delta_robot_description:${AMENT_PREFIX_PATH} CMAKE_PREFIX_PATH=/home/user/industrial_robotics_simulation_platform/install/delta_robot_description:/opt/ros/humble /usr/bin/cmake --install /home/user/industrial_robotics_simulation_platform/build/delta_robot_moveit_config
[0.900s] -- Install configuration: ""
[0.901s] -- Execute custom install script
[0.904s] -- Up-to-date symlink: /home/user/industrial_robotics_simulation_platform/install/delta_robot_moveit_config/share/delta_robot_moveit_config/launch/move_group.launch.py
[0.906s] -- Up-to-date symlink: /home/user/industrial_robotics_simulation_platform/install/delta_robot_moveit_config/share/delta_robot_moveit_config/launch/move_group_headless.launch.py
[0.907s] -- Up-to-date symlink: /home/user/industrial_robotics_simulation_platform/install/delta_robot_moveit_config/share/delta_robot_moveit_config/config/controllers.yaml
[0.909s] -- Up-to-date symlink: /home/user/industrial_robotics_simulation_platform/install/delta_robot_moveit_config/share/delta_robot_moveit_config/config/delta_robot.srdf
[0.911s] -- Up-to-date symlink: /home/user/industrial_robotics_simulation_platform/install/delta_robot_moveit_config/share/delta_robot_moveit_config/config/kinematics.yaml
[0.912s] -- Up-to-date symlink: /home/user/industrial_robotics_simulation_platform/install/delta_robot_moveit_config/share/delta_robot_moveit_config/config/moveit.rviz
[0.913s] -- Up-to-date symlink: /home/user/industrial_robotics_simulation_platform/install/delta_robot_moveit_config/share/ament_index/resource_index/package_run_dependencies/delta_robot_moveit_config
[0.917s] -- Up-to-date symlink: /home/user/industrial_robotics_simulation_platform/install/delta_robot_moveit_config/share/ament_index/resource_index/parent_prefix_path/delta_robot_moveit_config
[0.917s] -- Up-to-date symlink: /home/user/industrial_robotics_simulation_platform/install/delta_robot_moveit_config/share/delta_robot_moveit_config/environment/ament_prefix_path.sh
[0.917s] -- Up-to-date symlink: /home/user/industrial_robotics_simulation_platform/install/delta_robot_moveit_config/share/delta_robot_moveit_config/environment/ament_prefix_path.dsv
[0.918s] -- Up-to-date symlink: /home/user/industrial_robotics_simulation_platform/install/delta_robot_moveit_config/share/delta_robot_moveit_config/environment/path.sh
[0.919s] -- Up-to-date symlink: /home/user/industrial_robotics_simulation_platform/install/delta_robot_moveit_config/share/delta_robot_moveit_config/environment/path.dsv
[0.920s] -- Up-to-date symlink: /home/user/industrial_robotics_simulation_platform/install/delta_robot_moveit_config/share/delta_robot_moveit_config/local_setup.bash
[0.921s] -- Up-to-date symlink: /home/user/industrial_robotics_simulation_platform/install/delta_robot_moveit_config/share/delta_robot_moveit_config/local_setup.sh
[0.923s] -- Up-to-date symlink: /home/user/industrial_robotics_simulation_platform/install/delta_robot_moveit_config/share/delta_robot_moveit_config/local_setup.zsh
[0.923s] -- Up-to-date symlink: /home/user/industrial_robotics_simulation_platform/install/delta_robot_moveit_config/share/delta_robot_moveit_config/local_setup.dsv
[0.924s] -- Symlinking: /home/user/industrial_robotics_simulation_platform/install/delta_robot_moveit_config/share/delta_robot_moveit_config/package.dsv
[0.943s] -- Up-to-date symlink: /home/user/industrial_robotics_simulation_platform/install/delta_robot_moveit_config/share/ament_index/resource_index/packages/delta_robot_moveit_config
[0.945s] -- Up-to-date symlink: /home/user/industrial_robotics_simulation_platform/install/delta_robot_moveit_config/share/delta_robot_moveit_config/cmake/delta_robot_moveit_configConfig.cmake
[0.946s] -- Up-to-date symlink: /home/user/industrial_robotics_simulation_platform/install/delta_robot_moveit_config/share/delta_robot_moveit_config/cmake/delta_robot_moveit_configConfig-version.cmake
[0.956s] -- Up-to-date symlink: /home/user/industrial_robotics_simulation_platform/install/delta_robot_moveit_config/share/delta_robot_moveit_config/package.xml
[0.963s] Invoked command in '/home/user/industrial_robotics_simulation_platform/build/delta_robot_moveit_config' returned '0': AMENT_PREFIX_PATH=/home/user/industrial_robotics_simulation_platform/install/delta_robot_description:${AMENT_PREFIX_PATH} CMAKE_PREFIX_PATH=/home/user/industrial_robotics_simulation_platform/install/delta_robot_description:/opt/ros/humble /usr/bin/cmake --install /home/user/industrial_robotics_simulation_platform/build/delta_robot_moveit_config
