[0.090s] Invoking command in '/home/user/industrial_robotics_simulation_platform/build/ur5_robot_moveit_config': AMENT_PREFIX_PATH=/home/user/industrial_robotics_simulation_platform/install/ur5_robot_description:${AMENT_PREFIX_PATH} CMAKE_PREFIX_PATH=/home/user/industrial_robotics_simulation_platform/install/ur5_robot_description:/opt/ros/humble /usr/bin/cmake /home/user/industrial_robotics_simulation_platform/src/ur5_robot_moveit_config -DCMAKE_INSTALL_PREFIX=/home/user/industrial_robotics_simulation_platform/install/ur5_robot_moveit_config
[0.139s] -- Found ament_cmake: 1.3.11 (/opt/ros/humble/share/ament_cmake/cmake)
[0.423s] -- Override CMake install command with custom implementation using symlinks instead of copying resources
[0.743s] -- Configuring done
[0.766s] -- Generating done
[0.776s] -- Build files have been written to: /home/user/industrial_robotics_simulation_platform/build/ur5_robot_moveit_config
[0.797s] Invoked command in '/home/user/industrial_robotics_simulation_platform/build/ur5_robot_moveit_config' returned '0': AMENT_PREFIX_PATH=/home/user/industrial_robotics_simulation_platform/install/ur5_robot_description:${AMENT_PREFIX_PATH} CMAKE_PREFIX_PATH=/home/user/industrial_robotics_simulation_platform/install/ur5_robot_description:/opt/ros/humble /usr/bin/cmake /home/user/industrial_robotics_simulation_platform/src/ur5_robot_moveit_config -DCMAKE_INSTALL_PREFIX=/home/user/industrial_robotics_simulation_platform/install/ur5_robot_moveit_config
[0.798s] Invoking command in '/home/user/industrial_robotics_simulation_platform/build/ur5_robot_moveit_config': AMENT_PREFIX_PATH=/home/user/industrial_robotics_simulation_platform/install/ur5_robot_description:${AMENT_PREFIX_PATH} CMAKE_PREFIX_PATH=/home/user/industrial_robotics_simulation_platform/install/ur5_robot_description:/opt/ros/humble /usr/bin/cmake --build /home/user/industrial_robotics_simulation_platform/build/ur5_robot_moveit_config -- -j8 -l8
[0.886s] Invoked command in '/home/user/industrial_robotics_simulation_platform/build/ur5_robot_moveit_config' returned '0': AMENT_PREFIX_PATH=/home/user/industrial_robotics_simulation_platform/install/ur5_robot_description:${AMENT_PREFIX_PATH} CMAKE_PREFIX_PATH=/home/user/industrial_robotics_simulation_platform/install/ur5_robot_description:/opt/ros/humble /usr/bin/cmake --build /home/user/industrial_robotics_simulation_platform/build/ur5_robot_moveit_config -- -j8 -l8
[0.892s] Invoking command in '/home/user/industrial_robotics_simulation_platform/build/ur5_robot_moveit_config': AMENT_PREFIX_PATH=/home/user/industrial_robotics_simulation_platform/install/ur5_robot_description:${AMENT_PREFIX_PATH} CMAKE_PREFIX_PATH=/home/user/industrial_robotics_simulation_platform/install/ur5_robot_description:/opt/ros/humble /usr/bin/cmake --install /home/user/industrial_robotics_simulation_platform/build/ur5_robot_moveit_config
[0.913s] -- Install configuration: ""
[0.913s] -- Execute custom install script
[0.914s] -- Up-to-date symlink: /home/user/industrial_robotics_simulation_platform/install/ur5_robot_moveit_config/share/ur5_robot_moveit_config/config/controllers.yaml
[0.915s] -- Up-to-date symlink: /home/user/industrial_robotics_simulation_platform/install/ur5_robot_moveit_config/share/ur5_robot_moveit_config/config/kinematics.yaml
[0.916s] -- Up-to-date symlink: /home/user/industrial_robotics_simulation_platform/install/ur5_robot_moveit_config/share/ur5_robot_moveit_config/config/ur5_robot.srdf
[0.917s] -- Up-to-date symlink: /home/user/industrial_robotics_simulation_platform/install/ur5_robot_moveit_config/share/ur5_robot_moveit_config/launch/move_group.launch.py
[0.921s] -- Up-to-date symlink: /home/user/industrial_robotics_simulation_platform/install/ur5_robot_moveit_config/share/ament_index/resource_index/package_run_dependencies/ur5_robot_moveit_config
[0.922s] -- Up-to-date symlink: /home/user/industrial_robotics_simulation_platform/install/ur5_robot_moveit_config/share/ament_index/resource_index/parent_prefix_path/ur5_robot_moveit_config
[0.922s] -- Up-to-date symlink: /home/user/industrial_robotics_simulation_platform/install/ur5_robot_moveit_config/share/ur5_robot_moveit_config/environment/ament_prefix_path.sh
[0.923s] -- Up-to-date symlink: /home/user/industrial_robotics_simulation_platform/install/ur5_robot_moveit_config/share/ur5_robot_moveit_config/environment/ament_prefix_path.dsv
[0.923s] -- Up-to-date symlink: /home/user/industrial_robotics_simulation_platform/install/ur5_robot_moveit_config/share/ur5_robot_moveit_config/environment/path.sh
[0.923s] -- Up-to-date symlink: /home/user/industrial_robotics_simulation_platform/install/ur5_robot_moveit_config/share/ur5_robot_moveit_config/environment/path.dsv
[0.924s] -- Up-to-date symlink: /home/user/industrial_robotics_simulation_platform/install/ur5_robot_moveit_config/share/ur5_robot_moveit_config/local_setup.bash
[0.926s] -- Up-to-date symlink: /home/user/industrial_robotics_simulation_platform/install/ur5_robot_moveit_config/share/ur5_robot_moveit_config/local_setup.sh
[0.927s] -- Up-to-date symlink: /home/user/industrial_robotics_simulation_platform/install/ur5_robot_moveit_config/share/ur5_robot_moveit_config/local_setup.zsh
[0.929s] -- Up-to-date symlink: /home/user/industrial_robotics_simulation_platform/install/ur5_robot_moveit_config/share/ur5_robot_moveit_config/local_setup.dsv
[0.929s] -- Symlinking: /home/user/industrial_robotics_simulation_platform/install/ur5_robot_moveit_config/share/ur5_robot_moveit_config/package.dsv
[0.951s] -- Up-to-date symlink: /home/user/industrial_robotics_simulation_platform/install/ur5_robot_moveit_config/share/ament_index/resource_index/packages/ur5_robot_moveit_config
[0.966s] -- Up-to-date symlink: /home/user/industrial_robotics_simulation_platform/install/ur5_robot_moveit_config/share/ur5_robot_moveit_config/cmake/ur5_robot_moveit_configConfig.cmake
[0.967s] -- Up-to-date symlink: /home/user/industrial_robotics_simulation_platform/install/ur5_robot_moveit_config/share/ur5_robot_moveit_config/cmake/ur5_robot_moveit_configConfig-version.cmake
[0.969s] -- Up-to-date symlink: /home/user/industrial_robotics_simulation_platform/install/ur5_robot_moveit_config/share/ur5_robot_moveit_config/package.xml
[0.977s] Invoked command in '/home/user/industrial_robotics_simulation_platform/build/ur5_robot_moveit_config' returned '0': AMENT_PREFIX_PATH=/home/user/industrial_robotics_simulation_platform/install/ur5_robot_description:${AMENT_PREFIX_PATH} CMAKE_PREFIX_PATH=/home/user/industrial_robotics_simulation_platform/install/ur5_robot_description:/opt/ros/humble /usr/bin/cmake --install /home/user/industrial_robotics_simulation_platform/build/ur5_robot_moveit_config
