[0.108s] Invoking command in '/home/user/industrial_robotics_simulation_platform/build/ur5_robot_description': CMAKE_PREFIX_PATH=${CMAKE_PREFIX_PATH}:/home/user/industrial_robotics_simulation_platform/install/web_interface:/home/user/industrial_robotics_simulation_platform/install/simulation_tools:/home/user/industrial_robotics_simulation_platform/install/fmm_core:/home/user/industrial_robotics_simulation_platform/install/advanced_perception:/home/user/industrial_robotics_simulation_platform/install/apm_core:/opt/ros/humble /usr/bin/cmake --build /home/user/industrial_robotics_simulation_platform/build/ur5_robot_description -- -j8 -l8
[0.920s] Invoked command in '/home/user/industrial_robotics_simulation_platform/build/ur5_robot_description' returned '0': CMAKE_PREFIX_PATH=${CMAKE_PREFIX_PATH}:/home/user/industrial_robotics_simulation_platform/install/web_interface:/home/user/industrial_robotics_simulation_platform/install/simulation_tools:/home/user/industrial_robotics_simulation_platform/install/fmm_core:/home/user/industrial_robotics_simulation_platform/install/advanced_perception:/home/user/industrial_robotics_simulation_platform/install/apm_core:/opt/ros/humble /usr/bin/cmake --build /home/user/industrial_robotics_simulation_platform/build/ur5_robot_description -- -j8 -l8
[0.951s] Invoking command in '/home/user/industrial_robotics_simulation_platform/build/ur5_robot_description': CMAKE_PREFIX_PATH=${CMAKE_PREFIX_PATH}:/home/user/industrial_robotics_simulation_platform/install/web_interface:/home/user/industrial_robotics_simulation_platform/install/simulation_tools:/home/user/industrial_robotics_simulation_platform/install/fmm_core:/home/user/industrial_robotics_simulation_platform/install/advanced_perception:/home/user/industrial_robotics_simulation_platform/install/apm_core:/opt/ros/humble /usr/bin/cmake --install /home/user/industrial_robotics_simulation_platform/build/ur5_robot_description
[1.648s] -- Install configuration: ""
[1.649s] -- Execute custom install script
[1.649s] -- Up-to-date symlink: /home/user/industrial_robotics_simulation_platform/install/ur5_robot_description/share/ur5_robot_description/urdf/ur5_robot.urdf.xacro
[1.649s] -- Up-to-date symlink: /home/user/industrial_robotics_simulation_platform/install/ur5_robot_description/share/ur5_robot_description/launch/display.launch.py
[1.650s] -- Up-to-date symlink: /home/user/industrial_robotics_simulation_platform/install/ur5_robot_description/share/ament_index/resource_index/package_run_dependencies/ur5_robot_description
[1.650s] -- Up-to-date symlink: /home/user/industrial_robotics_simulation_platform/install/ur5_robot_description/share/ament_index/resource_index/parent_prefix_path/ur5_robot_description
[1.651s] -- Up-to-date symlink: /home/user/industrial_robotics_simulation_platform/install/ur5_robot_description/share/ur5_robot_description/environment/ament_prefix_path.sh
[1.651s] -- Up-to-date symlink: /home/user/industrial_robotics_simulation_platform/install/ur5_robot_description/share/ur5_robot_description/environment/ament_prefix_path.dsv
[1.651s] -- Up-to-date symlink: /home/user/industrial_robotics_simulation_platform/install/ur5_robot_description/share/ur5_robot_description/environment/path.sh
[1.652s] -- Up-to-date symlink: /home/user/industrial_robotics_simulation_platform/install/ur5_robot_description/share/ur5_robot_description/environment/path.dsv
[1.652s] -- Up-to-date symlink: /home/user/industrial_robotics_simulation_platform/install/ur5_robot_description/share/ur5_robot_description/local_setup.bash
[1.652s] -- Up-to-date symlink: /home/user/industrial_robotics_simulation_platform/install/ur5_robot_description/share/ur5_robot_description/local_setup.sh
[1.653s] -- Up-to-date symlink: /home/user/industrial_robotics_simulation_platform/install/ur5_robot_description/share/ur5_robot_description/local_setup.zsh
[1.653s] -- Up-to-date symlink: /home/user/industrial_robotics_simulation_platform/install/ur5_robot_description/share/ur5_robot_description/local_setup.dsv
[1.654s] -- Symlinking: /home/user/industrial_robotics_simulation_platform/install/ur5_robot_description/share/ur5_robot_description/package.dsv
[1.654s] -- Up-to-date symlink: /home/user/industrial_robotics_simulation_platform/install/ur5_robot_description/share/ament_index/resource_index/packages/ur5_robot_description
[1.655s] -- Up-to-date symlink: /home/user/industrial_robotics_simulation_platform/install/ur5_robot_description/share/ur5_robot_description/cmake/ur5_robot_descriptionConfig.cmake
[1.657s] -- Up-to-date symlink: /home/user/industrial_robotics_simulation_platform/install/ur5_robot_description/share/ur5_robot_description/cmake/ur5_robot_descriptionConfig-version.cmake
[1.658s] -- Up-to-date symlink: /home/user/industrial_robotics_simulation_platform/install/ur5_robot_description/share/ur5_robot_description/package.xml
[1.689s] Invoked command in '/home/user/industrial_robotics_simulation_platform/build/ur5_robot_description' returned '0': CMAKE_PREFIX_PATH=${CMAKE_PREFIX_PATH}:/home/user/industrial_robotics_simulation_platform/install/web_interface:/home/user/industrial_robotics_simulation_platform/install/simulation_tools:/home/user/industrial_robotics_simulation_platform/install/fmm_core:/home/user/industrial_robotics_simulation_platform/install/advanced_perception:/home/user/industrial_robotics_simulation_platform/install/apm_core:/opt/ros/humble /usr/bin/cmake --install /home/user/industrial_robotics_simulation_platform/build/ur5_robot_description
