running egg_info
writing ../../build/simulation_tools/simulation_tools.egg-info/PKG-INFO
writing dependency_links to ../../build/simulation_tools/simulation_tools.egg-info/dependency_links.txt
writing entry points to ../../build/simulation_tools/simulation_tools.egg-info/entry_points.txt
writing requirements to ../../build/simulation_tools/simulation_tools.egg-info/requires.txt
writing top-level names to ../../build/simulation_tools/simulation_tools.egg-info/top_level.txt
reading manifest file '../../build/simulation_tools/simulation_tools.egg-info/SOURCES.txt'
adding license file 'LICENSE'
writing manifest file '../../build/simulation_tools/simulation_tools.egg-info/SOURCES.txt'
running build
running build_py
copying simulation_tools/web_interface_node.py -> /home/user/industrial_robotics_simulation_platform/build/simulation_tools/build/lib/simulation_tools
running install
running install_lib
copying /home/user/industrial_robotics_simulation_platform/build/simulation_tools/build/lib/simulation_tools/web_interface_node.py -> /home/user/industrial_robotics_simulation_platform/install/simulation_tools/lib/python3.10/site-packages/simulation_tools
byte-compiling /home/user/industrial_robotics_simulation_platform/install/simulation_tools/lib/python3.10/site-packages/simulation_tools/web_interface_node.py to web_interface_node.cpython-310.pyc
running install_data
running install_egg_info
removing '/home/user/industrial_robotics_simulation_platform/install/simulation_tools/lib/python3.10/site-packages/simulation_tools-0.1.0-py3.10.egg-info' (and everything under it)
Copying ../../build/simulation_tools/simulation_tools.egg-info to /home/user/industrial_robotics_simulation_platform/install/simulation_tools/lib/python3.10/site-packages/simulation_tools-0.1.0-py3.10.egg-info
running install_scripts
Installing camera_simulator_node script to /home/user/industrial_robotics_simulation_platform/install/simulation_tools/lib/simulation_tools
Installing environment_configurator_node script to /home/user/industrial_robotics_simulation_platform/install/simulation_tools/lib/simulation_tools
Installing industrial_protocol_bridge_node script to /home/user/industrial_robotics_simulation_platform/install/simulation_tools/lib/simulation_tools
Installing safety_monitor_node script to /home/user/industrial_robotics_simulation_platform/install/simulation_tools/lib/simulation_tools
Installing system_test_node script to /home/user/industrial_robotics_simulation_platform/install/simulation_tools/lib/simulation_tools
Installing visualization_server_node script to /home/user/industrial_robotics_simulation_platform/install/simulation_tools/lib/simulation_tools
Installing web_interface_node script to /home/user/industrial_robotics_simulation_platform/install/simulation_tools/lib/simulation_tools
writing list of installed files to '/home/user/industrial_robotics_simulation_platform/build/simulation_tools/install.log'
