running develop
Removing /home/user/industrial_robotics_simulation_platform/install/advanced_perception/lib/python3.10/site-packages/advanced-perception.egg-link (link to .)
running egg_info
writing ../../build/advanced_perception/advanced_perception.egg-info/PKG-INFO
writing dependency_links to ../../build/advanced_perception/advanced_perception.egg-info/dependency_links.txt
writing entry points to ../../build/advanced_perception/advanced_perception.egg-info/entry_points.txt
writing requirements to ../../build/advanced_perception/advanced_perception.egg-info/requires.txt
writing top-level names to ../../build/advanced_perception/advanced_perception.egg-info/top_level.txt
reading manifest file '../../build/advanced_perception/advanced_perception.egg-info/SOURCES.txt'
writing manifest file '../../build/advanced_perception/advanced_perception.egg-info/SOURCES.txt'
running build
running build_py
creating /home/user/industrial_robotics_simulation_platform/build/advanced_perception/build
creating /home/user/industrial_robotics_simulation_platform/build/advanced_perception/build/lib
creating /home/user/industrial_robotics_simulation_platform/build/advanced_perception/build/lib/advanced_perception
copying advanced_perception/pose_estimation_node.py -> /home/user/industrial_robotics_simulation_platform/build/advanced_perception/build/lib/advanced_perception
copying advanced_perception/__init__.py -> /home/user/industrial_robotics_simulation_platform/build/advanced_perception/build/lib/advanced_perception
copying advanced_perception/segmentation_node.py -> /home/user/industrial_robotics_simulation_platform/build/advanced_perception/build/lib/advanced_perception
running install
running install_lib
creating /home/user/industrial_robotics_simulation_platform/install/advanced_perception/lib/python3.10/site-packages/advanced_perception
copying /home/user/industrial_robotics_simulation_platform/build/advanced_perception/build/lib/advanced_perception/pose_estimation_node.py -> /home/user/industrial_robotics_simulation_platform/install/advanced_perception/lib/python3.10/site-packages/advanced_perception
copying /home/user/industrial_robotics_simulation_platform/build/advanced_perception/build/lib/advanced_perception/__init__.py -> /home/user/industrial_robotics_simulation_platform/install/advanced_perception/lib/python3.10/site-packages/advanced_perception
copying /home/user/industrial_robotics_simulation_platform/build/advanced_perception/build/lib/advanced_perception/segmentation_node.py -> /home/user/industrial_robotics_simulation_platform/install/advanced_perception/lib/python3.10/site-packages/advanced_perception
byte-compiling /home/user/industrial_robotics_simulation_platform/install/advanced_perception/lib/python3.10/site-packages/advanced_perception/pose_estimation_node.py to pose_estimation_node.cpython-310.pyc
byte-compiling /home/user/industrial_robotics_simulation_platform/install/advanced_perception/lib/python3.10/site-packages/advanced_perception/__init__.py to __init__.cpython-310.pyc
byte-compiling /home/user/industrial_robotics_simulation_platform/install/advanced_perception/lib/python3.10/site-packages/advanced_perception/segmentation_node.py to segmentation_node.cpython-310.pyc
running install_data
copying resource/advanced_perception -> /home/user/industrial_robotics_simulation_platform/install/advanced_perception/share/ament_index/resource_index/packages
copying package.xml -> /home/user/industrial_robotics_simulation_platform/install/advanced_perception/share/advanced_perception
copying launch/advanced_perception_launch.py -> /home/user/industrial_robotics_simulation_platform/install/advanced_perception/share/advanced_perception/launch
copying config/pose_estimation_config.yaml -> /home/user/industrial_robotics_simulation_platform/install/advanced_perception/share/advanced_perception/config
copying config/segmentation_config.yaml -> /home/user/industrial_robotics_simulation_platform/install/advanced_perception/share/advanced_perception/config
running install_egg_info
Copying ../../build/advanced_perception/advanced_perception.egg-info to /home/user/industrial_robotics_simulation_platform/install/advanced_perception/lib/python3.10/site-packages/advanced_perception-0.1.0-py3.10.egg-info
running install_scripts
Installing pose_estimation_node script to /home/user/industrial_robotics_simulation_platform/install/advanced_perception/bin
Installing segmentation_node script to /home/user/industrial_robotics_simulation_platform/install/advanced_perception/bin
writing list of installed files to '/home/user/industrial_robotics_simulation_platform/build/advanced_perception/install.log'
