[1.818s] Invoking command in '/home/user/industrial_robotics_simulation_platform/build/advanced_perception': AMENT_PREFIX_PATH=/home/user/industrial_robotics_simulation_platform/install/apm_msgs:${AMENT_PREFIX_PATH} CMAKE_PREFIX_PATH=/home/user/industrial_robotics_simulation_platform/install/apm_msgs LD_LIBRARY_PATH=/home/user/industrial_robotics_simulation_platform/install/apm_msgs/lib:${LD_LIBRARY_PATH} PYTHONPATH=/home/user/industrial_robotics_simulation_platform/build/advanced_perception/prefix_override:/usr/lib/python3/dist-packages/colcon_core/task/python/colcon_distutils_commands:/home/user/industrial_robotics_simulation_platform/install/advanced_perception/lib/python3.10/site-packages:/home/user/industrial_robotics_simulation_platform/install/apm_msgs/local/lib/python3.10/dist-packages:${PYTHONPATH} /usr/bin/python3 -W ignore:setup.py install is deprecated -W ignore:easy_install command is deprecated setup.py develop --uninstall --editable --build-directory /home/user/industrial_robotics_simulation_platform/build/advanced_perception/build
[2.241s] running develop
[2.613s] Removing /home/user/industrial_robotics_simulation_platform/install/advanced_perception/lib/python3.10/site-packages/advanced-perception.egg-link (link to .)
[2.666s] Invoked command in '/home/user/industrial_robotics_simulation_platform/build/advanced_perception' returned '0': AMENT_PREFIX_PATH=/home/user/industrial_robotics_simulation_platform/install/apm_msgs:${AMENT_PREFIX_PATH} CMAKE_PREFIX_PATH=/home/user/industrial_robotics_simulation_platform/install/apm_msgs LD_LIBRARY_PATH=/home/user/industrial_robotics_simulation_platform/install/apm_msgs/lib:${LD_LIBRARY_PATH} PYTHONPATH=/home/user/industrial_robotics_simulation_platform/build/advanced_perception/prefix_override:/usr/lib/python3/dist-packages/colcon_core/task/python/colcon_distutils_commands:/home/user/industrial_robotics_simulation_platform/install/advanced_perception/lib/python3.10/site-packages:/home/user/industrial_robotics_simulation_platform/install/apm_msgs/local/lib/python3.10/dist-packages:${PYTHONPATH} /usr/bin/python3 -W ignore:setup.py install is deprecated -W ignore:easy_install command is deprecated setup.py develop --uninstall --editable --build-directory /home/user/industrial_robotics_simulation_platform/build/advanced_perception/build
[2.669s] Invoking command in '/home/user/industrial_robotics_simulation_platform/src/advanced_perception': AMENT_PREFIX_PATH=/home/user/industrial_robotics_simulation_platform/install/apm_msgs:${AMENT_PREFIX_PATH} CMAKE_PREFIX_PATH=/home/user/industrial_robotics_simulation_platform/install/apm_msgs LD_LIBRARY_PATH=/home/user/industrial_robotics_simulation_platform/install/apm_msgs/lib:${LD_LIBRARY_PATH} PYTHONPATH=/home/user/industrial_robotics_simulation_platform/build/advanced_perception/prefix_override:/usr/lib/python3/dist-packages/colcon_core/task/python/colcon_distutils_commands:/home/user/industrial_robotics_simulation_platform/install/advanced_perception/lib/python3.10/site-packages:/home/user/industrial_robotics_simulation_platform/install/apm_msgs/local/lib/python3.10/dist-packages:${PYTHONPATH} /usr/bin/python3 -W ignore:setup.py install is deprecated -W ignore:easy_install command is deprecated setup.py egg_info --egg-base ../../build/advanced_perception build --build-base /home/user/industrial_robotics_simulation_platform/build/advanced_perception/build install --record /home/user/industrial_robotics_simulation_platform/build/advanced_perception/install.log --single-version-externally-managed install_data --force
[3.049s] running egg_info
[3.049s] writing ../../build/advanced_perception/advanced_perception.egg-info/PKG-INFO
[3.050s] writing dependency_links to ../../build/advanced_perception/advanced_perception.egg-info/dependency_links.txt
[3.050s] writing entry points to ../../build/advanced_perception/advanced_perception.egg-info/entry_points.txt
[3.050s] writing requirements to ../../build/advanced_perception/advanced_perception.egg-info/requires.txt
[3.050s] writing top-level names to ../../build/advanced_perception/advanced_perception.egg-info/top_level.txt
[3.053s] reading manifest file '../../build/advanced_perception/advanced_perception.egg-info/SOURCES.txt'
[3.819s] writing manifest file '../../build/advanced_perception/advanced_perception.egg-info/SOURCES.txt'
[3.819s] running build
[3.820s] running build_py
[3.820s] creating /home/user/industrial_robotics_simulation_platform/build/advanced_perception/build
[3.820s] creating /home/user/industrial_robotics_simulation_platform/build/advanced_perception/build/lib
[3.820s] creating /home/user/industrial_robotics_simulation_platform/build/advanced_perception/build/lib/advanced_perception
[3.820s] copying advanced_perception/pose_estimation_node.py -> /home/user/industrial_robotics_simulation_platform/build/advanced_perception/build/lib/advanced_perception
[3.827s] copying advanced_perception/__init__.py -> /home/user/industrial_robotics_simulation_platform/build/advanced_perception/build/lib/advanced_perception
[3.844s] copying advanced_perception/segmentation_node.py -> /home/user/industrial_robotics_simulation_platform/build/advanced_perception/build/lib/advanced_perception
[3.860s] running install
[3.860s] running install_lib
[3.862s] creating /home/user/industrial_robotics_simulation_platform/install/advanced_perception/lib/python3.10/site-packages/advanced_perception
[3.862s] copying /home/user/industrial_robotics_simulation_platform/build/advanced_perception/build/lib/advanced_perception/pose_estimation_node.py -> /home/user/industrial_robotics_simulation_platform/install/advanced_perception/lib/python3.10/site-packages/advanced_perception
[3.862s] copying /home/user/industrial_robotics_simulation_platform/build/advanced_perception/build/lib/advanced_perception/__init__.py -> /home/user/industrial_robotics_simulation_platform/install/advanced_perception/lib/python3.10/site-packages/advanced_perception
[3.862s] copying /home/user/industrial_robotics_simulation_platform/build/advanced_perception/build/lib/advanced_perception/segmentation_node.py -> /home/user/industrial_robotics_simulation_platform/install/advanced_perception/lib/python3.10/site-packages/advanced_perception
[3.862s] byte-compiling /home/user/industrial_robotics_simulation_platform/install/advanced_perception/lib/python3.10/site-packages/advanced_perception/pose_estimation_node.py to pose_estimation_node.cpython-310.pyc
[3.864s] byte-compiling /home/user/industrial_robotics_simulation_platform/install/advanced_perception/lib/python3.10/site-packages/advanced_perception/__init__.py to __init__.cpython-310.pyc
[3.864s] byte-compiling /home/user/industrial_robotics_simulation_platform/install/advanced_perception/lib/python3.10/site-packages/advanced_perception/segmentation_node.py to segmentation_node.cpython-310.pyc
[3.866s] running install_data
[3.866s] copying resource/advanced_perception -> /home/user/industrial_robotics_simulation_platform/install/advanced_perception/share/ament_index/resource_index/packages
[3.876s] copying package.xml -> /home/user/industrial_robotics_simulation_platform/install/advanced_perception/share/advanced_perception
[3.877s] copying launch/advanced_perception_launch.py -> /home/user/industrial_robotics_simulation_platform/install/advanced_perception/share/advanced_perception/launch
[3.880s] copying config/pose_estimation_config.yaml -> /home/user/industrial_robotics_simulation_platform/install/advanced_perception/share/advanced_perception/config
[3.883s] copying config/segmentation_config.yaml -> /home/user/industrial_robotics_simulation_platform/install/advanced_perception/share/advanced_perception/config
[3.886s] running install_egg_info
[3.888s] Copying ../../build/advanced_perception/advanced_perception.egg-info to /home/user/industrial_robotics_simulation_platform/install/advanced_perception/lib/python3.10/site-packages/advanced_perception-0.1.0-py3.10.egg-info
[3.890s] running install_scripts
[3.920s] Installing pose_estimation_node script to /home/user/industrial_robotics_simulation_platform/install/advanced_perception/bin
[3.920s] Installing segmentation_node script to /home/user/industrial_robotics_simulation_platform/install/advanced_perception/bin
[3.920s] writing list of installed files to '/home/user/industrial_robotics_simulation_platform/build/advanced_perception/install.log'
[3.962s] Invoked command in '/home/user/industrial_robotics_simulation_platform/src/advanced_perception' returned '0': AMENT_PREFIX_PATH=/home/user/industrial_robotics_simulation_platform/install/apm_msgs:${AMENT_PREFIX_PATH} CMAKE_PREFIX_PATH=/home/user/industrial_robotics_simulation_platform/install/apm_msgs LD_LIBRARY_PATH=/home/user/industrial_robotics_simulation_platform/install/apm_msgs/lib:${LD_LIBRARY_PATH} PYTHONPATH=/home/user/industrial_robotics_simulation_platform/build/advanced_perception/prefix_override:/usr/lib/python3/dist-packages/colcon_core/task/python/colcon_distutils_commands:/home/user/industrial_robotics_simulation_platform/install/advanced_perception/lib/python3.10/site-packages:/home/user/industrial_robotics_simulation_platform/install/apm_msgs/local/lib/python3.10/dist-packages:${PYTHONPATH} /usr/bin/python3 -W ignore:setup.py install is deprecated -W ignore:easy_install command is deprecated setup.py egg_info --egg-base ../../build/advanced_perception build --build-base /home/user/industrial_robotics_simulation_platform/build/advanced_perception/build install --record /home/user/industrial_robotics_simulation_platform/build/advanced_perception/install.log --single-version-externally-managed install_data --force
