[1.557s] Invoking command in '/home/user/industrial_robotics_simulation_platform/build/advanced_perception': AMENT_PREFIX_PATH=/home/user/industrial_robotics_simulation_platform/install/apm_msgs:${AMENT_PREFIX_PATH} CMAKE_PREFIX_PATH=/home/user/industrial_robotics_simulation_platform/install/apm_msgs LD_LIBRARY_PATH=/home/user/industrial_robotics_simulation_platform/install/apm_msgs/lib:${LD_LIBRARY_PATH} PYTHONPATH=/home/user/industrial_robotics_simulation_platform/build/advanced_perception/prefix_override:/usr/lib/python3/dist-packages/colcon_core/task/python/colcon_distutils_commands:/home/user/industrial_robotics_simulation_platform/install/advanced_perception/lib/python3.10/site-packages:/home/user/industrial_robotics_simulation_platform/install/apm_msgs/local/lib/python3.10/dist-packages:${PYTHONPATH} /usr/bin/python3 -W ignore:setup.py install is deprecated -W ignore:easy_install command is deprecated setup.py develop --editable --build-directory /home/user/industrial_robotics_simulation_platform/build/advanced_perception/build --no-deps symlink_data
[1.929s] running develop
[2.235s] running egg_info
[2.235s] creating advanced_perception.egg-info
[2.235s] writing advanced_perception.egg-info/PKG-INFO
[2.236s] writing dependency_links to advanced_perception.egg-info/dependency_links.txt
[2.236s] writing entry points to advanced_perception.egg-info/entry_points.txt
[2.236s] writing requirements to advanced_perception.egg-info/requires.txt
[2.236s] writing top-level names to advanced_perception.egg-info/top_level.txt
[2.236s] writing manifest file 'advanced_perception.egg-info/SOURCES.txt'
[2.238s] reading manifest file 'advanced_perception.egg-info/SOURCES.txt'
[2.239s] writing manifest file 'advanced_perception.egg-info/SOURCES.txt'
[2.241s] running build_ext
[2.241s] Creating /home/user/industrial_robotics_simulation_platform/install/advanced_perception/lib/python3.10/site-packages/advanced-perception.egg-link (link to .)
[2.242s] Installing pose_estimation_node script to /home/user/industrial_robotics_simulation_platform/install/advanced_perception/bin
[2.242s] Installing segmentation_node script to /home/user/industrial_robotics_simulation_platform/install/advanced_perception/bin
[2.243s] 
[2.243s] Installed /home/user/industrial_robotics_simulation_platform/build/advanced_perception
[2.243s] running symlink_data
[2.243s] creating /home/user/industrial_robotics_simulation_platform/install/advanced_perception/share/ament_index
[2.243s] creating /home/user/industrial_robotics_simulation_platform/install/advanced_perception/share/ament_index/resource_index
[2.243s] creating /home/user/industrial_robotics_simulation_platform/install/advanced_perception/share/ament_index/resource_index/packages
[2.243s] symbolically linking /home/user/industrial_robotics_simulation_platform/build/advanced_perception/resource/advanced_perception -> /home/user/industrial_robotics_simulation_platform/install/advanced_perception/share/ament_index/resource_index/packages
[2.243s] symbolically linking /home/user/industrial_robotics_simulation_platform/build/advanced_perception/package.xml -> /home/user/industrial_robotics_simulation_platform/install/advanced_perception/share/advanced_perception
[2.244s] creating /home/user/industrial_robotics_simulation_platform/install/advanced_perception/share/advanced_perception/launch
[2.244s] symbolically linking /home/user/industrial_robotics_simulation_platform/build/advanced_perception/launch/advanced_perception_launch.py -> /home/user/industrial_robotics_simulation_platform/install/advanced_perception/share/advanced_perception/launch
[2.244s] creating /home/user/industrial_robotics_simulation_platform/install/advanced_perception/share/advanced_perception/config
[2.244s] symbolically linking /home/user/industrial_robotics_simulation_platform/build/advanced_perception/config/pose_estimation_config.yaml -> /home/user/industrial_robotics_simulation_platform/install/advanced_perception/share/advanced_perception/config
[2.244s] symbolically linking /home/user/industrial_robotics_simulation_platform/build/advanced_perception/config/segmentation_config.yaml -> /home/user/industrial_robotics_simulation_platform/install/advanced_perception/share/advanced_perception/config
[2.282s] Invoked command in '/home/user/industrial_robotics_simulation_platform/build/advanced_perception' returned '0': AMENT_PREFIX_PATH=/home/user/industrial_robotics_simulation_platform/install/apm_msgs:${AMENT_PREFIX_PATH} CMAKE_PREFIX_PATH=/home/user/industrial_robotics_simulation_platform/install/apm_msgs LD_LIBRARY_PATH=/home/user/industrial_robotics_simulation_platform/install/apm_msgs/lib:${LD_LIBRARY_PATH} PYTHONPATH=/home/user/industrial_robotics_simulation_platform/build/advanced_perception/prefix_override:/usr/lib/python3/dist-packages/colcon_core/task/python/colcon_distutils_commands:/home/user/industrial_robotics_simulation_platform/install/advanced_perception/lib/python3.10/site-packages:/home/user/industrial_robotics_simulation_platform/install/apm_msgs/local/lib/python3.10/dist-packages:${PYTHONPATH} /usr/bin/python3 -W ignore:setup.py install is deprecated -W ignore:easy_install command is deprecated setup.py develop --editable --build-directory /home/user/industrial_robotics_simulation_platform/build/advanced_perception/build --no-deps symlink_data
