[3.814s] Invoking command in '/home/user/industrial_robotics_simulation_platform/src/simulation_tools': PYTHONPATH=/home/user/industrial_robotics_simulation_platform/build/simulation_tools/prefix_override:/usr/lib/python3/dist-packages/colcon_core/task/python/colcon_distutils_commands:/home/user/industrial_robotics_simulation_platform/install/simulation_tools/lib/python3.10/site-packages:${PYTHONPATH} /usr/bin/python3 -W ignore:setup.py install is deprecated -W ignore:easy_install command is deprecated setup.py egg_info --egg-base ../../build/simulation_tools build --build-base /home/user/industrial_robotics_simulation_platform/build/simulation_tools/build install --record /home/user/industrial_robotics_simulation_platform/build/simulation_tools/install.log --single-version-externally-managed install_data
[4.373s] running egg_info
[4.375s] writing ../../build/simulation_tools/simulation_tools.egg-info/PKG-INFO
[4.376s] writing dependency_links to ../../build/simulation_tools/simulation_tools.egg-info/dependency_links.txt
[4.376s] writing entry points to ../../build/simulation_tools/simulation_tools.egg-info/entry_points.txt
[4.377s] writing requirements to ../../build/simulation_tools/simulation_tools.egg-info/requires.txt
[4.378s] writing top-level names to ../../build/simulation_tools/simulation_tools.egg-info/top_level.txt
[4.382s] reading manifest file '../../build/simulation_tools/simulation_tools.egg-info/SOURCES.txt'
[4.383s] adding license file 'LICENSE'
[4.385s] writing manifest file '../../build/simulation_tools/simulation_tools.egg-info/SOURCES.txt'
[4.385s] running build
[4.386s] running build_py
[4.387s] running install
[4.388s] running install_lib
[4.391s] running install_data
[4.391s] copying launch/visualization_launch.py -> /home/user/industrial_robotics_simulation_platform/install/simulation_tools/share/simulation_tools/launch
[4.392s] running install_egg_info
[4.397s] removing '/home/user/industrial_robotics_simulation_platform/install/simulation_tools/lib/python3.10/site-packages/simulation_tools-0.1.0-py3.10.egg-info' (and everything under it)
[4.398s] Copying ../../build/simulation_tools/simulation_tools.egg-info to /home/user/industrial_robotics_simulation_platform/install/simulation_tools/lib/python3.10/site-packages/simulation_tools-0.1.0-py3.10.egg-info
[4.401s] running install_scripts
[4.471s] Installing camera_simulator_node script to /home/user/industrial_robotics_simulation_platform/install/simulation_tools/lib/simulation_tools
[4.472s] Installing environment_configurator_node script to /home/user/industrial_robotics_simulation_platform/install/simulation_tools/lib/simulation_tools
[4.473s] Installing industrial_protocol_bridge_node script to /home/user/industrial_robotics_simulation_platform/install/simulation_tools/lib/simulation_tools
[4.473s] Installing safety_monitor_node script to /home/user/industrial_robotics_simulation_platform/install/simulation_tools/lib/simulation_tools
[4.473s] Installing system_test_node script to /home/user/industrial_robotics_simulation_platform/install/simulation_tools/lib/simulation_tools
[4.474s] Installing visualization_server_node script to /home/user/industrial_robotics_simulation_platform/install/simulation_tools/lib/simulation_tools
[4.474s] Installing web_interface_node script to /home/user/industrial_robotics_simulation_platform/install/simulation_tools/lib/simulation_tools
[4.475s] writing list of installed files to '/home/user/industrial_robotics_simulation_platform/build/simulation_tools/install.log'
[4.515s] Invoked command in '/home/user/industrial_robotics_simulation_platform/src/simulation_tools' returned '0': PYTHONPATH=/home/user/industrial_robotics_simulation_platform/build/simulation_tools/prefix_override:/usr/lib/python3/dist-packages/colcon_core/task/python/colcon_distutils_commands:/home/user/industrial_robotics_simulation_platform/install/simulation_tools/lib/python3.10/site-packages:${PYTHONPATH} /usr/bin/python3 -W ignore:setup.py install is deprecated -W ignore:easy_install command is deprecated setup.py egg_info --egg-base ../../build/simulation_tools build --build-base /home/user/industrial_robotics_simulation_platform/build/simulation_tools/build install --record /home/user/industrial_robotics_simulation_platform/build/simulation_tools/install.log --single-version-externally-managed install_data
