[3.833s] Invoking command in '/home/user/industrial_robotics_simulation_platform/src/apm_core': PYTHONPATH=/home/user/industrial_robotics_simulation_platform/build/apm_core/prefix_override:/usr/lib/python3/dist-packages/colcon_core/task/python/colcon_distutils_commands:/home/user/industrial_robotics_simulation_platform/install/apm_core/lib/python3.10/site-packages:${PYTHONPATH} /usr/bin/python3 -W ignore:setup.py install is deprecated -W ignore:easy_install command is deprecated setup.py egg_info --egg-base ../../build/apm_core build --build-base /home/user/industrial_robotics_simulation_platform/build/apm_core/build install --record /home/user/industrial_robotics_simulation_platform/build/apm_core/install.log --single-version-externally-managed install_data
[4.336s] running egg_info
[4.337s] writing ../../build/apm_core/apm_core.egg-info/PKG-INFO
[4.338s] writing dependency_links to ../../build/apm_core/apm_core.egg-info/dependency_links.txt
[4.339s] writing entry points to ../../build/apm_core/apm_core.egg-info/entry_points.txt
[4.340s] writing requirements to ../../build/apm_core/apm_core.egg-info/requires.txt
[4.340s] writing top-level names to ../../build/apm_core/apm_core.egg-info/top_level.txt
[4.344s] reading manifest file '../../build/apm_core/apm_core.egg-info/SOURCES.txt'
[4.345s] writing manifest file '../../build/apm_core/apm_core.egg-info/SOURCES.txt'
[4.345s] running build
[4.346s] running build_py
[4.347s] running install
[4.347s] running install_lib
[4.349s] running install_data
[4.350s] running install_egg_info
[4.353s] removing '/home/user/industrial_robotics_simulation_platform/install/apm_core/lib/python3.10/site-packages/apm_core-0.1.0-py3.10.egg-info' (and everything under it)
[4.354s] Copying ../../build/apm_core/apm_core.egg-info to /home/user/industrial_robotics_simulation_platform/install/apm_core/lib/python3.10/site-packages/apm_core-0.1.0-py3.10.egg-info
[4.356s] running install_scripts
[4.386s] Installing image_subscriber_node script to /home/user/industrial_robotics_simulation_platform/install/apm_core/bin
[4.387s] Installing onnx_inference_node script to /home/user/industrial_robotics_simulation_platform/install/apm_core/bin
[4.388s] Installing point_cloud_subscriber_node script to /home/user/industrial_robotics_simulation_platform/install/apm_core/bin
[4.388s] writing list of installed files to '/home/user/industrial_robotics_simulation_platform/build/apm_core/install.log'
[4.429s] Invoked command in '/home/user/industrial_robotics_simulation_platform/src/apm_core' returned '0': PYTHONPATH=/home/user/industrial_robotics_simulation_platform/build/apm_core/prefix_override:/usr/lib/python3/dist-packages/colcon_core/task/python/colcon_distutils_commands:/home/user/industrial_robotics_simulation_platform/install/apm_core/lib/python3.10/site-packages:${PYTHONPATH} /usr/bin/python3 -W ignore:setup.py install is deprecated -W ignore:easy_install command is deprecated setup.py egg_info --egg-base ../../build/apm_core build --build-base /home/user/industrial_robotics_simulation_platform/build/apm_core/build install --record /home/user/industrial_robotics_simulation_platform/build/apm_core/install.log --single-version-externally-managed install_data
