running egg_info
writing ../../build/advanced_perception/advanced_perception.egg-info/PKG-INFO
writing dependency_links to ../../build/advanced_perception/advanced_perception.egg-info/dependency_links.txt
writing entry points to ../../build/advanced_perception/advanced_perception.egg-info/entry_points.txt
writing requirements to ../../build/advanced_perception/advanced_perception.egg-info/requires.txt
writing top-level names to ../../build/advanced_perception/advanced_perception.egg-info/top_level.txt
reading manifest file '../../build/advanced_perception/advanced_perception.egg-info/SOURCES.txt'
writing manifest file '../../build/advanced_perception/advanced_perception.egg-info/SOURCES.txt'
running build
running build_py
running install
running install_lib
running install_data
running install_egg_info
removing '/home/user/industrial_robotics_simulation_platform/install/advanced_perception/lib/python3.10/site-packages/advanced_perception-0.1.0-py3.10.egg-info' (and everything under it)
Copying ../../build/advanced_perception/advanced_perception.egg-info to /home/user/industrial_robotics_simulation_platform/install/advanced_perception/lib/python3.10/site-packages/advanced_perception-0.1.0-py3.10.egg-info
running install_scripts
Installing pose_estimation_node script to /home/user/industrial_robotics_simulation_platform/install/advanced_perception/bin
Installing segmentation_node script to /home/user/industrial_robotics_simulation_platform/install/advanced_perception/bin
writing list of installed files to '/home/user/industrial_robotics_simulation_platform/build/advanced_perception/install.log'
