[1.743s] Invoking command in '/home/user/industrial_robotics_simulation_platform/src/advanced_perception': AMENT_PREFIX_PATH=/home/user/industrial_robotics_simulation_platform/install/apm_msgs:${AMENT_PREFIX_PATH} CMAKE_PREFIX_PATH=/home/user/industrial_robotics_simulation_platform/install/apm_msgs LD_LIBRARY_PATH=/home/user/industrial_robotics_simulation_platform/install/apm_msgs/lib:${LD_LIBRARY_PATH} PYTHONPATH=/home/user/industrial_robotics_simulation_platform/build/advanced_perception/prefix_override:/usr/lib/python3/dist-packages/colcon_core/task/python/colcon_distutils_commands:/home/user/industrial_robotics_simulation_platform/install/advanced_perception/lib/python3.10/site-packages:/home/user/industrial_robotics_simulation_platform/install/apm_msgs/local/lib/python3.10/dist-packages:${PYTHONPATH} /usr/bin/python3 -W ignore:setup.py install is deprecated -W ignore:easy_install command is deprecated setup.py egg_info --egg-base ../../build/advanced_perception build --build-base /home/user/industrial_robotics_simulation_platform/build/advanced_perception/build install --record /home/user/industrial_robotics_simulation_platform/build/advanced_perception/install.log --single-version-externally-managed install_data
[2.129s] running egg_info
[2.130s] writing ../../build/advanced_perception/advanced_perception.egg-info/PKG-INFO
[2.130s] writing dependency_links to ../../build/advanced_perception/advanced_perception.egg-info/dependency_links.txt
[2.131s] writing entry points to ../../build/advanced_perception/advanced_perception.egg-info/entry_points.txt
[2.131s] writing requirements to ../../build/advanced_perception/advanced_perception.egg-info/requires.txt
[2.131s] writing top-level names to ../../build/advanced_perception/advanced_perception.egg-info/top_level.txt
[2.134s] reading manifest file '../../build/advanced_perception/advanced_perception.egg-info/SOURCES.txt'
[2.136s] writing manifest file '../../build/advanced_perception/advanced_perception.egg-info/SOURCES.txt'
[2.136s] running build
[2.136s] running build_py
[2.137s] running install
[2.138s] running install_lib
[2.139s] running install_data
[2.140s] running install_egg_info
[2.142s] removing '/home/user/industrial_robotics_simulation_platform/install/advanced_perception/lib/python3.10/site-packages/advanced_perception-0.1.0-py3.10.egg-info' (and everything under it)
[2.143s] Copying ../../build/advanced_perception/advanced_perception.egg-info to /home/user/industrial_robotics_simulation_platform/install/advanced_perception/lib/python3.10/site-packages/advanced_perception-0.1.0-py3.10.egg-info
[2.145s] running install_scripts
[2.175s] Installing pose_estimation_node script to /home/user/industrial_robotics_simulation_platform/install/advanced_perception/bin
[2.176s] Installing segmentation_node script to /home/user/industrial_robotics_simulation_platform/install/advanced_perception/bin
[2.177s] writing list of installed files to '/home/user/industrial_robotics_simulation_platform/build/advanced_perception/install.log'
[2.225s] Invoked command in '/home/user/industrial_robotics_simulation_platform/src/advanced_perception' returned '0': AMENT_PREFIX_PATH=/home/user/industrial_robotics_simulation_platform/install/apm_msgs:${AMENT_PREFIX_PATH} CMAKE_PREFIX_PATH=/home/user/industrial_robotics_simulation_platform/install/apm_msgs LD_LIBRARY_PATH=/home/user/industrial_robotics_simulation_platform/install/apm_msgs/lib:${LD_LIBRARY_PATH} PYTHONPATH=/home/user/industrial_robotics_simulation_platform/build/advanced_perception/prefix_override:/usr/lib/python3/dist-packages/colcon_core/task/python/colcon_distutils_commands:/home/user/industrial_robotics_simulation_platform/install/advanced_perception/lib/python3.10/site-packages:/home/user/industrial_robotics_simulation_platform/install/apm_msgs/local/lib/python3.10/dist-packages:${PYTHONPATH} /usr/bin/python3 -W ignore:setup.py install is deprecated -W ignore:easy_install command is deprecated setup.py egg_info --egg-base ../../build/advanced_perception build --build-base /home/user/industrial_robotics_simulation_platform/build/advanced_perception/build install --record /home/user/industrial_robotics_simulation_platform/build/advanced_perception/install.log --single-version-externally-managed install_data
