running develop
Removing /home/user/industrial_robotics_simulation_platform/install/web_interface/lib/python3.10/site-packages/web-interface.egg-link (link to .)
running egg_info
writing ../../build/web_interface/web_interface.egg-info/PKG-INFO
writing dependency_links to ../../build/web_interface/web_interface.egg-info/dependency_links.txt
writing entry points to ../../build/web_interface/web_interface.egg-info/entry_points.txt
writing requirements to ../../build/web_interface/web_interface.egg-info/requires.txt
writing top-level names to ../../build/web_interface/web_interface.egg-info/top_level.txt
reading manifest file '../../build/web_interface/web_interface.egg-info/SOURCES.txt'
writing manifest file '../../build/web_interface/web_interface.egg-info/SOURCES.txt'
running build
running build_py
creating /home/user/industrial_robotics_simulation_platform/build/web_interface/build
creating /home/user/industrial_robotics_simulation_platform/build/web_interface/build/lib
creating /home/user/industrial_robotics_simulation_platform/build/web_interface/build/lib/web_interface
copying web_interface/__init__.py -> /home/user/industrial_robotics_simulation_platform/build/web_interface/build/lib/web_interface
copying web_interface/web_interface_node.py -> /home/user/industrial_robotics_simulation_platform/build/web_interface/build/lib/web_interface
running install
running install_lib
creating /home/user/industrial_robotics_simulation_platform/install/web_interface/lib/python3.10/site-packages/web_interface
copying /home/user/industrial_robotics_simulation_platform/build/web_interface/build/lib/web_interface/__init__.py -> /home/user/industrial_robotics_simulation_platform/install/web_interface/lib/python3.10/site-packages/web_interface
copying /home/user/industrial_robotics_simulation_platform/build/web_interface/build/lib/web_interface/web_interface_node.py -> /home/user/industrial_robotics_simulation_platform/install/web_interface/lib/python3.10/site-packages/web_interface
byte-compiling /home/user/industrial_robotics_simulation_platform/install/web_interface/lib/python3.10/site-packages/web_interface/__init__.py to __init__.cpython-310.pyc
byte-compiling /home/user/industrial_robotics_simulation_platform/install/web_interface/lib/python3.10/site-packages/web_interface/web_interface_node.py to web_interface_node.cpython-310.pyc
running install_data
copying resource/web_interface -> /home/user/industrial_robotics_simulation_platform/install/web_interface/share/ament_index/resource_index/packages
copying package.xml -> /home/user/industrial_robotics_simulation_platform/install/web_interface/share/web_interface
copying launch/web_interface.launch.py -> /home/user/industrial_robotics_simulation_platform/install/web_interface/share/web_interface/launch
copying launch/integrated_system_launch.py -> /home/user/industrial_robotics_simulation_platform/install/web_interface/share/web_interface/launch
copying web_app/src/ros2_bridge.py -> /home/user/industrial_robotics_simulation_platform/install/web_interface/share/web_interface/web_app/src
copying web_app/src/main.py -> /home/user/industrial_robotics_simulation_platform/install/web_interface/share/web_interface/web_app/src
copying web_app/src/templates/index.html -> /home/user/industrial_robotics_simulation_platform/install/web_interface/share/web_interface/web_app/src/templates
copying web_app/src/templates/control.html -> /home/user/industrial_robotics_simulation_platform/install/web_interface/share/web_interface/web_app/src/templates
copying web_app/src/templates/dashboard.html -> /home/user/industrial_robotics_simulation_platform/install/web_interface/share/web_interface/web_app/src/templates
running install_egg_info
Copying ../../build/web_interface/web_interface.egg-info to /home/user/industrial_robotics_simulation_platform/install/web_interface/lib/python3.10/site-packages/web_interface-0.1.0-py3.10.egg-info
running install_scripts
Installing web_interface_node script to /home/user/industrial_robotics_simulation_platform/install/web_interface/bin
writing list of installed files to '/home/user/industrial_robotics_simulation_platform/build/web_interface/install.log'
