[1.778s] Invoking command in '/home/user/industrial_robotics_simulation_platform/build/web_interface': AMENT_PREFIX_PATH=/home/user/industrial_robotics_simulation_platform/install/apm_msgs:${AMENT_PREFIX_PATH} CMAKE_PREFIX_PATH=/home/user/industrial_robotics_simulation_platform/install/apm_msgs LD_LIBRARY_PATH=/home/user/industrial_robotics_simulation_platform/install/apm_msgs/lib:${LD_LIBRARY_PATH} PYTHONPATH=/home/user/industrial_robotics_simulation_platform/build/web_interface/prefix_override:/usr/lib/python3/dist-packages/colcon_core/task/python/colcon_distutils_commands:/home/user/industrial_robotics_simulation_platform/install/web_interface/lib/python3.10/site-packages:/home/user/industrial_robotics_simulation_platform/install/apm_msgs/local/lib/python3.10/dist-packages:${PYTHONPATH} /usr/bin/python3 -W ignore:setup.py install is deprecated -W ignore:easy_install command is deprecated setup.py develop --uninstall --editable --build-directory /home/user/industrial_robotics_simulation_platform/build/web_interface/build
[2.192s] running develop
[2.530s] Removing /home/user/industrial_robotics_simulation_platform/install/web_interface/lib/python3.10/site-packages/web-interface.egg-link (link to .)
[2.582s] Invoked command in '/home/user/industrial_robotics_simulation_platform/build/web_interface' returned '0': AMENT_PREFIX_PATH=/home/user/industrial_robotics_simulation_platform/install/apm_msgs:${AMENT_PREFIX_PATH} CMAKE_PREFIX_PATH=/home/user/industrial_robotics_simulation_platform/install/apm_msgs LD_LIBRARY_PATH=/home/user/industrial_robotics_simulation_platform/install/apm_msgs/lib:${LD_LIBRARY_PATH} PYTHONPATH=/home/user/industrial_robotics_simulation_platform/build/web_interface/prefix_override:/usr/lib/python3/dist-packages/colcon_core/task/python/colcon_distutils_commands:/home/user/industrial_robotics_simulation_platform/install/web_interface/lib/python3.10/site-packages:/home/user/industrial_robotics_simulation_platform/install/apm_msgs/local/lib/python3.10/dist-packages:${PYTHONPATH} /usr/bin/python3 -W ignore:setup.py install is deprecated -W ignore:easy_install command is deprecated setup.py develop --uninstall --editable --build-directory /home/user/industrial_robotics_simulation_platform/build/web_interface/build
[2.585s] Invoking command in '/home/user/industrial_robotics_simulation_platform/src/web_interface': AMENT_PREFIX_PATH=/home/user/industrial_robotics_simulation_platform/install/apm_msgs:${AMENT_PREFIX_PATH} CMAKE_PREFIX_PATH=/home/user/industrial_robotics_simulation_platform/install/apm_msgs LD_LIBRARY_PATH=/home/user/industrial_robotics_simulation_platform/install/apm_msgs/lib:${LD_LIBRARY_PATH} PYTHONPATH=/home/user/industrial_robotics_simulation_platform/build/web_interface/prefix_override:/usr/lib/python3/dist-packages/colcon_core/task/python/colcon_distutils_commands:/home/user/industrial_robotics_simulation_platform/install/web_interface/lib/python3.10/site-packages:/home/user/industrial_robotics_simulation_platform/install/apm_msgs/local/lib/python3.10/dist-packages:${PYTHONPATH} /usr/bin/python3 -W ignore:setup.py install is deprecated -W ignore:easy_install command is deprecated setup.py egg_info --egg-base ../../build/web_interface build --build-base /home/user/industrial_robotics_simulation_platform/build/web_interface/build install --record /home/user/industrial_robotics_simulation_platform/build/web_interface/install.log --single-version-externally-managed install_data --force
[2.965s] running egg_info
[2.966s] writing ../../build/web_interface/web_interface.egg-info/PKG-INFO
[2.966s] writing dependency_links to ../../build/web_interface/web_interface.egg-info/dependency_links.txt
[2.967s] writing entry points to ../../build/web_interface/web_interface.egg-info/entry_points.txt
[2.967s] writing requirements to ../../build/web_interface/web_interface.egg-info/requires.txt
[2.967s] writing top-level names to ../../build/web_interface/web_interface.egg-info/top_level.txt
[2.970s] reading manifest file '../../build/web_interface/web_interface.egg-info/SOURCES.txt'
[3.793s] writing manifest file '../../build/web_interface/web_interface.egg-info/SOURCES.txt'
[3.793s] running build
[3.793s] running build_py
[3.793s] creating /home/user/industrial_robotics_simulation_platform/build/web_interface/build
[3.793s] creating /home/user/industrial_robotics_simulation_platform/build/web_interface/build/lib
[3.793s] creating /home/user/industrial_robotics_simulation_platform/build/web_interface/build/lib/web_interface
[3.793s] copying web_interface/__init__.py -> /home/user/industrial_robotics_simulation_platform/build/web_interface/build/lib/web_interface
[3.829s] copying web_interface/web_interface_node.py -> /home/user/industrial_robotics_simulation_platform/build/web_interface/build/lib/web_interface
[3.835s] running install
[3.836s] running install_lib
[3.837s] creating /home/user/industrial_robotics_simulation_platform/install/web_interface/lib/python3.10/site-packages/web_interface
[3.837s] copying /home/user/industrial_robotics_simulation_platform/build/web_interface/build/lib/web_interface/__init__.py -> /home/user/industrial_robotics_simulation_platform/install/web_interface/lib/python3.10/site-packages/web_interface
[3.837s] copying /home/user/industrial_robotics_simulation_platform/build/web_interface/build/lib/web_interface/web_interface_node.py -> /home/user/industrial_robotics_simulation_platform/install/web_interface/lib/python3.10/site-packages/web_interface
[3.837s] byte-compiling /home/user/industrial_robotics_simulation_platform/install/web_interface/lib/python3.10/site-packages/web_interface/__init__.py to __init__.cpython-310.pyc
[3.838s] byte-compiling /home/user/industrial_robotics_simulation_platform/install/web_interface/lib/python3.10/site-packages/web_interface/web_interface_node.py to web_interface_node.cpython-310.pyc
[3.839s] running install_data
[3.839s] copying resource/web_interface -> /home/user/industrial_robotics_simulation_platform/install/web_interface/share/ament_index/resource_index/packages
[3.854s] copying package.xml -> /home/user/industrial_robotics_simulation_platform/install/web_interface/share/web_interface
[3.858s] copying launch/web_interface.launch.py -> /home/user/industrial_robotics_simulation_platform/install/web_interface/share/web_interface/launch
[3.861s] copying launch/integrated_system_launch.py -> /home/user/industrial_robotics_simulation_platform/install/web_interface/share/web_interface/launch
[3.864s] copying web_app/src/ros2_bridge.py -> /home/user/industrial_robotics_simulation_platform/install/web_interface/share/web_interface/web_app/src
[3.868s] copying web_app/src/main.py -> /home/user/industrial_robotics_simulation_platform/install/web_interface/share/web_interface/web_app/src
[3.872s] copying web_app/src/templates/index.html -> /home/user/industrial_robotics_simulation_platform/install/web_interface/share/web_interface/web_app/src/templates
[3.874s] copying web_app/src/templates/control.html -> /home/user/industrial_robotics_simulation_platform/install/web_interface/share/web_interface/web_app/src/templates
[3.876s] copying web_app/src/templates/dashboard.html -> /home/user/industrial_robotics_simulation_platform/install/web_interface/share/web_interface/web_app/src/templates
[3.878s] running install_egg_info
[3.881s] Copying ../../build/web_interface/web_interface.egg-info to /home/user/industrial_robotics_simulation_platform/install/web_interface/lib/python3.10/site-packages/web_interface-0.1.0-py3.10.egg-info
[3.883s] running install_scripts
[3.912s] Installing web_interface_node script to /home/user/industrial_robotics_simulation_platform/install/web_interface/bin
[3.912s] writing list of installed files to '/home/user/industrial_robotics_simulation_platform/build/web_interface/install.log'
[3.967s] Invoked command in '/home/user/industrial_robotics_simulation_platform/src/web_interface' returned '0': AMENT_PREFIX_PATH=/home/user/industrial_robotics_simulation_platform/install/apm_msgs:${AMENT_PREFIX_PATH} CMAKE_PREFIX_PATH=/home/user/industrial_robotics_simulation_platform/install/apm_msgs LD_LIBRARY_PATH=/home/user/industrial_robotics_simulation_platform/install/apm_msgs/lib:${LD_LIBRARY_PATH} PYTHONPATH=/home/user/industrial_robotics_simulation_platform/build/web_interface/prefix_override:/usr/lib/python3/dist-packages/colcon_core/task/python/colcon_distutils_commands:/home/user/industrial_robotics_simulation_platform/install/web_interface/lib/python3.10/site-packages:/home/user/industrial_robotics_simulation_platform/install/apm_msgs/local/lib/python3.10/dist-packages:${PYTHONPATH} /usr/bin/python3 -W ignore:setup.py install is deprecated -W ignore:easy_install command is deprecated setup.py egg_info --egg-base ../../build/web_interface build --build-base /home/user/industrial_robotics_simulation_platform/build/web_interface/build install --record /home/user/industrial_robotics_simulation_platform/build/web_interface/install.log --single-version-externally-managed install_data --force
