/home/user/industrial_robotics_simulation_platform/install/fmm_core/lib/python3.10/site-packages/fmm_core/sorting_demo_node.py
/home/user/industrial_robotics_simulation_platform/install/fmm_core/lib/python3.10/site-packages/fmm_core/__init__.py
/home/user/industrial_robotics_simulation_platform/install/fmm_core/lib/python3.10/site-packages/fmm_core/fmm_moveit_interface_node.py
/home/user/industrial_robotics_simulation_platform/install/fmm_core/lib/python3.10/site-packages/fmm_core/planning_scene_updater_node.py
/home/user/industrial_robotics_simulation_platform/install/fmm_core/lib/python3.10/site-packages/fmm_core/pick_and_place_node.py
/home/user/industrial_robotics_simulation_platform/install/fmm_core/lib/python3.10/site-packages/fmm_core/__pycache__/sorting_demo_node.cpython-310.pyc
/home/user/industrial_robotics_simulation_platform/install/fmm_core/lib/python3.10/site-packages/fmm_core/__pycache__/__init__.cpython-310.pyc
/home/user/industrial_robotics_simulation_platform/install/fmm_core/lib/python3.10/site-packages/fmm_core/__pycache__/fmm_moveit_interface_node.cpython-310.pyc
/home/user/industrial_robotics_simulation_platform/install/fmm_core/lib/python3.10/site-packages/fmm_core/__pycache__/planning_scene_updater_node.cpython-310.pyc
/home/user/industrial_robotics_simulation_platform/install/fmm_core/lib/python3.10/site-packages/fmm_core/__pycache__/pick_and_place_node.cpython-310.pyc
/home/user/industrial_robotics_simulation_platform/install/fmm_core/share/ament_index/resource_index/packages/fmm_core
/home/user/industrial_robotics_simulation_platform/install/fmm_core/share/fmm_core/package.xml
/home/user/industrial_robotics_simulation_platform/install/fmm_core/share/fmm_core/launch/load_sorting_config_launch.py
/home/user/industrial_robotics_simulation_platform/install/fmm_core/share/fmm_core/launch/sorting_demo_launch.py
/home/user/industrial_robotics_simulation_platform/install/fmm_core/share/fmm_core/launch/pick_and_place_launch.py
/home/user/industrial_robotics_simulation_platform/install/fmm_core/share/fmm_core/launch/fmm_moveit_system_launch.py
/home/user/industrial_robotics_simulation_platform/install/fmm_core/lib/python3.10/site-packages/fmm_core-0.1.0-py3.10.egg-info/zip-safe
/home/user/industrial_robotics_simulation_platform/install/fmm_core/lib/python3.10/site-packages/fmm_core-0.1.0-py3.10.egg-info/top_level.txt
/home/user/industrial_robotics_simulation_platform/install/fmm_core/lib/python3.10/site-packages/fmm_core-0.1.0-py3.10.egg-info/SOURCES.txt
/home/user/industrial_robotics_simulation_platform/install/fmm_core/lib/python3.10/site-packages/fmm_core-0.1.0-py3.10.egg-info/PKG-INFO
/home/user/industrial_robotics_simulation_platform/install/fmm_core/lib/python3.10/site-packages/fmm_core-0.1.0-py3.10.egg-info/requires.txt
/home/user/industrial_robotics_simulation_platform/install/fmm_core/lib/python3.10/site-packages/fmm_core-0.1.0-py3.10.egg-info/entry_points.txt
/home/user/industrial_robotics_simulation_platform/install/fmm_core/lib/python3.10/site-packages/fmm_core-0.1.0-py3.10.egg-info/dependency_links.txt
/home/user/industrial_robotics_simulation_platform/install/fmm_core/bin/fmm_moveit_interface_node
/home/user/industrial_robotics_simulation_platform/install/fmm_core/bin/planning_scene_updater_node
