[0.040s] Invoking command in '/home/user/industrial_robotics_simulation_platform/build/ur5_robot_description': CMAKE_PREFIX_PATH=/opt/ros/humble /usr/bin/cmake /home/user/industrial_robotics_simulation_platform/src/ur5_robot_description -DAMENT_CMAKE_SYMLINK_INSTALL=1 -DCMAKE_INSTALL_PREFIX=/home/user/industrial_robotics_simulation_platform/install/ur5_robot_description
[0.651s] -- The C compiler identification is GNU 11.4.0
[0.651s] -- The CXX compiler identification is GNU 11.4.0
[0.653s] -- Detecting C compiler ABI info
[0.654s] -- Detecting C compiler ABI info - done
[0.655s] -- Check for working C compiler: /usr/bin/cc - skipped
[0.655s] -- Detecting C compile features
[0.655s] -- Detecting C compile features - done
[0.655s] -- Detecting CXX compiler ABI info
[0.656s] -- Detecting CXX compiler ABI info - done
[0.658s] -- Check for working CXX compiler: /usr/bin/c++ - skipped
[0.659s] -- Detecting CXX compile features
[0.659s] -- Detecting CXX compile features - done
[0.662s] -- Found ament_cmake: 1.3.11 (/opt/ros/humble/share/ament_cmake/cmake)
[0.968s] -- Found Python3: /usr/bin/python3 (found version "3.10.12") found components: Interpreter 
[1.088s] -- Override CMake install command with custom implementation using symlinks instead of copying resources
[1.260s] -- Configuring done
[1.265s] -- Generating done
[1.269s] -- Build files have been written to: /home/user/industrial_robotics_simulation_platform/build/ur5_robot_description
[1.278s] Invoked command in '/home/user/industrial_robotics_simulation_platform/build/ur5_robot_description' returned '0': CMAKE_PREFIX_PATH=/opt/ros/humble /usr/bin/cmake /home/user/industrial_robotics_simulation_platform/src/ur5_robot_description -DAMENT_CMAKE_SYMLINK_INSTALL=1 -DCMAKE_INSTALL_PREFIX=/home/user/industrial_robotics_simulation_platform/install/ur5_robot_description
[1.283s] Invoking command in '/home/user/industrial_robotics_simulation_platform/build/ur5_robot_description': CMAKE_PREFIX_PATH=/opt/ros/humble /usr/bin/cmake --build /home/user/industrial_robotics_simulation_platform/build/ur5_robot_description -- -j8 -l8
[1.372s] Invoked command in '/home/user/industrial_robotics_simulation_platform/build/ur5_robot_description' returned '0': CMAKE_PREFIX_PATH=/opt/ros/humble /usr/bin/cmake --build /home/user/industrial_robotics_simulation_platform/build/ur5_robot_description -- -j8 -l8
[1.380s] Invoking command in '/home/user/industrial_robotics_simulation_platform/build/ur5_robot_description': CMAKE_PREFIX_PATH=/opt/ros/humble /usr/bin/cmake --install /home/user/industrial_robotics_simulation_platform/build/ur5_robot_description
[1.393s] -- Install configuration: ""
[1.394s] -- Execute custom install script
[1.396s] -- Symlinking: /home/user/industrial_robotics_simulation_platform/install/ur5_robot_description/share/ur5_robot_description/urdf/ur5_robot.urdf.xacro
[1.425s] -- Symlinking: /home/user/industrial_robotics_simulation_platform/install/ur5_robot_description/share/ur5_robot_description/launch/display.launch.py
[1.449s] -- Symlinking: /home/user/industrial_robotics_simulation_platform/install/ur5_robot_description/share/ament_index/resource_index/package_run_dependencies/ur5_robot_description
[1.470s] -- Symlinking: /home/user/industrial_robotics_simulation_platform/install/ur5_robot_description/share/ament_index/resource_index/parent_prefix_path/ur5_robot_description
[1.489s] -- Symlinking: /home/user/industrial_robotics_simulation_platform/install/ur5_robot_description/share/ur5_robot_description/environment/ament_prefix_path.sh
[1.512s] -- Symlinking: /home/user/industrial_robotics_simulation_platform/install/ur5_robot_description/share/ur5_robot_description/environment/ament_prefix_path.dsv
[1.529s] -- Symlinking: /home/user/industrial_robotics_simulation_platform/install/ur5_robot_description/share/ur5_robot_description/environment/path.sh
[1.546s] -- Symlinking: /home/user/industrial_robotics_simulation_platform/install/ur5_robot_description/share/ur5_robot_description/environment/path.dsv
[1.566s] -- Symlinking: /home/user/industrial_robotics_simulation_platform/install/ur5_robot_description/share/ur5_robot_description/local_setup.bash
[1.583s] -- Symlinking: /home/user/industrial_robotics_simulation_platform/install/ur5_robot_description/share/ur5_robot_description/local_setup.sh
[1.602s] -- Symlinking: /home/user/industrial_robotics_simulation_platform/install/ur5_robot_description/share/ur5_robot_description/local_setup.zsh
[1.620s] -- Symlinking: /home/user/industrial_robotics_simulation_platform/install/ur5_robot_description/share/ur5_robot_description/local_setup.dsv
[1.640s] -- Symlinking: /home/user/industrial_robotics_simulation_platform/install/ur5_robot_description/share/ur5_robot_description/package.dsv
[1.660s] -- Symlinking: /home/user/industrial_robotics_simulation_platform/install/ur5_robot_description/share/ament_index/resource_index/packages/ur5_robot_description
[1.683s] -- Symlinking: /home/user/industrial_robotics_simulation_platform/install/ur5_robot_description/share/ur5_robot_description/cmake/ur5_robot_descriptionConfig.cmake
[1.697s] -- Symlinking: /home/user/industrial_robotics_simulation_platform/install/ur5_robot_description/share/ur5_robot_description/cmake/ur5_robot_descriptionConfig-version.cmake
[1.715s] -- Symlinking: /home/user/industrial_robotics_simulation_platform/install/ur5_robot_description/share/ur5_robot_description/package.xml
[1.738s] Invoked command in '/home/user/industrial_robotics_simulation_platform/build/ur5_robot_description' returned '0': CMAKE_PREFIX_PATH=/opt/ros/humble /usr/bin/cmake --install /home/user/industrial_robotics_simulation_platform/build/ur5_robot_description
