[2.727s] Invoking command in '/home/user/industrial_robotics_simulation_platform/src/web_interface': CMAKE_PREFIX_PATH=/home/user/industrial_robotics_simulation_platform/install/apm_msgs:/home/user/industrial_robotics_simulation_platform/install/ur5_robot_moveit_config:/home/user/industrial_robotics_simulation_platform/install/ur5_robot_description:/home/user/industrial_robotics_simulation_platform/install/delta_robot_moveit_config:/home/user/industrial_robotics_simulation_platform/install/delta_robot_description PYTHONPATH=/home/user/industrial_robotics_simulation_platform/build/web_interface/prefix_override:/usr/lib/python3/dist-packages/colcon_core/task/python/colcon_distutils_commands:/home/user/industrial_robotics_simulation_platform/install/web_interface/lib/python3.10/site-packages:${PYTHONPATH} /usr/bin/python3 -W ignore:setup.py install is deprecated -W ignore:easy_install command is deprecated setup.py egg_info --egg-base ../../build/web_interface build --build-base /home/user/industrial_robotics_simulation_platform/build/web_interface/build install --record /home/user/industrial_robotics_simulation_platform/build/web_interface/install.log --single-version-externally-managed install_data
[3.080s] running egg_info
[3.081s] writing ../../build/web_interface/web_interface.egg-info/PKG-INFO
[3.081s] writing dependency_links to ../../build/web_interface/web_interface.egg-info/dependency_links.txt
[3.082s] writing entry points to ../../build/web_interface/web_interface.egg-info/entry_points.txt
[3.084s] writing requirements to ../../build/web_interface/web_interface.egg-info/requires.txt
[3.088s] writing top-level names to ../../build/web_interface/web_interface.egg-info/top_level.txt
[3.090s] reading manifest file '../../build/web_interface/web_interface.egg-info/SOURCES.txt'
[3.091s] writing manifest file '../../build/web_interface/web_interface.egg-info/SOURCES.txt'
[3.092s] running build
[3.092s] running build_py
[3.092s] running install
[3.093s] running install_lib
[3.094s] running install_data
[3.095s] running install_egg_info
[3.097s] removing '/home/user/industrial_robotics_simulation_platform/install/web_interface/lib/python3.10/site-packages/web_interface-0.1.0-py3.10.egg-info' (and everything under it)
[3.098s] Copying ../../build/web_interface/web_interface.egg-info to /home/user/industrial_robotics_simulation_platform/install/web_interface/lib/python3.10/site-packages/web_interface-0.1.0-py3.10.egg-info
[3.100s] running install_scripts
[3.124s] Installing web_interface_node script to /home/user/industrial_robotics_simulation_platform/install/web_interface/bin
[3.124s] writing list of installed files to '/home/user/industrial_robotics_simulation_platform/build/web_interface/install.log'
[3.151s] Invoked command in '/home/user/industrial_robotics_simulation_platform/src/web_interface' returned '0': CMAKE_PREFIX_PATH=/home/user/industrial_robotics_simulation_platform/install/apm_msgs:/home/user/industrial_robotics_simulation_platform/install/ur5_robot_moveit_config:/home/user/industrial_robotics_simulation_platform/install/ur5_robot_description:/home/user/industrial_robotics_simulation_platform/install/delta_robot_moveit_config:/home/user/industrial_robotics_simulation_platform/install/delta_robot_description PYTHONPATH=/home/user/industrial_robotics_simulation_platform/build/web_interface/prefix_override:/usr/lib/python3/dist-packages/colcon_core/task/python/colcon_distutils_commands:/home/user/industrial_robotics_simulation_platform/install/web_interface/lib/python3.10/site-packages:${PYTHONPATH} /usr/bin/python3 -W ignore:setup.py install is deprecated -W ignore:easy_install command is deprecated setup.py egg_info --egg-base ../../build/web_interface build --build-base /home/user/industrial_robotics_simulation_platform/build/web_interface/build install --record /home/user/industrial_robotics_simulation_platform/build/web_interface/install.log --single-version-externally-managed install_data
