running develop
running egg_info
creating simulation_tools.egg-info
writing simulation_tools.egg-info/PKG-INFO
writing dependency_links to simulation_tools.egg-info/dependency_links.txt
writing entry points to simulation_tools.egg-info/entry_points.txt
writing requirements to simulation_tools.egg-info/requires.txt
writing top-level names to simulation_tools.egg-info/top_level.txt
writing manifest file 'simulation_tools.egg-info/SOURCES.txt'
reading manifest file 'simulation_tools.egg-info/SOURCES.txt'
writing manifest file 'simulation_tools.egg-info/SOURCES.txt'
running build_ext
Creating /home/user/industrial_robotics_simulation_platform/install/simulation_tools/lib/python3.10/site-packages/simulation-tools.egg-link (link to .)
Installing camera_simulator_node script to /home/user/industrial_robotics_simulation_platform/install/simulation_tools/lib/simulation_tools
Installing environment_configurator_node script to /home/user/industrial_robotics_simulation_platform/install/simulation_tools/lib/simulation_tools
Installing industrial_protocol_bridge_node script to /home/user/industrial_robotics_simulation_platform/install/simulation_tools/lib/simulation_tools
Installing safety_monitor_node script to /home/user/industrial_robotics_simulation_platform/install/simulation_tools/lib/simulation_tools
Installing system_test_node script to /home/user/industrial_robotics_simulation_platform/install/simulation_tools/lib/simulation_tools
Installing visualization_server_node script to /home/user/industrial_robotics_simulation_platform/install/simulation_tools/lib/simulation_tools
Installing web_interface_node script to /home/user/industrial_robotics_simulation_platform/install/simulation_tools/lib/simulation_tools

Installed /home/user/industrial_robotics_simulation_platform/build/simulation_tools
running symlink_data
creating /home/user/industrial_robotics_simulation_platform/install/simulation_tools/share/ament_index
creating /home/user/industrial_robotics_simulation_platform/install/simulation_tools/share/ament_index/resource_index
creating /home/user/industrial_robotics_simulation_platform/install/simulation_tools/share/ament_index/resource_index/packages
symbolically linking /home/user/industrial_robotics_simulation_platform/build/simulation_tools/resource/simulation_tools -> /home/user/industrial_robotics_simulation_platform/install/simulation_tools/share/ament_index/resource_index/packages
symbolically linking /home/user/industrial_robotics_simulation_platform/build/simulation_tools/package.xml -> /home/user/industrial_robotics_simulation_platform/install/simulation_tools/share/simulation_tools
creating /home/user/industrial_robotics_simulation_platform/install/simulation_tools/share/simulation_tools/launch
symbolically linking /home/user/industrial_robotics_simulation_platform/build/simulation_tools/launch/realsense_hybrid_launch.py -> /home/user/industrial_robotics_simulation_platform/install/simulation_tools/share/simulation_tools/launch
symbolically linking /home/user/industrial_robotics_simulation_platform/build/simulation_tools/launch/integrated_system_launch.py -> /home/user/industrial_robotics_simulation_platform/install/simulation_tools/share/simulation_tools/launch
creating /home/user/industrial_robotics_simulation_platform/install/simulation_tools/share/simulation_tools/config
symbolically linking /home/user/industrial_robotics_simulation_platform/build/simulation_tools/config/create_default_config.py -> /home/user/industrial_robotics_simulation_platform/install/simulation_tools/share/simulation_tools/config
symbolically linking /home/user/industrial_robotics_simulation_platform/build/simulation_tools/config/realsense_config.yaml -> /home/user/industrial_robotics_simulation_platform/install/simulation_tools/share/simulation_tools/config
