[0.115s] Invoking command in '/home/user/industrial_robotics_simulation_platform/build/delta_robot_description': CMAKE_PREFIX_PATH=${CMAKE_PREFIX_PATH}:/home/user/industrial_robotics_simulation_platform/install/web_interface:/home/user/industrial_robotics_simulation_platform/install/simulation_tools:/home/user/industrial_robotics_simulation_platform/install/fmm_core:/home/user/industrial_robotics_simulation_platform/install/advanced_perception:/home/user/industrial_robotics_simulation_platform/install/apm_core:/opt/ros/humble /usr/bin/cmake --build /home/user/industrial_robotics_simulation_platform/build/delta_robot_description -- -j8 -l8
[0.908s] Invoked command in '/home/user/industrial_robotics_simulation_platform/build/delta_robot_description' returned '0': CMAKE_PREFIX_PATH=${CMAKE_PREFIX_PATH}:/home/user/industrial_robotics_simulation_platform/install/web_interface:/home/user/industrial_robotics_simulation_platform/install/simulation_tools:/home/user/industrial_robotics_simulation_platform/install/fmm_core:/home/user/industrial_robotics_simulation_platform/install/advanced_perception:/home/user/industrial_robotics_simulation_platform/install/apm_core:/opt/ros/humble /usr/bin/cmake --build /home/user/industrial_robotics_simulation_platform/build/delta_robot_description -- -j8 -l8
[0.932s] Invoking command in '/home/user/industrial_robotics_simulation_platform/build/delta_robot_description': CMAKE_PREFIX_PATH=${CMAKE_PREFIX_PATH}:/home/user/industrial_robotics_simulation_platform/install/web_interface:/home/user/industrial_robotics_simulation_platform/install/simulation_tools:/home/user/industrial_robotics_simulation_platform/install/fmm_core:/home/user/industrial_robotics_simulation_platform/install/advanced_perception:/home/user/industrial_robotics_simulation_platform/install/apm_core:/opt/ros/humble /usr/bin/cmake --install /home/user/industrial_robotics_simulation_platform/build/delta_robot_description
[1.654s] -- Install configuration: ""
[1.654s] -- Execute custom install script
[1.654s] -- Up-to-date symlink: /home/user/industrial_robotics_simulation_platform/install/delta_robot_description/share/delta_robot_description/urdf/delta_robot.urdf.xacro
[1.655s] -- Up-to-date symlink: /home/user/industrial_robotics_simulation_platform/install/delta_robot_description/share/delta_robot_description/meshes/cylinder.stl
[1.655s] -- Up-to-date symlink: /home/user/industrial_robotics_simulation_platform/install/delta_robot_description/share/delta_robot_description/launch/display.launch.py
[1.655s] -- Up-to-date symlink: /home/user/industrial_robotics_simulation_platform/install/delta_robot_description/share/delta_robot_description/launch/display_headless.launch.py
[1.656s] -- Up-to-date symlink: /home/user/industrial_robotics_simulation_platform/install/delta_robot_description/share/ament_index/resource_index/package_run_dependencies/delta_robot_description
[1.656s] -- Up-to-date symlink: /home/user/industrial_robotics_simulation_platform/install/delta_robot_description/share/ament_index/resource_index/parent_prefix_path/delta_robot_description
[1.656s] -- Up-to-date symlink: /home/user/industrial_robotics_simulation_platform/install/delta_robot_description/share/delta_robot_description/environment/ament_prefix_path.sh
[1.659s] -- Up-to-date symlink: /home/user/industrial_robotics_simulation_platform/install/delta_robot_description/share/delta_robot_description/environment/ament_prefix_path.dsv
[1.660s] -- Up-to-date symlink: /home/user/industrial_robotics_simulation_platform/install/delta_robot_description/share/delta_robot_description/environment/path.sh
[1.660s] -- Up-to-date symlink: /home/user/industrial_robotics_simulation_platform/install/delta_robot_description/share/delta_robot_description/environment/path.dsv
[1.660s] -- Up-to-date symlink: /home/user/industrial_robotics_simulation_platform/install/delta_robot_description/share/delta_robot_description/local_setup.bash
[1.660s] -- Up-to-date symlink: /home/user/industrial_robotics_simulation_platform/install/delta_robot_description/share/delta_robot_description/local_setup.sh
[1.660s] -- Up-to-date symlink: /home/user/industrial_robotics_simulation_platform/install/delta_robot_description/share/delta_robot_description/local_setup.zsh
[1.660s] -- Up-to-date symlink: /home/user/industrial_robotics_simulation_platform/install/delta_robot_description/share/delta_robot_description/local_setup.dsv
[1.661s] -- Symlinking: /home/user/industrial_robotics_simulation_platform/install/delta_robot_description/share/delta_robot_description/package.dsv
[1.661s] -- Up-to-date symlink: /home/user/industrial_robotics_simulation_platform/install/delta_robot_description/share/ament_index/resource_index/packages/delta_robot_description
[1.661s] -- Up-to-date symlink: /home/user/industrial_robotics_simulation_platform/install/delta_robot_description/share/delta_robot_description/cmake/delta_robot_descriptionConfig.cmake
[1.661s] -- Up-to-date symlink: /home/user/industrial_robotics_simulation_platform/install/delta_robot_description/share/delta_robot_description/cmake/delta_robot_descriptionConfig-version.cmake
[1.661s] -- Up-to-date symlink: /home/user/industrial_robotics_simulation_platform/install/delta_robot_description/share/delta_robot_description/package.xml
[1.672s] Invoked command in '/home/user/industrial_robotics_simulation_platform/build/delta_robot_description' returned '0': CMAKE_PREFIX_PATH=${CMAKE_PREFIX_PATH}:/home/user/industrial_robotics_simulation_platform/install/web_interface:/home/user/industrial_robotics_simulation_platform/install/simulation_tools:/home/user/industrial_robotics_simulation_platform/install/fmm_core:/home/user/industrial_robotics_simulation_platform/install/advanced_perception:/home/user/industrial_robotics_simulation_platform/install/apm_core:/opt/ros/humble /usr/bin/cmake --install /home/user/industrial_robotics_simulation_platform/build/delta_robot_description
