running egg_info
writing ../../build/apm_core/apm_core.egg-info/PKG-INFO
writing dependency_links to ../../build/apm_core/apm_core.egg-info/dependency_links.txt
writing entry points to ../../build/apm_core/apm_core.egg-info/entry_points.txt
writing requirements to ../../build/apm_core/apm_core.egg-info/requires.txt
writing top-level names to ../../build/apm_core/apm_core.egg-info/top_level.txt
reading manifest file '../../build/apm_core/apm_core.egg-info/SOURCES.txt'
writing manifest file '../../build/apm_core/apm_core.egg-info/SOURCES.txt'
running build
running build_py
running install
running install_lib
running install_data
running install_egg_info
removing '/home/user/industrial_robotics_simulation_platform/install/apm_core/lib/python3.10/site-packages/apm_core-0.1.0-py3.10.egg-info' (and everything under it)
Copying ../../build/apm_core/apm_core.egg-info to /home/user/industrial_robotics_simulation_platform/install/apm_core/lib/python3.10/site-packages/apm_core-0.1.0-py3.10.egg-info
running install_scripts
Installing image_subscriber_node script to /home/user/industrial_robotics_simulation_platform/install/apm_core/bin
Installing onnx_inference_node script to /home/user/industrial_robotics_simulation_platform/install/apm_core/bin
Installing point_cloud_subscriber_node script to /home/user/industrial_robotics_simulation_platform/install/apm_core/bin
writing list of installed files to '/home/user/industrial_robotics_simulation_platform/build/apm_core/install.log'
