[2.434s] Invoking command in '/home/user/industrial_robotics_simulation_platform/src/apm_core': PYTHONPATH=/home/user/industrial_robotics_simulation_platform/build/apm_core/prefix_override:/usr/lib/python3/dist-packages/colcon_core/task/python/colcon_distutils_commands:/home/user/industrial_robotics_simulation_platform/install/apm_core/lib/python3.10/site-packages:${PYTHONPATH} /usr/bin/python3 -W ignore:setup.py install is deprecated -W ignore:easy_install command is deprecated setup.py egg_info --egg-base ../../build/apm_core build --build-base /home/user/industrial_robotics_simulation_platform/build/apm_core/build install --record /home/user/industrial_robotics_simulation_platform/build/apm_core/install.log --single-version-externally-managed install_data
[2.908s] running egg_info
[2.908s] writing ../../build/apm_core/apm_core.egg-info/PKG-INFO
[2.909s] writing dependency_links to ../../build/apm_core/apm_core.egg-info/dependency_links.txt
[2.909s] writing entry points to ../../build/apm_core/apm_core.egg-info/entry_points.txt
[2.909s] writing requirements to ../../build/apm_core/apm_core.egg-info/requires.txt
[2.910s] writing top-level names to ../../build/apm_core/apm_core.egg-info/top_level.txt
[2.914s] reading manifest file '../../build/apm_core/apm_core.egg-info/SOURCES.txt'
[2.915s] writing manifest file '../../build/apm_core/apm_core.egg-info/SOURCES.txt'
[2.916s] running build
[2.916s] running build_py
[2.918s] running install
[2.918s] running install_lib
[2.922s] running install_data
[2.922s] running install_egg_info
[2.923s] removing '/home/user/industrial_robotics_simulation_platform/install/apm_core/lib/python3.10/site-packages/apm_core-0.1.0-py3.10.egg-info' (and everything under it)
[2.923s] Copying ../../build/apm_core/apm_core.egg-info to /home/user/industrial_robotics_simulation_platform/install/apm_core/lib/python3.10/site-packages/apm_core-0.1.0-py3.10.egg-info
[2.925s] running install_scripts
[2.959s] Installing image_subscriber_node script to /home/user/industrial_robotics_simulation_platform/install/apm_core/bin
[2.960s] Installing onnx_inference_node script to /home/user/industrial_robotics_simulation_platform/install/apm_core/bin
[2.960s] Installing point_cloud_subscriber_node script to /home/user/industrial_robotics_simulation_platform/install/apm_core/bin
[2.962s] writing list of installed files to '/home/user/industrial_robotics_simulation_platform/build/apm_core/install.log'
[3.014s] Invoked command in '/home/user/industrial_robotics_simulation_platform/src/apm_core' returned '0': PYTHONPATH=/home/user/industrial_robotics_simulation_platform/build/apm_core/prefix_override:/usr/lib/python3/dist-packages/colcon_core/task/python/colcon_distutils_commands:/home/user/industrial_robotics_simulation_platform/install/apm_core/lib/python3.10/site-packages:${PYTHONPATH} /usr/bin/python3 -W ignore:setup.py install is deprecated -W ignore:easy_install command is deprecated setup.py egg_info --egg-base ../../build/apm_core build --build-base /home/user/industrial_robotics_simulation_platform/build/apm_core/build install --record /home/user/industrial_robotics_simulation_platform/build/apm_core/install.log --single-version-externally-managed install_data
