[1.751s] Invoking command in '/home/user/industrial_robotics_simulation_platform/src/web_interface': AMENT_PREFIX_PATH=/home/user/industrial_robotics_simulation_platform/install/apm_msgs:${AMENT_PREFIX_PATH} CMAKE_PREFIX_PATH=/home/user/industrial_robotics_simulation_platform/install/apm_msgs LD_LIBRARY_PATH=/home/user/industrial_robotics_simulation_platform/install/apm_msgs/lib:${LD_LIBRARY_PATH} PYTHONPATH=/home/user/industrial_robotics_simulation_platform/build/web_interface/prefix_override:/usr/lib/python3/dist-packages/colcon_core/task/python/colcon_distutils_commands:/home/user/industrial_robotics_simulation_platform/install/web_interface/lib/python3.10/site-packages:/home/user/industrial_robotics_simulation_platform/install/apm_msgs/local/lib/python3.10/dist-packages:${PYTHONPATH} /usr/bin/python3 -W ignore:setup.py install is deprecated -W ignore:easy_install command is deprecated setup.py egg_info --egg-base ../../build/web_interface build --build-base /home/user/industrial_robotics_simulation_platform/build/web_interface/build install --record /home/user/industrial_robotics_simulation_platform/build/web_interface/install.log --single-version-externally-managed install_data
[2.128s] running egg_info
[2.131s] writing ../../build/web_interface/web_interface.egg-info/PKG-INFO
[2.131s] writing dependency_links to ../../build/web_interface/web_interface.egg-info/dependency_links.txt
[2.132s] writing entry points to ../../build/web_interface/web_interface.egg-info/entry_points.txt
[2.132s] writing requirements to ../../build/web_interface/web_interface.egg-info/requires.txt
[2.132s] writing top-level names to ../../build/web_interface/web_interface.egg-info/top_level.txt
[2.135s] reading manifest file '../../build/web_interface/web_interface.egg-info/SOURCES.txt'
[2.137s] writing manifest file '../../build/web_interface/web_interface.egg-info/SOURCES.txt'
[2.137s] running build
[2.137s] running build_py
[2.138s] running install
[2.138s] running install_lib
[2.141s] running install_data
[2.141s] running install_egg_info
[2.143s] removing '/home/user/industrial_robotics_simulation_platform/install/web_interface/lib/python3.10/site-packages/web_interface-0.1.0-py3.10.egg-info' (and everything under it)
[2.144s] Copying ../../build/web_interface/web_interface.egg-info to /home/user/industrial_robotics_simulation_platform/install/web_interface/lib/python3.10/site-packages/web_interface-0.1.0-py3.10.egg-info
[2.145s] running install_scripts
[2.179s] Installing web_interface_node script to /home/user/industrial_robotics_simulation_platform/install/web_interface/bin
[2.180s] writing list of installed files to '/home/user/industrial_robotics_simulation_platform/build/web_interface/install.log'
[2.241s] Invoked command in '/home/user/industrial_robotics_simulation_platform/src/web_interface' returned '0': AMENT_PREFIX_PATH=/home/user/industrial_robotics_simulation_platform/install/apm_msgs:${AMENT_PREFIX_PATH} CMAKE_PREFIX_PATH=/home/user/industrial_robotics_simulation_platform/install/apm_msgs LD_LIBRARY_PATH=/home/user/industrial_robotics_simulation_platform/install/apm_msgs/lib:${LD_LIBRARY_PATH} PYTHONPATH=/home/user/industrial_robotics_simulation_platform/build/web_interface/prefix_override:/usr/lib/python3/dist-packages/colcon_core/task/python/colcon_distutils_commands:/home/user/industrial_robotics_simulation_platform/install/web_interface/lib/python3.10/site-packages:/home/user/industrial_robotics_simulation_platform/install/apm_msgs/local/lib/python3.10/dist-packages:${PYTHONPATH} /usr/bin/python3 -W ignore:setup.py install is deprecated -W ignore:easy_install command is deprecated setup.py egg_info --egg-base ../../build/web_interface build --build-base /home/user/industrial_robotics_simulation_platform/build/web_interface/build install --record /home/user/industrial_robotics_simulation_platform/build/web_interface/install.log --single-version-externally-managed install_data
