/home/user/industrial_robotics_simulation_platform/install/apm_core/lib/python3.10/site-packages/apm_core/point_cloud_subscriber_node.py
/home/user/industrial_robotics_simulation_platform/install/apm_core/lib/python3.10/site-packages/apm_core/__init__.py
/home/user/industrial_robotics_simulation_platform/install/apm_core/lib/python3.10/site-packages/apm_core/onnx_inference_node.py
/home/user/industrial_robotics_simulation_platform/install/apm_core/lib/python3.10/site-packages/apm_core/image_subscriber_node.py
/home/user/industrial_robotics_simulation_platform/install/apm_core/lib/python3.10/site-packages/apm_core/__pycache__/point_cloud_subscriber_node.cpython-310.pyc
/home/user/industrial_robotics_simulation_platform/install/apm_core/lib/python3.10/site-packages/apm_core/__pycache__/__init__.cpython-310.pyc
/home/user/industrial_robotics_simulation_platform/install/apm_core/lib/python3.10/site-packages/apm_core/__pycache__/onnx_inference_node.cpython-310.pyc
/home/user/industrial_robotics_simulation_platform/install/apm_core/lib/python3.10/site-packages/apm_core/__pycache__/image_subscriber_node.cpython-310.pyc
/home/user/industrial_robotics_simulation_platform/install/apm_core/share/ament_index/resource_index/packages/apm_core
/home/user/industrial_robotics_simulation_platform/install/apm_core/share/apm_core/package.xml
/home/user/industrial_robotics_simulation_platform/install/apm_core/share/apm_core/launch/object_detection_launch.py
/home/user/industrial_robotics_simulation_platform/install/apm_core/share/apm_core/launch/apm_subscribers_launch.py
/home/user/industrial_robotics_simulation_platform/install/apm_core/share/apm_core/config/default_object_detection_config.yaml
/home/user/industrial_robotics_simulation_platform/install/apm_core/share/apm_core/models/ssd_mobilenet_v2.onnx
/home/user/industrial_robotics_simulation_platform/install/apm_core/share/apm_core/config/coco_classes.txt
/home/user/industrial_robotics_simulation_platform/install/apm_core/lib/python3.10/site-packages/apm_core-0.1.0-py3.10.egg-info/zip-safe
/home/user/industrial_robotics_simulation_platform/install/apm_core/lib/python3.10/site-packages/apm_core-0.1.0-py3.10.egg-info/top_level.txt
/home/user/industrial_robotics_simulation_platform/install/apm_core/lib/python3.10/site-packages/apm_core-0.1.0-py3.10.egg-info/SOURCES.txt
/home/user/industrial_robotics_simulation_platform/install/apm_core/lib/python3.10/site-packages/apm_core-0.1.0-py3.10.egg-info/PKG-INFO
/home/user/industrial_robotics_simulation_platform/install/apm_core/lib/python3.10/site-packages/apm_core-0.1.0-py3.10.egg-info/requires.txt
/home/user/industrial_robotics_simulation_platform/install/apm_core/lib/python3.10/site-packages/apm_core-0.1.0-py3.10.egg-info/entry_points.txt
/home/user/industrial_robotics_simulation_platform/install/apm_core/lib/python3.10/site-packages/apm_core-0.1.0-py3.10.egg-info/dependency_links.txt
/home/user/industrial_robotics_simulation_platform/install/apm_core/bin/image_subscriber_node
/home/user/industrial_robotics_simulation_platform/install/apm_core/bin/onnx_inference_node
/home/user/industrial_robotics_simulation_platform/install/apm_core/bin/point_cloud_subscriber_node
