running develop
Removing /home/user/industrial_robotics_simulation_platform/install/fmm_core/lib/python3.10/site-packages/fmm-core.egg-link (link to .)
running egg_info
writing ../../build/fmm_core/fmm_core.egg-info/PKG-INFO
writing dependency_links to ../../build/fmm_core/fmm_core.egg-info/dependency_links.txt
writing entry points to ../../build/fmm_core/fmm_core.egg-info/entry_points.txt
writing requirements to ../../build/fmm_core/fmm_core.egg-info/requires.txt
writing top-level names to ../../build/fmm_core/fmm_core.egg-info/top_level.txt
reading manifest file '../../build/fmm_core/fmm_core.egg-info/SOURCES.txt'
writing manifest file '../../build/fmm_core/fmm_core.egg-info/SOURCES.txt'
running build
running build_py
creating /home/user/industrial_robotics_simulation_platform/build/fmm_core/build
creating /home/user/industrial_robotics_simulation_platform/build/fmm_core/build/lib
creating /home/user/industrial_robotics_simulation_platform/build/fmm_core/build/lib/fmm_core
copying fmm_core/sorting_demo_node.py -> /home/user/industrial_robotics_simulation_platform/build/fmm_core/build/lib/fmm_core
copying fmm_core/__init__.py -> /home/user/industrial_robotics_simulation_platform/build/fmm_core/build/lib/fmm_core
copying fmm_core/fmm_moveit_interface_node.py -> /home/user/industrial_robotics_simulation_platform/build/fmm_core/build/lib/fmm_core
copying fmm_core/planning_scene_updater_node.py -> /home/user/industrial_robotics_simulation_platform/build/fmm_core/build/lib/fmm_core
copying fmm_core/pick_and_place_node.py -> /home/user/industrial_robotics_simulation_platform/build/fmm_core/build/lib/fmm_core
running install
running install_lib
creating /home/user/industrial_robotics_simulation_platform/install/fmm_core/lib/python3.10/site-packages/fmm_core
copying /home/user/industrial_robotics_simulation_platform/build/fmm_core/build/lib/fmm_core/sorting_demo_node.py -> /home/user/industrial_robotics_simulation_platform/install/fmm_core/lib/python3.10/site-packages/fmm_core
copying /home/user/industrial_robotics_simulation_platform/build/fmm_core/build/lib/fmm_core/__init__.py -> /home/user/industrial_robotics_simulation_platform/install/fmm_core/lib/python3.10/site-packages/fmm_core
copying /home/user/industrial_robotics_simulation_platform/build/fmm_core/build/lib/fmm_core/fmm_moveit_interface_node.py -> /home/user/industrial_robotics_simulation_platform/install/fmm_core/lib/python3.10/site-packages/fmm_core
copying /home/user/industrial_robotics_simulation_platform/build/fmm_core/build/lib/fmm_core/planning_scene_updater_node.py -> /home/user/industrial_robotics_simulation_platform/install/fmm_core/lib/python3.10/site-packages/fmm_core
copying /home/user/industrial_robotics_simulation_platform/build/fmm_core/build/lib/fmm_core/pick_and_place_node.py -> /home/user/industrial_robotics_simulation_platform/install/fmm_core/lib/python3.10/site-packages/fmm_core
byte-compiling /home/user/industrial_robotics_simulation_platform/install/fmm_core/lib/python3.10/site-packages/fmm_core/sorting_demo_node.py to sorting_demo_node.cpython-310.pyc
byte-compiling /home/user/industrial_robotics_simulation_platform/install/fmm_core/lib/python3.10/site-packages/fmm_core/__init__.py to __init__.cpython-310.pyc
byte-compiling /home/user/industrial_robotics_simulation_platform/install/fmm_core/lib/python3.10/site-packages/fmm_core/fmm_moveit_interface_node.py to fmm_moveit_interface_node.cpython-310.pyc
byte-compiling /home/user/industrial_robotics_simulation_platform/install/fmm_core/lib/python3.10/site-packages/fmm_core/planning_scene_updater_node.py to planning_scene_updater_node.cpython-310.pyc
byte-compiling /home/user/industrial_robotics_simulation_platform/install/fmm_core/lib/python3.10/site-packages/fmm_core/pick_and_place_node.py to pick_and_place_node.cpython-310.pyc
running install_data
copying resource/fmm_core -> /home/user/industrial_robotics_simulation_platform/install/fmm_core/share/ament_index/resource_index/packages
copying package.xml -> /home/user/industrial_robotics_simulation_platform/install/fmm_core/share/fmm_core
copying launch/load_sorting_config_launch.py -> /home/user/industrial_robotics_simulation_platform/install/fmm_core/share/fmm_core/launch
copying launch/sorting_demo_launch.py -> /home/user/industrial_robotics_simulation_platform/install/fmm_core/share/fmm_core/launch
copying launch/pick_and_place_launch.py -> /home/user/industrial_robotics_simulation_platform/install/fmm_core/share/fmm_core/launch
copying launch/fmm_moveit_system_launch.py -> /home/user/industrial_robotics_simulation_platform/install/fmm_core/share/fmm_core/launch
running install_egg_info
Copying ../../build/fmm_core/fmm_core.egg-info to /home/user/industrial_robotics_simulation_platform/install/fmm_core/lib/python3.10/site-packages/fmm_core-0.1.0-py3.10.egg-info
running install_scripts
Installing fmm_moveit_interface_node script to /home/user/industrial_robotics_simulation_platform/install/fmm_core/bin
Installing planning_scene_updater_node script to /home/user/industrial_robotics_simulation_platform/install/fmm_core/bin
writing list of installed files to '/home/user/industrial_robotics_simulation_platform/build/fmm_core/install.log'
