[2.263s] Invoking command in '/home/user/industrial_robotics_simulation_platform/src/apm_core': PYTHONPATH=/home/user/industrial_robotics_simulation_platform/build/apm_core/prefix_override:/usr/lib/python3/dist-packages/colcon_core/task/python/colcon_distutils_commands:/home/user/industrial_robotics_simulation_platform/install/apm_core/lib/python3.10/site-packages:${PYTHONPATH} /usr/bin/python3 -W ignore:setup.py install is deprecated -W ignore:easy_install command is deprecated setup.py egg_info --egg-base ../../build/apm_core build --build-base /home/user/industrial_robotics_simulation_platform/build/apm_core/build install --record /home/user/industrial_robotics_simulation_platform/build/apm_core/install.log --single-version-externally-managed install_data
[2.825s] running egg_info
[2.825s] writing ../../build/apm_core/apm_core.egg-info/PKG-INFO
[2.826s] writing dependency_links to ../../build/apm_core/apm_core.egg-info/dependency_links.txt
[2.827s] writing entry points to ../../build/apm_core/apm_core.egg-info/entry_points.txt
[2.827s] writing requirements to ../../build/apm_core/apm_core.egg-info/requires.txt
[2.828s] writing top-level names to ../../build/apm_core/apm_core.egg-info/top_level.txt
[2.832s] reading manifest file '../../build/apm_core/apm_core.egg-info/SOURCES.txt'
[2.835s] writing manifest file '../../build/apm_core/apm_core.egg-info/SOURCES.txt'
[2.836s] running build
[2.836s] running build_py
[2.837s] running install
[2.838s] running install_lib
[2.842s] running install_data
[2.843s] running install_egg_info
[2.847s] removing '/home/user/industrial_robotics_simulation_platform/install/apm_core/lib/python3.10/site-packages/apm_core-0.1.0-py3.10.egg-info' (and everything under it)
[2.848s] Copying ../../build/apm_core/apm_core.egg-info to /home/user/industrial_robotics_simulation_platform/install/apm_core/lib/python3.10/site-packages/apm_core-0.1.0-py3.10.egg-info
[2.850s] running install_scripts
[2.887s] Installing image_subscriber_node script to /home/user/industrial_robotics_simulation_platform/install/apm_core/bin
[2.888s] Installing onnx_inference_node script to /home/user/industrial_robotics_simulation_platform/install/apm_core/bin
[2.888s] Installing point_cloud_subscriber_node script to /home/user/industrial_robotics_simulation_platform/install/apm_core/bin
[2.889s] writing list of installed files to '/home/user/industrial_robotics_simulation_platform/build/apm_core/install.log'
[2.941s] Invoked command in '/home/user/industrial_robotics_simulation_platform/src/apm_core' returned '0': PYTHONPATH=/home/user/industrial_robotics_simulation_platform/build/apm_core/prefix_override:/usr/lib/python3/dist-packages/colcon_core/task/python/colcon_distutils_commands:/home/user/industrial_robotics_simulation_platform/install/apm_core/lib/python3.10/site-packages:${PYTHONPATH} /usr/bin/python3 -W ignore:setup.py install is deprecated -W ignore:easy_install command is deprecated setup.py egg_info --egg-base ../../build/apm_core build --build-base /home/user/industrial_robotics_simulation_platform/build/apm_core/build install --record /home/user/industrial_robotics_simulation_platform/build/apm_core/install.log --single-version-externally-managed install_data
