running develop
Removing /home/user/industrial_robotics_simulation_platform/install/apm_core/lib/python3.10/site-packages/apm-core.egg-link (link to .)
running egg_info
writing ../../build/apm_core/apm_core.egg-info/PKG-INFO
writing dependency_links to ../../build/apm_core/apm_core.egg-info/dependency_links.txt
writing entry points to ../../build/apm_core/apm_core.egg-info/entry_points.txt
writing requirements to ../../build/apm_core/apm_core.egg-info/requires.txt
writing top-level names to ../../build/apm_core/apm_core.egg-info/top_level.txt
reading manifest file '../../build/apm_core/apm_core.egg-info/SOURCES.txt'
writing manifest file '../../build/apm_core/apm_core.egg-info/SOURCES.txt'
running build
running build_py
creating /home/user/industrial_robotics_simulation_platform/build/apm_core/build
creating /home/user/industrial_robotics_simulation_platform/build/apm_core/build/lib
creating /home/user/industrial_robotics_simulation_platform/build/apm_core/build/lib/apm_core
copying apm_core/point_cloud_subscriber_node.py -> /home/user/industrial_robotics_simulation_platform/build/apm_core/build/lib/apm_core
copying apm_core/__init__.py -> /home/user/industrial_robotics_simulation_platform/build/apm_core/build/lib/apm_core
copying apm_core/onnx_inference_node.py -> /home/user/industrial_robotics_simulation_platform/build/apm_core/build/lib/apm_core
copying apm_core/image_subscriber_node.py -> /home/user/industrial_robotics_simulation_platform/build/apm_core/build/lib/apm_core
running install
running install_lib
creating /home/user/industrial_robotics_simulation_platform/install/apm_core/lib/python3.10/site-packages/apm_core
copying /home/user/industrial_robotics_simulation_platform/build/apm_core/build/lib/apm_core/point_cloud_subscriber_node.py -> /home/user/industrial_robotics_simulation_platform/install/apm_core/lib/python3.10/site-packages/apm_core
copying /home/user/industrial_robotics_simulation_platform/build/apm_core/build/lib/apm_core/__init__.py -> /home/user/industrial_robotics_simulation_platform/install/apm_core/lib/python3.10/site-packages/apm_core
copying /home/user/industrial_robotics_simulation_platform/build/apm_core/build/lib/apm_core/onnx_inference_node.py -> /home/user/industrial_robotics_simulation_platform/install/apm_core/lib/python3.10/site-packages/apm_core
copying /home/user/industrial_robotics_simulation_platform/build/apm_core/build/lib/apm_core/image_subscriber_node.py -> /home/user/industrial_robotics_simulation_platform/install/apm_core/lib/python3.10/site-packages/apm_core
byte-compiling /home/user/industrial_robotics_simulation_platform/install/apm_core/lib/python3.10/site-packages/apm_core/point_cloud_subscriber_node.py to point_cloud_subscriber_node.cpython-310.pyc
byte-compiling /home/user/industrial_robotics_simulation_platform/install/apm_core/lib/python3.10/site-packages/apm_core/__init__.py to __init__.cpython-310.pyc
byte-compiling /home/user/industrial_robotics_simulation_platform/install/apm_core/lib/python3.10/site-packages/apm_core/onnx_inference_node.py to onnx_inference_node.cpython-310.pyc
byte-compiling /home/user/industrial_robotics_simulation_platform/install/apm_core/lib/python3.10/site-packages/apm_core/image_subscriber_node.py to image_subscriber_node.cpython-310.pyc
running install_data
copying resource/apm_core -> /home/user/industrial_robotics_simulation_platform/install/apm_core/share/ament_index/resource_index/packages
copying package.xml -> /home/user/industrial_robotics_simulation_platform/install/apm_core/share/apm_core
copying launch/object_detection_launch.py -> /home/user/industrial_robotics_simulation_platform/install/apm_core/share/apm_core/launch
copying launch/apm_subscribers_launch.py -> /home/user/industrial_robotics_simulation_platform/install/apm_core/share/apm_core/launch
copying config/default_object_detection_config.yaml -> /home/user/industrial_robotics_simulation_platform/install/apm_core/share/apm_core/config
copying models/ssd_mobilenet_v2.onnx -> /home/user/industrial_robotics_simulation_platform/install/apm_core/share/apm_core/models
copying config/coco_classes.txt -> /home/user/industrial_robotics_simulation_platform/install/apm_core/share/apm_core/config
running install_egg_info
Copying ../../build/apm_core/apm_core.egg-info to /home/user/industrial_robotics_simulation_platform/install/apm_core/lib/python3.10/site-packages/apm_core-0.1.0-py3.10.egg-info
running install_scripts
Installing image_subscriber_node script to /home/user/industrial_robotics_simulation_platform/install/apm_core/bin
Installing onnx_inference_node script to /home/user/industrial_robotics_simulation_platform/install/apm_core/bin
Installing point_cloud_subscriber_node script to /home/user/industrial_robotics_simulation_platform/install/apm_core/bin
writing list of installed files to '/home/user/industrial_robotics_simulation_platform/build/apm_core/install.log'
