/home/user/industrial_robotics_simulation_platform/install/advanced_perception/lib/python3.10/site-packages/advanced_perception/pose_estimation_node.py
/home/user/industrial_robotics_simulation_platform/install/advanced_perception/lib/python3.10/site-packages/advanced_perception/__init__.py
/home/user/industrial_robotics_simulation_platform/install/advanced_perception/lib/python3.10/site-packages/advanced_perception/segmentation_node.py
/home/user/industrial_robotics_simulation_platform/install/advanced_perception/lib/python3.10/site-packages/advanced_perception/__pycache__/pose_estimation_node.cpython-310.pyc
/home/user/industrial_robotics_simulation_platform/install/advanced_perception/lib/python3.10/site-packages/advanced_perception/__pycache__/__init__.cpython-310.pyc
/home/user/industrial_robotics_simulation_platform/install/advanced_perception/lib/python3.10/site-packages/advanced_perception/__pycache__/segmentation_node.cpython-310.pyc
/home/user/industrial_robotics_simulation_platform/install/advanced_perception/share/ament_index/resource_index/packages/advanced_perception
/home/user/industrial_robotics_simulation_platform/install/advanced_perception/share/advanced_perception/package.xml
/home/user/industrial_robotics_simulation_platform/install/advanced_perception/share/advanced_perception/launch/advanced_perception_launch.py
/home/user/industrial_robotics_simulation_platform/install/advanced_perception/share/advanced_perception/config/pose_estimation_config.yaml
/home/user/industrial_robotics_simulation_platform/install/advanced_perception/share/advanced_perception/config/segmentation_config.yaml
/home/user/industrial_robotics_simulation_platform/install/advanced_perception/lib/python3.10/site-packages/advanced_perception-0.1.0-py3.10.egg-info/zip-safe
/home/user/industrial_robotics_simulation_platform/install/advanced_perception/lib/python3.10/site-packages/advanced_perception-0.1.0-py3.10.egg-info/top_level.txt
/home/user/industrial_robotics_simulation_platform/install/advanced_perception/lib/python3.10/site-packages/advanced_perception-0.1.0-py3.10.egg-info/SOURCES.txt
/home/user/industrial_robotics_simulation_platform/install/advanced_perception/lib/python3.10/site-packages/advanced_perception-0.1.0-py3.10.egg-info/PKG-INFO
/home/user/industrial_robotics_simulation_platform/install/advanced_perception/lib/python3.10/site-packages/advanced_perception-0.1.0-py3.10.egg-info/requires.txt
/home/user/industrial_robotics_simulation_platform/install/advanced_perception/lib/python3.10/site-packages/advanced_perception-0.1.0-py3.10.egg-info/entry_points.txt
/home/user/industrial_robotics_simulation_platform/install/advanced_perception/lib/python3.10/site-packages/advanced_perception-0.1.0-py3.10.egg-info/dependency_links.txt
/home/user/industrial_robotics_simulation_platform/install/advanced_perception/bin/pose_estimation_node
/home/user/industrial_robotics_simulation_platform/install/advanced_perception/bin/segmentation_node
