[2.261s] Invoking command in '/home/user/industrial_robotics_simulation_platform/src/simulation_tools': PYTHONPATH=/home/user/industrial_robotics_simulation_platform/build/simulation_tools/prefix_override:/usr/lib/python3/dist-packages/colcon_core/task/python/colcon_distutils_commands:/home/user/industrial_robotics_simulation_platform/install/simulation_tools/lib/python3.10/site-packages:${PYTHONPATH} /usr/bin/python3 -W ignore:setup.py install is deprecated -W ignore:easy_install command is deprecated setup.py egg_info --egg-base ../../build/simulation_tools build --build-base /home/user/industrial_robotics_simulation_platform/build/simulation_tools/build install --record /home/user/industrial_robotics_simulation_platform/build/simulation_tools/install.log --single-version-externally-managed install_data
[2.802s] running egg_info
[2.802s] writing ../../build/simulation_tools/simulation_tools.egg-info/PKG-INFO
[2.803s] writing dependency_links to ../../build/simulation_tools/simulation_tools.egg-info/dependency_links.txt
[2.803s] writing entry points to ../../build/simulation_tools/simulation_tools.egg-info/entry_points.txt
[2.803s] writing requirements to ../../build/simulation_tools/simulation_tools.egg-info/requires.txt
[2.803s] writing top-level names to ../../build/simulation_tools/simulation_tools.egg-info/top_level.txt
[2.805s] reading manifest file '../../build/simulation_tools/simulation_tools.egg-info/SOURCES.txt'
[2.805s] adding license file 'LICENSE'
[2.807s] writing manifest file '../../build/simulation_tools/simulation_tools.egg-info/SOURCES.txt'
[2.807s] running build
[2.807s] running build_py
[2.808s] copying simulation_tools/web_interface_node.py -> /home/user/industrial_robotics_simulation_platform/build/simulation_tools/build/lib/simulation_tools
[2.809s] running install
[2.809s] running install_lib
[2.811s] copying /home/user/industrial_robotics_simulation_platform/build/simulation_tools/build/lib/simulation_tools/web_interface_node.py -> /home/user/industrial_robotics_simulation_platform/install/simulation_tools/lib/python3.10/site-packages/simulation_tools
[2.812s] byte-compiling /home/user/industrial_robotics_simulation_platform/install/simulation_tools/lib/python3.10/site-packages/simulation_tools/web_interface_node.py to web_interface_node.cpython-310.pyc
[2.817s] running install_data
[2.817s] running install_egg_info
[2.821s] removing '/home/user/industrial_robotics_simulation_platform/install/simulation_tools/lib/python3.10/site-packages/simulation_tools-0.1.0-py3.10.egg-info' (and everything under it)
[2.822s] Copying ../../build/simulation_tools/simulation_tools.egg-info to /home/user/industrial_robotics_simulation_platform/install/simulation_tools/lib/python3.10/site-packages/simulation_tools-0.1.0-py3.10.egg-info
[2.824s] running install_scripts
[2.858s] Installing camera_simulator_node script to /home/user/industrial_robotics_simulation_platform/install/simulation_tools/lib/simulation_tools
[2.859s] Installing environment_configurator_node script to /home/user/industrial_robotics_simulation_platform/install/simulation_tools/lib/simulation_tools
[2.859s] Installing industrial_protocol_bridge_node script to /home/user/industrial_robotics_simulation_platform/install/simulation_tools/lib/simulation_tools
[2.860s] Installing safety_monitor_node script to /home/user/industrial_robotics_simulation_platform/install/simulation_tools/lib/simulation_tools
[2.861s] Installing system_test_node script to /home/user/industrial_robotics_simulation_platform/install/simulation_tools/lib/simulation_tools
[2.861s] Installing visualization_server_node script to /home/user/industrial_robotics_simulation_platform/install/simulation_tools/lib/simulation_tools
[2.862s] Installing web_interface_node script to /home/user/industrial_robotics_simulation_platform/install/simulation_tools/lib/simulation_tools
[2.863s] writing list of installed files to '/home/user/industrial_robotics_simulation_platform/build/simulation_tools/install.log'
[2.916s] Invoked command in '/home/user/industrial_robotics_simulation_platform/src/simulation_tools' returned '0': PYTHONPATH=/home/user/industrial_robotics_simulation_platform/build/simulation_tools/prefix_override:/usr/lib/python3/dist-packages/colcon_core/task/python/colcon_distutils_commands:/home/user/industrial_robotics_simulation_platform/install/simulation_tools/lib/python3.10/site-packages:${PYTHONPATH} /usr/bin/python3 -W ignore:setup.py install is deprecated -W ignore:easy_install command is deprecated setup.py egg_info --egg-base ../../build/simulation_tools build --build-base /home/user/industrial_robotics_simulation_platform/build/simulation_tools/build install --record /home/user/industrial_robotics_simulation_platform/build/simulation_tools/install.log --single-version-externally-managed install_data
