[0.031s] Invoking command in '/home/user/industrial_robotics_simulation_platform/build/delta_robot_moveit_config': AMENT_PREFIX_PATH=/home/user/industrial_robotics_simulation_platform/install/delta_robot_description:${AMENT_PREFIX_PATH} CMAKE_PREFIX_PATH=/home/user/industrial_robotics_simulation_platform/install/delta_robot_description:/opt/ros/humble /usr/bin/cmake --build /home/user/industrial_robotics_simulation_platform/build/delta_robot_moveit_config -- -j8 -l8
[0.277s] Invoked command in '/home/user/industrial_robotics_simulation_platform/build/delta_robot_moveit_config' returned '0': AMENT_PREFIX_PATH=/home/user/industrial_robotics_simulation_platform/install/delta_robot_description:${AMENT_PREFIX_PATH} CMAKE_PREFIX_PATH=/home/user/industrial_robotics_simulation_platform/install/delta_robot_description:/opt/ros/humble /usr/bin/cmake --build /home/user/industrial_robotics_simulation_platform/build/delta_robot_moveit_config -- -j8 -l8
[0.278s] Invoking command in '/home/user/industrial_robotics_simulation_platform/build/delta_robot_moveit_config': AMENT_PREFIX_PATH=/home/user/industrial_robotics_simulation_platform/install/delta_robot_description:${AMENT_PREFIX_PATH} CMAKE_PREFIX_PATH=/home/user/industrial_robotics_simulation_platform/install/delta_robot_description:/opt/ros/humble /usr/bin/cmake --install /home/user/industrial_robotics_simulation_platform/build/delta_robot_moveit_config
[0.280s] -- Install configuration: ""
[0.280s] -- Execute custom install script
[0.280s] -- Up-to-date symlink: /home/user/industrial_robotics_simulation_platform/install/delta_robot_moveit_config/share/delta_robot_moveit_config/launch/move_group.launch.py
[0.280s] -- Up-to-date symlink: /home/user/industrial_robotics_simulation_platform/install/delta_robot_moveit_config/share/delta_robot_moveit_config/launch/move_group_headless.launch.py
[0.280s] -- Up-to-date symlink: /home/user/industrial_robotics_simulation_platform/install/delta_robot_moveit_config/share/delta_robot_moveit_config/config/controllers.yaml
[0.281s] -- Up-to-date symlink: /home/user/industrial_robotics_simulation_platform/install/delta_robot_moveit_config/share/delta_robot_moveit_config/config/delta_robot.srdf
[0.281s] -- Up-to-date symlink: /home/user/industrial_robotics_simulation_platform/install/delta_robot_moveit_config/share/delta_robot_moveit_config/config/kinematics.yaml
[0.281s] -- Up-to-date symlink: /home/user/industrial_robotics_simulation_platform/install/delta_robot_moveit_config/share/delta_robot_moveit_config/config/moveit.rviz
[0.281s] -- Up-to-date symlink: /home/user/industrial_robotics_simulation_platform/install/delta_robot_moveit_config/share/ament_index/resource_index/package_run_dependencies/delta_robot_moveit_config
[0.281s] -- Up-to-date symlink: /home/user/industrial_robotics_simulation_platform/install/delta_robot_moveit_config/share/ament_index/resource_index/parent_prefix_path/delta_robot_moveit_config
[0.282s] -- Up-to-date symlink: /home/user/industrial_robotics_simulation_platform/install/delta_robot_moveit_config/share/delta_robot_moveit_config/environment/ament_prefix_path.sh
[0.282s] -- Up-to-date symlink: /home/user/industrial_robotics_simulation_platform/install/delta_robot_moveit_config/share/delta_robot_moveit_config/environment/ament_prefix_path.dsv
[0.283s] -- Up-to-date symlink: /home/user/industrial_robotics_simulation_platform/install/delta_robot_moveit_config/share/delta_robot_moveit_config/environment/path.sh
[0.283s] -- Up-to-date symlink: /home/user/industrial_robotics_simulation_platform/install/delta_robot_moveit_config/share/delta_robot_moveit_config/environment/path.dsv
[0.284s] -- Up-to-date symlink: /home/user/industrial_robotics_simulation_platform/install/delta_robot_moveit_config/share/delta_robot_moveit_config/local_setup.bash
[0.284s] -- Up-to-date symlink: /home/user/industrial_robotics_simulation_platform/install/delta_robot_moveit_config/share/delta_robot_moveit_config/local_setup.sh
[0.285s] -- Up-to-date symlink: /home/user/industrial_robotics_simulation_platform/install/delta_robot_moveit_config/share/delta_robot_moveit_config/local_setup.zsh
[0.285s] -- Up-to-date symlink: /home/user/industrial_robotics_simulation_platform/install/delta_robot_moveit_config/share/delta_robot_moveit_config/local_setup.dsv
[0.286s] -- Symlinking: /home/user/industrial_robotics_simulation_platform/install/delta_robot_moveit_config/share/delta_robot_moveit_config/package.dsv
[0.304s] -- Up-to-date symlink: /home/user/industrial_robotics_simulation_platform/install/delta_robot_moveit_config/share/ament_index/resource_index/packages/delta_robot_moveit_config
[0.305s] -- Up-to-date symlink: /home/user/industrial_robotics_simulation_platform/install/delta_robot_moveit_config/share/delta_robot_moveit_config/cmake/delta_robot_moveit_configConfig.cmake
[0.305s] -- Up-to-date symlink: /home/user/industrial_robotics_simulation_platform/install/delta_robot_moveit_config/share/delta_robot_moveit_config/cmake/delta_robot_moveit_configConfig-version.cmake
[0.306s] -- Up-to-date symlink: /home/user/industrial_robotics_simulation_platform/install/delta_robot_moveit_config/share/delta_robot_moveit_config/package.xml
[0.313s] Invoked command in '/home/user/industrial_robotics_simulation_platform/build/delta_robot_moveit_config' returned '0': AMENT_PREFIX_PATH=/home/user/industrial_robotics_simulation_platform/install/delta_robot_description:${AMENT_PREFIX_PATH} CMAKE_PREFIX_PATH=/home/user/industrial_robotics_simulation_platform/install/delta_robot_description:/opt/ros/humble /usr/bin/cmake --install /home/user/industrial_robotics_simulation_platform/build/delta_robot_moveit_config
