running develop
running egg_info
creating fmm_core.egg-info
writing fmm_core.egg-info/PKG-INFO
writing dependency_links to fmm_core.egg-info/dependency_links.txt
writing entry points to fmm_core.egg-info/entry_points.txt
writing requirements to fmm_core.egg-info/requires.txt
writing top-level names to fmm_core.egg-info/top_level.txt
writing manifest file 'fmm_core.egg-info/SOURCES.txt'
reading manifest file 'fmm_core.egg-info/SOURCES.txt'
writing manifest file 'fmm_core.egg-info/SOURCES.txt'
running build_ext
Creating /home/user/industrial_robotics_simulation_platform/install/fmm_core/lib/python3.10/site-packages/fmm-core.egg-link (link to .)
Installing fmm_moveit_interface_node script to /home/user/industrial_robotics_simulation_platform/install/fmm_core/bin
Installing planning_scene_updater_node script to /home/user/industrial_robotics_simulation_platform/install/fmm_core/bin

Installed /home/user/industrial_robotics_simulation_platform/build/fmm_core
running symlink_data
creating /home/user/industrial_robotics_simulation_platform/install/fmm_core/share/ament_index
creating /home/user/industrial_robotics_simulation_platform/install/fmm_core/share/ament_index/resource_index
creating /home/user/industrial_robotics_simulation_platform/install/fmm_core/share/ament_index/resource_index/packages
symbolically linking /home/user/industrial_robotics_simulation_platform/build/fmm_core/resource/fmm_core -> /home/user/industrial_robotics_simulation_platform/install/fmm_core/share/ament_index/resource_index/packages
symbolically linking /home/user/industrial_robotics_simulation_platform/build/fmm_core/package.xml -> /home/user/industrial_robotics_simulation_platform/install/fmm_core/share/fmm_core
creating /home/user/industrial_robotics_simulation_platform/install/fmm_core/share/fmm_core/launch
symbolically linking /home/user/industrial_robotics_simulation_platform/build/fmm_core/launch/load_sorting_config_launch.py -> /home/user/industrial_robotics_simulation_platform/install/fmm_core/share/fmm_core/launch
symbolically linking /home/user/industrial_robotics_simulation_platform/build/fmm_core/launch/sorting_demo_launch.py -> /home/user/industrial_robotics_simulation_platform/install/fmm_core/share/fmm_core/launch
symbolically linking /home/user/industrial_robotics_simulation_platform/build/fmm_core/launch/pick_and_place_launch.py -> /home/user/industrial_robotics_simulation_platform/install/fmm_core/share/fmm_core/launch
symbolically linking /home/user/industrial_robotics_simulation_platform/build/fmm_core/launch/fmm_moveit_system_launch.py -> /home/user/industrial_robotics_simulation_platform/install/fmm_core/share/fmm_core/launch
