[1.522s] Invoking command in '/home/user/industrial_robotics_simulation_platform/build/fmm_core': AMENT_PREFIX_PATH=/home/user/industrial_robotics_simulation_platform/install/apm_msgs:${AMENT_PREFIX_PATH} CMAKE_PREFIX_PATH=/home/user/industrial_robotics_simulation_platform/install/apm_msgs LD_LIBRARY_PATH=/home/user/industrial_robotics_simulation_platform/install/apm_msgs/lib:${LD_LIBRARY_PATH} PYTHONPATH=/home/user/industrial_robotics_simulation_platform/build/fmm_core/prefix_override:/usr/lib/python3/dist-packages/colcon_core/task/python/colcon_distutils_commands:/home/user/industrial_robotics_simulation_platform/install/fmm_core/lib/python3.10/site-packages:/home/user/industrial_robotics_simulation_platform/install/apm_msgs/local/lib/python3.10/dist-packages:${PYTHONPATH} /usr/bin/python3 -W ignore:setup.py install is deprecated -W ignore:easy_install command is deprecated setup.py develop --editable --build-directory /home/user/industrial_robotics_simulation_platform/build/fmm_core/build --no-deps symlink_data
[1.875s] running develop
[2.163s] running egg_info
[2.164s] creating fmm_core.egg-info
[2.164s] writing fmm_core.egg-info/PKG-INFO
[2.164s] writing dependency_links to fmm_core.egg-info/dependency_links.txt
[2.164s] writing entry points to fmm_core.egg-info/entry_points.txt
[2.164s] writing requirements to fmm_core.egg-info/requires.txt
[2.165s] writing top-level names to fmm_core.egg-info/top_level.txt
[2.165s] writing manifest file 'fmm_core.egg-info/SOURCES.txt'
[2.167s] reading manifest file 'fmm_core.egg-info/SOURCES.txt'
[2.168s] writing manifest file 'fmm_core.egg-info/SOURCES.txt'
[2.170s] running build_ext
[2.171s] Creating /home/user/industrial_robotics_simulation_platform/install/fmm_core/lib/python3.10/site-packages/fmm-core.egg-link (link to .)
[2.174s] Installing fmm_moveit_interface_node script to /home/user/industrial_robotics_simulation_platform/install/fmm_core/bin
[2.174s] Installing planning_scene_updater_node script to /home/user/industrial_robotics_simulation_platform/install/fmm_core/bin
[2.174s] 
[2.174s] Installed /home/user/industrial_robotics_simulation_platform/build/fmm_core
[2.174s] running symlink_data
[2.174s] creating /home/user/industrial_robotics_simulation_platform/install/fmm_core/share/ament_index
[2.174s] creating /home/user/industrial_robotics_simulation_platform/install/fmm_core/share/ament_index/resource_index
[2.174s] creating /home/user/industrial_robotics_simulation_platform/install/fmm_core/share/ament_index/resource_index/packages
[2.174s] symbolically linking /home/user/industrial_robotics_simulation_platform/build/fmm_core/resource/fmm_core -> /home/user/industrial_robotics_simulation_platform/install/fmm_core/share/ament_index/resource_index/packages
[2.174s] symbolically linking /home/user/industrial_robotics_simulation_platform/build/fmm_core/package.xml -> /home/user/industrial_robotics_simulation_platform/install/fmm_core/share/fmm_core
[2.174s] creating /home/user/industrial_robotics_simulation_platform/install/fmm_core/share/fmm_core/launch
[2.174s] symbolically linking /home/user/industrial_robotics_simulation_platform/build/fmm_core/launch/load_sorting_config_launch.py -> /home/user/industrial_robotics_simulation_platform/install/fmm_core/share/fmm_core/launch
[2.174s] symbolically linking /home/user/industrial_robotics_simulation_platform/build/fmm_core/launch/sorting_demo_launch.py -> /home/user/industrial_robotics_simulation_platform/install/fmm_core/share/fmm_core/launch
[2.174s] symbolically linking /home/user/industrial_robotics_simulation_platform/build/fmm_core/launch/pick_and_place_launch.py -> /home/user/industrial_robotics_simulation_platform/install/fmm_core/share/fmm_core/launch
[2.175s] symbolically linking /home/user/industrial_robotics_simulation_platform/build/fmm_core/launch/fmm_moveit_system_launch.py -> /home/user/industrial_robotics_simulation_platform/install/fmm_core/share/fmm_core/launch
[2.211s] Invoked command in '/home/user/industrial_robotics_simulation_platform/build/fmm_core' returned '0': AMENT_PREFIX_PATH=/home/user/industrial_robotics_simulation_platform/install/apm_msgs:${AMENT_PREFIX_PATH} CMAKE_PREFIX_PATH=/home/user/industrial_robotics_simulation_platform/install/apm_msgs LD_LIBRARY_PATH=/home/user/industrial_robotics_simulation_platform/install/apm_msgs/lib:${LD_LIBRARY_PATH} PYTHONPATH=/home/user/industrial_robotics_simulation_platform/build/fmm_core/prefix_override:/usr/lib/python3/dist-packages/colcon_core/task/python/colcon_distutils_commands:/home/user/industrial_robotics_simulation_platform/install/fmm_core/lib/python3.10/site-packages:/home/user/industrial_robotics_simulation_platform/install/apm_msgs/local/lib/python3.10/dist-packages:${PYTHONPATH} /usr/bin/python3 -W ignore:setup.py install is deprecated -W ignore:easy_install command is deprecated setup.py develop --editable --build-directory /home/user/industrial_robotics_simulation_platform/build/fmm_core/build --no-deps symlink_data
