[0.043s] Invoking command in '/home/user/industrial_robotics_simulation_platform/build/ur5_robot_moveit_config': CMAKE_PREFIX_PATH=/home/user/industrial_robotics_simulation_platform/install/ur5_robot_description:/home/user/industrial_robotics_simulation_platform/install/ur5_robot_moveit_config:/home/user/industrial_robotics_simulation_platform/install/delta_robot_moveit_config:/home/user/industrial_robotics_simulation_platform/install/delta_robot_description:/home/user/industrial_robotics_simulation_platform/install/apm_msgs:/home/user/industrial_robotics_simulation_platform/install/web_interface:/home/user/industrial_robotics_simulation_platform/install/simulation_tools:/home/user/industrial_robotics_simulation_platform/install/fmm_core:/home/user/industrial_robotics_simulation_platform/install/advanced_perception:/home/user/industrial_robotics_simulation_platform/install/apm_core:/opt/ros/humble /usr/bin/cmake --build /home/user/industrial_robotics_simulation_platform/build/ur5_robot_moveit_config -- -j8 -l8
[0.157s] Invoked command in '/home/user/industrial_robotics_simulation_platform/build/ur5_robot_moveit_config' returned '0': CMAKE_PREFIX_PATH=/home/user/industrial_robotics_simulation_platform/install/ur5_robot_description:/home/user/industrial_robotics_simulation_platform/install/ur5_robot_moveit_config:/home/user/industrial_robotics_simulation_platform/install/delta_robot_moveit_config:/home/user/industrial_robotics_simulation_platform/install/delta_robot_description:/home/user/industrial_robotics_simulation_platform/install/apm_msgs:/home/user/industrial_robotics_simulation_platform/install/web_interface:/home/user/industrial_robotics_simulation_platform/install/simulation_tools:/home/user/industrial_robotics_simulation_platform/install/fmm_core:/home/user/industrial_robotics_simulation_platform/install/advanced_perception:/home/user/industrial_robotics_simulation_platform/install/apm_core:/opt/ros/humble /usr/bin/cmake --build /home/user/industrial_robotics_simulation_platform/build/ur5_robot_moveit_config -- -j8 -l8
[0.161s] Invoking command in '/home/user/industrial_robotics_simulation_platform/build/ur5_robot_moveit_config': CMAKE_PREFIX_PATH=/home/user/industrial_robotics_simulation_platform/install/ur5_robot_description:/home/user/industrial_robotics_simulation_platform/install/ur5_robot_moveit_config:/home/user/industrial_robotics_simulation_platform/install/delta_robot_moveit_config:/home/user/industrial_robotics_simulation_platform/install/delta_robot_description:/home/user/industrial_robotics_simulation_platform/install/apm_msgs:/home/user/industrial_robotics_simulation_platform/install/web_interface:/home/user/industrial_robotics_simulation_platform/install/simulation_tools:/home/user/industrial_robotics_simulation_platform/install/fmm_core:/home/user/industrial_robotics_simulation_platform/install/advanced_perception:/home/user/industrial_robotics_simulation_platform/install/apm_core:/opt/ros/humble /usr/bin/cmake --install /home/user/industrial_robotics_simulation_platform/build/ur5_robot_moveit_config
[0.178s] -- Install configuration: ""
[0.185s] -- Execute custom install script
[0.186s] -- Up-to-date symlink: /home/user/industrial_robotics_simulation_platform/install/ur5_robot_moveit_config/share/ur5_robot_moveit_config/config/controllers.yaml
[0.186s] -- Up-to-date symlink: /home/user/industrial_robotics_simulation_platform/install/ur5_robot_moveit_config/share/ur5_robot_moveit_config/config/kinematics.yaml
[0.186s] -- Up-to-date symlink: /home/user/industrial_robotics_simulation_platform/install/ur5_robot_moveit_config/share/ur5_robot_moveit_config/config/ur5_robot.srdf
[0.187s] -- Up-to-date symlink: /home/user/industrial_robotics_simulation_platform/install/ur5_robot_moveit_config/share/ur5_robot_moveit_config/launch/move_group.launch.py
[0.187s] -- Up-to-date symlink: /home/user/industrial_robotics_simulation_platform/install/ur5_robot_moveit_config/share/ament_index/resource_index/package_run_dependencies/ur5_robot_moveit_config
[0.188s] -- Up-to-date symlink: /home/user/industrial_robotics_simulation_platform/install/ur5_robot_moveit_config/share/ament_index/resource_index/parent_prefix_path/ur5_robot_moveit_config
[0.188s] -- Up-to-date symlink: /home/user/industrial_robotics_simulation_platform/install/ur5_robot_moveit_config/share/ur5_robot_moveit_config/environment/ament_prefix_path.sh
[0.189s] -- Up-to-date symlink: /home/user/industrial_robotics_simulation_platform/install/ur5_robot_moveit_config/share/ur5_robot_moveit_config/environment/ament_prefix_path.dsv
[0.189s] -- Up-to-date symlink: /home/user/industrial_robotics_simulation_platform/install/ur5_robot_moveit_config/share/ur5_robot_moveit_config/environment/path.sh
[0.189s] -- Up-to-date symlink: /home/user/industrial_robotics_simulation_platform/install/ur5_robot_moveit_config/share/ur5_robot_moveit_config/environment/path.dsv
[0.190s] -- Up-to-date symlink: /home/user/industrial_robotics_simulation_platform/install/ur5_robot_moveit_config/share/ur5_robot_moveit_config/local_setup.bash
[0.192s] -- Up-to-date symlink: /home/user/industrial_robotics_simulation_platform/install/ur5_robot_moveit_config/share/ur5_robot_moveit_config/local_setup.sh
[0.193s] -- Up-to-date symlink: /home/user/industrial_robotics_simulation_platform/install/ur5_robot_moveit_config/share/ur5_robot_moveit_config/local_setup.zsh
[0.193s] -- Up-to-date symlink: /home/user/industrial_robotics_simulation_platform/install/ur5_robot_moveit_config/share/ur5_robot_moveit_config/local_setup.dsv
[0.194s] -- Symlinking: /home/user/industrial_robotics_simulation_platform/install/ur5_robot_moveit_config/share/ur5_robot_moveit_config/package.dsv
[0.209s] -- Up-to-date symlink: /home/user/industrial_robotics_simulation_platform/install/ur5_robot_moveit_config/share/ament_index/resource_index/packages/ur5_robot_moveit_config
[0.210s] -- Up-to-date symlink: /home/user/industrial_robotics_simulation_platform/install/ur5_robot_moveit_config/share/ur5_robot_moveit_config/cmake/ur5_robot_moveit_configConfig.cmake
[0.210s] -- Up-to-date symlink: /home/user/industrial_robotics_simulation_platform/install/ur5_robot_moveit_config/share/ur5_robot_moveit_config/cmake/ur5_robot_moveit_configConfig-version.cmake
[0.244s] -- Up-to-date symlink: /home/user/industrial_robotics_simulation_platform/install/ur5_robot_moveit_config/share/ur5_robot_moveit_config/package.xml
[0.251s] Invoked command in '/home/user/industrial_robotics_simulation_platform/build/ur5_robot_moveit_config' returned '0': CMAKE_PREFIX_PATH=/home/user/industrial_robotics_simulation_platform/install/ur5_robot_description:/home/user/industrial_robotics_simulation_platform/install/ur5_robot_moveit_config:/home/user/industrial_robotics_simulation_platform/install/delta_robot_moveit_config:/home/user/industrial_robotics_simulation_platform/install/delta_robot_description:/home/user/industrial_robotics_simulation_platform/install/apm_msgs:/home/user/industrial_robotics_simulation_platform/install/web_interface:/home/user/industrial_robotics_simulation_platform/install/simulation_tools:/home/user/industrial_robotics_simulation_platform/install/fmm_core:/home/user/industrial_robotics_simulation_platform/install/advanced_perception:/home/user/industrial_robotics_simulation_platform/install/apm_core:/opt/ros/humble /usr/bin/cmake --install /home/user/industrial_robotics_simulation_platform/build/ur5_robot_moveit_config
